2025-02-26 14:57:10,373 [INFO] Activator:176 - 


2025-02-26 14:57:10,382 [INFO] Activator:177 - !SESSION log4j initialized
2025-02-26 14:57:11,154 [ERROR] LogOutputStream:75 - [STDERR_REDIRECT] Warning: NLS unused message: CodeAssistConfigurationBlock_matchSubstring_label in: org.eclipse.jdt.internal.ui.preferences.PreferencesMessages
2025-02-26 14:57:11,197 [ERROR] LogOutputStream:75 - [STDERR_REDIRECT] Warning: NLS unused message: ProblemMarkerManager_problem_marker_update_job_description in: org.eclipse.jdt.internal.ui.JavaUIMessages
2025-02-26 14:57:11,202 [ERROR] LogOutputStream:75 - [STDERR_REDIRECT] Warning: NLS unused message: FilteredTypesSelectionDialog_default_package in: org.eclipse.jdt.internal.ui.JavaUIMessages
2025-02-26 14:57:11,205 [ERROR] LogOutputStream:75 - [STDERR_REDIRECT] Warning: NLS unused message: FilteredTypeSelectionDialog_showContainerForDuplicatesAction in: org.eclipse.jdt.internal.ui.JavaUIMessages
2025-02-26 14:57:11,209 [ERROR] LogOutputStream:75 - [STDERR_REDIRECT] Warning: NLS unused message: JavaElementLabels_anonym in: org.eclipse.jdt.internal.ui.JavaUIMessages
2025-02-26 14:57:11,212 [ERROR] LogOutputStream:75 - [STDERR_REDIRECT] Warning: NLS unused message: JavaElementLabels_concat_string in: org.eclipse.jdt.internal.ui.JavaUIMessages
2025-02-26 14:57:11,216 [ERROR] LogOutputStream:75 - [STDERR_REDIRECT] Warning: NLS unused message: JavaElementLabels_comma_string in: org.eclipse.jdt.internal.ui.JavaUIMessages
2025-02-26 14:57:11,220 [ERROR] LogOutputStream:75 - [STDERR_REDIRECT] Warning: NLS unused message: JavaElementLabels_declseparator_string in: org.eclipse.jdt.internal.ui.JavaUIMessages
2025-02-26 14:57:11,224 [ERROR] LogOutputStream:75 - [STDERR_REDIRECT] Warning: NLS unused message: JavaElementLabels_category_separator_string in: org.eclipse.jdt.internal.ui.JavaUIMessages
2025-02-26 14:57:11,227 [ERROR] LogOutputStream:75 - [STDERR_REDIRECT] Warning: NLS unused message: JavaElementLabels_import_container in: org.eclipse.jdt.internal.ui.JavaUIMessages
2025-02-26 14:57:11,956 [ERROR] LogOutputStream:75 - [STDERR_REDIRECT] Warning: NLS unused message: FileDocumentProvider_getPersistedEncoding in: org.eclipse.ui.editors.text.TextEditorMessages
2025-02-26 14:57:15,579 [ERROR] LogOutputStream:75 - [STDERR_REDIRECT] Warning: NLS unused message: TextSearchVisitor_progress_updating_job in: org.eclipse.search.internal.ui.SearchMessages
2025-02-26 14:57:15,581 [ERROR] LogOutputStream:75 - [STDERR_REDIRECT] Warning: NLS unused message: SearchPageSelectionDialog_rememberLastUsedPage_message in: org.eclipse.search.internal.ui.SearchMessages
2025-02-26 14:57:17,791 [ERROR] LogOutputStream:75 - [STDERR_REDIRECT] Warning: NLS unused message: ExecutionEnvironmentDescription_0 in: org.eclipse.jdt.internal.launching.LaunchingMessages
2025-02-26 14:57:20,362 [INFO] LogOutputStream:77 - [STDOUT_REDIRECT] 
2025-02-26 14:57:20,620 [ERROR] LogOutputStream:75 - [STDERR_REDIRECT] Warning: NLS unused message: ShowInNavigatorView_label in: org.eclipse.jdt.internal.ui.actions.ActionMessages
2025-02-26 14:57:20,623 [ERROR] LogOutputStream:75 - [STDERR_REDIRECT] Warning: NLS unused message: ShowInNavigatorView_dialog_title in: org.eclipse.jdt.internal.ui.actions.ActionMessages
2025-02-26 14:57:20,626 [ERROR] LogOutputStream:75 - [STDERR_REDIRECT] Warning: NLS unused message: ShowInNavigatorView_dialog_message in: org.eclipse.jdt.internal.ui.actions.ActionMessages
2025-02-26 14:57:20,629 [ERROR] LogOutputStream:75 - [STDERR_REDIRECT] Warning: NLS unused message: ShowInNavigatorView_error_activation_failed in: org.eclipse.jdt.internal.ui.actions.ActionMessages
2025-02-26 14:57:20,634 [ERROR] LogOutputStream:75 - [STDERR_REDIRECT] Warning: NLS unused message: OrganizeImportsAction_error_message in: org.eclipse.jdt.internal.ui.actions.ActionMessages
2025-02-26 14:57:24,176 [INFO] ApplicationProperties:184 - Using Application install path: C:\ST\STM32CubeIDE\STM32CubeIDE\plugins\com.st.stm32cube.common.mx_6.13.0.202411220809
2025-02-26 14:57:24,200 [INFO] DbMcusXml:78 - Set database path to: C:\ST\STM32CubeIDE\STM32CubeIDE\plugins\com.st.stm32cube.common.mx_6.13.0.202411220809\\db\/mcu/
2025-02-26 14:57:24,200 [INFO] ApiDb:274 - Set plugin database path to: C:\ST\STM32CubeIDE\STM32CubeIDE\plugins\com.st.stm32cube.common.mx_6.13.0.202411220809\\db\/plugins/boardmanager/
2025-02-26 14:57:24,200 [WARN] ApiDb:259 - Overriding images path with different value:  => C:\ST\STM32CubeIDE\STM32CubeIDE\plugins\com.st.stm32cube.common.mx_6.13.0.202411220809\\db\/plugins/mcufinder/images/
2025-02-26 14:57:24,211 [INFO] ApiDb:250 - Set database path to: C:\Users\28584\.stmcufinder\plugins\mcufinder//mcu/
2025-02-26 14:57:24,213 [INFO] DbMcusAds:125 - Set database path to: C:\Users\28584\.stmcufinder\plugins\mcufinder//mcu/
2025-02-26 14:57:24,216 [INFO] CrossReferenceDbSqlite:203 - Set database path to: C:\Users\28584\.stmcufinder\plugins\mcufinder//mcu/cs/
2025-02-26 14:57:24,357 [INFO] RulesReader:64 - Compatibility file has been processed (297 Rules)
2025-02-26 14:57:24,556 [INFO] DbMcusXml:78 - Set database path to: C:\ST\STM32CubeIDE\STM32CubeIDE\plugins\com.st.stm32cube.common.mx_6.13.0.202411220809\\db\/mcu/
2025-02-26 14:57:24,556 [INFO] ApiDb:274 - Set plugin database path to: C:\ST\STM32CubeIDE\STM32CubeIDE\plugins\com.st.stm32cube.common.mx_6.13.0.202411220809\\db\/plugins/boardmanager/
2025-02-26 14:57:24,556 [INFO] ApiDb:261 - Set plugin images path to: C:\ST\STM32CubeIDE\STM32CubeIDE\plugins\com.st.stm32cube.common.mx_6.13.0.202411220809\\db\/plugins/mcufinder/images/
2025-02-26 14:57:24,556 [WARN] DbFile:41 - Overriding database path with different value: C:\Users\28584\.stmcufinder\plugins\mcufinder/ => C:\Users\28584\.stmcufinder\plugins\mcufinder
2025-02-26 14:57:24,556 [INFO] ApiDb:250 - Set database path to: C:\Users\28584\.stmcufinder\plugins\mcufinder//mcu/
2025-02-26 14:57:24,556 [WARN] DbFile:41 - Overriding database path with different value: C:\Users\28584\.stmcufinder\plugins\mcufinder/ => C:\Users\28584\.stmcufinder\plugins\mcufinder
2025-02-26 14:57:24,556 [INFO] DbMcusAds:125 - Set database path to: C:\Users\28584\.stmcufinder\plugins\mcufinder//mcu/
2025-02-26 14:57:24,556 [WARN] DbFile:41 - Overriding database path with different value: C:\Users\28584\.stmcufinder\plugins\mcufinder/ => C:\Users\28584\.stmcufinder\plugins\mcufinder
2025-02-26 14:57:24,556 [WARN] DbFile:41 - Overriding database path with different value: C:\Users\28584\.stmcufinder\plugins\mcufinder/ => C:\Users\28584\.stmcufinder\plugins\mcufinder
2025-02-26 14:57:24,557 [INFO] CrossReferenceDbSqlite:203 - Set database path to: C:\Users\28584\.stmcufinder\plugins\mcufinder//mcu/cs/
2025-02-26 14:57:24,667 [INFO] MainPanel:272 - HeapMemory: 268435456
2025-02-26 14:57:24,811 [INFO] DbMcusXml:78 - Set database path to: C:\ST\STM32CubeIDE\STM32CubeIDE\plugins\com.st.stm32cube.common.mx_6.13.0.202411220809\\db\/mcu/
2025-02-26 14:57:24,811 [INFO] ApiDb:274 - Set plugin database path to: C:\ST\STM32CubeIDE\STM32CubeIDE\plugins\com.st.stm32cube.common.mx_6.13.0.202411220809\\db\/plugins/boardmanager/
2025-02-26 14:57:24,811 [INFO] ApiDb:261 - Set plugin images path to: C:\ST\STM32CubeIDE\STM32CubeIDE\plugins\com.st.stm32cube.common.mx_6.13.0.202411220809\\db\/plugins/mcufinder/images/
2025-02-26 14:57:24,812 [WARN] DbFile:41 - Overriding database path with different value: C:\Users\28584\.stmcufinder\plugins\mcufinder/ => C:\Users\28584\.stmcufinder\plugins\mcufinder
2025-02-26 14:57:24,812 [INFO] ApiDb:250 - Set database path to: C:\Users\28584\.stmcufinder\plugins\mcufinder//mcu/
2025-02-26 14:57:24,812 [WARN] DbFile:41 - Overriding database path with different value: C:\Users\28584\.stmcufinder\plugins\mcufinder/ => C:\Users\28584\.stmcufinder\plugins\mcufinder
2025-02-26 14:57:24,812 [INFO] DbMcusAds:125 - Set database path to: C:\Users\28584\.stmcufinder\plugins\mcufinder//mcu/
2025-02-26 14:57:24,812 [WARN] DbFile:41 - Overriding database path with different value: C:\Users\28584\.stmcufinder\plugins\mcufinder/ => C:\Users\28584\.stmcufinder\plugins\mcufinder
2025-02-26 14:57:24,813 [WARN] DbFile:41 - Overriding database path with different value: C:\Users\28584\.stmcufinder\plugins\mcufinder/ => C:\Users\28584\.stmcufinder\plugins\mcufinder
2025-02-26 14:57:24,813 [INFO] CrossReferenceDbSqlite:203 - Set database path to: C:\Users\28584\.stmcufinder\plugins\mcufinder//mcu/cs/
2025-02-26 14:57:24,845 [INFO] ApplicationProperties:184 - Using Application install path: C:\ST\STM32CubeIDE\STM32CubeIDE\plugins\com.st.stm32cube.common.mx_6.13.0.202411220809
2025-02-26 14:57:24,848 [INFO] PluginManage:196 - Search for loadable plugins [exclusion list=, ]
2025-02-26 14:57:24,851 [INFO] PluginManage:310 - Check plugin analytics
2025-02-26 14:57:25,150 [INFO] AnalyticsPlugin:253 - Accepted Software Licenses: 
2025-02-26 14:57:25,150 [INFO] AnalyticsPlugin:255 - Accepted CMSIS Pack Licenses: 
2025-02-26 14:57:25,150 [INFO] AnalyticsPlugin:257 - Accepted Firmware Licenses: FW.G4.1.5.0
2025-02-26 14:57:25,153 [INFO] PluginManage:359 - Loaded plugin analytics (category:tool,tabindex:-1)
2025-02-26 14:57:25,153 [INFO] PluginManage:310 - Check plugin cadmodel
2025-02-26 14:57:25,163 [INFO] CADModel:105 - Init CAD model plugin
2025-02-26 14:57:25,163 [INFO] PluginManage:359 - Loaded plugin cadmodel (category:power,tabindex:5)
2025-02-26 14:57:25,163 [INFO] PluginManage:310 - Check plugin clock
2025-02-26 14:57:25,178 [INFO] PluginManage:359 - Loaded plugin clock (category:base,tabindex:2)
2025-02-26 14:57:25,179 [INFO] PluginManage:310 - Check plugin ddr
2025-02-26 14:57:25,183 [INFO] PluginManage:359 - Loaded plugin ddr (category:tool,tabindex:6)
2025-02-26 14:57:25,184 [INFO] PluginManage:310 - Check plugin filemanager
2025-02-26 14:57:25,396 [INFO] PluginManage:359 - Loaded plugin filemanager (category:base,tabindex:10)
2025-02-26 14:57:25,396 [INFO] PluginManage:310 - Check plugin ipmanager
2025-02-26 14:57:25,407 [INFO] PluginManage:359 - Loaded plugin ipmanager (category:base,tabindex:5)
2025-02-26 14:57:25,407 [INFO] PluginManage:310 - Check plugin lpbam
2025-02-26 14:57:25,416 [INFO] PluginManage:359 - Loaded plugin lpbam (category:base,tabindex:0)
2025-02-26 14:57:25,416 [INFO] PluginManage:310 - Check plugin memorymap
2025-02-26 14:57:25,437 [INFO] PluginManage:359 - Loaded plugin memorymap (category:base,tabindex:4)
2025-02-26 14:57:25,437 [INFO] PluginManage:310 - Check plugin pinoutandconfiguration
2025-02-26 14:57:25,447 [INFO] PluginManage:359 - Loaded plugin pinoutandconfiguration (category:base,tabindex:1)
2025-02-26 14:57:25,448 [INFO] PluginManage:310 - Check plugin pinoutconfig
2025-02-26 14:57:25,558 [WARN] SupportedApi:132 - Cannot load RTOS API schema: s4s-elt-must-match.1: The content of 'definitions' must match (annotation?, (simpleType | complexType)?, (unique | key | keyref)*)). A problem was found starting at: attribute.
2025-02-26 14:57:25,728 [INFO] PluginManage:359 - Loaded plugin pinoutconfig (category:base,tabindex:0)
2025-02-26 14:57:25,728 [INFO] PluginManage:310 - Check plugin power
2025-02-26 14:57:25,739 [INFO] PluginManage:359 - Loaded plugin power (category:power,tabindex:4)
2025-02-26 14:57:25,740 [INFO] PluginManage:310 - Check plugin projectmanager
2025-02-26 14:57:25,759 [INFO] PluginManage:359 - Loaded plugin projectmanager (category:projectmanager,tabindex:4)
2025-02-26 14:57:25,759 [INFO] PluginManage:310 - Check plugin rif
2025-02-26 14:57:25,768 [INFO] PluginManage:359 - Loaded plugin rif (category:base,tabindex:3)
2025-02-26 14:57:25,768 [INFO] PluginManage:310 - Check plugin thirdparty
2025-02-26 14:57:25,938 [INFO] PluginManage:359 - Loaded plugin thirdparty (category:base,tabindex:-1)
2025-02-26 14:57:25,938 [WARN] IntegrityCheckThread:84 - waiting for thirdparty lock release [integrity check]
2025-02-26 14:57:25,938 [INFO] PluginManage:310 - Check plugin tools
2025-02-26 14:57:25,938 [INFO] IntegrityCheckThread:86 - entering critical section [integrity check]
2025-02-26 14:57:25,938 [INFO] ThirdPartyUpdaterWithRetryManager:70 - Updater plugin not ready yet. [1/15]
2025-02-26 14:57:25,941 [INFO] PluginManage:359 - Loaded plugin tools (category:base,tabindex:7)
2025-02-26 14:57:25,941 [INFO] PluginManage:310 - Check plugin tutovideos
2025-02-26 14:57:26,213 [INFO] PluginManage:359 - Loaded plugin tutovideos (category:base,tabindex:-1)
2025-02-26 14:57:26,213 [INFO] PluginManage:310 - Check plugin updater
2025-02-26 14:57:26,260 [INFO] PluginManage:359 - Loaded plugin updater (category:base,tabindex:12)
2025-02-26 14:57:26,260 [INFO] PluginManage:310 - Check plugin userauth
2025-02-26 14:57:26,271 [INFO] UserAuth:118 - Init User Auth plugin
2025-02-26 14:57:26,273 [INFO] PluginManage:359 - Loaded plugin userauth (category:base,tabindex:14)
2025-02-26 14:57:26,274 [INFO] PluginManage:283 - PluginManage : Loaded plugins [18]
2025-02-26 14:57:26,651 [INFO] PinOutPanel:1589 - setPackage(No Configuration,No Configuration)
2025-02-26 14:57:26,783 [INFO] CADModel:165 - CPN selected for project level
2025-02-26 14:57:26,784 [INFO] CADModel:114 - Register for checkConnection events
2025-02-26 14:57:26,813 [INFO] IPUIPlugin:80 - create IPUIPlugin
2025-02-26 14:57:26,813 [INFO] PluginManager:220 - loadIPPluginJar : add adc
2025-02-26 14:57:26,818 [INFO] IPUIPlugin:80 - create IPUIPlugin
2025-02-26 14:57:26,818 [INFO] PluginManager:220 - loadIPPluginJar : add aes
2025-02-26 14:57:26,824 [INFO] IPUIPlugin:80 - create IPUIPlugin
2025-02-26 14:57:26,824 [INFO] PluginManager:220 - loadIPPluginJar : add can
2025-02-26 14:57:26,828 [INFO] IPUIPlugin:80 - create IPUIPlugin
2025-02-26 14:57:26,828 [INFO] PluginManager:220 - loadIPPluginJar : add comp
2025-02-26 14:57:26,832 [INFO] IPUIPlugin:80 - create IPUIPlugin
2025-02-26 14:57:26,833 [INFO] PluginManager:220 - loadIPPluginJar : add cryp
2025-02-26 14:57:26,839 [INFO] IPUIPlugin:80 - create IPUIPlugin
2025-02-26 14:57:26,839 [INFO] PluginManager:220 - loadIPPluginJar : add ddr_ctrl_phy
2025-02-26 14:57:26,843 [INFO] IPUIPlugin:80 - create IPUIPlugin
2025-02-26 14:57:26,843 [INFO] PluginManager:220 - loadIPPluginJar : add dfsdm
2025-02-26 14:57:26,851 [INFO] IPUIPlugin:80 - create IPUIPlugin
2025-02-26 14:57:26,852 [INFO] PluginManager:220 - loadIPPluginJar : add dma
2025-02-26 14:57:26,858 [INFO] IPUIPlugin:80 - create IPUIPlugin
2025-02-26 14:57:26,859 [INFO] PluginManager:220 - loadIPPluginJar : add dma3
2025-02-26 14:57:26,864 [INFO] IPUIPlugin:80 - create IPUIPlugin
2025-02-26 14:57:26,864 [INFO] PluginManager:220 - loadIPPluginJar : add extmemmanager
2025-02-26 14:57:26,867 [INFO] IPUIPlugin:80 - create IPUIPlugin
2025-02-26 14:57:26,867 [INFO] PluginManager:220 - loadIPPluginJar : add fatfs
2025-02-26 14:57:26,873 [INFO] IPUIPlugin:80 - create IPUIPlugin
2025-02-26 14:57:26,873 [INFO] PluginManager:220 - loadIPPluginJar : add fmc
2025-02-26 14:57:26,891 [INFO] IPUIPlugin:80 - create IPUIPlugin
2025-02-26 14:57:26,891 [INFO] PluginManager:220 - loadIPPluginJar : add freertos
2025-02-26 14:57:26,894 [INFO] IPUIPlugin:80 - create IPUIPlugin
2025-02-26 14:57:26,894 [INFO] PluginManager:220 - loadIPPluginJar : add genericplugin
2025-02-26 14:57:26,899 [INFO] IPUIPlugin:80 - create IPUIPlugin
2025-02-26 14:57:26,899 [INFO] PluginManager:220 - loadIPPluginJar : add gfxmmu
2025-02-26 14:57:26,907 [INFO] IPUIPlugin:80 - create IPUIPlugin
2025-02-26 14:57:26,907 [INFO] PluginManager:220 - loadIPPluginJar : add gic
2025-02-26 14:57:26,913 [INFO] IPUIPlugin:80 - create IPUIPlugin
2025-02-26 14:57:26,913 [INFO] PluginManager:220 - loadIPPluginJar : add gpio
2025-02-26 14:57:26,918 [INFO] IPUIPlugin:80 - create IPUIPlugin
2025-02-26 14:57:26,918 [INFO] PluginManager:220 - loadIPPluginJar : add gtzc
2025-02-26 14:57:26,923 [INFO] IPUIPlugin:80 - create IPUIPlugin
2025-02-26 14:57:26,923 [INFO] PluginManager:220 - loadIPPluginJar : add hash
2025-02-26 14:57:26,928 [INFO] IPUIPlugin:80 - create IPUIPlugin
2025-02-26 14:57:26,928 [INFO] PluginManager:220 - loadIPPluginJar : add i2c
2025-02-26 14:57:26,933 [INFO] IPUIPlugin:80 - create IPUIPlugin
2025-02-26 14:57:26,933 [INFO] PluginManager:220 - loadIPPluginJar : add i2s
2025-02-26 14:57:26,938 [INFO] IPUIPlugin:80 - create IPUIPlugin
2025-02-26 14:57:26,938 [INFO] PluginManager:220 - loadIPPluginJar : add i3c
2025-02-26 14:57:26,944 [INFO] IPUIPlugin:80 - create IPUIPlugin
2025-02-26 14:57:26,944 [INFO] PluginManager:220 - loadIPPluginJar : add ipddr
2025-02-26 14:57:26,953 [INFO] IPUIPlugin:80 - create IPUIPlugin
2025-02-26 14:57:26,953 [INFO] PluginManager:220 - loadIPPluginJar : add linkedlist
2025-02-26 14:57:26,959 [INFO] IPUIPlugin:80 - create IPUIPlugin
2025-02-26 14:57:26,959 [INFO] PluginManager:220 - loadIPPluginJar : add lorawan
2025-02-26 14:57:26,963 [INFO] IPUIPlugin:80 - create IPUIPlugin
2025-02-26 14:57:26,963 [INFO] PluginManager:220 - loadIPPluginJar : add ltdc
2025-02-26 14:57:26,975 [INFO] IPUIPlugin:80 - create IPUIPlugin
2025-02-26 14:57:26,976 [INFO] PluginManager:220 - loadIPPluginJar : add mdma
2025-02-26 14:57:26,982 [INFO] IPUIPlugin:80 - create IPUIPlugin
2025-02-26 14:57:26,982 [INFO] PluginManager:220 - loadIPPluginJar : add nvic
2025-02-26 14:57:26,987 [INFO] IPUIPlugin:80 - create IPUIPlugin
2025-02-26 14:57:26,987 [INFO] PluginManager:220 - loadIPPluginJar : add opamp
2025-02-26 14:57:26,993 [INFO] IPUIPlugin:80 - create IPUIPlugin
2025-02-26 14:57:26,994 [INFO] PluginManager:220 - loadIPPluginJar : add openamp
2025-02-26 14:57:27,000 [INFO] IPUIPlugin:80 - create IPUIPlugin
2025-02-26 14:57:27,001 [INFO] PluginManager:220 - loadIPPluginJar : add pdm2pcm
2025-02-26 14:57:27,011 [INFO] IPUIPlugin:80 - create IPUIPlugin
2025-02-26 14:57:27,016 [INFO] PluginManager:220 - loadIPPluginJar : add plateformsettings
2025-02-26 14:57:27,019 [INFO] IPUIPlugin:80 - create IPUIPlugin
2025-02-26 14:57:27,019 [INFO] PluginManager:220 - loadIPPluginJar : add quadspi
2025-02-26 14:57:27,024 [INFO] IPUIPlugin:80 - create IPUIPlugin
2025-02-26 14:57:27,026 [INFO] PluginManager:220 - loadIPPluginJar : add radio
2025-02-26 14:57:27,035 [INFO] IPUIPlugin:80 - create IPUIPlugin
2025-02-26 14:57:27,035 [INFO] PluginManager:220 - loadIPPluginJar : add resmgrutility
2025-02-26 14:57:27,041 [INFO] IPUIPlugin:80 - create IPUIPlugin
2025-02-26 14:57:27,041 [INFO] PluginManager:220 - loadIPPluginJar : add sai
2025-02-26 14:57:27,048 [INFO] IPUIPlugin:80 - create IPUIPlugin
2025-02-26 14:57:27,048 [INFO] PluginManager:220 - loadIPPluginJar : add spi
2025-02-26 14:57:27,056 [INFO] IPUIPlugin:80 - create IPUIPlugin
2025-02-26 14:57:27,056 [INFO] PluginManager:220 - loadIPPluginJar : add stm32_wpan
2025-02-26 14:57:27,059 [INFO] IPUIPlugin:80 - create IPUIPlugin
2025-02-26 14:57:27,060 [INFO] PluginManager:220 - loadIPPluginJar : add tim
2025-02-26 14:57:27,066 [INFO] IPUIPlugin:80 - create IPUIPlugin
2025-02-26 14:57:27,066 [INFO] PluginManager:220 - loadIPPluginJar : add touchsensing
2025-02-26 14:57:27,071 [INFO] IPUIPlugin:80 - create IPUIPlugin
2025-02-26 14:57:27,071 [INFO] PluginManager:220 - loadIPPluginJar : add tracer_emb
2025-02-26 14:57:27,075 [INFO] IPUIPlugin:80 - create IPUIPlugin
2025-02-26 14:57:27,075 [INFO] PluginManager:220 - loadIPPluginJar : add ts
2025-02-26 14:57:27,079 [INFO] IPUIPlugin:80 - create IPUIPlugin
2025-02-26 14:57:27,079 [INFO] PluginManager:220 - loadIPPluginJar : add tsc
2025-02-26 14:57:27,083 [INFO] IPUIPlugin:80 - create IPUIPlugin
2025-02-26 14:57:27,083 [INFO] PluginManager:220 - loadIPPluginJar : add ucpd
2025-02-26 14:57:27,088 [INFO] IPUIPlugin:80 - create IPUIPlugin
2025-02-26 14:57:27,090 [INFO] PluginManager:220 - loadIPPluginJar : add usart
2025-02-26 14:57:27,098 [INFO] IPUIPlugin:80 - create IPUIPlugin
2025-02-26 14:57:27,098 [INFO] PluginManager:220 - loadIPPluginJar : add usbx
2025-02-26 14:57:27,261 [FATAL] Updater:351 - Updater called before beeing initialized
2025-02-26 14:57:27,291 [INFO] RulesReader:64 - Compatibility file has been processed (297 Rules)
2025-02-26 14:57:27,305 [INFO] RulesReader:64 - Compatibility file has been processed (297 Rules)
2025-02-26 14:57:27,315 [INFO] CADModel:165 - CPN selected for project level
2025-02-26 14:57:27,315 [INFO] CADModel:114 - Register for checkConnection events
2025-02-26 14:57:27,315 [FATAL] Updater:351 - Updater called before beeing initialized
2025-02-26 14:57:27,316 [ERROR] CADModel:125 - Updater not yet initialized, retry later 
2025-02-26 14:57:27,600 [FATAL] Updater:351 - Updater called before beeing initialized
2025-02-26 14:57:27,603 [INFO] CADModel:165 - CPN selected for project level
2025-02-26 14:57:27,603 [INFO] CADModel:114 - Register for checkConnection events
2025-02-26 14:57:27,603 [FATAL] Updater:351 - Updater called before beeing initialized
2025-02-26 14:57:27,603 [ERROR] CADModel:125 - Updater not yet initialized, retry later 
2025-02-26 14:57:27,607 [FATAL] Updater:351 - Updater called before beeing initialized
2025-02-26 14:57:27,742 [FATAL] Updater:351 - Updater called before beeing initialized
2025-02-26 14:57:27,747 [INFO] DbMcusAds:53 - JSON generation date=Wed Dec 18 00:01:15 CST 2024 (1734451275111)
2025-02-26 14:57:27,747 [FATAL] Updater:351 - Updater called before beeing initialized
2025-02-26 14:57:27,801 [WARN] DetailPanel:346 - Failed to get advertising image, set to default
2025-02-26 14:57:28,163 [FATAL] Updater:351 - Updater called before beeing initialized
2025-02-26 14:57:28,165 [FATAL] Updater:351 - Updater called before beeing initialized
2025-02-26 14:57:28,165 [FATAL] Updater:351 - Updater called before beeing initialized
2025-02-26 14:57:28,165 [WARN] DetailPanel:346 - Failed to get advertising image, set to default
2025-02-26 14:57:28,166 [FATAL] Updater:351 - Updater called before beeing initialized
2025-02-26 14:57:28,231 [ERROR] Updater:1198 - MainUpdater not yet initialized. External WinMGr cannot be set.
2025-02-26 14:57:28,233 [INFO] Updater:1134 - Updater Version found : 6.13.0
2025-02-26 14:57:28,254 [INFO] ApplicationProperties:184 - Using Application install path: C:\ST\STM32CubeIDE\STM32CubeIDE\plugins\com.st.stm32cube.common.mx_6.13.0.202411220809
2025-02-26 14:57:28,939 [INFO] ThirdPartyUpdaterWithRetryManager:70 - Updater plugin not ready yet. [2/15]
2025-02-26 14:57:29,880 [ERROR] LogOutputStream:75 - [STDERR_REDIRECT] Feb 26, 2025 2:57:29 PM java.util.prefs.WindowsPreferences <init>
2025-02-26 14:57:29,882 [ERROR] LogOutputStream:75 - [STDERR_REDIRECT] WARNING: Could not open/create prefs root node Software\JavaSoft\Prefs at root 0xffffffff80000002. Windows RegCreateKeyEx(...) returned error code 5.
2025-02-26 14:57:29,882 [ERROR] LogOutputStream:75 - [STDERR_REDIRECT] 
2025-02-26 14:57:30,492 [INFO] MainUpdater:2872 - connection check result : 10
2025-02-26 14:57:30,492 [INFO] MainUpdater:289 - Updater Check For Update Now.
2025-02-26 14:57:30,493 [INFO] MicroXplorer:498 - Change Database Version : DB.6.0.130
2025-02-26 14:57:30,501 [INFO] McuFinderGlobals:63 - Set McuFinder mode to 2 (CubeIDE integrated)
2025-02-26 14:57:30,503 [INFO] UserAuth:486 - Internet connection configuration mode: 1
2025-02-26 14:57:30,557 [INFO] JxBrowserEngine:152 - Initiate JxBrowser Engine with user profile folder
2025-02-26 14:57:30,726 [INFO] CheckServerUpdateThread:120 - End of CheckServer Thread
2025-02-26 14:57:31,998 [INFO] WebApp:168 - Instantiating new browser for Auth
2025-02-26 14:57:32,426 [WARN] PackLoader:240 - Cannot read IP mode file for STMicroelectronics.FP-SNS-MOTENVWB1.1.4.0
2025-02-26 14:57:32,438 [WARN] PackLoader:240 - Cannot read IP mode file for STMicroelectronics.FP-ATR-ASTRA1.2.0.1
2025-02-26 14:57:32,449 [WARN] PackLoader:240 - Cannot read IP mode file for STMicroelectronics.X-CUBE-SMBUS.2.1.0
2025-02-26 14:57:32,460 [WARN] PackLoader:240 - Cannot read IP mode file for STMicroelectronics.X-CUBE-WB05N.1.1.0
2025-02-26 14:57:32,500 [WARN] PackLoader:240 - Cannot read IP mode file for STMicroelectronics.X-CUBE-AZRTOS-F7.1.1.0
2025-02-26 14:57:32,511 [WARN] PackLoader:240 - Cannot read IP mode file for STMicroelectronics.FP-SNS-FLIGHT1.5.0.2
2025-02-26 14:57:32,542 [WARN] PackLoader:240 - Cannot read IP mode file for Infineon.AIROC-Wi-Fi-Bluetooth-STM32.1.7.0
2025-02-26 14:57:32,560 [WARN] PackLoader:240 - Cannot read IP mode file for STMicroelectronics.X-CUBE-DISPLAY.3.0.0
2025-02-26 14:57:32,585 [WARN] PackLoader:240 - Cannot read IP mode file for STMicroelectronics.X-CUBE-BLE1.7.0.0
2025-02-26 14:57:32,596 [WARN] PackLoader:240 - Cannot read IP mode file for STMicroelectronics.X-CUBE-NFC10.1.0.0
2025-02-26 14:57:32,612 [WARN] PackLoader:240 - Cannot read IP mode file for STMicroelectronics.X-CUBE-BLEMGR.4.0.0
2025-02-26 14:57:32,626 [WARN] PackLoader:240 - Cannot read IP mode file for emotas.I-CUBE-CANOPEN.1.3.0
2025-02-26 14:57:32,635 [WARN] PackLoader:240 - Cannot read IP mode file for STMicroelectronics.X-CUBE-AI.10.0.0
2025-02-26 14:57:32,642 [WARN] PackLoader:240 - Cannot read IP mode file for STMicroelectronics.FP-SNS-SMARTAG2.1.2.0
2025-02-26 14:57:32,714 [WARN] PackLoader:240 - Cannot read IP mode file for STMicroelectronics.X-CUBE-MEMS1.11.1.0
2025-02-26 14:57:32,881 [INFO] LogOutputStream:77 - [STDOUT_REDIRECT] 1 : Invalid condition id : UX_CORESTACK_Condition cause : null
2025-02-26 14:57:32,882 [INFO] LogOutputStream:77 - [STDOUT_REDIRECT] 1 : Invalid condition id : UX_CORESTACK_Condition cause : null
2025-02-26 14:57:32,883 [INFO] LogOutputStream:77 - [STDOUT_REDIRECT] 1 : Invalid condition id : UX_CORESTACK_Condition cause : null
2025-02-26 14:57:32,884 [INFO] LogOutputStream:77 - [STDOUT_REDIRECT] 1 : Invalid condition id : UX_CORESTACK_Condition cause : null
2025-02-26 14:57:32,886 [INFO] LogOutputStream:77 - [STDOUT_REDIRECT] 1 : Invalid condition id : UX_CORESTACK_Condition cause : null
2025-02-26 14:57:32,887 [WARN] PackLoader:240 - Cannot read IP mode file for STMicroelectronics.X-CUBE-AZRTOS-WL.2.0.0
2025-02-26 14:57:32,894 [WARN] PackLoader:240 - Cannot read IP mode file for STMicroelectronics.FP-SNS-MOTENV1.5.0.0
2025-02-26 14:57:32,905 [WARN] PackLoader:240 - Cannot read IP mode file for wolfSSL.I-CUBE-wolfMQTT.1.19.0
2025-02-26 14:57:32,910 [WARN] PackLoader:240 - Cannot read IP mode file for STMicroelectronics.X-CUBE-BLE2.3.3.0
2025-02-26 14:57:32,920 [WARN] PackLoader:240 - Cannot read IP mode file for STMicroelectronics.X-CUBE-NFC9.1.0.0
2025-02-26 14:57:32,936 [WARN] PackLoader:240 - Cannot read IP mode file for STMicroelectronics.X-CUBE-AZRTOS-G0.1.1.0
2025-02-26 14:57:32,947 [WARN] PackLoader:240 - Cannot read IP mode file for STMicroelectronics.X-CUBE-SAFEA1.1.2.2
2025-02-26 14:57:32,958 [WARN] PackLoader:240 - Cannot read IP mode file for STMicroelectronics.X-CUBE-NFC4.3.0.0
2025-02-26 14:57:32,968 [WARN] PackLoader:240 - Cannot read IP mode file for EmbeddedOffice.I-CUBE-FS-RTOS.1.0.1
2025-02-26 14:57:32,977 [WARN] PackLoader:240 - Cannot read IP mode file for STMicroelectronics.X-CUBE-TCPP.4.2.0
2025-02-26 14:57:32,985 [WARN] PackLoader:240 - Cannot read IP mode file for RealThread.X-CUBE-RT-Thread_Nano.4.1.1
2025-02-26 14:57:32,990 [WARN] PackLoader:240 - Cannot read IP mode file for STMicroelectronics.FP-ATR-SIGFOX1.3.2.0
2025-02-26 14:57:32,996 [WARN] ConditionMgr:438 - getConditionDescription Invalid condition id : Cortex-A Device cause : null
2025-02-26 14:57:33,053 [WARN] ConditionMgr:1044 - genDependencies : Invalid condition id : Cortex-A Device cause : null
2025-02-26 14:57:33,053 [WARN] ConditionMgr:1044 - genDependencies : Invalid condition id : Cortex-A Device cause : null
2025-02-26 14:57:33,053 [WARN] ConditionMgr:1044 - genDependencies : Invalid condition id : Cortex-A Device cause : null
2025-02-26 14:57:33,060 [WARN] PackLoader:240 - Cannot read IP mode file for STMicroelectronics.X-CUBE-EEPRMA1.5.1.0
2025-02-26 14:57:33,066 [WARN] PackLoader:240 - Cannot read IP mode file for wolfSSL.I-CUBE-wolfSSL.5.7.6
2025-02-26 14:57:33,076 [WARN] PackLoader:240 - Cannot read IP mode file for ITTIA_DB.I-CUBE-ITTIADB.8.9.0
2025-02-26 14:57:33,104 [WARN] PackLoader:240 - Cannot read IP mode file for SEGGER.I-CUBE-embOS.1.3.1
2025-02-26 14:57:33,135 [WARN] PackLoader:240 - Cannot read IP mode file for STMicroelectronics.X-CUBE-ALGOBUILD.1.4.0
2025-02-26 14:57:33,154 [WARN] PackLoader:240 - Cannot read IP mode file for STMicroelectronics.X-CUBE-AZRTOS-F4.1.1.0
2025-02-26 14:57:33,163 [WARN] PackLoader:240 - Cannot read IP mode file for STMicroelectronics.X-CUBE-ISPU.2.1.0
2025-02-26 14:57:33,185 [WARN] PackLoader:240 - Cannot read IP mode file for STMicroelectronics.X-CUBE-AZRTOS-L5.2.0.0
2025-02-26 14:57:33,203 [WARN] PackLoader:240 - Cannot read IP mode file for STMicroelectronics.X-CUBE-NFC6.3.1.0
2025-02-26 14:57:33,214 [WARN] PackLoader:240 - Cannot read IP mode file for STMicroelectronics.X-CUBE-DPower.1.2.0
2025-02-26 14:57:33,224 [WARN] PackLoader:240 - Cannot read IP mode file for STMicroelectronics.X-CUBE-FREERTOS.1.3.0
2025-02-26 14:57:33,234 [WARN] PackLoader:240 - Cannot read IP mode file for STMicroelectronics.X-CUBE-NFC7.1.0.1
2025-02-26 14:57:33,256 [WARN] ConditionMgr:438 - getConditionDescription Invalid condition id : LAN8742 Phy interface Condition cause : null
2025-02-26 14:57:33,256 [WARN] PackLoader:240 - Cannot read IP mode file for STMicroelectronics.X-CUBE-AZRTOS-L4.2.0.0
2025-02-26 14:57:33,257 [WARN] ConditionMgr:1044 - genDependencies : Invalid condition id : LAN8742 Phy interface Condition cause : null
2025-02-26 14:57:33,258 [WARN] ConditionMgr:1044 - genDependencies : Invalid condition id : LAN8742 Phy interface Condition cause : null
2025-02-26 14:57:33,258 [WARN] ConditionMgr:1044 - genDependencies : Invalid condition id : LAN8742 Phy interface Condition cause : null
2025-02-26 14:57:33,270 [WARN] PackLoader:240 - Cannot read IP mode file for STMicroelectronics.X-CUBE-SFXS2LP1.4.0.0
2025-02-26 14:57:33,307 [WARN] PackLoader:240 - Cannot read IP mode file for STMicroelectronics.X-CUBE-AZRTOS-H7.3.3.0
2025-02-26 14:57:33,337 [WARN] ConditionMgr:438 - getConditionDescription Invalid condition id : UX DEVICE CLASS RTOS Condition cause : null
2025-02-26 14:57:33,338 [WARN] ConditionMgr:438 - getConditionDescription Invalid condition id : UX DEVICE CLASS RTOS Condition cause : null
2025-02-26 14:57:33,340 [WARN] PackLoader:240 - Cannot read IP mode file for STMicroelectronics.X-CUBE-AZRTOS-WB.2.0.0
2025-02-26 14:57:33,341 [WARN] ConditionMgr:1044 - genDependencies : Invalid condition id : UX DEVICE CLASS RTOS Condition cause : null
2025-02-26 14:57:33,341 [WARN] ConditionMgr:1044 - genDependencies : Invalid condition id : UX DEVICE CLASS RTOS Condition cause : null
2025-02-26 14:57:33,342 [WARN] ConditionMgr:1044 - genDependencies : Invalid condition id : UX DEVICE CLASS RTOS Condition cause : null
2025-02-26 14:57:33,342 [WARN] ConditionMgr:1044 - genDependencies : Invalid condition id : UX DEVICE CLASS RTOS Condition cause : null
2025-02-26 14:57:33,342 [WARN] ConditionMgr:1044 - genDependencies : Invalid condition id : UX DEVICE CLASS RTOS Condition cause : null
2025-02-26 14:57:33,352 [WARN] PackLoader:240 - Cannot read IP mode file for STMicroelectronics.X-CUBE-GNSS1.7.0.1
2025-02-26 14:57:33,362 [WARN] PackLoader:240 - Cannot read IP mode file for STMicroelectronics.FP-SNS-STBOX1.2.0.0
2025-02-26 14:57:33,383 [WARN] PackLoader:240 - Cannot read IP mode file for STMicroelectronics.X-CUBE-SUBG2.5.0.0
2025-02-26 14:57:33,394 [WARN] PackLoader:240 - Cannot read IP mode file for Cesanta.I-CUBE-Mongoose.7.13.0
2025-02-26 14:57:33,412 [WARN] PackLoader:240 - Cannot read IP mode file for STMicroelectronics.X-CUBE-AZRTOS-G4.2.0.0
2025-02-26 14:57:33,422 [INFO] WebApp:449 - Apply proxy settings
2025-02-26 14:57:33,423 [INFO] WebApp:534 - Chromium requires no authentication
2025-02-26 14:57:33,425 [WARN] PackLoader:240 - Cannot read IP mode file for STMicroelectronics.X-CUBE-IPS.3.1.0
2025-02-26 14:57:33,440 [WARN] PackLoader:240 - Cannot read IP mode file for STMicroelectronics.X-CUBE-ALS.1.0.2
2025-02-26 14:57:33,449 [INFO] WebApp:477 - Direct internet connection detected
2025-02-26 14:57:33,449 [WARN] PackLoader:240 - Cannot read IP mode file for STMicroelectronics.X-CUBE-TOUCHGFX.4.24.2
2025-02-26 14:57:33,455 [WARN] PackLoader:240 - Cannot read IP mode file for wolfSSL.I-CUBE-wolfTPM.3.4.0
2025-02-26 14:57:33,466 [WARN] PackLoader:240 - Cannot read IP mode file for portGmbH.I-Cube-SoM-uGOAL.1.1.0
2025-02-26 14:57:33,485 [WARN] PackLoader:240 - Cannot read IP mode file for STMicroelectronics.X-CUBE-AZRTOS-H7RS.1.0.0
2025-02-26 14:57:33,499 [WARN] PackLoader:240 - Cannot read IP mode file for STMicroelectronics.X-CUBE-TOF1.3.4.2
2025-02-26 14:57:33,513 [WARN] PackLoader:240 - Cannot read IP mode file for wolfSSL.I-CUBE-wolfSSH.1.4.17
2025-02-26 14:57:33,515 [INFO] ThirdParty:978 - Integrity check success = true
2025-02-26 14:57:33,515 [INFO] IntegrityCheckThread:100 - exiting critical section [integrity check]
2025-02-26 14:57:33,515 [INFO] IntegrityCheckThread:103 - End integrity checks thread
2025-02-26 14:57:33,517 [INFO] WebApp:880 - Register for checkConnection events
2025-02-26 14:57:33,518 [INFO] WebApp:449 - Apply proxy settings
2025-02-26 14:57:33,518 [INFO] WebApp:534 - Chromium requires no authentication
2025-02-26 14:57:33,518 [INFO] WebApp:477 - Direct internet connection detected
2025-02-26 14:57:33,787 [INFO] WebApp:221 - Starting web application
2025-02-26 14:57:33,788 [INFO] WebApp:579 - Web application path used C:\ST\STM32CubeIDE\STM32CubeIDE\plugins\com.st.stm32cube.common.mx_6.13.0.202411220809\db\plugins\mcufinder\reactClient1\index.html
2025-02-26 14:57:33,895 [INFO] UserAuth:486 - Internet connection configuration mode: 1
2025-02-26 14:59:13,987 [ERROR] LogOutputStream:75 - [STDERR_REDIRECT] 
