2025-03-19 10:45:06,185 [INFO] Activator:176 - 


2025-03-19 10:45:06,194 [INFO] Activator:177 - !SESSION log4j initialized
2025-03-19 10:45:06,873 [ERROR] LogOutputStream:75 - [STDERR_REDIRECT] Warning: NLS unused message: CodeAssistConfigurationBlock_matchSubstring_label in: org.eclipse.jdt.internal.ui.preferences.PreferencesMessages
2025-03-19 10:45:06,911 [ERROR] LogOutputStream:75 - [STDERR_REDIRECT] Warning: NLS unused message: ProblemMarkerManager_problem_marker_update_job_description in: org.eclipse.jdt.internal.ui.JavaUIMessages
2025-03-19 10:45:06,914 [ERROR] LogOutputStream:75 - [STDERR_REDIRECT] Warning: NLS unused message: FilteredTypesSelectionDialog_default_package in: org.eclipse.jdt.internal.ui.JavaUIMessages
2025-03-19 10:45:06,918 [ERROR] LogOutputStream:75 - [STDERR_REDIRECT] Warning: NLS unused message: FilteredTypeSelectionDialog_showContainerForDuplicatesAction in: org.eclipse.jdt.internal.ui.JavaUIMessages
2025-03-19 10:45:06,920 [ERROR] LogOutputStream:75 - [STDERR_REDIRECT] Warning: NLS unused message: JavaElementLabels_anonym in: org.eclipse.jdt.internal.ui.JavaUIMessages
2025-03-19 10:45:06,923 [ERROR] LogOutputStream:75 - [STDERR_REDIRECT] Warning: NLS unused message: JavaElementLabels_concat_string in: org.eclipse.jdt.internal.ui.JavaUIMessages
2025-03-19 10:45:06,925 [ERROR] LogOutputStream:75 - [STDERR_REDIRECT] Warning: NLS unused message: JavaElementLabels_comma_string in: org.eclipse.jdt.internal.ui.JavaUIMessages
2025-03-19 10:45:06,928 [ERROR] LogOutputStream:75 - [STDERR_REDIRECT] Warning: NLS unused message: JavaElementLabels_declseparator_string in: org.eclipse.jdt.internal.ui.JavaUIMessages
2025-03-19 10:45:06,930 [ERROR] LogOutputStream:75 - [STDERR_REDIRECT] Warning: NLS unused message: JavaElementLabels_category_separator_string in: org.eclipse.jdt.internal.ui.JavaUIMessages
2025-03-19 10:45:06,933 [ERROR] LogOutputStream:75 - [STDERR_REDIRECT] Warning: NLS unused message: JavaElementLabels_import_container in: org.eclipse.jdt.internal.ui.JavaUIMessages
2025-03-19 10:45:13,331 [ERROR] LogOutputStream:75 - [STDERR_REDIRECT] Warning: NLS unused message: ShowInNavigatorView_label in: org.eclipse.jdt.internal.ui.actions.ActionMessages
2025-03-19 10:45:13,333 [ERROR] LogOutputStream:75 - [STDERR_REDIRECT] Warning: NLS unused message: ShowInNavigatorView_dialog_title in: org.eclipse.jdt.internal.ui.actions.ActionMessages
2025-03-19 10:45:13,335 [ERROR] LogOutputStream:75 - [STDERR_REDIRECT] Warning: NLS unused message: ShowInNavigatorView_dialog_message in: org.eclipse.jdt.internal.ui.actions.ActionMessages
2025-03-19 10:45:13,336 [ERROR] LogOutputStream:75 - [STDERR_REDIRECT] Warning: NLS unused message: ShowInNavigatorView_error_activation_failed in: org.eclipse.jdt.internal.ui.actions.ActionMessages
2025-03-19 10:45:13,340 [ERROR] LogOutputStream:75 - [STDERR_REDIRECT] Warning: NLS unused message: OrganizeImportsAction_error_message in: org.eclipse.jdt.internal.ui.actions.ActionMessages
2025-03-19 10:45:14,472 [INFO] LogOutputStream:77 - [STDOUT_REDIRECT] 
2025-03-19 10:45:18,580 [ERROR] LogOutputStream:75 - [STDERR_REDIRECT] Warning: NLS unused message: FileDocumentProvider_getPersistedEncoding in: org.eclipse.ui.editors.text.TextEditorMessages
2025-03-19 10:45:19,405 [ERROR] LogOutputStream:75 - [STDERR_REDIRECT] Warning: NLS unused message: TextSearchVisitor_progress_updating_job in: org.eclipse.search.internal.ui.SearchMessages
2025-03-19 10:45:19,409 [ERROR] LogOutputStream:75 - [STDERR_REDIRECT] Warning: NLS unused message: SearchPageSelectionDialog_rememberLastUsedPage_message in: org.eclipse.search.internal.ui.SearchMessages
2025-03-19 10:45:20,332 [INFO] ApplicationProperties:184 - Using Application install path: C:\ST\STM32CubeIDE\STM32CubeIDE\plugins\com.st.stm32cube.common.mx_6.13.0.202411220809
2025-03-19 10:45:20,359 [INFO] DbMcusXml:78 - Set database path to: C:\ST\STM32CubeIDE\STM32CubeIDE\plugins\com.st.stm32cube.common.mx_6.13.0.202411220809\\db\/mcu/
2025-03-19 10:45:20,360 [INFO] ApiDb:274 - Set plugin database path to: C:\ST\STM32CubeIDE\STM32CubeIDE\plugins\com.st.stm32cube.common.mx_6.13.0.202411220809\\db\/plugins/boardmanager/
2025-03-19 10:45:20,360 [WARN] ApiDb:259 - Overriding images path with different value:  => C:\ST\STM32CubeIDE\STM32CubeIDE\plugins\com.st.stm32cube.common.mx_6.13.0.202411220809\\db\/plugins/mcufinder/images/
2025-03-19 10:45:20,376 [INFO] ApiDb:250 - Set database path to: C:\Users\28584\.stmcufinder\plugins\mcufinder//mcu/
2025-03-19 10:45:20,378 [INFO] DbMcusAds:125 - Set database path to: C:\Users\28584\.stmcufinder\plugins\mcufinder//mcu/
2025-03-19 10:45:20,383 [INFO] CrossReferenceDbSqlite:203 - Set database path to: C:\Users\28584\.stmcufinder\plugins\mcufinder//mcu/cs/
2025-03-19 10:45:20,547 [INFO] RulesReader:64 - Compatibility file has been processed (297 Rules)
2025-03-19 10:45:20,733 [INFO] DbMcusXml:78 - Set database path to: C:\ST\STM32CubeIDE\STM32CubeIDE\plugins\com.st.stm32cube.common.mx_6.13.0.202411220809\\db\/mcu/
2025-03-19 10:45:20,733 [INFO] ApiDb:274 - Set plugin database path to: C:\ST\STM32CubeIDE\STM32CubeIDE\plugins\com.st.stm32cube.common.mx_6.13.0.202411220809\\db\/plugins/boardmanager/
2025-03-19 10:45:20,733 [INFO] ApiDb:261 - Set plugin images path to: C:\ST\STM32CubeIDE\STM32CubeIDE\plugins\com.st.stm32cube.common.mx_6.13.0.202411220809\\db\/plugins/mcufinder/images/
2025-03-19 10:45:20,734 [WARN] DbFile:41 - Overriding database path with different value: C:\Users\28584\.stmcufinder\plugins\mcufinder/ => C:\Users\28584\.stmcufinder\plugins\mcufinder
2025-03-19 10:45:20,734 [INFO] ApiDb:250 - Set database path to: C:\Users\28584\.stmcufinder\plugins\mcufinder//mcu/
2025-03-19 10:45:20,734 [WARN] DbFile:41 - Overriding database path with different value: C:\Users\28584\.stmcufinder\plugins\mcufinder/ => C:\Users\28584\.stmcufinder\plugins\mcufinder
2025-03-19 10:45:20,734 [INFO] DbMcusAds:125 - Set database path to: C:\Users\28584\.stmcufinder\plugins\mcufinder//mcu/
2025-03-19 10:45:20,734 [WARN] DbFile:41 - Overriding database path with different value: C:\Users\28584\.stmcufinder\plugins\mcufinder/ => C:\Users\28584\.stmcufinder\plugins\mcufinder
2025-03-19 10:45:20,734 [WARN] DbFile:41 - Overriding database path with different value: C:\Users\28584\.stmcufinder\plugins\mcufinder/ => C:\Users\28584\.stmcufinder\plugins\mcufinder
2025-03-19 10:45:20,734 [INFO] CrossReferenceDbSqlite:203 - Set database path to: C:\Users\28584\.stmcufinder\plugins\mcufinder//mcu/cs/
2025-03-19 10:45:20,837 [INFO] MainPanel:272 - HeapMemory: 268435456
2025-03-19 10:45:20,958 [INFO] DbMcusXml:78 - Set database path to: C:\ST\STM32CubeIDE\STM32CubeIDE\plugins\com.st.stm32cube.common.mx_6.13.0.202411220809\\db\/mcu/
2025-03-19 10:45:20,958 [INFO] ApiDb:274 - Set plugin database path to: C:\ST\STM32CubeIDE\STM32CubeIDE\plugins\com.st.stm32cube.common.mx_6.13.0.202411220809\\db\/plugins/boardmanager/
2025-03-19 10:45:20,958 [INFO] ApiDb:261 - Set plugin images path to: C:\ST\STM32CubeIDE\STM32CubeIDE\plugins\com.st.stm32cube.common.mx_6.13.0.202411220809\\db\/plugins/mcufinder/images/
2025-03-19 10:45:20,958 [WARN] DbFile:41 - Overriding database path with different value: C:\Users\28584\.stmcufinder\plugins\mcufinder/ => C:\Users\28584\.stmcufinder\plugins\mcufinder
2025-03-19 10:45:20,959 [INFO] ApiDb:250 - Set database path to: C:\Users\28584\.stmcufinder\plugins\mcufinder//mcu/
2025-03-19 10:45:20,959 [WARN] DbFile:41 - Overriding database path with different value: C:\Users\28584\.stmcufinder\plugins\mcufinder/ => C:\Users\28584\.stmcufinder\plugins\mcufinder
2025-03-19 10:45:20,959 [INFO] DbMcusAds:125 - Set database path to: C:\Users\28584\.stmcufinder\plugins\mcufinder//mcu/
2025-03-19 10:45:20,959 [WARN] DbFile:41 - Overriding database path with different value: C:\Users\28584\.stmcufinder\plugins\mcufinder/ => C:\Users\28584\.stmcufinder\plugins\mcufinder
2025-03-19 10:45:20,959 [WARN] DbFile:41 - Overriding database path with different value: C:\Users\28584\.stmcufinder\plugins\mcufinder/ => C:\Users\28584\.stmcufinder\plugins\mcufinder
2025-03-19 10:45:20,959 [INFO] CrossReferenceDbSqlite:203 - Set database path to: C:\Users\28584\.stmcufinder\plugins\mcufinder//mcu/cs/
2025-03-19 10:45:20,984 [INFO] ApplicationProperties:184 - Using Application install path: C:\ST\STM32CubeIDE\STM32CubeIDE\plugins\com.st.stm32cube.common.mx_6.13.0.202411220809
2025-03-19 10:45:20,985 [INFO] PluginManage:196 - Search for loadable plugins [exclusion list=, ]
2025-03-19 10:45:20,987 [INFO] PluginManage:310 - Check plugin analytics
2025-03-19 10:45:21,239 [INFO] AnalyticsPlugin:253 - Accepted Software Licenses: 
2025-03-19 10:45:21,239 [INFO] AnalyticsPlugin:255 - Accepted CMSIS Pack Licenses: 
2025-03-19 10:45:21,239 [INFO] AnalyticsPlugin:257 - Accepted Firmware Licenses: FW.G4.1.5.0
2025-03-19 10:45:21,245 [INFO] PluginManage:359 - Loaded plugin analytics (category:tool,tabindex:-1)
2025-03-19 10:45:21,245 [INFO] PluginManage:310 - Check plugin cadmodel
2025-03-19 10:45:21,254 [INFO] CADModel:105 - Init CAD model plugin
2025-03-19 10:45:21,255 [INFO] PluginManage:359 - Loaded plugin cadmodel (category:power,tabindex:5)
2025-03-19 10:45:21,255 [INFO] PluginManage:310 - Check plugin clock
2025-03-19 10:45:21,270 [INFO] PluginManage:359 - Loaded plugin clock (category:base,tabindex:2)
2025-03-19 10:45:21,270 [INFO] PluginManage:310 - Check plugin ddr
2025-03-19 10:45:21,273 [INFO] PluginManage:359 - Loaded plugin ddr (category:tool,tabindex:6)
2025-03-19 10:45:21,273 [INFO] PluginManage:310 - Check plugin filemanager
2025-03-19 10:45:21,462 [INFO] PluginManage:359 - Loaded plugin filemanager (category:base,tabindex:10)
2025-03-19 10:45:21,462 [INFO] PluginManage:310 - Check plugin ipmanager
2025-03-19 10:45:21,473 [INFO] PluginManage:359 - Loaded plugin ipmanager (category:base,tabindex:5)
2025-03-19 10:45:21,473 [INFO] PluginManage:310 - Check plugin lpbam
2025-03-19 10:45:21,482 [INFO] PluginManage:359 - Loaded plugin lpbam (category:base,tabindex:0)
2025-03-19 10:45:21,482 [INFO] PluginManage:310 - Check plugin memorymap
2025-03-19 10:45:21,500 [INFO] PluginManage:359 - Loaded plugin memorymap (category:base,tabindex:4)
2025-03-19 10:45:21,501 [INFO] PluginManage:310 - Check plugin pinoutandconfiguration
2025-03-19 10:45:21,512 [INFO] PluginManage:359 - Loaded plugin pinoutandconfiguration (category:base,tabindex:1)
2025-03-19 10:45:21,512 [INFO] PluginManage:310 - Check plugin pinoutconfig
2025-03-19 10:45:21,626 [WARN] SupportedApi:132 - Cannot load RTOS API schema: s4s-elt-must-match.1: The content of 'definitions' must match (annotation?, (simpleType | complexType)?, (unique | key | keyref)*)). A problem was found starting at: attribute.
2025-03-19 10:45:21,817 [INFO] PluginManage:359 - Loaded plugin pinoutconfig (category:base,tabindex:0)
2025-03-19 10:45:21,817 [INFO] PluginManage:310 - Check plugin power
2025-03-19 10:45:21,834 [INFO] PluginManage:359 - Loaded plugin power (category:power,tabindex:4)
2025-03-19 10:45:21,834 [INFO] PluginManage:310 - Check plugin projectmanager
2025-03-19 10:45:21,859 [INFO] PluginManage:359 - Loaded plugin projectmanager (category:projectmanager,tabindex:4)
2025-03-19 10:45:21,859 [INFO] PluginManage:310 - Check plugin rif
2025-03-19 10:45:21,870 [INFO] PluginManage:359 - Loaded plugin rif (category:base,tabindex:3)
2025-03-19 10:45:21,871 [INFO] PluginManage:310 - Check plugin thirdparty
2025-03-19 10:45:22,089 [INFO] PluginManage:359 - Loaded plugin thirdparty (category:base,tabindex:-1)
2025-03-19 10:45:22,089 [INFO] PluginManage:310 - Check plugin tools
2025-03-19 10:45:22,089 [WARN] IntegrityCheckThread:84 - waiting for thirdparty lock release [integrity check]
2025-03-19 10:45:22,090 [INFO] IntegrityCheckThread:86 - entering critical section [integrity check]
2025-03-19 10:45:22,091 [INFO] ThirdPartyUpdaterWithRetryManager:70 - Updater plugin not ready yet. [1/15]
2025-03-19 10:45:22,094 [INFO] PluginManage:359 - Loaded plugin tools (category:base,tabindex:7)
2025-03-19 10:45:22,095 [INFO] PluginManage:310 - Check plugin tutovideos
2025-03-19 10:45:22,343 [INFO] PluginManage:359 - Loaded plugin tutovideos (category:base,tabindex:-1)
2025-03-19 10:45:22,344 [INFO] PluginManage:310 - Check plugin updater
2025-03-19 10:45:22,374 [INFO] PluginManage:359 - Loaded plugin updater (category:base,tabindex:12)
2025-03-19 10:45:22,374 [INFO] PluginManage:310 - Check plugin userauth
2025-03-19 10:45:22,379 [INFO] UserAuth:118 - Init User Auth plugin
2025-03-19 10:45:22,380 [INFO] PluginManage:359 - Loaded plugin userauth (category:base,tabindex:14)
2025-03-19 10:45:22,380 [INFO] PluginManage:283 - PluginManage : Loaded plugins [18]
2025-03-19 10:45:22,671 [INFO] PinOutPanel:1589 - setPackage(No Configuration,No Configuration)
2025-03-19 10:45:22,809 [INFO] CADModel:165 - CPN selected for project level
2025-03-19 10:45:22,810 [INFO] CADModel:114 - Register for checkConnection events
2025-03-19 10:45:22,838 [INFO] IPUIPlugin:80 - create IPUIPlugin
2025-03-19 10:45:22,838 [INFO] PluginManager:220 - loadIPPluginJar : add adc
2025-03-19 10:45:22,843 [INFO] IPUIPlugin:80 - create IPUIPlugin
2025-03-19 10:45:22,844 [INFO] PluginManager:220 - loadIPPluginJar : add aes
2025-03-19 10:45:22,849 [INFO] IPUIPlugin:80 - create IPUIPlugin
2025-03-19 10:45:22,849 [INFO] PluginManager:220 - loadIPPluginJar : add can
2025-03-19 10:45:22,852 [INFO] IPUIPlugin:80 - create IPUIPlugin
2025-03-19 10:45:22,852 [INFO] PluginManager:220 - loadIPPluginJar : add comp
2025-03-19 10:45:22,857 [INFO] IPUIPlugin:80 - create IPUIPlugin
2025-03-19 10:45:22,858 [INFO] PluginManager:220 - loadIPPluginJar : add cryp
2025-03-19 10:45:22,862 [INFO] IPUIPlugin:80 - create IPUIPlugin
2025-03-19 10:45:22,862 [INFO] PluginManager:220 - loadIPPluginJar : add ddr_ctrl_phy
2025-03-19 10:45:22,869 [INFO] IPUIPlugin:80 - create IPUIPlugin
2025-03-19 10:45:22,869 [INFO] PluginManager:220 - loadIPPluginJar : add dfsdm
2025-03-19 10:45:22,877 [INFO] IPUIPlugin:80 - create IPUIPlugin
2025-03-19 10:45:22,877 [INFO] PluginManager:220 - loadIPPluginJar : add dma
2025-03-19 10:45:22,883 [INFO] IPUIPlugin:80 - create IPUIPlugin
2025-03-19 10:45:22,883 [INFO] PluginManager:220 - loadIPPluginJar : add dma3
2025-03-19 10:45:22,888 [INFO] IPUIPlugin:80 - create IPUIPlugin
2025-03-19 10:45:22,888 [INFO] PluginManager:220 - loadIPPluginJar : add extmemmanager
2025-03-19 10:45:22,891 [INFO] IPUIPlugin:80 - create IPUIPlugin
2025-03-19 10:45:22,891 [INFO] PluginManager:220 - loadIPPluginJar : add fatfs
2025-03-19 10:45:22,900 [INFO] IPUIPlugin:80 - create IPUIPlugin
2025-03-19 10:45:22,900 [INFO] PluginManager:220 - loadIPPluginJar : add fmc
2025-03-19 10:45:22,908 [INFO] IPUIPlugin:80 - create IPUIPlugin
2025-03-19 10:45:22,909 [INFO] PluginManager:220 - loadIPPluginJar : add freertos
2025-03-19 10:45:22,912 [INFO] IPUIPlugin:80 - create IPUIPlugin
2025-03-19 10:45:22,912 [INFO] PluginManager:220 - loadIPPluginJar : add genericplugin
2025-03-19 10:45:22,916 [INFO] IPUIPlugin:80 - create IPUIPlugin
2025-03-19 10:45:22,916 [INFO] PluginManager:220 - loadIPPluginJar : add gfxmmu
2025-03-19 10:45:22,922 [INFO] IPUIPlugin:80 - create IPUIPlugin
2025-03-19 10:45:22,923 [INFO] PluginManager:220 - loadIPPluginJar : add gic
2025-03-19 10:45:22,931 [INFO] IPUIPlugin:80 - create IPUIPlugin
2025-03-19 10:45:22,931 [INFO] PluginManager:220 - loadIPPluginJar : add gpio
2025-03-19 10:45:22,938 [INFO] IPUIPlugin:80 - create IPUIPlugin
2025-03-19 10:45:22,939 [INFO] PluginManager:220 - loadIPPluginJar : add gtzc
2025-03-19 10:45:22,945 [INFO] IPUIPlugin:80 - create IPUIPlugin
2025-03-19 10:45:22,945 [INFO] PluginManager:220 - loadIPPluginJar : add hash
2025-03-19 10:45:22,950 [INFO] IPUIPlugin:80 - create IPUIPlugin
2025-03-19 10:45:22,950 [INFO] PluginManager:220 - loadIPPluginJar : add i2c
2025-03-19 10:45:22,954 [INFO] IPUIPlugin:80 - create IPUIPlugin
2025-03-19 10:45:22,954 [INFO] PluginManager:220 - loadIPPluginJar : add i2s
2025-03-19 10:45:22,960 [INFO] IPUIPlugin:80 - create IPUIPlugin
2025-03-19 10:45:22,960 [INFO] PluginManager:220 - loadIPPluginJar : add i3c
2025-03-19 10:45:22,965 [INFO] IPUIPlugin:80 - create IPUIPlugin
2025-03-19 10:45:22,965 [INFO] PluginManager:220 - loadIPPluginJar : add ipddr
2025-03-19 10:45:22,973 [INFO] IPUIPlugin:80 - create IPUIPlugin
2025-03-19 10:45:22,973 [INFO] PluginManager:220 - loadIPPluginJar : add linkedlist
2025-03-19 10:45:22,978 [INFO] IPUIPlugin:80 - create IPUIPlugin
2025-03-19 10:45:22,978 [INFO] PluginManager:220 - loadIPPluginJar : add lorawan
2025-03-19 10:45:22,981 [INFO] IPUIPlugin:80 - create IPUIPlugin
2025-03-19 10:45:22,981 [INFO] PluginManager:220 - loadIPPluginJar : add ltdc
2025-03-19 10:45:22,990 [INFO] IPUIPlugin:80 - create IPUIPlugin
2025-03-19 10:45:22,990 [INFO] PluginManager:220 - loadIPPluginJar : add mdma
2025-03-19 10:45:22,995 [INFO] IPUIPlugin:80 - create IPUIPlugin
2025-03-19 10:45:22,995 [INFO] PluginManager:220 - loadIPPluginJar : add nvic
2025-03-19 10:45:23,000 [INFO] IPUIPlugin:80 - create IPUIPlugin
2025-03-19 10:45:23,000 [INFO] PluginManager:220 - loadIPPluginJar : add opamp
2025-03-19 10:45:23,006 [INFO] IPUIPlugin:80 - create IPUIPlugin
2025-03-19 10:45:23,007 [INFO] PluginManager:220 - loadIPPluginJar : add openamp
2025-03-19 10:45:23,013 [INFO] IPUIPlugin:80 - create IPUIPlugin
2025-03-19 10:45:23,013 [INFO] PluginManager:220 - loadIPPluginJar : add pdm2pcm
2025-03-19 10:45:23,022 [INFO] IPUIPlugin:80 - create IPUIPlugin
2025-03-19 10:45:23,025 [INFO] PluginManager:220 - loadIPPluginJar : add plateformsettings
2025-03-19 10:45:23,029 [INFO] IPUIPlugin:80 - create IPUIPlugin
2025-03-19 10:45:23,029 [INFO] PluginManager:220 - loadIPPluginJar : add quadspi
2025-03-19 10:45:23,032 [INFO] IPUIPlugin:80 - create IPUIPlugin
2025-03-19 10:45:23,033 [INFO] PluginManager:220 - loadIPPluginJar : add radio
2025-03-19 10:45:23,038 [INFO] IPUIPlugin:80 - create IPUIPlugin
2025-03-19 10:45:23,038 [INFO] PluginManager:220 - loadIPPluginJar : add resmgrutility
2025-03-19 10:45:23,042 [INFO] IPUIPlugin:80 - create IPUIPlugin
2025-03-19 10:45:23,042 [INFO] PluginManager:220 - loadIPPluginJar : add sai
2025-03-19 10:45:23,047 [INFO] IPUIPlugin:80 - create IPUIPlugin
2025-03-19 10:45:23,047 [INFO] PluginManager:220 - loadIPPluginJar : add spi
2025-03-19 10:45:23,055 [INFO] IPUIPlugin:80 - create IPUIPlugin
2025-03-19 10:45:23,055 [INFO] PluginManager:220 - loadIPPluginJar : add stm32_wpan
2025-03-19 10:45:23,058 [INFO] IPUIPlugin:80 - create IPUIPlugin
2025-03-19 10:45:23,058 [INFO] PluginManager:220 - loadIPPluginJar : add tim
2025-03-19 10:45:23,063 [INFO] IPUIPlugin:80 - create IPUIPlugin
2025-03-19 10:45:23,063 [INFO] PluginManager:220 - loadIPPluginJar : add touchsensing
2025-03-19 10:45:23,067 [INFO] IPUIPlugin:80 - create IPUIPlugin
2025-03-19 10:45:23,068 [INFO] PluginManager:220 - loadIPPluginJar : add tracer_emb
2025-03-19 10:45:23,071 [INFO] IPUIPlugin:80 - create IPUIPlugin
2025-03-19 10:45:23,072 [INFO] PluginManager:220 - loadIPPluginJar : add ts
2025-03-19 10:45:23,074 [INFO] IPUIPlugin:80 - create IPUIPlugin
2025-03-19 10:45:23,075 [INFO] PluginManager:220 - loadIPPluginJar : add tsc
2025-03-19 10:45:23,077 [INFO] IPUIPlugin:80 - create IPUIPlugin
2025-03-19 10:45:23,077 [INFO] PluginManager:220 - loadIPPluginJar : add ucpd
2025-03-19 10:45:23,081 [INFO] IPUIPlugin:80 - create IPUIPlugin
2025-03-19 10:45:23,081 [INFO] PluginManager:220 - loadIPPluginJar : add usart
2025-03-19 10:45:23,085 [INFO] IPUIPlugin:80 - create IPUIPlugin
2025-03-19 10:45:23,085 [INFO] PluginManager:220 - loadIPPluginJar : add usbx
2025-03-19 10:45:23,243 [FATAL] Updater:351 - Updater called before beeing initialized
2025-03-19 10:45:23,301 [INFO] RulesReader:64 - Compatibility file has been processed (297 Rules)
2025-03-19 10:45:23,319 [INFO] RulesReader:64 - Compatibility file has been processed (297 Rules)
2025-03-19 10:45:23,375 [INFO] CADModel:165 - CPN selected for project level
2025-03-19 10:45:23,375 [INFO] CADModel:114 - Register for checkConnection events
2025-03-19 10:45:23,376 [FATAL] Updater:351 - Updater called before beeing initialized
2025-03-19 10:45:23,376 [ERROR] CADModel:125 - Updater not yet initialized, retry later 
2025-03-19 10:45:23,629 [FATAL] Updater:351 - Updater called before beeing initialized
2025-03-19 10:45:23,632 [INFO] CADModel:165 - CPN selected for project level
2025-03-19 10:45:23,632 [INFO] CADModel:114 - Register for checkConnection events
2025-03-19 10:45:23,632 [FATAL] Updater:351 - Updater called before beeing initialized
2025-03-19 10:45:23,632 [ERROR] CADModel:125 - Updater not yet initialized, retry later 
2025-03-19 10:45:23,636 [FATAL] Updater:351 - Updater called before beeing initialized
2025-03-19 10:45:23,829 [FATAL] Updater:351 - Updater called before beeing initialized
2025-03-19 10:45:23,858 [INFO] DbMcusAds:53 - JSON generation date=Thu Mar 06 22:54:21 CST 2025 (1741272861825)
2025-03-19 10:45:23,858 [FATAL] Updater:351 - Updater called before beeing initialized
2025-03-19 10:45:23,908 [WARN] DetailPanel:346 - Failed to get advertising image, set to default
2025-03-19 10:45:24,284 [FATAL] Updater:351 - Updater called before beeing initialized
2025-03-19 10:45:24,286 [FATAL] Updater:351 - Updater called before beeing initialized
2025-03-19 10:45:24,286 [FATAL] Updater:351 - Updater called before beeing initialized
2025-03-19 10:45:24,287 [WARN] DetailPanel:346 - Failed to get advertising image, set to default
2025-03-19 10:45:24,287 [FATAL] Updater:351 - Updater called before beeing initialized
2025-03-19 10:45:24,349 [ERROR] Updater:1198 - MainUpdater not yet initialized. External WinMGr cannot be set.
2025-03-19 10:45:24,352 [INFO] Updater:1134 - Updater Version found : 6.13.0
2025-03-19 10:45:24,371 [INFO] ApplicationProperties:184 - Using Application install path: C:\ST\STM32CubeIDE\STM32CubeIDE\plugins\com.st.stm32cube.common.mx_6.13.0.202411220809
2025-03-19 10:45:25,093 [INFO] ThirdPartyUpdaterWithRetryManager:70 - Updater plugin not ready yet. [2/15]
2025-03-19 10:45:25,986 [ERROR] LogOutputStream:75 - [STDERR_REDIRECT] Mar 19, 2025 10:45:25 AM java.util.prefs.WindowsPreferences <init>
2025-03-19 10:45:25,988 [ERROR] LogOutputStream:75 - [STDERR_REDIRECT] WARNING: Could not open/create prefs root node Software\JavaSoft\Prefs at root 0xffffffff80000002. Windows RegCreateKeyEx(...) returned error code 5.
2025-03-19 10:45:25,988 [ERROR] LogOutputStream:75 - [STDERR_REDIRECT] 
2025-03-19 10:45:26,708 [INFO] MainUpdater:2872 - connection check result : 10
2025-03-19 10:45:26,709 [INFO] MainUpdater:289 - Updater Check For Update Now.
2025-03-19 10:45:26,709 [INFO] MicroXplorer:498 - Change Database Version : DB.6.0.130
2025-03-19 10:45:26,750 [INFO] McuFinderGlobals:63 - Set McuFinder mode to 2 (CubeIDE integrated)
2025-03-19 10:45:26,754 [INFO] UserAuth:486 - Internet connection configuration mode: 1
2025-03-19 10:45:26,802 [INFO] JxBrowserEngine:152 - Initiate JxBrowser Engine with user profile folder
2025-03-19 10:45:26,942 [INFO] CheckServerUpdateThread:120 - End of CheckServer Thread
2025-03-19 10:45:28,919 [WARN] PackLoader:240 - Cannot read IP mode file for STMicroelectronics.FP-SNS-MOTENVWB1.1.4.0
2025-03-19 10:45:28,940 [WARN] PackLoader:240 - Cannot read IP mode file for STMicroelectronics.FP-ATR-ASTRA1.2.0.2
2025-03-19 10:45:28,950 [WARN] PackLoader:240 - Cannot read IP mode file for STMicroelectronics.FP-ATR-ASTRA1.2.0.1
2025-03-19 10:45:28,969 [WARN] PackLoader:240 - Cannot read IP mode file for STMicroelectronics.X-CUBE-SMBUS.2.1.0
2025-03-19 10:45:28,987 [WARN] PackLoader:240 - Cannot read IP mode file for STMicroelectronics.X-CUBE-WB05N.1.1.0
2025-03-19 10:45:29,029 [WARN] PackLoader:240 - Cannot read IP mode file for STMicroelectronics.X-CUBE-AZRTOS-F7.1.1.0
2025-03-19 10:45:29,062 [WARN] PackLoader:240 - Cannot read IP mode file for STMicroelectronics.FP-SNS-FLIGHT1.5.0.2
2025-03-19 10:45:29,095 [WARN] PackLoader:240 - Cannot read IP mode file for Infineon.AIROC-Wi-Fi-Bluetooth-STM32.1.7.0
2025-03-19 10:45:29,114 [WARN] PackLoader:240 - Cannot read IP mode file for STMicroelectronics.X-CUBE-DISPLAY.3.0.0
2025-03-19 10:45:29,129 [WARN] PackLoader:240 - Cannot read IP mode file for STMicroelectronics.X-CUBE-BLE1.7.0.0
2025-03-19 10:45:29,140 [WARN] PackLoader:240 - Cannot read IP mode file for STMicroelectronics.X-CUBE-NFC10.1.0.0
2025-03-19 10:45:29,157 [WARN] PackLoader:240 - Cannot read IP mode file for STMicroelectronics.X-CUBE-BLEMGR.4.0.0
2025-03-19 10:45:29,170 [WARN] PackLoader:240 - Cannot read IP mode file for emotas.I-CUBE-CANOPEN.1.3.0
2025-03-19 10:45:29,179 [WARN] PackLoader:240 - Cannot read IP mode file for STMicroelectronics.X-CUBE-AI.10.0.0
2025-03-19 10:45:29,186 [INFO] WebApp:168 - Instantiating new browser for Auth
2025-03-19 10:45:29,188 [WARN] PackLoader:240 - Cannot read IP mode file for STMicroelectronics.FP-SNS-SMARTAG2.1.2.0
2025-03-19 10:45:29,198 [WARN] PackLoader:240 - Cannot read IP mode file for STMicroelectronics.FP-SNS-FLIGHT1.5.1.0
2025-03-19 10:45:29,257 [WARN] PackLoader:240 - Cannot read IP mode file for STMicroelectronics.X-CUBE-MEMS1.11.1.0
2025-03-19 10:45:29,486 [INFO] LogOutputStream:77 - [STDOUT_REDIRECT] 1 : Invalid condition id : UX_CORESTACK_Condition cause : null
2025-03-19 10:45:29,487 [INFO] LogOutputStream:77 - [STDOUT_REDIRECT] 1 : Invalid condition id : UX_CORESTACK_Condition cause : null
2025-03-19 10:45:29,488 [INFO] LogOutputStream:77 - [STDOUT_REDIRECT] 1 : Invalid condition id : UX_CORESTACK_Condition cause : null
2025-03-19 10:45:29,489 [INFO] LogOutputStream:77 - [STDOUT_REDIRECT] 1 : Invalid condition id : UX_CORESTACK_Condition cause : null
2025-03-19 10:45:29,490 [INFO] LogOutputStream:77 - [STDOUT_REDIRECT] 1 : Invalid condition id : UX_CORESTACK_Condition cause : null
2025-03-19 10:45:29,494 [WARN] PackLoader:240 - Cannot read IP mode file for STMicroelectronics.X-CUBE-AZRTOS-WL.2.0.0
2025-03-19 10:45:29,507 [WARN] PackLoader:240 - Cannot read IP mode file for STMicroelectronics.FP-SNS-MOTENV1.5.0.0
2025-03-19 10:45:29,518 [WARN] PackLoader:240 - Cannot read IP mode file for wolfSSL.I-CUBE-wolfMQTT.1.19.0
2025-03-19 10:45:29,529 [WARN] PackLoader:240 - Cannot read IP mode file for STMicroelectronics.X-CUBE-BLE2.3.3.0
2025-03-19 10:45:29,539 [WARN] PackLoader:240 - Cannot read IP mode file for STMicroelectronics.X-CUBE-NFC9.1.0.0
2025-03-19 10:45:29,550 [WARN] PackLoader:240 - Cannot read IP mode file for STMicroelectronics.X-CUBE-BLE1.7.1.0
2025-03-19 10:45:29,576 [WARN] PackLoader:240 - Cannot read IP mode file for STMicroelectronics.X-CUBE-AZRTOS-G0.1.1.0
2025-03-19 10:45:29,588 [WARN] PackLoader:240 - Cannot read IP mode file for STMicroelectronics.X-CUBE-SAFEA1.1.2.2
2025-03-19 10:45:29,599 [WARN] PackLoader:240 - Cannot read IP mode file for STMicroelectronics.X-CUBE-NFC4.3.0.0
2025-03-19 10:45:29,609 [WARN] PackLoader:240 - Cannot read IP mode file for EmbeddedOffice.I-CUBE-FS-RTOS.1.0.1
2025-03-19 10:45:29,621 [WARN] PackLoader:240 - Cannot read IP mode file for AL94.I-CUBE-USBD-COMPOSITE.1.0.3
2025-03-19 10:45:29,730 [WARN] PackLoader:240 - Cannot read IP mode file for STMicroelectronics.X-CUBE-TCPP.4.2.0
2025-03-19 10:45:29,740 [WARN] PackLoader:240 - Cannot read IP mode file for RealThread.X-CUBE-RT-Thread_Nano.4.1.1
2025-03-19 10:45:29,749 [WARN] PackLoader:240 - Cannot read IP mode file for STMicroelectronics.FP-ATR-SIGFOX1.3.2.0
2025-03-19 10:45:29,757 [WARN] ConditionMgr:438 - getConditionDescription Invalid condition id : Cortex-A Device cause : null
2025-03-19 10:45:29,770 [WARN] ConditionMgr:1044 - genDependencies : Invalid condition id : Cortex-A Device cause : null
2025-03-19 10:45:29,770 [WARN] ConditionMgr:1044 - genDependencies : Invalid condition id : Cortex-A Device cause : null
2025-03-19 10:45:29,770 [WARN] ConditionMgr:1044 - genDependencies : Invalid condition id : Cortex-A Device cause : null
2025-03-19 10:45:29,780 [WARN] PackLoader:240 - Cannot read IP mode file for STMicroelectronics.X-CUBE-EEPRMA1.5.1.0
2025-03-19 10:45:29,788 [WARN] PackLoader:240 - Cannot read IP mode file for wolfSSL.I-CUBE-wolfSSL.5.7.6
2025-03-19 10:45:29,798 [WARN] PackLoader:240 - Cannot read IP mode file for ITTIA_DB.I-CUBE-ITTIADB.8.9.0
2025-03-19 10:45:29,829 [WARN] PackLoader:240 - Cannot read IP mode file for SEGGER.I-CUBE-embOS.1.3.1
2025-03-19 10:45:29,869 [WARN] PackLoader:240 - Cannot read IP mode file for STMicroelectronics.X-CUBE-ALGOBUILD.1.4.0
2025-03-19 10:45:29,888 [WARN] PackLoader:240 - Cannot read IP mode file for STMicroelectronics.X-CUBE-AZRTOS-F4.1.1.0
2025-03-19 10:45:29,897 [WARN] PackLoader:240 - Cannot read IP mode file for STMicroelectronics.X-CUBE-ISPU.2.1.0
2025-03-19 10:45:29,922 [WARN] PackLoader:240 - Cannot read IP mode file for STMicroelectronics.X-CUBE-AZRTOS-L5.2.0.0
2025-03-19 10:45:29,935 [WARN] PackLoader:240 - Cannot read IP mode file for STMicroelectronics.X-CUBE-NFC6.3.1.0
2025-03-19 10:45:29,945 [WARN] PackLoader:240 - Cannot read IP mode file for STMicroelectronics.X-CUBE-DPower.1.2.0
2025-03-19 10:45:29,954 [WARN] PackLoader:240 - Cannot read IP mode file for STMicroelectronics.X-CUBE-FREERTOS.1.3.0
2025-03-19 10:45:29,963 [WARN] PackLoader:240 - Cannot read IP mode file for STMicroelectronics.X-CUBE-NFC7.1.0.1
2025-03-19 10:45:29,981 [WARN] ConditionMgr:438 - getConditionDescription Invalid condition id : LAN8742 Phy interface Condition cause : null
2025-03-19 10:45:29,982 [WARN] PackLoader:240 - Cannot read IP mode file for STMicroelectronics.X-CUBE-AZRTOS-L4.2.0.0
2025-03-19 10:45:29,984 [WARN] ConditionMgr:1044 - genDependencies : Invalid condition id : LAN8742 Phy interface Condition cause : null
2025-03-19 10:45:29,984 [WARN] ConditionMgr:1044 - genDependencies : Invalid condition id : LAN8742 Phy interface Condition cause : null
2025-03-19 10:45:29,984 [WARN] ConditionMgr:1044 - genDependencies : Invalid condition id : LAN8742 Phy interface Condition cause : null
2025-03-19 10:45:29,995 [WARN] PackLoader:240 - Cannot read IP mode file for STMicroelectronics.X-CUBE-SFXS2LP1.4.0.0
2025-03-19 10:45:30,019 [WARN] PackLoader:240 - Cannot read IP mode file for STMicroelectronics.X-CUBE-AZRTOS-H7.3.3.0
2025-03-19 10:45:30,035 [WARN] ConditionMgr:438 - getConditionDescription Invalid condition id : UX DEVICE CLASS RTOS Condition cause : null
2025-03-19 10:45:30,035 [WARN] ConditionMgr:438 - getConditionDescription Invalid condition id : UX DEVICE CLASS RTOS Condition cause : null
2025-03-19 10:45:30,037 [WARN] PackLoader:240 - Cannot read IP mode file for STMicroelectronics.X-CUBE-AZRTOS-WB.2.0.0
2025-03-19 10:45:30,037 [WARN] ConditionMgr:1044 - genDependencies : Invalid condition id : UX DEVICE CLASS RTOS Condition cause : null
2025-03-19 10:45:30,038 [WARN] ConditionMgr:1044 - genDependencies : Invalid condition id : UX DEVICE CLASS RTOS Condition cause : null
2025-03-19 10:45:30,038 [WARN] ConditionMgr:1044 - genDependencies : Invalid condition id : UX DEVICE CLASS RTOS Condition cause : null
2025-03-19 10:45:30,038 [WARN] ConditionMgr:1044 - genDependencies : Invalid condition id : UX DEVICE CLASS RTOS Condition cause : null
2025-03-19 10:45:30,038 [WARN] ConditionMgr:1044 - genDependencies : Invalid condition id : UX DEVICE CLASS RTOS Condition cause : null
2025-03-19 10:45:30,046 [WARN] PackLoader:240 - Cannot read IP mode file for STMicroelectronics.X-CUBE-GNSS1.7.0.1
2025-03-19 10:45:30,056 [WARN] PackLoader:240 - Cannot read IP mode file for STMicroelectronics.X-CUBE-TOUCHGFX.4.25.0
2025-03-19 10:45:30,064 [WARN] PackLoader:240 - Cannot read IP mode file for STMicroelectronics.FP-SNS-STBOX1.2.0.0
2025-03-19 10:45:30,076 [WARN] PackLoader:240 - Cannot read IP mode file for STMicroelectronics.X-CUBE-SUBG2.5.0.0
2025-03-19 10:45:30,095 [WARN] PackLoader:240 - Cannot read IP mode file for STMicroelectronics.X-CUBE-AZRTOS-H7RS.1.1.0
2025-03-19 10:45:30,106 [WARN] PackLoader:240 - Cannot read IP mode file for Cesanta.I-CUBE-Mongoose.7.13.0
2025-03-19 10:45:30,123 [WARN] PackLoader:240 - Cannot read IP mode file for STMicroelectronics.X-CUBE-AZRTOS-G4.2.0.0
2025-03-19 10:45:30,139 [WARN] PackLoader:240 - Cannot read IP mode file for STMicroelectronics.X-CUBE-IPS.3.1.0
2025-03-19 10:45:30,153 [WARN] PackLoader:240 - Cannot read IP mode file for STMicroelectronics.X-CUBE-ALS.1.0.2
2025-03-19 10:45:30,159 [WARN] PackLoader:240 - Cannot read IP mode file for STMicroelectronics.X-CUBE-TOUCHGFX.4.24.2
2025-03-19 10:45:30,166 [WARN] PackLoader:240 - Cannot read IP mode file for wolfSSL.I-CUBE-wolfTPM.3.4.0
2025-03-19 10:45:30,176 [WARN] PackLoader:240 - Cannot read IP mode file for portGmbH.I-Cube-SoM-uGOAL.1.1.0
2025-03-19 10:45:30,196 [WARN] PackLoader:240 - Cannot read IP mode file for STMicroelectronics.X-CUBE-AZRTOS-H7RS.1.0.0
2025-03-19 10:45:30,215 [WARN] PackLoader:240 - Cannot read IP mode file for STMicroelectronics.X-CUBE-TOF1.3.4.2
2025-03-19 10:45:30,236 [WARN] PackLoader:240 - Cannot read IP mode file for wolfSSL.I-CUBE-wolfSSH.1.4.17
2025-03-19 10:45:30,237 [INFO] ThirdParty:978 - Integrity check success = true
2025-03-19 10:45:30,237 [INFO] IntegrityCheckThread:100 - exiting critical section [integrity check]
2025-03-19 10:45:30,237 [INFO] IntegrityCheckThread:103 - End integrity checks thread
2025-03-19 10:45:30,708 [INFO] WebApp:449 - Apply proxy settings
2025-03-19 10:45:30,708 [INFO] WebApp:534 - Chromium requires no authentication
2025-03-19 10:45:30,737 [INFO] WebApp:477 - Direct internet connection detected
2025-03-19 10:45:30,797 [INFO] WebApp:880 - Register for checkConnection events
2025-03-19 10:45:30,797 [INFO] WebApp:449 - Apply proxy settings
2025-03-19 10:45:30,797 [INFO] WebApp:534 - Chromium requires no authentication
2025-03-19 10:45:30,799 [INFO] WebApp:477 - Direct internet connection detected
2025-03-19 10:45:31,045 [INFO] WebApp:221 - Starting web application
2025-03-19 10:45:31,045 [INFO] WebApp:579 - Web application path used C:\ST\STM32CubeIDE\STM32CubeIDE\plugins\com.st.stm32cube.common.mx_6.13.0.202411220809\db\plugins\mcufinder\reactClient1\index.html
2025-03-19 10:45:31,149 [INFO] UserAuth:486 - Internet connection configuration mode: 1
2025-03-19 10:45:43,583 [ERROR] LogOutputStream:75 - [STDERR_REDIRECT] 
2025-03-19 20:49:05,642 [INFO] Activator:176 - 


2025-03-19 20:49:05,643 [INFO] Activator:177 - !SESSION log4j initialized
2025-03-19 20:49:06,093 [ERROR] LogOutputStream:75 - [STDERR_REDIRECT] Warning: NLS unused message: CodeAssistConfigurationBlock_matchSubstring_label in: org.eclipse.jdt.internal.ui.preferences.PreferencesMessages
2025-03-19 20:49:06,120 [ERROR] LogOutputStream:75 - [STDERR_REDIRECT] Warning: NLS unused message: ProblemMarkerManager_problem_marker_update_job_description in: org.eclipse.jdt.internal.ui.JavaUIMessages
2025-03-19 20:49:06,122 [ERROR] LogOutputStream:75 - [STDERR_REDIRECT] Warning: NLS unused message: FilteredTypesSelectionDialog_default_package in: org.eclipse.jdt.internal.ui.JavaUIMessages
2025-03-19 20:49:06,123 [ERROR] LogOutputStream:75 - [STDERR_REDIRECT] Warning: NLS unused message: FilteredTypeSelectionDialog_showContainerForDuplicatesAction in: org.eclipse.jdt.internal.ui.JavaUIMessages
2025-03-19 20:49:06,124 [ERROR] LogOutputStream:75 - [STDERR_REDIRECT] Warning: NLS unused message: JavaElementLabels_anonym in: org.eclipse.jdt.internal.ui.JavaUIMessages
2025-03-19 20:49:06,126 [ERROR] LogOutputStream:75 - [STDERR_REDIRECT] Warning: NLS unused message: JavaElementLabels_concat_string in: org.eclipse.jdt.internal.ui.JavaUIMessages
2025-03-19 20:49:06,127 [ERROR] LogOutputStream:75 - [STDERR_REDIRECT] Warning: NLS unused message: JavaElementLabels_comma_string in: org.eclipse.jdt.internal.ui.JavaUIMessages
2025-03-19 20:49:06,128 [ERROR] LogOutputStream:75 - [STDERR_REDIRECT] Warning: NLS unused message: JavaElementLabels_declseparator_string in: org.eclipse.jdt.internal.ui.JavaUIMessages
2025-03-19 20:49:06,130 [ERROR] LogOutputStream:75 - [STDERR_REDIRECT] Warning: NLS unused message: JavaElementLabels_category_separator_string in: org.eclipse.jdt.internal.ui.JavaUIMessages
2025-03-19 20:49:06,131 [ERROR] LogOutputStream:75 - [STDERR_REDIRECT] Warning: NLS unused message: JavaElementLabels_import_container in: org.eclipse.jdt.internal.ui.JavaUIMessages
2025-03-19 20:49:06,501 [ERROR] LogOutputStream:75 - [STDERR_REDIRECT] Warning: NLS unused message: FileDocumentProvider_getPersistedEncoding in: org.eclipse.ui.editors.text.TextEditorMessages
2025-03-19 20:49:08,659 [ERROR] LogOutputStream:75 - [STDERR_REDIRECT] Warning: NLS unused message: TextSearchVisitor_progress_updating_job in: org.eclipse.search.internal.ui.SearchMessages
2025-03-19 20:49:08,660 [ERROR] LogOutputStream:75 - [STDERR_REDIRECT] Warning: NLS unused message: SearchPageSelectionDialog_rememberLastUsedPage_message in: org.eclipse.search.internal.ui.SearchMessages
2025-03-19 20:49:11,167 [ERROR] LogOutputStream:75 - [STDERR_REDIRECT] Warning: NLS unused message: ShowInNavigatorView_label in: org.eclipse.jdt.internal.ui.actions.ActionMessages
2025-03-19 20:49:11,168 [ERROR] LogOutputStream:75 - [STDERR_REDIRECT] Warning: NLS unused message: ShowInNavigatorView_dialog_title in: org.eclipse.jdt.internal.ui.actions.ActionMessages
2025-03-19 20:49:11,169 [ERROR] LogOutputStream:75 - [STDERR_REDIRECT] Warning: NLS unused message: ShowInNavigatorView_dialog_message in: org.eclipse.jdt.internal.ui.actions.ActionMessages
2025-03-19 20:49:11,170 [ERROR] LogOutputStream:75 - [STDERR_REDIRECT] Warning: NLS unused message: ShowInNavigatorView_error_activation_failed in: org.eclipse.jdt.internal.ui.actions.ActionMessages
2025-03-19 20:49:11,172 [ERROR] LogOutputStream:75 - [STDERR_REDIRECT] Warning: NLS unused message: OrganizeImportsAction_error_message in: org.eclipse.jdt.internal.ui.actions.ActionMessages
2025-03-19 20:49:11,695 [INFO] LogOutputStream:77 - [STDOUT_REDIRECT] 
2025-03-19 20:49:14,739 [INFO] ApplicationProperties:184 - Using Application install path: C:\ST\STM32CubeIDE\STM32CubeIDE\plugins\com.st.stm32cube.common.mx_6.13.0.202411220809
2025-03-19 20:49:14,756 [INFO] DbMcusXml:78 - Set database path to: C:\ST\STM32CubeIDE\STM32CubeIDE\plugins\com.st.stm32cube.common.mx_6.13.0.202411220809\\db\/mcu/
2025-03-19 20:49:14,756 [INFO] ApiDb:274 - Set plugin database path to: C:\ST\STM32CubeIDE\STM32CubeIDE\plugins\com.st.stm32cube.common.mx_6.13.0.202411220809\\db\/plugins/boardmanager/
2025-03-19 20:49:14,756 [WARN] ApiDb:259 - Overriding images path with different value:  => C:\ST\STM32CubeIDE\STM32CubeIDE\plugins\com.st.stm32cube.common.mx_6.13.0.202411220809\\db\/plugins/mcufinder/images/
2025-03-19 20:49:14,768 [INFO] ApiDb:250 - Set database path to: C:\Users\28584\.stmcufinder\plugins\mcufinder//mcu/
2025-03-19 20:49:14,770 [INFO] DbMcusAds:125 - Set database path to: C:\Users\28584\.stmcufinder\plugins\mcufinder//mcu/
2025-03-19 20:49:14,772 [INFO] CrossReferenceDbSqlite:203 - Set database path to: C:\Users\28584\.stmcufinder\plugins\mcufinder//mcu/cs/
2025-03-19 20:49:14,873 [INFO] RulesReader:64 - Compatibility file has been processed (297 Rules)
2025-03-19 20:49:14,974 [INFO] DbMcusXml:78 - Set database path to: C:\ST\STM32CubeIDE\STM32CubeIDE\plugins\com.st.stm32cube.common.mx_6.13.0.202411220809\\db\/mcu/
2025-03-19 20:49:14,974 [INFO] ApiDb:274 - Set plugin database path to: C:\ST\STM32CubeIDE\STM32CubeIDE\plugins\com.st.stm32cube.common.mx_6.13.0.202411220809\\db\/plugins/boardmanager/
2025-03-19 20:49:14,974 [INFO] ApiDb:261 - Set plugin images path to: C:\ST\STM32CubeIDE\STM32CubeIDE\plugins\com.st.stm32cube.common.mx_6.13.0.202411220809\\db\/plugins/mcufinder/images/
2025-03-19 20:49:14,974 [WARN] DbFile:41 - Overriding database path with different value: C:\Users\28584\.stmcufinder\plugins\mcufinder/ => C:\Users\28584\.stmcufinder\plugins\mcufinder
2025-03-19 20:49:14,974 [INFO] ApiDb:250 - Set database path to: C:\Users\28584\.stmcufinder\plugins\mcufinder//mcu/
2025-03-19 20:49:14,974 [WARN] DbFile:41 - Overriding database path with different value: C:\Users\28584\.stmcufinder\plugins\mcufinder/ => C:\Users\28584\.stmcufinder\plugins\mcufinder
2025-03-19 20:49:14,974 [INFO] DbMcusAds:125 - Set database path to: C:\Users\28584\.stmcufinder\plugins\mcufinder//mcu/
2025-03-19 20:49:14,974 [WARN] DbFile:41 - Overriding database path with different value: C:\Users\28584\.stmcufinder\plugins\mcufinder/ => C:\Users\28584\.stmcufinder\plugins\mcufinder
2025-03-19 20:49:14,974 [WARN] DbFile:41 - Overriding database path with different value: C:\Users\28584\.stmcufinder\plugins\mcufinder/ => C:\Users\28584\.stmcufinder\plugins\mcufinder
2025-03-19 20:49:14,974 [INFO] CrossReferenceDbSqlite:203 - Set database path to: C:\Users\28584\.stmcufinder\plugins\mcufinder//mcu/cs/
2025-03-19 20:49:15,048 [INFO] MainPanel:272 - HeapMemory: 268435456
2025-03-19 20:49:15,156 [INFO] DbMcusXml:78 - Set database path to: C:\ST\STM32CubeIDE\STM32CubeIDE\plugins\com.st.stm32cube.common.mx_6.13.0.202411220809\\db\/mcu/
2025-03-19 20:49:15,156 [INFO] ApiDb:274 - Set plugin database path to: C:\ST\STM32CubeIDE\STM32CubeIDE\plugins\com.st.stm32cube.common.mx_6.13.0.202411220809\\db\/plugins/boardmanager/
2025-03-19 20:49:15,156 [INFO] ApiDb:261 - Set plugin images path to: C:\ST\STM32CubeIDE\STM32CubeIDE\plugins\com.st.stm32cube.common.mx_6.13.0.202411220809\\db\/plugins/mcufinder/images/
2025-03-19 20:49:15,156 [WARN] DbFile:41 - Overriding database path with different value: C:\Users\28584\.stmcufinder\plugins\mcufinder/ => C:\Users\28584\.stmcufinder\plugins\mcufinder
2025-03-19 20:49:15,156 [INFO] ApiDb:250 - Set database path to: C:\Users\28584\.stmcufinder\plugins\mcufinder//mcu/
2025-03-19 20:49:15,156 [WARN] DbFile:41 - Overriding database path with different value: C:\Users\28584\.stmcufinder\plugins\mcufinder/ => C:\Users\28584\.stmcufinder\plugins\mcufinder
2025-03-19 20:49:15,158 [INFO] DbMcusAds:125 - Set database path to: C:\Users\28584\.stmcufinder\plugins\mcufinder//mcu/
2025-03-19 20:49:15,158 [WARN] DbFile:41 - Overriding database path with different value: C:\Users\28584\.stmcufinder\plugins\mcufinder/ => C:\Users\28584\.stmcufinder\plugins\mcufinder
2025-03-19 20:49:15,158 [WARN] DbFile:41 - Overriding database path with different value: C:\Users\28584\.stmcufinder\plugins\mcufinder/ => C:\Users\28584\.stmcufinder\plugins\mcufinder
2025-03-19 20:49:15,158 [INFO] CrossReferenceDbSqlite:203 - Set database path to: C:\Users\28584\.stmcufinder\plugins\mcufinder//mcu/cs/
2025-03-19 20:49:15,179 [INFO] ApplicationProperties:184 - Using Application install path: C:\ST\STM32CubeIDE\STM32CubeIDE\plugins\com.st.stm32cube.common.mx_6.13.0.202411220809
2025-03-19 20:49:15,180 [INFO] PluginManage:196 - Search for loadable plugins [exclusion list=, ]
2025-03-19 20:49:15,181 [INFO] PluginManage:310 - Check plugin analytics
2025-03-19 20:49:15,346 [INFO] AnalyticsPlugin:253 - Accepted Software Licenses: 
2025-03-19 20:49:15,346 [INFO] AnalyticsPlugin:255 - Accepted CMSIS Pack Licenses: 
2025-03-19 20:49:15,346 [INFO] AnalyticsPlugin:257 - Accepted Firmware Licenses: FW.G4.1.5.0
2025-03-19 20:49:15,347 [INFO] PluginManage:359 - Loaded plugin analytics (category:tool,tabindex:-1)
2025-03-19 20:49:15,348 [INFO] PluginManage:310 - Check plugin cadmodel
2025-03-19 20:49:15,355 [INFO] CADModel:105 - Init CAD model plugin
2025-03-19 20:49:15,356 [INFO] PluginManage:359 - Loaded plugin cadmodel (category:power,tabindex:5)
2025-03-19 20:49:15,356 [INFO] PluginManage:310 - Check plugin clock
2025-03-19 20:49:15,365 [INFO] PluginManage:359 - Loaded plugin clock (category:base,tabindex:2)
2025-03-19 20:49:15,365 [INFO] PluginManage:310 - Check plugin ddr
2025-03-19 20:49:15,368 [INFO] PluginManage:359 - Loaded plugin ddr (category:tool,tabindex:6)
2025-03-19 20:49:15,369 [INFO] PluginManage:310 - Check plugin filemanager
2025-03-19 20:49:15,496 [INFO] PluginManage:359 - Loaded plugin filemanager (category:base,tabindex:10)
2025-03-19 20:49:15,496 [INFO] PluginManage:310 - Check plugin ipmanager
2025-03-19 20:49:15,503 [INFO] PluginManage:359 - Loaded plugin ipmanager (category:base,tabindex:5)
2025-03-19 20:49:15,503 [INFO] PluginManage:310 - Check plugin lpbam
2025-03-19 20:49:15,513 [INFO] PluginManage:359 - Loaded plugin lpbam (category:base,tabindex:0)
2025-03-19 20:49:15,513 [INFO] PluginManage:310 - Check plugin memorymap
2025-03-19 20:49:15,527 [INFO] PluginManage:359 - Loaded plugin memorymap (category:base,tabindex:4)
2025-03-19 20:49:15,527 [INFO] PluginManage:310 - Check plugin pinoutandconfiguration
2025-03-19 20:49:15,536 [INFO] PluginManage:359 - Loaded plugin pinoutandconfiguration (category:base,tabindex:1)
2025-03-19 20:49:15,536 [INFO] PluginManage:310 - Check plugin pinoutconfig
2025-03-19 20:49:15,606 [WARN] SupportedApi:132 - Cannot load RTOS API schema: s4s-elt-must-match.1: The content of 'definitions' must match (annotation?, (simpleType | complexType)?, (unique | key | keyref)*)). A problem was found starting at: attribute.
2025-03-19 20:49:15,742 [INFO] PluginManage:359 - Loaded plugin pinoutconfig (category:base,tabindex:0)
2025-03-19 20:49:15,743 [INFO] PluginManage:310 - Check plugin power
2025-03-19 20:49:15,754 [INFO] PluginManage:359 - Loaded plugin power (category:power,tabindex:4)
2025-03-19 20:49:15,756 [INFO] PluginManage:310 - Check plugin projectmanager
2025-03-19 20:49:15,770 [INFO] PluginManage:359 - Loaded plugin projectmanager (category:projectmanager,tabindex:4)
2025-03-19 20:49:15,770 [INFO] PluginManage:310 - Check plugin rif
2025-03-19 20:49:15,776 [INFO] PluginManage:359 - Loaded plugin rif (category:base,tabindex:3)
2025-03-19 20:49:15,776 [INFO] PluginManage:310 - Check plugin thirdparty
2025-03-19 20:49:15,913 [INFO] PluginManage:359 - Loaded plugin thirdparty (category:base,tabindex:-1)
2025-03-19 20:49:15,913 [WARN] IntegrityCheckThread:84 - waiting for thirdparty lock release [integrity check]
2025-03-19 20:49:15,913 [INFO] PluginManage:310 - Check plugin tools
2025-03-19 20:49:15,913 [INFO] IntegrityCheckThread:86 - entering critical section [integrity check]
2025-03-19 20:49:15,913 [INFO] ThirdPartyUpdaterWithRetryManager:70 - Updater plugin not ready yet. [1/15]
2025-03-19 20:49:15,916 [INFO] PluginManage:359 - Loaded plugin tools (category:base,tabindex:7)
2025-03-19 20:49:15,917 [INFO] PluginManage:310 - Check plugin tutovideos
2025-03-19 20:49:16,085 [INFO] PluginManage:359 - Loaded plugin tutovideos (category:base,tabindex:-1)
2025-03-19 20:49:16,086 [INFO] PluginManage:310 - Check plugin updater
2025-03-19 20:49:16,107 [INFO] PluginManage:359 - Loaded plugin updater (category:base,tabindex:12)
2025-03-19 20:49:16,107 [INFO] PluginManage:310 - Check plugin userauth
2025-03-19 20:49:16,112 [INFO] UserAuth:118 - Init User Auth plugin
2025-03-19 20:49:16,112 [INFO] PluginManage:359 - Loaded plugin userauth (category:base,tabindex:14)
2025-03-19 20:49:16,113 [INFO] PluginManage:283 - PluginManage : Loaded plugins [18]
2025-03-19 20:49:16,318 [INFO] PinOutPanel:1589 - setPackage(No Configuration,No Configuration)
2025-03-19 20:49:16,400 [INFO] CADModel:165 - CPN selected for project level
2025-03-19 20:49:16,400 [INFO] CADModel:114 - Register for checkConnection events
2025-03-19 20:49:16,424 [INFO] IPUIPlugin:80 - create IPUIPlugin
2025-03-19 20:49:16,424 [INFO] PluginManager:220 - loadIPPluginJar : add adc
2025-03-19 20:49:16,427 [INFO] IPUIPlugin:80 - create IPUIPlugin
2025-03-19 20:49:16,427 [INFO] PluginManager:220 - loadIPPluginJar : add aes
2025-03-19 20:49:16,430 [INFO] IPUIPlugin:80 - create IPUIPlugin
2025-03-19 20:49:16,430 [INFO] PluginManager:220 - loadIPPluginJar : add can
2025-03-19 20:49:16,432 [INFO] IPUIPlugin:80 - create IPUIPlugin
2025-03-19 20:49:16,432 [INFO] PluginManager:220 - loadIPPluginJar : add comp
2025-03-19 20:49:16,435 [INFO] IPUIPlugin:80 - create IPUIPlugin
2025-03-19 20:49:16,435 [INFO] PluginManager:220 - loadIPPluginJar : add cryp
2025-03-19 20:49:16,440 [INFO] IPUIPlugin:80 - create IPUIPlugin
2025-03-19 20:49:16,440 [INFO] PluginManager:220 - loadIPPluginJar : add ddr_ctrl_phy
2025-03-19 20:49:16,442 [INFO] IPUIPlugin:80 - create IPUIPlugin
2025-03-19 20:49:16,442 [INFO] PluginManager:220 - loadIPPluginJar : add dfsdm
2025-03-19 20:49:16,447 [INFO] IPUIPlugin:80 - create IPUIPlugin
2025-03-19 20:49:16,448 [INFO] PluginManager:220 - loadIPPluginJar : add dma
2025-03-19 20:49:16,450 [INFO] IPUIPlugin:80 - create IPUIPlugin
2025-03-19 20:49:16,451 [INFO] PluginManager:220 - loadIPPluginJar : add dma3
2025-03-19 20:49:16,454 [INFO] IPUIPlugin:80 - create IPUIPlugin
2025-03-19 20:49:16,454 [INFO] PluginManager:220 - loadIPPluginJar : add extmemmanager
2025-03-19 20:49:16,456 [INFO] IPUIPlugin:80 - create IPUIPlugin
2025-03-19 20:49:16,456 [INFO] PluginManager:220 - loadIPPluginJar : add fatfs
2025-03-19 20:49:16,461 [INFO] IPUIPlugin:80 - create IPUIPlugin
2025-03-19 20:49:16,461 [INFO] PluginManager:220 - loadIPPluginJar : add fmc
2025-03-19 20:49:16,466 [INFO] IPUIPlugin:80 - create IPUIPlugin
2025-03-19 20:49:16,466 [INFO] PluginManager:220 - loadIPPluginJar : add freertos
2025-03-19 20:49:16,469 [INFO] IPUIPlugin:80 - create IPUIPlugin
2025-03-19 20:49:16,469 [INFO] PluginManager:220 - loadIPPluginJar : add genericplugin
2025-03-19 20:49:16,471 [INFO] IPUIPlugin:80 - create IPUIPlugin
2025-03-19 20:49:16,471 [INFO] PluginManager:220 - loadIPPluginJar : add gfxmmu
2025-03-19 20:49:16,476 [INFO] IPUIPlugin:80 - create IPUIPlugin
2025-03-19 20:49:16,476 [INFO] PluginManager:220 - loadIPPluginJar : add gic
2025-03-19 20:49:16,480 [INFO] IPUIPlugin:80 - create IPUIPlugin
2025-03-19 20:49:16,480 [INFO] PluginManager:220 - loadIPPluginJar : add gpio
2025-03-19 20:49:16,485 [INFO] IPUIPlugin:80 - create IPUIPlugin
2025-03-19 20:49:16,485 [INFO] PluginManager:220 - loadIPPluginJar : add gtzc
2025-03-19 20:49:16,488 [INFO] IPUIPlugin:80 - create IPUIPlugin
2025-03-19 20:49:16,488 [INFO] PluginManager:220 - loadIPPluginJar : add hash
2025-03-19 20:49:16,491 [INFO] IPUIPlugin:80 - create IPUIPlugin
2025-03-19 20:49:16,491 [INFO] PluginManager:220 - loadIPPluginJar : add i2c
2025-03-19 20:49:16,494 [INFO] IPUIPlugin:80 - create IPUIPlugin
2025-03-19 20:49:16,494 [INFO] PluginManager:220 - loadIPPluginJar : add i2s
2025-03-19 20:49:16,499 [INFO] IPUIPlugin:80 - create IPUIPlugin
2025-03-19 20:49:16,499 [INFO] PluginManager:220 - loadIPPluginJar : add i3c
2025-03-19 20:49:16,502 [INFO] IPUIPlugin:80 - create IPUIPlugin
2025-03-19 20:49:16,502 [INFO] PluginManager:220 - loadIPPluginJar : add ipddr
2025-03-19 20:49:16,509 [INFO] IPUIPlugin:80 - create IPUIPlugin
2025-03-19 20:49:16,509 [INFO] PluginManager:220 - loadIPPluginJar : add linkedlist
2025-03-19 20:49:16,512 [INFO] IPUIPlugin:80 - create IPUIPlugin
2025-03-19 20:49:16,512 [INFO] PluginManager:220 - loadIPPluginJar : add lorawan
2025-03-19 20:49:16,515 [INFO] IPUIPlugin:80 - create IPUIPlugin
2025-03-19 20:49:16,515 [INFO] PluginManager:220 - loadIPPluginJar : add ltdc
2025-03-19 20:49:16,519 [INFO] IPUIPlugin:80 - create IPUIPlugin
2025-03-19 20:49:16,519 [INFO] PluginManager:220 - loadIPPluginJar : add mdma
2025-03-19 20:49:16,522 [INFO] IPUIPlugin:80 - create IPUIPlugin
2025-03-19 20:49:16,522 [INFO] PluginManager:220 - loadIPPluginJar : add nvic
2025-03-19 20:49:16,525 [INFO] IPUIPlugin:80 - create IPUIPlugin
2025-03-19 20:49:16,525 [INFO] PluginManager:220 - loadIPPluginJar : add opamp
2025-03-19 20:49:16,528 [INFO] IPUIPlugin:80 - create IPUIPlugin
2025-03-19 20:49:16,528 [INFO] PluginManager:220 - loadIPPluginJar : add openamp
2025-03-19 20:49:16,533 [INFO] IPUIPlugin:80 - create IPUIPlugin
2025-03-19 20:49:16,533 [INFO] PluginManager:220 - loadIPPluginJar : add pdm2pcm
2025-03-19 20:49:16,539 [INFO] IPUIPlugin:80 - create IPUIPlugin
2025-03-19 20:49:16,541 [INFO] PluginManager:220 - loadIPPluginJar : add plateformsettings
2025-03-19 20:49:16,543 [INFO] IPUIPlugin:80 - create IPUIPlugin
2025-03-19 20:49:16,543 [INFO] PluginManager:220 - loadIPPluginJar : add quadspi
2025-03-19 20:49:16,546 [INFO] IPUIPlugin:80 - create IPUIPlugin
2025-03-19 20:49:16,546 [INFO] PluginManager:220 - loadIPPluginJar : add radio
2025-03-19 20:49:16,551 [INFO] IPUIPlugin:80 - create IPUIPlugin
2025-03-19 20:49:16,551 [INFO] PluginManager:220 - loadIPPluginJar : add resmgrutility
2025-03-19 20:49:16,554 [INFO] IPUIPlugin:80 - create IPUIPlugin
2025-03-19 20:49:16,554 [INFO] PluginManager:220 - loadIPPluginJar : add sai
2025-03-19 20:49:16,557 [INFO] IPUIPlugin:80 - create IPUIPlugin
2025-03-19 20:49:16,557 [INFO] PluginManager:220 - loadIPPluginJar : add spi
2025-03-19 20:49:16,562 [INFO] IPUIPlugin:80 - create IPUIPlugin
2025-03-19 20:49:16,562 [INFO] PluginManager:220 - loadIPPluginJar : add stm32_wpan
2025-03-19 20:49:16,565 [INFO] IPUIPlugin:80 - create IPUIPlugin
2025-03-19 20:49:16,565 [INFO] PluginManager:220 - loadIPPluginJar : add tim
2025-03-19 20:49:16,568 [INFO] IPUIPlugin:80 - create IPUIPlugin
2025-03-19 20:49:16,568 [INFO] PluginManager:220 - loadIPPluginJar : add touchsensing
2025-03-19 20:49:16,570 [INFO] IPUIPlugin:80 - create IPUIPlugin
2025-03-19 20:49:16,570 [INFO] PluginManager:220 - loadIPPluginJar : add tracer_emb
2025-03-19 20:49:16,574 [INFO] IPUIPlugin:80 - create IPUIPlugin
2025-03-19 20:49:16,574 [INFO] PluginManager:220 - loadIPPluginJar : add ts
2025-03-19 20:49:16,576 [INFO] IPUIPlugin:80 - create IPUIPlugin
2025-03-19 20:49:16,576 [INFO] PluginManager:220 - loadIPPluginJar : add tsc
2025-03-19 20:49:16,579 [INFO] IPUIPlugin:80 - create IPUIPlugin
2025-03-19 20:49:16,579 [INFO] PluginManager:220 - loadIPPluginJar : add ucpd
2025-03-19 20:49:16,582 [INFO] IPUIPlugin:80 - create IPUIPlugin
2025-03-19 20:49:16,582 [INFO] PluginManager:220 - loadIPPluginJar : add usart
2025-03-19 20:49:16,585 [INFO] IPUIPlugin:80 - create IPUIPlugin
2025-03-19 20:49:16,585 [INFO] PluginManager:220 - loadIPPluginJar : add usbx
2025-03-19 20:49:16,712 [FATAL] Updater:351 - Updater called before beeing initialized
2025-03-19 20:49:16,735 [INFO] RulesReader:64 - Compatibility file has been processed (297 Rules)
2025-03-19 20:49:16,745 [INFO] RulesReader:64 - Compatibility file has been processed (297 Rules)
2025-03-19 20:49:16,753 [INFO] CADModel:165 - CPN selected for project level
2025-03-19 20:49:16,753 [INFO] CADModel:114 - Register for checkConnection events
2025-03-19 20:49:16,753 [FATAL] Updater:351 - Updater called before beeing initialized
2025-03-19 20:49:16,753 [ERROR] CADModel:125 - Updater not yet initialized, retry later 
2025-03-19 20:49:16,904 [FATAL] Updater:351 - Updater called before beeing initialized
2025-03-19 20:49:16,906 [INFO] CADModel:165 - CPN selected for project level
2025-03-19 20:49:16,908 [INFO] CADModel:114 - Register for checkConnection events
2025-03-19 20:49:16,908 [FATAL] Updater:351 - Updater called before beeing initialized
2025-03-19 20:49:16,908 [ERROR] CADModel:125 - Updater not yet initialized, retry later 
2025-03-19 20:49:16,910 [FATAL] Updater:351 - Updater called before beeing initialized
2025-03-19 20:49:17,019 [FATAL] Updater:351 - Updater called before beeing initialized
2025-03-19 20:49:17,024 [INFO] DbMcusAds:53 - JSON generation date=Thu Mar 06 22:54:21 CST 2025 (1741272861825)
2025-03-19 20:49:17,024 [FATAL] Updater:351 - Updater called before beeing initialized
2025-03-19 20:49:17,054 [WARN] DetailPanel:346 - Failed to get advertising image, set to default
2025-03-19 20:49:17,214 [FATAL] Updater:351 - Updater called before beeing initialized
2025-03-19 20:49:17,216 [FATAL] Updater:351 - Updater called before beeing initialized
2025-03-19 20:49:17,216 [FATAL] Updater:351 - Updater called before beeing initialized
2025-03-19 20:49:17,216 [WARN] DetailPanel:346 - Failed to get advertising image, set to default
2025-03-19 20:49:17,217 [FATAL] Updater:351 - Updater called before beeing initialized
2025-03-19 20:49:17,252 [ERROR] Updater:1198 - MainUpdater not yet initialized. External WinMGr cannot be set.
2025-03-19 20:49:17,254 [INFO] Updater:1134 - Updater Version found : 6.13.0
2025-03-19 20:49:17,266 [INFO] ApplicationProperties:184 - Using Application install path: C:\ST\STM32CubeIDE\STM32CubeIDE\plugins\com.st.stm32cube.common.mx_6.13.0.202411220809
2025-03-19 20:49:18,838 [ERROR] LogOutputStream:75 - [STDERR_REDIRECT] Mar 19, 2025 8:49:18 PM java.util.prefs.WindowsPreferences <init>
2025-03-19 20:49:18,839 [ERROR] LogOutputStream:75 - [STDERR_REDIRECT] WARNING: Could not open/create prefs root node Software\JavaSoft\Prefs at root 0xffffffff80000002. Windows RegCreateKeyEx(...) returned error code 5.
2025-03-19 20:49:18,840 [ERROR] LogOutputStream:75 - [STDERR_REDIRECT] 
2025-03-19 20:49:18,914 [INFO] ThirdPartyUpdaterWithRetryManager:70 - Updater plugin not ready yet. [2/15]
2025-03-19 20:49:19,416 [INFO] MainUpdater:2872 - connection check result : 10
2025-03-19 20:49:19,417 [INFO] MainUpdater:289 - Updater Check For Update Now.
2025-03-19 20:49:19,417 [INFO] MicroXplorer:498 - Change Database Version : DB.6.0.130
2025-03-19 20:49:19,422 [INFO] McuFinderGlobals:63 - Set McuFinder mode to 2 (CubeIDE integrated)
2025-03-19 20:49:19,423 [INFO] UserAuth:486 - Internet connection configuration mode: 1
2025-03-19 20:49:19,448 [INFO] JxBrowserEngine:152 - Initiate JxBrowser Engine with user profile folder
2025-03-19 20:49:19,578 [INFO] CheckServerUpdateThread:120 - End of CheckServer Thread
2025-03-19 20:49:20,823 [INFO] WebApp:168 - Instantiating new browser for Auth
2025-03-19 20:49:22,321 [INFO] WebApp:449 - Apply proxy settings
2025-03-19 20:49:22,321 [INFO] WebApp:534 - Chromium requires no authentication
2025-03-19 20:49:22,377 [INFO] WebApp:477 - Direct internet connection detected
2025-03-19 20:49:22,473 [INFO] WebApp:880 - Register for checkConnection events
2025-03-19 20:49:22,473 [INFO] WebApp:449 - Apply proxy settings
2025-03-19 20:49:22,473 [INFO] WebApp:534 - Chromium requires no authentication
2025-03-19 20:49:22,474 [INFO] WebApp:477 - Direct internet connection detected
2025-03-19 20:49:22,805 [WARN] PackLoader:240 - Cannot read IP mode file for STMicroelectronics.FP-SNS-MOTENVWB1.1.4.0
2025-03-19 20:49:22,825 [WARN] PackLoader:240 - Cannot read IP mode file for STMicroelectronics.FP-ATR-ASTRA1.2.0.2
2025-03-19 20:49:22,839 [WARN] PackLoader:240 - Cannot read IP mode file for STMicroelectronics.FP-ATR-ASTRA1.2.0.1
2025-03-19 20:49:22,875 [WARN] PackLoader:240 - Cannot read IP mode file for STMicroelectronics.X-CUBE-SMBUS.2.1.0
2025-03-19 20:49:22,893 [WARN] PackLoader:240 - Cannot read IP mode file for STMicroelectronics.X-CUBE-WB05N.1.1.0
2025-03-19 20:49:22,936 [WARN] PackLoader:240 - Cannot read IP mode file for STMicroelectronics.X-CUBE-AZRTOS-F7.1.1.0
2025-03-19 20:49:22,949 [WARN] PackLoader:240 - Cannot read IP mode file for STMicroelectronics.FP-SNS-FLIGHT1.5.0.2
2025-03-19 20:49:22,983 [WARN] PackLoader:240 - Cannot read IP mode file for Infineon.AIROC-Wi-Fi-Bluetooth-STM32.1.7.0
2025-03-19 20:49:23,003 [WARN] PackLoader:240 - Cannot read IP mode file for STMicroelectronics.X-CUBE-DISPLAY.3.0.0
2025-03-19 20:49:23,016 [WARN] PackLoader:240 - Cannot read IP mode file for STMicroelectronics.X-CUBE-BLE1.7.0.0
2025-03-19 20:49:23,036 [WARN] PackLoader:240 - Cannot read IP mode file for STMicroelectronics.X-CUBE-NFC10.1.0.0
2025-03-19 20:49:23,052 [WARN] PackLoader:240 - Cannot read IP mode file for STMicroelectronics.X-CUBE-BLEMGR.4.0.0
2025-03-19 20:49:23,066 [WARN] PackLoader:240 - Cannot read IP mode file for emotas.I-CUBE-CANOPEN.1.3.0
2025-03-19 20:49:23,076 [WARN] PackLoader:240 - Cannot read IP mode file for STMicroelectronics.X-CUBE-AI.10.0.0
2025-03-19 20:49:23,086 [WARN] PackLoader:240 - Cannot read IP mode file for STMicroelectronics.FP-SNS-SMARTAG2.1.2.0
2025-03-19 20:49:23,092 [WARN] PackLoader:240 - Cannot read IP mode file for STMicroelectronics.FP-SNS-FLIGHT1.5.1.0
2025-03-19 20:49:23,134 [WARN] PackLoader:240 - Cannot read IP mode file for STMicroelectronics.X-CUBE-MEMS1.11.1.0
2025-03-19 20:49:23,179 [INFO] WebApp:221 - Starting web application
2025-03-19 20:49:23,179 [INFO] WebApp:579 - Web application path used C:\ST\STM32CubeIDE\STM32CubeIDE\plugins\com.st.stm32cube.common.mx_6.13.0.202411220809\db\plugins\mcufinder\reactClient1\index.html
2025-03-19 20:49:23,244 [INFO] LogOutputStream:77 - [STDOUT_REDIRECT] 1 : Invalid condition id : UX_CORESTACK_Condition cause : null
2025-03-19 20:49:23,245 [INFO] LogOutputStream:77 - [STDOUT_REDIRECT] 1 : Invalid condition id : UX_CORESTACK_Condition cause : null
2025-03-19 20:49:23,246 [INFO] LogOutputStream:77 - [STDOUT_REDIRECT] 1 : Invalid condition id : UX_CORESTACK_Condition cause : null
2025-03-19 20:49:23,247 [INFO] LogOutputStream:77 - [STDOUT_REDIRECT] 1 : Invalid condition id : UX_CORESTACK_Condition cause : null
2025-03-19 20:49:23,247 [INFO] LogOutputStream:77 - [STDOUT_REDIRECT] 1 : Invalid condition id : UX_CORESTACK_Condition cause : null
2025-03-19 20:49:23,250 [WARN] PackLoader:240 - Cannot read IP mode file for STMicroelectronics.X-CUBE-AZRTOS-WL.2.0.0
2025-03-19 20:49:23,268 [WARN] PackLoader:240 - Cannot read IP mode file for STMicroelectronics.FP-SNS-MOTENV1.5.0.0
2025-03-19 20:49:23,278 [WARN] PackLoader:240 - Cannot read IP mode file for wolfSSL.I-CUBE-wolfMQTT.1.19.0
2025-03-19 20:49:23,294 [WARN] PackLoader:240 - Cannot read IP mode file for STMicroelectronics.X-CUBE-BLE2.3.3.0
2025-03-19 20:49:23,302 [WARN] PackLoader:240 - Cannot read IP mode file for STMicroelectronics.X-CUBE-NFC9.1.0.0
2025-03-19 20:49:23,315 [WARN] PackLoader:240 - Cannot read IP mode file for STMicroelectronics.X-CUBE-BLE1.7.1.0
2025-03-19 20:49:23,338 [WARN] PackLoader:240 - Cannot read IP mode file for STMicroelectronics.X-CUBE-AZRTOS-G0.1.1.0
2025-03-19 20:49:23,343 [INFO] UserAuth:486 - Internet connection configuration mode: 1
2025-03-19 20:49:23,368 [WARN] PackLoader:240 - Cannot read IP mode file for STMicroelectronics.X-CUBE-SAFEA1.1.2.2
2025-03-19 20:49:23,381 [WARN] PackLoader:240 - Cannot read IP mode file for STMicroelectronics.X-CUBE-NFC4.3.0.0
2025-03-19 20:49:23,396 [WARN] PackLoader:240 - Cannot read IP mode file for EmbeddedOffice.I-CUBE-FS-RTOS.1.0.1
2025-03-19 20:49:23,411 [WARN] PackLoader:240 - Cannot read IP mode file for AL94.I-CUBE-USBD-COMPOSITE.1.0.3
2025-03-19 20:49:23,496 [WARN] PackLoader:240 - Cannot read IP mode file for STMicroelectronics.X-CUBE-TCPP.4.2.0
2025-03-19 20:49:23,574 [WARN] PackLoader:240 - Cannot read IP mode file for RealThread.X-CUBE-RT-Thread_Nano.4.1.1
2025-03-19 20:49:23,645 [WARN] PackLoader:240 - Cannot read IP mode file for STMicroelectronics.FP-ATR-SIGFOX1.3.2.0
2025-03-19 20:49:23,650 [WARN] ConditionMgr:438 - getConditionDescription Invalid condition id : Cortex-A Device cause : null
2025-03-19 20:49:23,658 [WARN] ConditionMgr:1044 - genDependencies : Invalid condition id : Cortex-A Device cause : null
2025-03-19 20:49:23,658 [WARN] ConditionMgr:1044 - genDependencies : Invalid condition id : Cortex-A Device cause : null
2025-03-19 20:49:23,658 [WARN] ConditionMgr:1044 - genDependencies : Invalid condition id : Cortex-A Device cause : null
2025-03-19 20:49:23,664 [WARN] PackLoader:240 - Cannot read IP mode file for STMicroelectronics.X-CUBE-EEPRMA1.5.1.0
2025-03-19 20:49:23,669 [WARN] PackLoader:240 - Cannot read IP mode file for wolfSSL.I-CUBE-wolfSSL.5.7.6
2025-03-19 20:49:23,676 [WARN] PackLoader:240 - Cannot read IP mode file for ITTIA_DB.I-CUBE-ITTIADB.8.9.0
2025-03-19 20:49:23,696 [WARN] PackLoader:240 - Cannot read IP mode file for SEGGER.I-CUBE-embOS.1.3.1
2025-03-19 20:49:23,727 [WARN] PackLoader:240 - Cannot read IP mode file for STMicroelectronics.X-CUBE-ALGOBUILD.1.4.0
2025-03-19 20:49:23,741 [WARN] PackLoader:240 - Cannot read IP mode file for STMicroelectronics.X-CUBE-AZRTOS-F4.1.1.0
2025-03-19 20:49:23,750 [WARN] PackLoader:240 - Cannot read IP mode file for STMicroelectronics.X-CUBE-ISPU.2.1.0
2025-03-19 20:49:23,779 [WARN] PackLoader:240 - Cannot read IP mode file for STMicroelectronics.X-CUBE-AZRTOS-L5.2.0.0
2025-03-19 20:49:23,790 [WARN] PackLoader:240 - Cannot read IP mode file for STMicroelectronics.X-CUBE-NFC6.3.1.0
2025-03-19 20:49:23,798 [WARN] PackLoader:240 - Cannot read IP mode file for STMicroelectronics.X-CUBE-DPower.1.2.0
2025-03-19 20:49:23,805 [WARN] PackLoader:240 - Cannot read IP mode file for STMicroelectronics.X-CUBE-FREERTOS.1.3.0
2025-03-19 20:49:23,812 [WARN] PackLoader:240 - Cannot read IP mode file for STMicroelectronics.X-CUBE-NFC7.1.0.1
2025-03-19 20:49:23,825 [WARN] ConditionMgr:438 - getConditionDescription Invalid condition id : LAN8742 Phy interface Condition cause : null
2025-03-19 20:49:23,826 [WARN] PackLoader:240 - Cannot read IP mode file for STMicroelectronics.X-CUBE-AZRTOS-L4.2.0.0
2025-03-19 20:49:23,827 [WARN] ConditionMgr:1044 - genDependencies : Invalid condition id : LAN8742 Phy interface Condition cause : null
2025-03-19 20:49:23,827 [WARN] ConditionMgr:1044 - genDependencies : Invalid condition id : LAN8742 Phy interface Condition cause : null
2025-03-19 20:49:23,827 [WARN] ConditionMgr:1044 - genDependencies : Invalid condition id : LAN8742 Phy interface Condition cause : null
2025-03-19 20:49:23,836 [WARN] PackLoader:240 - Cannot read IP mode file for STMicroelectronics.X-CUBE-SFXS2LP1.4.0.0
2025-03-19 20:49:23,852 [WARN] PackLoader:240 - Cannot read IP mode file for STMicroelectronics.X-CUBE-AZRTOS-H7.3.3.0
2025-03-19 20:49:23,862 [WARN] ConditionMgr:438 - getConditionDescription Invalid condition id : UX DEVICE CLASS RTOS Condition cause : null
2025-03-19 20:49:23,862 [WARN] ConditionMgr:438 - getConditionDescription Invalid condition id : UX DEVICE CLASS RTOS Condition cause : null
2025-03-19 20:49:23,865 [WARN] PackLoader:240 - Cannot read IP mode file for STMicroelectronics.X-CUBE-AZRTOS-WB.2.0.0
2025-03-19 20:49:23,866 [WARN] ConditionMgr:1044 - genDependencies : Invalid condition id : UX DEVICE CLASS RTOS Condition cause : null
2025-03-19 20:49:23,866 [WARN] ConditionMgr:1044 - genDependencies : Invalid condition id : UX DEVICE CLASS RTOS Condition cause : null
2025-03-19 20:49:23,866 [WARN] ConditionMgr:1044 - genDependencies : Invalid condition id : UX DEVICE CLASS RTOS Condition cause : null
2025-03-19 20:49:23,866 [WARN] ConditionMgr:1044 - genDependencies : Invalid condition id : UX DEVICE CLASS RTOS Condition cause : null
2025-03-19 20:49:23,866 [WARN] ConditionMgr:1044 - genDependencies : Invalid condition id : UX DEVICE CLASS RTOS Condition cause : null
2025-03-19 20:49:23,874 [WARN] PackLoader:240 - Cannot read IP mode file for STMicroelectronics.X-CUBE-GNSS1.7.0.1
2025-03-19 20:49:23,880 [WARN] PackLoader:240 - Cannot read IP mode file for STMicroelectronics.X-CUBE-TOUCHGFX.4.25.0
2025-03-19 20:49:23,886 [WARN] PackLoader:240 - Cannot read IP mode file for STMicroelectronics.FP-SNS-STBOX1.2.0.0
2025-03-19 20:49:23,895 [WARN] PackLoader:240 - Cannot read IP mode file for STMicroelectronics.X-CUBE-SUBG2.5.0.0
2025-03-19 20:49:23,910 [WARN] PackLoader:240 - Cannot read IP mode file for STMicroelectronics.X-CUBE-AZRTOS-H7RS.1.1.0
2025-03-19 20:49:23,917 [WARN] PackLoader:240 - Cannot read IP mode file for Cesanta.I-CUBE-Mongoose.7.13.0
2025-03-19 20:49:23,928 [WARN] PackLoader:240 - Cannot read IP mode file for STMicroelectronics.X-CUBE-AZRTOS-G4.2.0.0
2025-03-19 20:49:23,939 [WARN] PackLoader:240 - Cannot read IP mode file for STMicroelectronics.X-CUBE-IPS.3.1.0
2025-03-19 20:49:23,945 [WARN] PackLoader:240 - Cannot read IP mode file for STMicroelectronics.X-CUBE-ALS.1.0.2
2025-03-19 20:49:23,950 [WARN] PackLoader:240 - Cannot read IP mode file for STMicroelectronics.X-CUBE-TOUCHGFX.4.24.2
2025-03-19 20:49:23,955 [WARN] PackLoader:240 - Cannot read IP mode file for wolfSSL.I-CUBE-wolfTPM.3.4.0
2025-03-19 20:49:23,961 [WARN] PackLoader:240 - Cannot read IP mode file for portGmbH.I-Cube-SoM-uGOAL.1.1.0
2025-03-19 20:49:23,971 [WARN] PackLoader:240 - Cannot read IP mode file for STMicroelectronics.X-CUBE-AZRTOS-H7RS.1.0.0
2025-03-19 20:49:23,979 [WARN] PackLoader:240 - Cannot read IP mode file for STMicroelectronics.X-CUBE-TOF1.3.4.2
2025-03-19 20:49:23,988 [WARN] PackLoader:240 - Cannot read IP mode file for wolfSSL.I-CUBE-wolfSSH.1.4.17
2025-03-19 20:49:23,989 [INFO] ThirdParty:978 - Integrity check success = true
2025-03-19 20:49:23,989 [INFO] IntegrityCheckThread:100 - exiting critical section [integrity check]
2025-03-19 20:49:23,989 [INFO] IntegrityCheckThread:103 - End integrity checks thread
