2025-02-20 21:48:41,306 [INFO] Activator:176 - 


2025-02-20 21:48:41,314 [INFO] Activator:177 - !SESSION log4j initialized
2025-02-20 21:48:42,143 [ERROR] LogOutputStream:75 - [STDERR_REDIRECT] Warning: NLS unused message: CodeAssistConfigurationBlock_matchSubstring_label in: org.eclipse.jdt.internal.ui.preferences.PreferencesMessages
2025-02-20 21:48:42,195 [ERROR] LogOutputStream:75 - [STDERR_REDIRECT] Warning: NLS unused message: ProblemMarkerManager_problem_marker_update_job_description in: org.eclipse.jdt.internal.ui.JavaUIMessages
2025-02-20 21:48:42,206 [ERROR] LogOutputStream:75 - [STDERR_REDIRECT] Warning: NLS unused message: FilteredTypesSelectionDialog_default_package in: org.eclipse.jdt.internal.ui.JavaUIMessages
2025-02-20 21:48:42,216 [ERROR] LogOutputStream:75 - [STDERR_REDIRECT] Warning: NLS unused message: FilteredTypeSelectionDialog_showContainerForDuplicatesAction in: org.eclipse.jdt.internal.ui.JavaUIMessages
2025-02-20 21:48:42,220 [ERROR] LogOutputStream:75 - [STDERR_REDIRECT] Warning: NLS unused message: JavaElementLabels_anonym in: org.eclipse.jdt.internal.ui.JavaUIMessages
2025-02-20 21:48:42,224 [ERROR] LogOutputStream:75 - [STDERR_REDIRECT] Warning: NLS unused message: JavaElementLabels_concat_string in: org.eclipse.jdt.internal.ui.JavaUIMessages
2025-02-20 21:48:42,227 [ERROR] LogOutputStream:75 - [STDERR_REDIRECT] Warning: NLS unused message: JavaElementLabels_comma_string in: org.eclipse.jdt.internal.ui.JavaUIMessages
2025-02-20 21:48:42,231 [ERROR] LogOutputStream:75 - [STDERR_REDIRECT] Warning: NLS unused message: JavaElementLabels_declseparator_string in: org.eclipse.jdt.internal.ui.JavaUIMessages
2025-02-20 21:48:42,237 [ERROR] LogOutputStream:75 - [STDERR_REDIRECT] Warning: NLS unused message: JavaElementLabels_category_separator_string in: org.eclipse.jdt.internal.ui.JavaUIMessages
2025-02-20 21:48:42,241 [ERROR] LogOutputStream:75 - [STDERR_REDIRECT] Warning: NLS unused message: JavaElementLabels_import_container in: org.eclipse.jdt.internal.ui.JavaUIMessages
2025-02-20 21:48:42,922 [ERROR] LogOutputStream:75 - [STDERR_REDIRECT] Warning: NLS unused message: FileDocumentProvider_getPersistedEncoding in: org.eclipse.ui.editors.text.TextEditorMessages
2025-02-20 21:48:46,507 [ERROR] LogOutputStream:75 - [STDERR_REDIRECT] Warning: NLS unused message: TextSearchVisitor_progress_updating_job in: org.eclipse.search.internal.ui.SearchMessages
2025-02-20 21:48:46,510 [ERROR] LogOutputStream:75 - [STDERR_REDIRECT] Warning: NLS unused message: SearchPageSelectionDialog_rememberLastUsedPage_message in: org.eclipse.search.internal.ui.SearchMessages
2025-02-20 21:48:50,226 [ERROR] LogOutputStream:75 - [STDERR_REDIRECT] Warning: NLS unused message: ShowInNavigatorView_label in: org.eclipse.jdt.internal.ui.actions.ActionMessages
2025-02-20 21:48:50,232 [ERROR] LogOutputStream:75 - [STDERR_REDIRECT] Warning: NLS unused message: ShowInNavigatorView_dialog_title in: org.eclipse.jdt.internal.ui.actions.ActionMessages
2025-02-20 21:48:50,235 [ERROR] LogOutputStream:75 - [STDERR_REDIRECT] Warning: NLS unused message: ShowInNavigatorView_dialog_message in: org.eclipse.jdt.internal.ui.actions.ActionMessages
2025-02-20 21:48:50,239 [ERROR] LogOutputStream:75 - [STDERR_REDIRECT] Warning: NLS unused message: ShowInNavigatorView_error_activation_failed in: org.eclipse.jdt.internal.ui.actions.ActionMessages
2025-02-20 21:48:50,244 [ERROR] LogOutputStream:75 - [STDERR_REDIRECT] Warning: NLS unused message: OrganizeImportsAction_error_message in: org.eclipse.jdt.internal.ui.actions.ActionMessages
2025-02-20 21:48:51,186 [INFO] LogOutputStream:77 - [STDOUT_REDIRECT] 
2025-02-20 21:48:55,233 [INFO] ApplicationProperties:184 - Using Application install path: C:\ST\STM32CubeIDE_1.16.0\STM32CubeIDE\plugins\com.st.stm32cube.common.mx_6.13.0.202411220809
2025-02-20 21:48:55,259 [INFO] DbMcusXml:78 - Set database path to: C:\ST\STM32CubeIDE_1.16.0\STM32CubeIDE\plugins\com.st.stm32cube.common.mx_6.13.0.202411220809\\db\/mcu/
2025-02-20 21:48:55,260 [INFO] ApiDb:274 - Set plugin database path to: C:\ST\STM32CubeIDE_1.16.0\STM32CubeIDE\plugins\com.st.stm32cube.common.mx_6.13.0.202411220809\\db\/plugins/boardmanager/
2025-02-20 21:48:55,260 [WARN] ApiDb:259 - Overriding images path with different value:  => C:\ST\STM32CubeIDE_1.16.0\STM32CubeIDE\plugins\com.st.stm32cube.common.mx_6.13.0.202411220809\\db\/plugins/mcufinder/images/
2025-02-20 21:48:55,277 [INFO] ApiDb:250 - Set database path to: C:\Users\Administrator\.stmcufinder\plugins\mcufinder//mcu/
2025-02-20 21:48:55,279 [INFO] DbMcusAds:125 - Set database path to: C:\Users\Administrator\.stmcufinder\plugins\mcufinder//mcu/
2025-02-20 21:48:55,283 [INFO] CrossReferenceDbSqlite:203 - Set database path to: C:\Users\Administrator\.stmcufinder\plugins\mcufinder//mcu/cs/
2025-02-20 21:48:55,427 [INFO] RulesReader:64 - Compatibility file has been processed (297 Rules)
2025-02-20 21:48:55,555 [INFO] DbMcusXml:78 - Set database path to: C:\ST\STM32CubeIDE_1.16.0\STM32CubeIDE\plugins\com.st.stm32cube.common.mx_6.13.0.202411220809\\db\/mcu/
2025-02-20 21:48:55,555 [INFO] ApiDb:274 - Set plugin database path to: C:\ST\STM32CubeIDE_1.16.0\STM32CubeIDE\plugins\com.st.stm32cube.common.mx_6.13.0.202411220809\\db\/plugins/boardmanager/
2025-02-20 21:48:55,555 [INFO] ApiDb:261 - Set plugin images path to: C:\ST\STM32CubeIDE_1.16.0\STM32CubeIDE\plugins\com.st.stm32cube.common.mx_6.13.0.202411220809\\db\/plugins/mcufinder/images/
2025-02-20 21:48:55,555 [WARN] DbFile:41 - Overriding database path with different value: C:\Users\Administrator\.stmcufinder\plugins\mcufinder/ => C:\Users\Administrator\.stmcufinder\plugins\mcufinder
2025-02-20 21:48:55,556 [INFO] ApiDb:250 - Set database path to: C:\Users\Administrator\.stmcufinder\plugins\mcufinder//mcu/
2025-02-20 21:48:55,556 [WARN] DbFile:41 - Overriding database path with different value: C:\Users\Administrator\.stmcufinder\plugins\mcufinder/ => C:\Users\Administrator\.stmcufinder\plugins\mcufinder
2025-02-20 21:48:55,556 [INFO] DbMcusAds:125 - Set database path to: C:\Users\Administrator\.stmcufinder\plugins\mcufinder//mcu/
2025-02-20 21:48:55,556 [WARN] DbFile:41 - Overriding database path with different value: C:\Users\Administrator\.stmcufinder\plugins\mcufinder/ => C:\Users\Administrator\.stmcufinder\plugins\mcufinder
2025-02-20 21:48:55,556 [WARN] DbFile:41 - Overriding database path with different value: C:\Users\Administrator\.stmcufinder\plugins\mcufinder/ => C:\Users\Administrator\.stmcufinder\plugins\mcufinder
2025-02-20 21:48:55,556 [INFO] CrossReferenceDbSqlite:203 - Set database path to: C:\Users\Administrator\.stmcufinder\plugins\mcufinder//mcu/cs/
2025-02-20 21:48:55,678 [INFO] MainPanel:272 - HeapMemory: 273678336
2025-02-20 21:48:55,860 [INFO] DbMcusXml:78 - Set database path to: C:\ST\STM32CubeIDE_1.16.0\STM32CubeIDE\plugins\com.st.stm32cube.common.mx_6.13.0.202411220809\\db\/mcu/
2025-02-20 21:48:55,860 [INFO] ApiDb:274 - Set plugin database path to: C:\ST\STM32CubeIDE_1.16.0\STM32CubeIDE\plugins\com.st.stm32cube.common.mx_6.13.0.202411220809\\db\/plugins/boardmanager/
2025-02-20 21:48:55,860 [INFO] ApiDb:261 - Set plugin images path to: C:\ST\STM32CubeIDE_1.16.0\STM32CubeIDE\plugins\com.st.stm32cube.common.mx_6.13.0.202411220809\\db\/plugins/mcufinder/images/
2025-02-20 21:48:55,861 [WARN] DbFile:41 - Overriding database path with different value: C:\Users\Administrator\.stmcufinder\plugins\mcufinder/ => C:\Users\Administrator\.stmcufinder\plugins\mcufinder
2025-02-20 21:48:55,861 [INFO] ApiDb:250 - Set database path to: C:\Users\Administrator\.stmcufinder\plugins\mcufinder//mcu/
2025-02-20 21:48:55,861 [WARN] DbFile:41 - Overriding database path with different value: C:\Users\Administrator\.stmcufinder\plugins\mcufinder/ => C:\Users\Administrator\.stmcufinder\plugins\mcufinder
2025-02-20 21:48:55,861 [INFO] DbMcusAds:125 - Set database path to: C:\Users\Administrator\.stmcufinder\plugins\mcufinder//mcu/
2025-02-20 21:48:55,861 [WARN] DbFile:41 - Overriding database path with different value: C:\Users\Administrator\.stmcufinder\plugins\mcufinder/ => C:\Users\Administrator\.stmcufinder\plugins\mcufinder
2025-02-20 21:48:55,861 [WARN] DbFile:41 - Overriding database path with different value: C:\Users\Administrator\.stmcufinder\plugins\mcufinder/ => C:\Users\Administrator\.stmcufinder\plugins\mcufinder
2025-02-20 21:48:55,863 [INFO] CrossReferenceDbSqlite:203 - Set database path to: C:\Users\Administrator\.stmcufinder\plugins\mcufinder//mcu/cs/
2025-02-20 21:48:55,889 [INFO] ApplicationProperties:184 - Using Application install path: C:\ST\STM32CubeIDE_1.16.0\STM32CubeIDE\plugins\com.st.stm32cube.common.mx_6.13.0.202411220809
2025-02-20 21:48:55,891 [INFO] PluginManage:196 - Search for loadable plugins [exclusion list=, ]
2025-02-20 21:48:55,893 [INFO] PluginManage:310 - Check plugin analytics
2025-02-20 21:48:56,148 [INFO] AnalyticsPlugin:253 - Accepted Software Licenses: STM32CubeMX.6.4.0,STM32CubeMX.6.11.1,STM32CubeMX.6.13.0
2025-02-20 21:48:56,149 [INFO] AnalyticsPlugin:255 - Accepted CMSIS Pack Licenses: 
2025-02-20 21:48:56,149 [INFO] AnalyticsPlugin:257 - Accepted Firmware Licenses: 
2025-02-20 21:48:56,151 [INFO] PluginManage:359 - Loaded plugin analytics (category:tool,tabindex:-1)
2025-02-20 21:48:56,152 [INFO] PluginManage:310 - Check plugin cadmodel
2025-02-20 21:48:56,164 [INFO] CADModel:105 - Init CAD model plugin
2025-02-20 21:48:56,165 [INFO] PluginManage:359 - Loaded plugin cadmodel (category:power,tabindex:5)
2025-02-20 21:48:56,165 [INFO] PluginManage:310 - Check plugin clock
2025-02-20 21:48:56,185 [INFO] PluginManage:359 - Loaded plugin clock (category:base,tabindex:2)
2025-02-20 21:48:56,185 [INFO] PluginManage:310 - Check plugin ddr
2025-02-20 21:48:56,192 [INFO] PluginManage:359 - Loaded plugin ddr (category:tool,tabindex:6)
2025-02-20 21:48:56,192 [INFO] PluginManage:310 - Check plugin filemanager
2025-02-20 21:48:56,397 [INFO] PluginManage:359 - Loaded plugin filemanager (category:base,tabindex:10)
2025-02-20 21:48:56,397 [INFO] PluginManage:310 - Check plugin ipmanager
2025-02-20 21:48:56,409 [INFO] PluginManage:359 - Loaded plugin ipmanager (category:base,tabindex:5)
2025-02-20 21:48:56,409 [INFO] PluginManage:310 - Check plugin lpbam
2025-02-20 21:48:56,421 [INFO] PluginManage:359 - Loaded plugin lpbam (category:base,tabindex:0)
2025-02-20 21:48:56,423 [INFO] PluginManage:310 - Check plugin memorymap
2025-02-20 21:48:56,477 [INFO] PluginManage:359 - Loaded plugin memorymap (category:base,tabindex:4)
2025-02-20 21:48:56,477 [INFO] PluginManage:310 - Check plugin pinoutandconfiguration
2025-02-20 21:48:56,501 [INFO] PluginManage:359 - Loaded plugin pinoutandconfiguration (category:base,tabindex:1)
2025-02-20 21:48:56,501 [INFO] PluginManage:310 - Check plugin pinoutconfig
2025-02-20 21:48:56,713 [WARN] SupportedApi:132 - Cannot load RTOS API schema: s4s-elt-must-match.1: The content of 'definitions' must match (annotation?, (simpleType | complexType)?, (unique | key | keyref)*)). A problem was found starting at: attribute.
2025-02-20 21:48:56,961 [INFO] PluginManage:359 - Loaded plugin pinoutconfig (category:base,tabindex:0)
2025-02-20 21:48:56,961 [INFO] PluginManage:310 - Check plugin power
2025-02-20 21:48:56,978 [INFO] PluginManage:359 - Loaded plugin power (category:power,tabindex:4)
2025-02-20 21:48:56,979 [INFO] PluginManage:310 - Check plugin projectmanager
2025-02-20 21:48:57,005 [INFO] PluginManage:359 - Loaded plugin projectmanager (category:projectmanager,tabindex:4)
2025-02-20 21:48:57,005 [INFO] PluginManage:310 - Check plugin rif
2025-02-20 21:48:57,021 [INFO] PluginManage:359 - Loaded plugin rif (category:base,tabindex:3)
2025-02-20 21:48:57,021 [INFO] PluginManage:310 - Check plugin thirdparty
2025-02-20 21:48:57,251 [WARN] IntegrityCheckThread:84 - waiting for thirdparty lock release [integrity check]
2025-02-20 21:48:57,251 [INFO] PluginManage:359 - Loaded plugin thirdparty (category:base,tabindex:-1)
2025-02-20 21:48:57,251 [INFO] IntegrityCheckThread:86 - entering critical section [integrity check]
2025-02-20 21:48:57,251 [INFO] PluginManage:310 - Check plugin tools
2025-02-20 21:48:57,251 [INFO] ThirdPartyUpdaterWithRetryManager:70 - Updater plugin not ready yet. [1/15]
2025-02-20 21:48:57,255 [INFO] PluginManage:359 - Loaded plugin tools (category:base,tabindex:7)
2025-02-20 21:48:57,255 [INFO] PluginManage:310 - Check plugin tutovideos
2025-02-20 21:48:57,531 [INFO] PluginManage:359 - Loaded plugin tutovideos (category:base,tabindex:-1)
2025-02-20 21:48:57,531 [INFO] PluginManage:310 - Check plugin updater
2025-02-20 21:48:57,559 [INFO] PluginManage:359 - Loaded plugin updater (category:base,tabindex:12)
2025-02-20 21:48:57,560 [INFO] PluginManage:310 - Check plugin userauth
2025-02-20 21:48:57,566 [INFO] UserAuth:118 - Init User Auth plugin
2025-02-20 21:48:57,567 [INFO] PluginManage:359 - Loaded plugin userauth (category:base,tabindex:14)
2025-02-20 21:48:57,568 [INFO] PluginManage:283 - PluginManage : Loaded plugins [18]
2025-02-20 21:48:57,899 [INFO] PinOutPanel:1589 - setPackage(No Configuration,No Configuration)
2025-02-20 21:48:58,026 [INFO] CADModel:165 - CPN selected for project level
2025-02-20 21:48:58,026 [INFO] CADModel:114 - Register for checkConnection events
2025-02-20 21:48:58,056 [INFO] IPUIPlugin:80 - create IPUIPlugin
2025-02-20 21:48:58,056 [INFO] PluginManager:220 - loadIPPluginJar : add adc
2025-02-20 21:48:58,061 [INFO] IPUIPlugin:80 - create IPUIPlugin
2025-02-20 21:48:58,061 [INFO] PluginManager:220 - loadIPPluginJar : add aes
2025-02-20 21:48:58,066 [INFO] IPUIPlugin:80 - create IPUIPlugin
2025-02-20 21:48:58,067 [INFO] PluginManager:220 - loadIPPluginJar : add can
2025-02-20 21:48:58,070 [INFO] IPUIPlugin:80 - create IPUIPlugin
2025-02-20 21:48:58,070 [INFO] PluginManager:220 - loadIPPluginJar : add comp
2025-02-20 21:48:58,074 [INFO] IPUIPlugin:80 - create IPUIPlugin
2025-02-20 21:48:58,075 [INFO] PluginManager:220 - loadIPPluginJar : add cryp
2025-02-20 21:48:58,081 [INFO] IPUIPlugin:80 - create IPUIPlugin
2025-02-20 21:48:58,081 [INFO] PluginManager:220 - loadIPPluginJar : add ddr_ctrl_phy
2025-02-20 21:48:58,085 [INFO] IPUIPlugin:80 - create IPUIPlugin
2025-02-20 21:48:58,086 [INFO] PluginManager:220 - loadIPPluginJar : add dfsdm
2025-02-20 21:48:58,094 [INFO] IPUIPlugin:80 - create IPUIPlugin
2025-02-20 21:48:58,095 [INFO] PluginManager:220 - loadIPPluginJar : add dma
2025-02-20 21:48:58,099 [INFO] IPUIPlugin:80 - create IPUIPlugin
2025-02-20 21:48:58,099 [INFO] PluginManager:220 - loadIPPluginJar : add dma3
2025-02-20 21:48:58,103 [INFO] IPUIPlugin:80 - create IPUIPlugin
2025-02-20 21:48:58,103 [INFO] PluginManager:220 - loadIPPluginJar : add extmemmanager
2025-02-20 21:48:58,106 [INFO] IPUIPlugin:80 - create IPUIPlugin
2025-02-20 21:48:58,106 [INFO] PluginManager:220 - loadIPPluginJar : add fatfs
2025-02-20 21:48:58,113 [INFO] IPUIPlugin:80 - create IPUIPlugin
2025-02-20 21:48:58,113 [INFO] PluginManager:220 - loadIPPluginJar : add fmc
2025-02-20 21:48:58,123 [INFO] IPUIPlugin:80 - create IPUIPlugin
2025-02-20 21:48:58,123 [INFO] PluginManager:220 - loadIPPluginJar : add freertos
2025-02-20 21:48:58,127 [INFO] IPUIPlugin:80 - create IPUIPlugin
2025-02-20 21:48:58,127 [INFO] PluginManager:220 - loadIPPluginJar : add genericplugin
2025-02-20 21:48:58,131 [INFO] IPUIPlugin:80 - create IPUIPlugin
2025-02-20 21:48:58,131 [INFO] PluginManager:220 - loadIPPluginJar : add gfxmmu
2025-02-20 21:48:58,138 [INFO] IPUIPlugin:80 - create IPUIPlugin
2025-02-20 21:48:58,138 [INFO] PluginManager:220 - loadIPPluginJar : add gic
2025-02-20 21:48:58,145 [INFO] IPUIPlugin:80 - create IPUIPlugin
2025-02-20 21:48:58,146 [INFO] PluginManager:220 - loadIPPluginJar : add gpio
2025-02-20 21:48:58,150 [INFO] IPUIPlugin:80 - create IPUIPlugin
2025-02-20 21:48:58,151 [INFO] PluginManager:220 - loadIPPluginJar : add gtzc
2025-02-20 21:48:58,154 [INFO] IPUIPlugin:80 - create IPUIPlugin
2025-02-20 21:48:58,154 [INFO] PluginManager:220 - loadIPPluginJar : add hash
2025-02-20 21:48:58,160 [INFO] IPUIPlugin:80 - create IPUIPlugin
2025-02-20 21:48:58,160 [INFO] PluginManager:220 - loadIPPluginJar : add i2c
2025-02-20 21:48:58,165 [INFO] IPUIPlugin:80 - create IPUIPlugin
2025-02-20 21:48:58,165 [INFO] PluginManager:220 - loadIPPluginJar : add i2s
2025-02-20 21:48:58,170 [INFO] IPUIPlugin:80 - create IPUIPlugin
2025-02-20 21:48:58,170 [INFO] PluginManager:220 - loadIPPluginJar : add i3c
2025-02-20 21:48:58,175 [INFO] IPUIPlugin:80 - create IPUIPlugin
2025-02-20 21:48:58,175 [INFO] PluginManager:220 - loadIPPluginJar : add ipddr
2025-02-20 21:48:58,185 [INFO] IPUIPlugin:80 - create IPUIPlugin
2025-02-20 21:48:58,186 [INFO] PluginManager:220 - loadIPPluginJar : add linkedlist
2025-02-20 21:48:58,191 [INFO] IPUIPlugin:80 - create IPUIPlugin
2025-02-20 21:48:58,191 [INFO] PluginManager:220 - loadIPPluginJar : add lorawan
2025-02-20 21:48:58,194 [INFO] IPUIPlugin:80 - create IPUIPlugin
2025-02-20 21:48:58,194 [INFO] PluginManager:220 - loadIPPluginJar : add ltdc
2025-02-20 21:48:58,204 [INFO] IPUIPlugin:80 - create IPUIPlugin
2025-02-20 21:48:58,204 [INFO] PluginManager:220 - loadIPPluginJar : add mdma
2025-02-20 21:48:58,210 [INFO] IPUIPlugin:80 - create IPUIPlugin
2025-02-20 21:48:58,210 [INFO] PluginManager:220 - loadIPPluginJar : add nvic
2025-02-20 21:48:58,216 [INFO] IPUIPlugin:80 - create IPUIPlugin
2025-02-20 21:48:58,216 [INFO] PluginManager:220 - loadIPPluginJar : add opamp
2025-02-20 21:48:58,221 [INFO] IPUIPlugin:80 - create IPUIPlugin
2025-02-20 21:48:58,222 [INFO] PluginManager:220 - loadIPPluginJar : add openamp
2025-02-20 21:48:58,228 [INFO] IPUIPlugin:80 - create IPUIPlugin
2025-02-20 21:48:58,228 [INFO] PluginManager:220 - loadIPPluginJar : add pdm2pcm
2025-02-20 21:48:58,237 [INFO] IPUIPlugin:80 - create IPUIPlugin
2025-02-20 21:48:58,241 [INFO] PluginManager:220 - loadIPPluginJar : add plateformsettings
2025-02-20 21:48:58,244 [INFO] IPUIPlugin:80 - create IPUIPlugin
2025-02-20 21:48:58,245 [INFO] PluginManager:220 - loadIPPluginJar : add quadspi
2025-02-20 21:48:58,248 [INFO] IPUIPlugin:80 - create IPUIPlugin
2025-02-20 21:48:58,249 [INFO] PluginManager:220 - loadIPPluginJar : add radio
2025-02-20 21:48:58,258 [INFO] IPUIPlugin:80 - create IPUIPlugin
2025-02-20 21:48:58,258 [INFO] PluginManager:220 - loadIPPluginJar : add resmgrutility
2025-02-20 21:48:58,263 [INFO] IPUIPlugin:80 - create IPUIPlugin
2025-02-20 21:48:58,264 [INFO] PluginManager:220 - loadIPPluginJar : add sai
2025-02-20 21:48:58,268 [INFO] IPUIPlugin:80 - create IPUIPlugin
2025-02-20 21:48:58,268 [INFO] PluginManager:220 - loadIPPluginJar : add spi
2025-02-20 21:48:58,276 [INFO] IPUIPlugin:80 - create IPUIPlugin
2025-02-20 21:48:58,277 [INFO] PluginManager:220 - loadIPPluginJar : add stm32_wpan
2025-02-20 21:48:58,280 [INFO] IPUIPlugin:80 - create IPUIPlugin
2025-02-20 21:48:58,280 [INFO] PluginManager:220 - loadIPPluginJar : add tim
2025-02-20 21:48:58,285 [INFO] IPUIPlugin:80 - create IPUIPlugin
2025-02-20 21:48:58,286 [INFO] PluginManager:220 - loadIPPluginJar : add touchsensing
2025-02-20 21:48:58,289 [INFO] IPUIPlugin:80 - create IPUIPlugin
2025-02-20 21:48:58,289 [INFO] PluginManager:220 - loadIPPluginJar : add tracer_emb
2025-02-20 21:48:58,293 [INFO] IPUIPlugin:80 - create IPUIPlugin
2025-02-20 21:48:58,293 [INFO] PluginManager:220 - loadIPPluginJar : add ts
2025-02-20 21:48:58,296 [INFO] IPUIPlugin:80 - create IPUIPlugin
2025-02-20 21:48:58,297 [INFO] PluginManager:220 - loadIPPluginJar : add tsc
2025-02-20 21:48:58,300 [INFO] IPUIPlugin:80 - create IPUIPlugin
2025-02-20 21:48:58,300 [INFO] PluginManager:220 - loadIPPluginJar : add ucpd
2025-02-20 21:48:58,303 [INFO] IPUIPlugin:80 - create IPUIPlugin
2025-02-20 21:48:58,304 [INFO] PluginManager:220 - loadIPPluginJar : add usart
2025-02-20 21:48:58,309 [INFO] IPUIPlugin:80 - create IPUIPlugin
2025-02-20 21:48:58,309 [INFO] PluginManager:220 - loadIPPluginJar : add usbx
2025-02-20 21:48:58,458 [FATAL] Updater:351 - Updater called before beeing initialized
2025-02-20 21:48:58,492 [INFO] RulesReader:64 - Compatibility file has been processed (297 Rules)
2025-02-20 21:48:58,503 [INFO] RulesReader:64 - Compatibility file has been processed (297 Rules)
2025-02-20 21:48:58,512 [INFO] CADModel:165 - CPN selected for project level
2025-02-20 21:48:58,512 [INFO] CADModel:114 - Register for checkConnection events
2025-02-20 21:48:58,513 [FATAL] Updater:351 - Updater called before beeing initialized
2025-02-20 21:48:58,513 [ERROR] CADModel:125 - Updater not yet initialized, retry later 
2025-02-20 21:48:58,722 [FATAL] Updater:351 - Updater called before beeing initialized
2025-02-20 21:48:58,726 [INFO] CADModel:165 - CPN selected for project level
2025-02-20 21:48:58,727 [INFO] CADModel:114 - Register for checkConnection events
2025-02-20 21:48:58,727 [FATAL] Updater:351 - Updater called before beeing initialized
2025-02-20 21:48:58,727 [ERROR] CADModel:125 - Updater not yet initialized, retry later 
2025-02-20 21:48:58,731 [FATAL] Updater:351 - Updater called before beeing initialized
2025-02-20 21:48:58,948 [FATAL] Updater:351 - Updater called before beeing initialized
2025-02-20 21:48:58,953 [INFO] DbMcusAds:53 - JSON generation date=Wed Dec 18 00:01:15 CST 2024 (1734451275111)
2025-02-20 21:48:58,953 [FATAL] Updater:351 - Updater called before beeing initialized
2025-02-20 21:48:59,009 [WARN] DetailPanel:346 - Failed to get advertising image, set to default
2025-02-20 21:48:59,288 [FATAL] Updater:351 - Updater called before beeing initialized
2025-02-20 21:48:59,290 [FATAL] Updater:351 - Updater called before beeing initialized
2025-02-20 21:48:59,291 [FATAL] Updater:351 - Updater called before beeing initialized
2025-02-20 21:48:59,291 [WARN] DetailPanel:346 - Failed to get advertising image, set to default
2025-02-20 21:48:59,292 [FATAL] Updater:351 - Updater called before beeing initialized
2025-02-20 21:48:59,351 [ERROR] Updater:1198 - MainUpdater not yet initialized. External WinMGr cannot be set.
2025-02-20 21:48:59,354 [INFO] Updater:1134 - Updater Version found : 6.13.0
2025-02-20 21:48:59,378 [INFO] ApplicationProperties:184 - Using Application install path: C:\ST\STM32CubeIDE_1.16.0\STM32CubeIDE\plugins\com.st.stm32cube.common.mx_6.13.0.202411220809
2025-02-20 21:48:59,953 [INFO] MainUpdater:2872 - connection check result : 10
2025-02-20 21:48:59,954 [INFO] MainUpdater:289 - Updater Check For Update Now.
2025-02-20 21:48:59,954 [INFO] MicroXplorer:498 - Change Database Version : DB.6.0.130
2025-02-20 21:48:59,961 [INFO] McuFinderGlobals:63 - Set McuFinder mode to 2 (CubeIDE integrated)
2025-02-20 21:48:59,961 [INFO] UserAuth:171 - activating auth plugin
2025-02-20 21:48:59,968 [INFO] UserAuth:486 - Internet connection configuration mode: 1
2025-02-20 21:48:59,994 [INFO] JxBrowserEngine:152 - Initiate JxBrowser Engine with user profile folder
2025-02-20 21:49:00,160 [INFO] CheckServerUpdateThread:120 - End of CheckServer Thread
2025-02-20 21:49:01,236 [WARN] PackLoader:240 - Cannot read IP mode file for STMicroelectronics.FP-SNS-MOTENVWB1.1.4.0
2025-02-20 21:49:01,247 [WARN] PackLoader:240 - Cannot read IP mode file for STMicroelectronics.FP-ATR-ASTRA1.2.0.1
2025-02-20 21:49:01,259 [WARN] PackLoader:240 - Cannot read IP mode file for STMicroelectronics.X-CUBE-SMBUS.2.1.0
2025-02-20 21:49:01,277 [WARN] PackLoader:240 - Cannot read IP mode file for STMicroelectronics.X-CUBE-WB05N.1.1.0
2025-02-20 21:49:01,327 [WARN] PackLoader:240 - Cannot read IP mode file for STMicroelectronics.X-CUBE-AZRTOS-F7.1.1.0
2025-02-20 21:49:01,338 [WARN] PackLoader:240 - Cannot read IP mode file for STMicroelectronics.FP-SNS-FLIGHT1.5.0.2
2025-02-20 21:49:01,368 [WARN] PackLoader:240 - Cannot read IP mode file for Infineon.AIROC-Wi-Fi-Bluetooth-STM32.1.7.0
2025-02-20 21:49:01,381 [WARN] PackLoader:240 - Cannot read IP mode file for STMicroelectronics.X-CUBE-DISPLAY.3.0.0
2025-02-20 21:49:01,397 [WARN] PackLoader:240 - Cannot read IP mode file for STMicroelectronics.X-CUBE-BLE1.7.0.0
2025-02-20 21:49:01,410 [WARN] PackLoader:240 - Cannot read IP mode file for STMicroelectronics.X-CUBE-NFC10.1.0.0
2025-02-20 21:49:01,429 [WARN] PackLoader:240 - Cannot read IP mode file for STMicroelectronics.X-CUBE-BLEMGR.4.0.0
2025-02-20 21:49:01,442 [WARN] PackLoader:240 - Cannot read IP mode file for emotas.I-CUBE-CANOPEN.1.3.0
2025-02-20 21:49:01,450 [WARN] PackLoader:240 - Cannot read IP mode file for STMicroelectronics.X-CUBE-AI.10.0.0
2025-02-20 21:49:01,478 [WARN] PackLoader:240 - Cannot read IP mode file for STMicroelectronics.FP-SNS-SMARTAG2.1.2.0
2025-02-20 21:49:01,552 [WARN] PackLoader:240 - Cannot read IP mode file for STMicroelectronics.X-CUBE-MEMS1.11.1.0
2025-02-20 21:49:01,678 [INFO] LogOutputStream:77 - [STDOUT_REDIRECT] 1 : Invalid condition id : UX_CORESTACK_Condition cause : null
2025-02-20 21:49:01,679 [INFO] LogOutputStream:77 - [STDOUT_REDIRECT] 1 : Invalid condition id : UX_CORESTACK_Condition cause : null
2025-02-20 21:49:01,680 [INFO] LogOutputStream:77 - [STDOUT_REDIRECT] 1 : Invalid condition id : UX_CORESTACK_Condition cause : null
2025-02-20 21:49:01,681 [INFO] LogOutputStream:77 - [STDOUT_REDIRECT] 1 : Invalid condition id : UX_CORESTACK_Condition cause : null
2025-02-20 21:49:01,683 [INFO] LogOutputStream:77 - [STDOUT_REDIRECT] 1 : Invalid condition id : UX_CORESTACK_Condition cause : null
2025-02-20 21:49:01,685 [WARN] PackLoader:240 - Cannot read IP mode file for STMicroelectronics.X-CUBE-AZRTOS-WL.2.0.0
2025-02-20 21:49:01,691 [WARN] PackLoader:240 - Cannot read IP mode file for STMicroelectronics.FP-SNS-MOTENV1.5.0.0
2025-02-20 21:49:01,701 [WARN] PackLoader:240 - Cannot read IP mode file for wolfSSL.I-CUBE-wolfMQTT.1.19.0
2025-02-20 21:49:01,708 [WARN] PackLoader:240 - Cannot read IP mode file for STMicroelectronics.X-CUBE-BLE2.3.3.0
2025-02-20 21:49:01,716 [WARN] PackLoader:240 - Cannot read IP mode file for STMicroelectronics.X-CUBE-NFC9.1.0.0
2025-02-20 21:49:01,807 [WARN] PackLoader:240 - Cannot read IP mode file for STMicroelectronics.X-CUBE-AZRTOS-G0.1.1.0
2025-02-20 21:49:01,826 [WARN] PackLoader:240 - Cannot read IP mode file for STMicroelectronics.X-CUBE-SAFEA1.1.2.2
2025-02-20 21:49:01,838 [WARN] PackLoader:240 - Cannot read IP mode file for STMicroelectronics.X-CUBE-NFC4.3.0.0
2025-02-20 21:49:01,849 [WARN] PackLoader:240 - Cannot read IP mode file for EmbeddedOffice.I-CUBE-FS-RTOS.1.0.1
2025-02-20 21:49:01,863 [WARN] PackLoader:240 - Cannot read IP mode file for STMicroelectronics.X-CUBE-TCPP.4.2.0
2025-02-20 21:49:01,872 [WARN] PackLoader:240 - Cannot read IP mode file for RealThread.X-CUBE-RT-Thread_Nano.4.1.1
2025-02-20 21:49:01,899 [WARN] PackLoader:240 - Cannot read IP mode file for STMicroelectronics.FP-ATR-SIGFOX1.3.2.0
2025-02-20 21:49:01,919 [WARN] ConditionMgr:438 - getConditionDescription Invalid condition id : Cortex-A Device cause : null
2025-02-20 21:49:01,933 [WARN] ConditionMgr:1044 - genDependencies : Invalid condition id : Cortex-A Device cause : null
2025-02-20 21:49:01,934 [WARN] ConditionMgr:1044 - genDependencies : Invalid condition id : Cortex-A Device cause : null
2025-02-20 21:49:01,934 [WARN] ConditionMgr:1044 - genDependencies : Invalid condition id : Cortex-A Device cause : null
2025-02-20 21:49:01,943 [WARN] PackLoader:240 - Cannot read IP mode file for STMicroelectronics.X-CUBE-EEPRMA1.5.1.0
2025-02-20 21:49:01,950 [WARN] PackLoader:240 - Cannot read IP mode file for wolfSSL.I-CUBE-wolfSSL.5.7.6
2025-02-20 21:49:01,958 [WARN] PackLoader:240 - Cannot read IP mode file for ITTIA_DB.I-CUBE-ITTIADB.8.9.0
2025-02-20 21:49:01,984 [WARN] PackLoader:240 - Cannot read IP mode file for SEGGER.I-CUBE-embOS.1.3.1
2025-02-20 21:49:02,015 [WARN] PackLoader:240 - Cannot read IP mode file for STMicroelectronics.X-CUBE-ALGOBUILD.1.4.0
2025-02-20 21:49:02,031 [WARN] PackLoader:240 - Cannot read IP mode file for STMicroelectronics.X-CUBE-AZRTOS-F4.1.1.0
2025-02-20 21:49:02,038 [WARN] PackLoader:240 - Cannot read IP mode file for STMicroelectronics.X-CUBE-ISPU.2.1.0
2025-02-20 21:49:02,053 [WARN] PackLoader:240 - Cannot read IP mode file for STMicroelectronics.X-CUBE-AZRTOS-L5.2.0.0
2025-02-20 21:49:02,065 [WARN] PackLoader:240 - Cannot read IP mode file for STMicroelectronics.X-CUBE-NFC6.3.1.0
2025-02-20 21:49:02,073 [WARN] PackLoader:240 - Cannot read IP mode file for STMicroelectronics.X-CUBE-DPower.1.2.0
2025-02-20 21:49:02,081 [WARN] PackLoader:240 - Cannot read IP mode file for STMicroelectronics.X-CUBE-FREERTOS.1.3.0
2025-02-20 21:49:02,088 [WARN] PackLoader:240 - Cannot read IP mode file for STMicroelectronics.X-CUBE-NFC7.1.0.1
2025-02-20 21:49:02,116 [WARN] ConditionMgr:438 - getConditionDescription Invalid condition id : LAN8742 Phy interface Condition cause : null
2025-02-20 21:49:02,117 [WARN] PackLoader:240 - Cannot read IP mode file for STMicroelectronics.X-CUBE-AZRTOS-L4.2.0.0
2025-02-20 21:49:02,118 [WARN] ConditionMgr:1044 - genDependencies : Invalid condition id : LAN8742 Phy interface Condition cause : null
2025-02-20 21:49:02,118 [WARN] ConditionMgr:1044 - genDependencies : Invalid condition id : LAN8742 Phy interface Condition cause : null
2025-02-20 21:49:02,118 [WARN] ConditionMgr:1044 - genDependencies : Invalid condition id : LAN8742 Phy interface Condition cause : null
2025-02-20 21:49:02,130 [WARN] PackLoader:240 - Cannot read IP mode file for STMicroelectronics.X-CUBE-SFXS2LP1.4.0.0
2025-02-20 21:49:02,148 [WARN] PackLoader:240 - Cannot read IP mode file for STMicroelectronics.X-CUBE-AZRTOS-H7.3.3.0
2025-02-20 21:49:02,161 [WARN] ConditionMgr:438 - getConditionDescription Invalid condition id : UX DEVICE CLASS RTOS Condition cause : null
2025-02-20 21:49:02,162 [WARN] ConditionMgr:438 - getConditionDescription Invalid condition id : UX DEVICE CLASS RTOS Condition cause : null
2025-02-20 21:49:02,164 [WARN] PackLoader:240 - Cannot read IP mode file for STMicroelectronics.X-CUBE-AZRTOS-WB.2.0.0
2025-02-20 21:49:02,164 [WARN] ConditionMgr:1044 - genDependencies : Invalid condition id : UX DEVICE CLASS RTOS Condition cause : null
2025-02-20 21:49:02,164 [WARN] ConditionMgr:1044 - genDependencies : Invalid condition id : UX DEVICE CLASS RTOS Condition cause : null
2025-02-20 21:49:02,164 [WARN] ConditionMgr:1044 - genDependencies : Invalid condition id : UX DEVICE CLASS RTOS Condition cause : null
2025-02-20 21:49:02,165 [WARN] ConditionMgr:1044 - genDependencies : Invalid condition id : UX DEVICE CLASS RTOS Condition cause : null
2025-02-20 21:49:02,165 [WARN] ConditionMgr:1044 - genDependencies : Invalid condition id : UX DEVICE CLASS RTOS Condition cause : null
2025-02-20 21:49:02,171 [WARN] PackLoader:240 - Cannot read IP mode file for STMicroelectronics.X-CUBE-GNSS1.7.0.1
2025-02-20 21:49:02,179 [WARN] PackLoader:240 - Cannot read IP mode file for STMicroelectronics.FP-SNS-STBOX1.2.0.0
2025-02-20 21:49:02,190 [WARN] PackLoader:240 - Cannot read IP mode file for STMicroelectronics.X-CUBE-SUBG2.5.0.0
2025-02-20 21:49:02,200 [WARN] PackLoader:240 - Cannot read IP mode file for Cesanta.I-CUBE-Mongoose.7.13.0
2025-02-20 21:49:02,213 [WARN] PackLoader:240 - Cannot read IP mode file for STMicroelectronics.X-CUBE-AZRTOS-G4.2.0.0
2025-02-20 21:49:02,226 [WARN] PackLoader:240 - Cannot read IP mode file for STMicroelectronics.X-CUBE-IPS.3.1.0
2025-02-20 21:49:02,235 [WARN] PackLoader:240 - Cannot read IP mode file for STMicroelectronics.X-CUBE-ALS.1.0.2
2025-02-20 21:49:02,241 [WARN] PackLoader:240 - Cannot read IP mode file for STMicroelectronics.X-CUBE-TOUCHGFX.4.24.2
2025-02-20 21:49:02,246 [WARN] PackLoader:240 - Cannot read IP mode file for wolfSSL.I-CUBE-wolfTPM.3.4.0
2025-02-20 21:49:02,252 [WARN] PackLoader:240 - Cannot read IP mode file for portGmbH.I-Cube-SoM-uGOAL.1.1.0
2025-02-20 21:49:02,268 [WARN] PackLoader:240 - Cannot read IP mode file for STMicroelectronics.X-CUBE-AZRTOS-H7RS.1.0.0
2025-02-20 21:49:02,281 [WARN] PackLoader:240 - Cannot read IP mode file for STMicroelectronics.X-CUBE-TOF1.3.4.2
2025-02-20 21:49:02,289 [INFO] ThirdParty:978 - Integrity check success = true
2025-02-20 21:49:02,290 [INFO] IntegrityCheckThread:100 - exiting critical section [integrity check]
2025-02-20 21:49:02,290 [INFO] IntegrityCheckThread:103 - End integrity checks thread
2025-02-20 21:49:02,860 [INFO] WebApp:168 - Instantiating new browser for Auth
2025-02-20 21:49:04,969 [INFO] WebApp:449 - Apply proxy settings
2025-02-20 21:49:04,969 [INFO] WebApp:534 - Chromium requires no authentication
2025-02-20 21:49:04,983 [INFO] WebApp:477 - Direct internet connection detected
2025-02-20 21:49:05,020 [INFO] WebApp:880 - Register for checkConnection events
2025-02-20 21:49:05,020 [INFO] WebApp:449 - Apply proxy settings
2025-02-20 21:49:05,020 [INFO] WebApp:534 - Chromium requires no authentication
2025-02-20 21:49:05,021 [INFO] WebApp:477 - Direct internet connection detected
2025-02-20 21:49:05,348 [INFO] WebApp:221 - Starting web application
2025-02-20 21:49:05,348 [INFO] WebApp:579 - Web application path used C:\ST\STM32CubeIDE_1.16.0\STM32CubeIDE\plugins\com.st.stm32cube.common.mx_6.13.0.202411220809\db\plugins\mcufinder\reactClient1\index.html
