2025-03-30 00:25:26,427 [ERROR] LogOutputStream:75 - [STDERR_REDIRECT] Warning: NLS unused message: MultiLaunchConfigurationDelegate_Cannot in: org.eclipse.cdt.launch.internal.ui.LaunchMessages
2025-03-30 00:25:26,437 [ERROR] LogOutputStream:75 - [STDERR_REDIRECT] Warning: NLS unused message: MultiLaunchConfigurationDelegate_Action_None in: org.eclipse.cdt.launch.internal.ui.LaunchMessages
2025-03-30 00:25:26,439 [ERROR] LogOutputStream:75 - [STDERR_REDIRECT] Warning: NLS unused message: MultiLaunchConfigurationDelegate_Action_WaitUntilTerminated in: org.eclipse.cdt.launch.internal.ui.LaunchMessages
2025-03-30 00:25:26,443 [ERROR] LogOutputStream:75 - [STDERR_REDIRECT] Warning: NLS unused message: MultiLaunchConfigurationDelegate_Action_Delay in: org.eclipse.cdt.launch.internal.ui.LaunchMessages
2025-03-30 00:25:26,444 [ERROR] LogOutputStream:75 - [STDERR_REDIRECT] Warning: NLS unused message: MultiLaunchConfigurationDelegate_Action_Delaying in: org.eclipse.cdt.launch.internal.ui.LaunchMessages
2025-03-30 00:25:26,446 [ERROR] LogOutputStream:75 - [STDERR_REDIRECT] Warning: NLS unused message: MultiLaunchConfigurationSelectionDialog_4 in: org.eclipse.cdt.launch.internal.ui.LaunchMessages
2025-03-30 00:25:26,448 [ERROR] LogOutputStream:75 - [STDERR_REDIRECT] Warning: NLS unused message: MultiLaunchConfigurationSelectionDialog_5 in: org.eclipse.cdt.launch.internal.ui.LaunchMessages
2025-03-30 00:25:26,452 [ERROR] LogOutputStream:75 - [STDERR_REDIRECT] Warning: NLS unused message: MultiLaunchConfigurationSelectionDialog_7 in: org.eclipse.cdt.launch.internal.ui.LaunchMessages
2025-03-30 00:25:26,454 [ERROR] LogOutputStream:75 - [STDERR_REDIRECT] Warning: NLS unused message: MultiLaunchConfigurationSelectionDialog_8 in: org.eclipse.cdt.launch.internal.ui.LaunchMessages
2025-03-30 00:25:26,457 [ERROR] LogOutputStream:75 - [STDERR_REDIRECT] Warning: NLS unused message: MultiLaunchConfigurationSelectionDialog_10 in: org.eclipse.cdt.launch.internal.ui.LaunchMessages
2025-03-30 00:25:26,459 [ERROR] LogOutputStream:75 - [STDERR_REDIRECT] Warning: NLS unused message: MultiLaunchConfigurationSelectionDialog_11 in: org.eclipse.cdt.launch.internal.ui.LaunchMessages
2025-03-30 00:25:26,461 [ERROR] LogOutputStream:75 - [STDERR_REDIRECT] Warning: NLS unused message: MultiLaunchConfigurationSelectionDialog_12 in: org.eclipse.cdt.launch.internal.ui.LaunchMessages
2025-03-30 00:25:26,463 [ERROR] LogOutputStream:75 - [STDERR_REDIRECT] Warning: NLS unused message: MultiLaunchConfigurationSelectionDialog_13 in: org.eclipse.cdt.launch.internal.ui.LaunchMessages
2025-03-30 00:25:26,466 [ERROR] LogOutputStream:75 - [STDERR_REDIRECT] Warning: NLS unused message: MultiLaunchConfigurationSelectionDialog_14 in: org.eclipse.cdt.launch.internal.ui.LaunchMessages
2025-03-30 00:25:26,468 [ERROR] LogOutputStream:75 - [STDERR_REDIRECT] Warning: NLS unused message: MultiLaunchConfigurationSelectionDialog_15 in: org.eclipse.cdt.launch.internal.ui.LaunchMessages
2025-03-30 00:25:26,470 [ERROR] LogOutputStream:75 - [STDERR_REDIRECT] Warning: NLS unused message: MultiLaunchConfigurationTabGroup_1 in: org.eclipse.cdt.launch.internal.ui.LaunchMessages
2025-03-30 00:25:26,473 [ERROR] LogOutputStream:75 - [STDERR_REDIRECT] Warning: NLS unused message: MultiLaunchConfigurationTabGroup_2 in: org.eclipse.cdt.launch.internal.ui.LaunchMessages
2025-03-30 00:25:26,475 [ERROR] LogOutputStream:75 - [STDERR_REDIRECT] Warning: NLS unused message: MultiLaunchConfigurationTabGroup_3 in: org.eclipse.cdt.launch.internal.ui.LaunchMessages
2025-03-30 00:25:26,477 [ERROR] LogOutputStream:75 - [STDERR_REDIRECT] Warning: NLS unused message: MultiLaunchConfigurationTabGroup_4 in: org.eclipse.cdt.launch.internal.ui.LaunchMessages
2025-03-30 00:25:26,479 [ERROR] LogOutputStream:75 - [STDERR_REDIRECT] Warning: NLS unused message: MultiLaunchConfigurationTabGroup_5 in: org.eclipse.cdt.launch.internal.ui.LaunchMessages
2025-03-30 00:25:26,481 [ERROR] LogOutputStream:75 - [STDERR_REDIRECT] Warning: NLS unused message: MultiLaunchConfigurationTabGroup_6 in: org.eclipse.cdt.launch.internal.ui.LaunchMessages
2025-03-30 00:25:26,483 [ERROR] LogOutputStream:75 - [STDERR_REDIRECT] Warning: NLS unused message: MultiLaunchConfigurationTabGroup_7 in: org.eclipse.cdt.launch.internal.ui.LaunchMessages
2025-03-30 00:25:26,486 [ERROR] LogOutputStream:75 - [STDERR_REDIRECT] Warning: NLS unused message: MultiLaunchConfigurationTabGroup_10 in: org.eclipse.cdt.launch.internal.ui.LaunchMessages
2025-03-30 00:25:26,487 [ERROR] LogOutputStream:75 - [STDERR_REDIRECT] Warning: NLS unused message: MultiLaunchConfigurationTabGroup_11 in: org.eclipse.cdt.launch.internal.ui.LaunchMessages
2025-03-30 00:25:26,489 [ERROR] LogOutputStream:75 - [STDERR_REDIRECT] Warning: NLS unused message: MultiLaunchConfigurationTabGroup_12 in: org.eclipse.cdt.launch.internal.ui.LaunchMessages
2025-03-30 00:25:26,492 [ERROR] LogOutputStream:75 - [STDERR_REDIRECT] Warning: NLS unused message: MultiLaunchConfigurationTabGroup_13 in: org.eclipse.cdt.launch.internal.ui.LaunchMessages
2025-03-30 00:25:26,493 [ERROR] LogOutputStream:75 - [STDERR_REDIRECT] Warning: NLS unused message: MultiLaunchConfigurationTabGroup_14 in: org.eclipse.cdt.launch.internal.ui.LaunchMessages
2025-03-30 00:25:26,495 [ERROR] LogOutputStream:75 - [STDERR_REDIRECT] Warning: NLS unused message: MultiLaunchConfigurationTabGroup_15 in: org.eclipse.cdt.launch.internal.ui.LaunchMessages
2025-03-30 00:25:26,497 [ERROR] LogOutputStream:75 - [STDERR_REDIRECT] Warning: NLS unused message: MultiLaunchConfigurationTabGroup_16 in: org.eclipse.cdt.launch.internal.ui.LaunchMessages
