2025-02-25 20:50:37,157 [INFO] Activator:176 - 


2025-02-25 20:50:37,161 [INFO] Activator:177 - !SESSION log4j initialized
2025-02-25 20:50:37,623 [ERROR] LogOutputStream:75 - [STDERR_REDIRECT] Warning: NLS unused message: CodeAssistConfigurationBlock_matchSubstring_label in: org.eclipse.jdt.internal.ui.preferences.PreferencesMessages
2025-02-25 20:50:37,648 [ERROR] LogOutputStream:75 - [STDERR_REDIRECT] Warning: NLS unused message: ProblemMarkerManager_problem_marker_update_job_description in: org.eclipse.jdt.internal.ui.JavaUIMessages
2025-02-25 20:50:37,651 [ERROR] LogOutputStream:75 - [STDERR_REDIRECT] Warning: NLS unused message: FilteredTypesSelectionDialog_default_package in: org.eclipse.jdt.internal.ui.JavaUIMessages
2025-02-25 20:50:37,654 [ERROR] LogOutputStream:75 - [STDERR_REDIRECT] Warning: NLS unused message: FilteredTypeSelectionDialog_showContainerForDuplicatesAction in: org.eclipse.jdt.internal.ui.JavaUIMessages
2025-02-25 20:50:37,655 [ERROR] LogOutputStream:75 - [STDERR_REDIRECT] Warning: NLS unused message: JavaElementLabels_anonym in: org.eclipse.jdt.internal.ui.JavaUIMessages
2025-02-25 20:50:37,657 [ERROR] LogOutputStream:75 - [STDERR_REDIRECT] Warning: NLS unused message: JavaElementLabels_concat_string in: org.eclipse.jdt.internal.ui.JavaUIMessages
2025-02-25 20:50:37,658 [ERROR] LogOutputStream:75 - [STDERR_REDIRECT] Warning: NLS unused message: JavaElementLabels_comma_string in: org.eclipse.jdt.internal.ui.JavaUIMessages
2025-02-25 20:50:37,660 [ERROR] LogOutputStream:75 - [STDERR_REDIRECT] Warning: NLS unused message: JavaElementLabels_declseparator_string in: org.eclipse.jdt.internal.ui.JavaUIMessages
2025-02-25 20:50:37,661 [ERROR] LogOutputStream:75 - [STDERR_REDIRECT] Warning: NLS unused message: JavaElementLabels_category_separator_string in: org.eclipse.jdt.internal.ui.JavaUIMessages
2025-02-25 20:50:37,663 [ERROR] LogOutputStream:75 - [STDERR_REDIRECT] Warning: NLS unused message: JavaElementLabels_import_container in: org.eclipse.jdt.internal.ui.JavaUIMessages
2025-02-25 20:50:38,024 [ERROR] LogOutputStream:75 - [STDERR_REDIRECT] Warning: NLS unused message: FileDocumentProvider_getPersistedEncoding in: org.eclipse.ui.editors.text.TextEditorMessages
2025-02-25 20:50:40,096 [ERROR] LogOutputStream:75 - [STDERR_REDIRECT] Warning: NLS unused message: TextSearchVisitor_progress_updating_job in: org.eclipse.search.internal.ui.SearchMessages
2025-02-25 20:50:40,098 [ERROR] LogOutputStream:75 - [STDERR_REDIRECT] Warning: NLS unused message: SearchPageSelectionDialog_rememberLastUsedPage_message in: org.eclipse.search.internal.ui.SearchMessages
2025-02-25 20:50:41,705 [ERROR] LogOutputStream:75 - [STDERR_REDIRECT] Warning: NLS unused message: ShowInNavigatorView_label in: org.eclipse.jdt.internal.ui.actions.ActionMessages
2025-02-25 20:50:41,706 [ERROR] LogOutputStream:75 - [STDERR_REDIRECT] Warning: NLS unused message: ShowInNavigatorView_dialog_title in: org.eclipse.jdt.internal.ui.actions.ActionMessages
2025-02-25 20:50:41,707 [ERROR] LogOutputStream:75 - [STDERR_REDIRECT] Warning: NLS unused message: ShowInNavigatorView_dialog_message in: org.eclipse.jdt.internal.ui.actions.ActionMessages
2025-02-25 20:50:41,708 [ERROR] LogOutputStream:75 - [STDERR_REDIRECT] Warning: NLS unused message: ShowInNavigatorView_error_activation_failed in: org.eclipse.jdt.internal.ui.actions.ActionMessages
2025-02-25 20:50:41,710 [ERROR] LogOutputStream:75 - [STDERR_REDIRECT] Warning: NLS unused message: OrganizeImportsAction_error_message in: org.eclipse.jdt.internal.ui.actions.ActionMessages
2025-02-25 20:50:42,503 [INFO] LogOutputStream:77 - [STDOUT_REDIRECT] 
2025-02-25 20:50:44,869 [INFO] ApplicationProperties:184 - Using Application install path: C:\ST\STM32CubeIDE\STM32CubeIDE\plugins\com.st.stm32cube.common.mx_6.13.0.202411220809
2025-02-25 20:50:44,886 [INFO] DbMcusXml:78 - Set database path to: C:\ST\STM32CubeIDE\STM32CubeIDE\plugins\com.st.stm32cube.common.mx_6.13.0.202411220809\\db\/mcu/
2025-02-25 20:50:44,886 [INFO] ApiDb:274 - Set plugin database path to: C:\ST\STM32CubeIDE\STM32CubeIDE\plugins\com.st.stm32cube.common.mx_6.13.0.202411220809\\db\/plugins/boardmanager/
2025-02-25 20:50:44,886 [WARN] ApiDb:259 - Overriding images path with different value:  => C:\ST\STM32CubeIDE\STM32CubeIDE\plugins\com.st.stm32cube.common.mx_6.13.0.202411220809\\db\/plugins/mcufinder/images/
2025-02-25 20:50:44,895 [INFO] ApiDb:250 - Set database path to: C:\Users\28584\.stmcufinder\plugins\mcufinder//mcu/
2025-02-25 20:50:44,897 [INFO] DbMcusAds:125 - Set database path to: C:\Users\28584\.stmcufinder\plugins\mcufinder//mcu/
2025-02-25 20:50:44,900 [INFO] CrossReferenceDbSqlite:203 - Set database path to: C:\Users\28584\.stmcufinder\plugins\mcufinder//mcu/cs/
2025-02-25 20:50:44,990 [INFO] RulesReader:64 - Compatibility file has been processed (297 Rules)
2025-02-25 20:50:45,091 [INFO] DbMcusXml:78 - Set database path to: C:\ST\STM32CubeIDE\STM32CubeIDE\plugins\com.st.stm32cube.common.mx_6.13.0.202411220809\\db\/mcu/
2025-02-25 20:50:45,092 [INFO] ApiDb:274 - Set plugin database path to: C:\ST\STM32CubeIDE\STM32CubeIDE\plugins\com.st.stm32cube.common.mx_6.13.0.202411220809\\db\/plugins/boardmanager/
2025-02-25 20:50:45,092 [INFO] ApiDb:261 - Set plugin images path to: C:\ST\STM32CubeIDE\STM32CubeIDE\plugins\com.st.stm32cube.common.mx_6.13.0.202411220809\\db\/plugins/mcufinder/images/
2025-02-25 20:50:45,092 [WARN] DbFile:41 - Overriding database path with different value: C:\Users\28584\.stmcufinder\plugins\mcufinder/ => C:\Users\28584\.stmcufinder\plugins\mcufinder
2025-02-25 20:50:45,092 [INFO] ApiDb:250 - Set database path to: C:\Users\28584\.stmcufinder\plugins\mcufinder//mcu/
2025-02-25 20:50:45,092 [WARN] DbFile:41 - Overriding database path with different value: C:\Users\28584\.stmcufinder\plugins\mcufinder/ => C:\Users\28584\.stmcufinder\plugins\mcufinder
2025-02-25 20:50:45,092 [INFO] DbMcusAds:125 - Set database path to: C:\Users\28584\.stmcufinder\plugins\mcufinder//mcu/
2025-02-25 20:50:45,092 [WARN] DbFile:41 - Overriding database path with different value: C:\Users\28584\.stmcufinder\plugins\mcufinder/ => C:\Users\28584\.stmcufinder\plugins\mcufinder
2025-02-25 20:50:45,093 [WARN] DbFile:41 - Overriding database path with different value: C:\Users\28584\.stmcufinder\plugins\mcufinder/ => C:\Users\28584\.stmcufinder\plugins\mcufinder
2025-02-25 20:50:45,093 [INFO] CrossReferenceDbSqlite:203 - Set database path to: C:\Users\28584\.stmcufinder\plugins\mcufinder//mcu/cs/
2025-02-25 20:50:45,168 [INFO] MainPanel:272 - HeapMemory: 268435456
2025-02-25 20:50:45,268 [INFO] DbMcusXml:78 - Set database path to: C:\ST\STM32CubeIDE\STM32CubeIDE\plugins\com.st.stm32cube.common.mx_6.13.0.202411220809\\db\/mcu/
2025-02-25 20:50:45,268 [INFO] ApiDb:274 - Set plugin database path to: C:\ST\STM32CubeIDE\STM32CubeIDE\plugins\com.st.stm32cube.common.mx_6.13.0.202411220809\\db\/plugins/boardmanager/
2025-02-25 20:50:45,268 [INFO] ApiDb:261 - Set plugin images path to: C:\ST\STM32CubeIDE\STM32CubeIDE\plugins\com.st.stm32cube.common.mx_6.13.0.202411220809\\db\/plugins/mcufinder/images/
2025-02-25 20:50:45,268 [WARN] DbFile:41 - Overriding database path with different value: C:\Users\28584\.stmcufinder\plugins\mcufinder/ => C:\Users\28584\.stmcufinder\plugins\mcufinder
2025-02-25 20:50:45,268 [INFO] ApiDb:250 - Set database path to: C:\Users\28584\.stmcufinder\plugins\mcufinder//mcu/
2025-02-25 20:50:45,268 [WARN] DbFile:41 - Overriding database path with different value: C:\Users\28584\.stmcufinder\plugins\mcufinder/ => C:\Users\28584\.stmcufinder\plugins\mcufinder
2025-02-25 20:50:45,269 [INFO] DbMcusAds:125 - Set database path to: C:\Users\28584\.stmcufinder\plugins\mcufinder//mcu/
2025-02-25 20:50:45,269 [WARN] DbFile:41 - Overriding database path with different value: C:\Users\28584\.stmcufinder\plugins\mcufinder/ => C:\Users\28584\.stmcufinder\plugins\mcufinder
2025-02-25 20:50:45,269 [WARN] DbFile:41 - Overriding database path with different value: C:\Users\28584\.stmcufinder\plugins\mcufinder/ => C:\Users\28584\.stmcufinder\plugins\mcufinder
2025-02-25 20:50:45,269 [INFO] CrossReferenceDbSqlite:203 - Set database path to: C:\Users\28584\.stmcufinder\plugins\mcufinder//mcu/cs/
2025-02-25 20:50:45,288 [INFO] ApplicationProperties:184 - Using Application install path: C:\ST\STM32CubeIDE\STM32CubeIDE\plugins\com.st.stm32cube.common.mx_6.13.0.202411220809
2025-02-25 20:50:45,290 [INFO] PluginManage:196 - Search for loadable plugins [exclusion list=, ]
2025-02-25 20:50:45,292 [INFO] PluginManage:310 - Check plugin analytics
2025-02-25 20:50:45,429 [INFO] AnalyticsPlugin:253 - Accepted Software Licenses: 
2025-02-25 20:50:45,429 [INFO] AnalyticsPlugin:255 - Accepted CMSIS Pack Licenses: 
2025-02-25 20:50:45,429 [INFO] AnalyticsPlugin:257 - Accepted Firmware Licenses: FW.G4.1.5.0
2025-02-25 20:50:45,433 [INFO] PluginManage:359 - Loaded plugin analytics (category:tool,tabindex:-1)
2025-02-25 20:50:45,433 [INFO] PluginManage:310 - Check plugin cadmodel
2025-02-25 20:50:45,439 [INFO] CADModel:105 - Init CAD model plugin
2025-02-25 20:50:45,440 [INFO] PluginManage:359 - Loaded plugin cadmodel (category:power,tabindex:5)
2025-02-25 20:50:45,440 [INFO] PluginManage:310 - Check plugin clock
2025-02-25 20:50:45,451 [INFO] PluginManage:359 - Loaded plugin clock (category:base,tabindex:2)
2025-02-25 20:50:45,451 [INFO] PluginManage:310 - Check plugin ddr
2025-02-25 20:50:45,453 [INFO] PluginManage:359 - Loaded plugin ddr (category:tool,tabindex:6)
2025-02-25 20:50:45,454 [INFO] PluginManage:310 - Check plugin filemanager
2025-02-25 20:50:45,589 [INFO] PluginManage:359 - Loaded plugin filemanager (category:base,tabindex:10)
2025-02-25 20:50:45,589 [INFO] PluginManage:310 - Check plugin ipmanager
2025-02-25 20:50:45,598 [INFO] PluginManage:359 - Loaded plugin ipmanager (category:base,tabindex:5)
2025-02-25 20:50:45,598 [INFO] PluginManage:310 - Check plugin lpbam
2025-02-25 20:50:45,607 [INFO] PluginManage:359 - Loaded plugin lpbam (category:base,tabindex:0)
2025-02-25 20:50:45,607 [INFO] PluginManage:310 - Check plugin memorymap
2025-02-25 20:50:45,621 [INFO] PluginManage:359 - Loaded plugin memorymap (category:base,tabindex:4)
2025-02-25 20:50:45,621 [INFO] PluginManage:310 - Check plugin pinoutandconfiguration
2025-02-25 20:50:45,630 [INFO] PluginManage:359 - Loaded plugin pinoutandconfiguration (category:base,tabindex:1)
2025-02-25 20:50:45,630 [INFO] PluginManage:310 - Check plugin pinoutconfig
2025-02-25 20:50:45,719 [WARN] SupportedApi:132 - Cannot load RTOS API schema: s4s-elt-must-match.1: The content of 'definitions' must match (annotation?, (simpleType | complexType)?, (unique | key | keyref)*)). A problem was found starting at: attribute.
2025-02-25 20:50:45,832 [INFO] PluginManage:359 - Loaded plugin pinoutconfig (category:base,tabindex:0)
2025-02-25 20:50:45,832 [INFO] PluginManage:310 - Check plugin power
2025-02-25 20:50:45,841 [INFO] PluginManage:359 - Loaded plugin power (category:power,tabindex:4)
2025-02-25 20:50:45,841 [INFO] PluginManage:310 - Check plugin projectmanager
2025-02-25 20:50:45,859 [INFO] PluginManage:359 - Loaded plugin projectmanager (category:projectmanager,tabindex:4)
2025-02-25 20:50:45,859 [INFO] PluginManage:310 - Check plugin rif
2025-02-25 20:50:45,865 [INFO] PluginManage:359 - Loaded plugin rif (category:base,tabindex:3)
2025-02-25 20:50:45,865 [INFO] PluginManage:310 - Check plugin thirdparty
2025-02-25 20:50:45,990 [INFO] PluginManage:359 - Loaded plugin thirdparty (category:base,tabindex:-1)
2025-02-25 20:50:45,990 [INFO] PluginManage:310 - Check plugin tools
2025-02-25 20:50:45,990 [WARN] IntegrityCheckThread:84 - waiting for thirdparty lock release [integrity check]
2025-02-25 20:50:45,990 [INFO] IntegrityCheckThread:86 - entering critical section [integrity check]
2025-02-25 20:50:45,991 [INFO] ThirdPartyUpdaterWithRetryManager:70 - Updater plugin not ready yet. [1/15]
2025-02-25 20:50:45,993 [INFO] PluginManage:359 - Loaded plugin tools (category:base,tabindex:7)
2025-02-25 20:50:45,993 [INFO] PluginManage:310 - Check plugin tutovideos
2025-02-25 20:50:46,146 [INFO] PluginManage:359 - Loaded plugin tutovideos (category:base,tabindex:-1)
2025-02-25 20:50:46,146 [INFO] PluginManage:310 - Check plugin updater
2025-02-25 20:50:46,168 [INFO] PluginManage:359 - Loaded plugin updater (category:base,tabindex:12)
2025-02-25 20:50:46,168 [INFO] PluginManage:310 - Check plugin userauth
2025-02-25 20:50:46,172 [INFO] UserAuth:118 - Init User Auth plugin
2025-02-25 20:50:46,173 [INFO] PluginManage:359 - Loaded plugin userauth (category:base,tabindex:14)
2025-02-25 20:50:46,173 [INFO] PluginManage:283 - PluginManage : Loaded plugins [18]
2025-02-25 20:50:46,382 [INFO] PinOutPanel:1589 - setPackage(No Configuration,No Configuration)
2025-02-25 20:50:46,473 [INFO] CADModel:165 - CPN selected for project level
2025-02-25 20:50:46,474 [INFO] CADModel:114 - Register for checkConnection events
2025-02-25 20:50:46,494 [INFO] IPUIPlugin:80 - create IPUIPlugin
2025-02-25 20:50:46,494 [INFO] PluginManager:220 - loadIPPluginJar : add adc
2025-02-25 20:50:46,496 [INFO] IPUIPlugin:80 - create IPUIPlugin
2025-02-25 20:50:46,497 [INFO] PluginManager:220 - loadIPPluginJar : add aes
2025-02-25 20:50:46,498 [INFO] IPUIPlugin:80 - create IPUIPlugin
2025-02-25 20:50:46,498 [INFO] PluginManager:220 - loadIPPluginJar : add can
2025-02-25 20:50:46,501 [INFO] IPUIPlugin:80 - create IPUIPlugin
2025-02-25 20:50:46,501 [INFO] PluginManager:220 - loadIPPluginJar : add comp
2025-02-25 20:50:46,504 [INFO] IPUIPlugin:80 - create IPUIPlugin
2025-02-25 20:50:46,504 [INFO] PluginManager:220 - loadIPPluginJar : add cryp
2025-02-25 20:50:46,507 [INFO] IPUIPlugin:80 - create IPUIPlugin
2025-02-25 20:50:46,507 [INFO] PluginManager:220 - loadIPPluginJar : add ddr_ctrl_phy
2025-02-25 20:50:46,510 [INFO] IPUIPlugin:80 - create IPUIPlugin
2025-02-25 20:50:46,510 [INFO] PluginManager:220 - loadIPPluginJar : add dfsdm
2025-02-25 20:50:46,514 [INFO] IPUIPlugin:80 - create IPUIPlugin
2025-02-25 20:50:46,515 [INFO] PluginManager:220 - loadIPPluginJar : add dma
2025-02-25 20:50:46,517 [INFO] IPUIPlugin:80 - create IPUIPlugin
2025-02-25 20:50:46,517 [INFO] PluginManager:220 - loadIPPluginJar : add dma3
2025-02-25 20:50:46,521 [INFO] IPUIPlugin:80 - create IPUIPlugin
2025-02-25 20:50:46,521 [INFO] PluginManager:220 - loadIPPluginJar : add extmemmanager
2025-02-25 20:50:46,523 [INFO] IPUIPlugin:80 - create IPUIPlugin
2025-02-25 20:50:46,523 [INFO] PluginManager:220 - loadIPPluginJar : add fatfs
2025-02-25 20:50:46,529 [INFO] IPUIPlugin:80 - create IPUIPlugin
2025-02-25 20:50:46,529 [INFO] PluginManager:220 - loadIPPluginJar : add fmc
2025-02-25 20:50:46,534 [INFO] IPUIPlugin:80 - create IPUIPlugin
2025-02-25 20:50:46,534 [INFO] PluginManager:220 - loadIPPluginJar : add freertos
2025-02-25 20:50:46,536 [INFO] IPUIPlugin:80 - create IPUIPlugin
2025-02-25 20:50:46,536 [INFO] PluginManager:220 - loadIPPluginJar : add genericplugin
2025-02-25 20:50:46,539 [INFO] IPUIPlugin:80 - create IPUIPlugin
2025-02-25 20:50:46,539 [INFO] PluginManager:220 - loadIPPluginJar : add gfxmmu
2025-02-25 20:50:46,542 [INFO] IPUIPlugin:80 - create IPUIPlugin
2025-02-25 20:50:46,542 [INFO] PluginManager:220 - loadIPPluginJar : add gic
2025-02-25 20:50:46,546 [INFO] IPUIPlugin:80 - create IPUIPlugin
2025-02-25 20:50:46,546 [INFO] PluginManager:220 - loadIPPluginJar : add gpio
2025-02-25 20:50:46,548 [INFO] IPUIPlugin:80 - create IPUIPlugin
2025-02-25 20:50:46,549 [INFO] PluginManager:220 - loadIPPluginJar : add gtzc
2025-02-25 20:50:46,552 [INFO] IPUIPlugin:80 - create IPUIPlugin
2025-02-25 20:50:46,552 [INFO] PluginManager:220 - loadIPPluginJar : add hash
2025-02-25 20:50:46,555 [INFO] IPUIPlugin:80 - create IPUIPlugin
2025-02-25 20:50:46,555 [INFO] PluginManager:220 - loadIPPluginJar : add i2c
2025-02-25 20:50:46,558 [INFO] IPUIPlugin:80 - create IPUIPlugin
2025-02-25 20:50:46,558 [INFO] PluginManager:220 - loadIPPluginJar : add i2s
2025-02-25 20:50:46,560 [INFO] IPUIPlugin:80 - create IPUIPlugin
2025-02-25 20:50:46,560 [INFO] PluginManager:220 - loadIPPluginJar : add i3c
2025-02-25 20:50:46,564 [INFO] IPUIPlugin:80 - create IPUIPlugin
2025-02-25 20:50:46,564 [INFO] PluginManager:220 - loadIPPluginJar : add ipddr
2025-02-25 20:50:46,571 [INFO] IPUIPlugin:80 - create IPUIPlugin
2025-02-25 20:50:46,571 [INFO] PluginManager:220 - loadIPPluginJar : add linkedlist
2025-02-25 20:50:46,574 [INFO] IPUIPlugin:80 - create IPUIPlugin
2025-02-25 20:50:46,576 [INFO] PluginManager:220 - loadIPPluginJar : add lorawan
2025-02-25 20:50:46,578 [INFO] IPUIPlugin:80 - create IPUIPlugin
2025-02-25 20:50:46,578 [INFO] PluginManager:220 - loadIPPluginJar : add ltdc
2025-02-25 20:50:46,582 [INFO] IPUIPlugin:80 - create IPUIPlugin
2025-02-25 20:50:46,582 [INFO] PluginManager:220 - loadIPPluginJar : add mdma
2025-02-25 20:50:46,585 [INFO] IPUIPlugin:80 - create IPUIPlugin
2025-02-25 20:50:46,585 [INFO] PluginManager:220 - loadIPPluginJar : add nvic
2025-02-25 20:50:46,588 [INFO] IPUIPlugin:80 - create IPUIPlugin
2025-02-25 20:50:46,588 [INFO] PluginManager:220 - loadIPPluginJar : add opamp
2025-02-25 20:50:46,591 [INFO] IPUIPlugin:80 - create IPUIPlugin
2025-02-25 20:50:46,591 [INFO] PluginManager:220 - loadIPPluginJar : add openamp
2025-02-25 20:50:46,595 [INFO] IPUIPlugin:80 - create IPUIPlugin
2025-02-25 20:50:46,595 [INFO] PluginManager:220 - loadIPPluginJar : add pdm2pcm
2025-02-25 20:50:46,601 [INFO] IPUIPlugin:80 - create IPUIPlugin
2025-02-25 20:50:46,602 [INFO] PluginManager:220 - loadIPPluginJar : add plateformsettings
2025-02-25 20:50:46,605 [INFO] IPUIPlugin:80 - create IPUIPlugin
2025-02-25 20:50:46,605 [INFO] PluginManager:220 - loadIPPluginJar : add quadspi
2025-02-25 20:50:46,607 [INFO] IPUIPlugin:80 - create IPUIPlugin
2025-02-25 20:50:46,609 [INFO] PluginManager:220 - loadIPPluginJar : add radio
2025-02-25 20:50:46,612 [INFO] IPUIPlugin:80 - create IPUIPlugin
2025-02-25 20:50:46,612 [INFO] PluginManager:220 - loadIPPluginJar : add resmgrutility
2025-02-25 20:50:46,615 [INFO] IPUIPlugin:80 - create IPUIPlugin
2025-02-25 20:50:46,615 [INFO] PluginManager:220 - loadIPPluginJar : add sai
2025-02-25 20:50:46,617 [INFO] IPUIPlugin:80 - create IPUIPlugin
2025-02-25 20:50:46,617 [INFO] PluginManager:220 - loadIPPluginJar : add spi
2025-02-25 20:50:46,621 [INFO] IPUIPlugin:80 - create IPUIPlugin
2025-02-25 20:50:46,621 [INFO] PluginManager:220 - loadIPPluginJar : add stm32_wpan
2025-02-25 20:50:46,624 [INFO] IPUIPlugin:80 - create IPUIPlugin
2025-02-25 20:50:46,624 [INFO] PluginManager:220 - loadIPPluginJar : add tim
2025-02-25 20:50:46,628 [INFO] IPUIPlugin:80 - create IPUIPlugin
2025-02-25 20:50:46,628 [INFO] PluginManager:220 - loadIPPluginJar : add touchsensing
2025-02-25 20:50:46,631 [INFO] IPUIPlugin:80 - create IPUIPlugin
2025-02-25 20:50:46,631 [INFO] PluginManager:220 - loadIPPluginJar : add tracer_emb
2025-02-25 20:50:46,633 [INFO] IPUIPlugin:80 - create IPUIPlugin
2025-02-25 20:50:46,633 [INFO] PluginManager:220 - loadIPPluginJar : add ts
2025-02-25 20:50:46,635 [INFO] IPUIPlugin:80 - create IPUIPlugin
2025-02-25 20:50:46,635 [INFO] PluginManager:220 - loadIPPluginJar : add tsc
2025-02-25 20:50:46,636 [INFO] IPUIPlugin:80 - create IPUIPlugin
2025-02-25 20:50:46,636 [INFO] PluginManager:220 - loadIPPluginJar : add ucpd
2025-02-25 20:50:46,639 [INFO] IPUIPlugin:80 - create IPUIPlugin
2025-02-25 20:50:46,639 [INFO] PluginManager:220 - loadIPPluginJar : add usart
2025-02-25 20:50:46,642 [INFO] IPUIPlugin:80 - create IPUIPlugin
2025-02-25 20:50:46,642 [INFO] PluginManager:220 - loadIPPluginJar : add usbx
2025-02-25 20:50:46,764 [FATAL] Updater:351 - Updater called before beeing initialized
2025-02-25 20:50:46,785 [INFO] RulesReader:64 - Compatibility file has been processed (297 Rules)
2025-02-25 20:50:46,793 [INFO] RulesReader:64 - Compatibility file has been processed (297 Rules)
2025-02-25 20:50:46,799 [INFO] CADModel:165 - CPN selected for project level
2025-02-25 20:50:46,799 [INFO] CADModel:114 - Register for checkConnection events
2025-02-25 20:50:46,799 [FATAL] Updater:351 - Updater called before beeing initialized
2025-02-25 20:50:46,799 [ERROR] CADModel:125 - Updater not yet initialized, retry later 
2025-02-25 20:50:46,956 [FATAL] Updater:351 - Updater called before beeing initialized
2025-02-25 20:50:46,959 [INFO] CADModel:165 - CPN selected for project level
2025-02-25 20:50:46,959 [INFO] CADModel:114 - Register for checkConnection events
2025-02-25 20:50:46,959 [FATAL] Updater:351 - Updater called before beeing initialized
2025-02-25 20:50:46,959 [ERROR] CADModel:125 - Updater not yet initialized, retry later 
2025-02-25 20:50:46,961 [FATAL] Updater:351 - Updater called before beeing initialized
2025-02-25 20:50:47,060 [FATAL] Updater:351 - Updater called before beeing initialized
2025-02-25 20:50:47,065 [INFO] DbMcusAds:53 - JSON generation date=Wed Dec 18 00:01:15 CST 2024 (1734451275111)
2025-02-25 20:50:47,065 [FATAL] Updater:351 - Updater called before beeing initialized
2025-02-25 20:50:47,103 [WARN] DetailPanel:346 - Failed to get advertising image, set to default
2025-02-25 20:50:47,261 [FATAL] Updater:351 - Updater called before beeing initialized
2025-02-25 20:50:47,263 [FATAL] Updater:351 - Updater called before beeing initialized
2025-02-25 20:50:47,263 [FATAL] Updater:351 - Updater called before beeing initialized
2025-02-25 20:50:47,263 [WARN] DetailPanel:346 - Failed to get advertising image, set to default
2025-02-25 20:50:47,263 [FATAL] Updater:351 - Updater called before beeing initialized
2025-02-25 20:50:47,300 [ERROR] Updater:1198 - MainUpdater not yet initialized. External WinMGr cannot be set.
2025-02-25 20:50:47,301 [INFO] Updater:1134 - Updater Version found : 6.13.0
2025-02-25 20:50:47,317 [INFO] ApplicationProperties:184 - Using Application install path: C:\ST\STM32CubeIDE\STM32CubeIDE\plugins\com.st.stm32cube.common.mx_6.13.0.202411220809
2025-02-25 20:50:48,890 [ERROR] LogOutputStream:75 - [STDERR_REDIRECT] Feb 25, 2025 8:50:48 PM java.util.prefs.WindowsPreferences <init>
2025-02-25 20:50:48,891 [ERROR] LogOutputStream:75 - [STDERR_REDIRECT] WARNING: Could not open/create prefs root node Software\JavaSoft\Prefs at root 0xffffffff80000002. Windows RegCreateKeyEx(...) returned error code 5.
2025-02-25 20:50:48,891 [ERROR] LogOutputStream:75 - [STDERR_REDIRECT] 
2025-02-25 20:50:48,993 [INFO] ThirdPartyUpdaterWithRetryManager:70 - Updater plugin not ready yet. [2/15]
2025-02-25 20:50:49,264 [INFO] MainUpdater:2872 - connection check result : 10
2025-02-25 20:50:49,265 [INFO] MainUpdater:289 - Updater Check For Update Now.
2025-02-25 20:50:49,265 [INFO] MicroXplorer:498 - Change Database Version : DB.6.0.130
2025-02-25 20:50:49,270 [INFO] McuFinderGlobals:63 - Set McuFinder mode to 2 (CubeIDE integrated)
2025-02-25 20:50:49,271 [INFO] UserAuth:486 - Internet connection configuration mode: 1
2025-02-25 20:50:49,301 [INFO] JxBrowserEngine:152 - Initiate JxBrowser Engine with user profile folder
2025-02-25 20:50:49,427 [INFO] CheckServerUpdateThread:120 - End of CheckServer Thread
2025-02-25 20:50:50,243 [INFO] WebApp:168 - Instantiating new browser for Auth
2025-02-25 20:50:50,934 [INFO] WebApp:449 - Apply proxy settings
2025-02-25 20:50:50,934 [INFO] WebApp:534 - Chromium requires no authentication
2025-02-25 20:50:50,945 [INFO] WebApp:477 - Direct internet connection detected
2025-02-25 20:50:50,972 [INFO] WebApp:880 - Register for checkConnection events
2025-02-25 20:50:50,973 [INFO] WebApp:449 - Apply proxy settings
2025-02-25 20:50:50,973 [INFO] WebApp:534 - Chromium requires no authentication
2025-02-25 20:50:50,973 [INFO] WebApp:477 - Direct internet connection detected
2025-02-25 20:50:51,125 [INFO] WebApp:221 - Starting web application
2025-02-25 20:50:51,126 [INFO] WebApp:579 - Web application path used C:\ST\STM32CubeIDE\STM32CubeIDE\plugins\com.st.stm32cube.common.mx_6.13.0.202411220809\db\plugins\mcufinder\reactClient1\index.html
2025-02-25 20:50:51,192 [INFO] UserAuth:486 - Internet connection configuration mode: 1
2025-02-25 20:50:52,251 [WARN] PackLoader:240 - Cannot read IP mode file for STMicroelectronics.FP-SNS-MOTENVWB1.1.4.0
2025-02-25 20:50:52,256 [WARN] PackLoader:240 - Cannot read IP mode file for STMicroelectronics.FP-ATR-ASTRA1.2.0.1
2025-02-25 20:50:52,264 [WARN] PackLoader:240 - Cannot read IP mode file for STMicroelectronics.X-CUBE-SMBUS.2.1.0
2025-02-25 20:50:52,277 [WARN] PackLoader:240 - Cannot read IP mode file for STMicroelectronics.X-CUBE-WB05N.1.1.0
2025-02-25 20:50:52,300 [WARN] PackLoader:240 - Cannot read IP mode file for STMicroelectronics.X-CUBE-AZRTOS-F7.1.1.0
2025-02-25 20:50:52,307 [WARN] PackLoader:240 - Cannot read IP mode file for STMicroelectronics.FP-SNS-FLIGHT1.5.0.2
2025-02-25 20:50:52,325 [WARN] PackLoader:240 - Cannot read IP mode file for Infineon.AIROC-Wi-Fi-Bluetooth-STM32.1.7.0
2025-02-25 20:50:52,337 [WARN] PackLoader:240 - Cannot read IP mode file for STMicroelectronics.X-CUBE-DISPLAY.3.0.0
2025-02-25 20:50:52,346 [WARN] PackLoader:240 - Cannot read IP mode file for STMicroelectronics.X-CUBE-BLE1.7.0.0
2025-02-25 20:50:52,351 [WARN] PackLoader:240 - Cannot read IP mode file for STMicroelectronics.X-CUBE-NFC10.1.0.0
2025-02-25 20:50:52,359 [WARN] PackLoader:240 - Cannot read IP mode file for STMicroelectronics.X-CUBE-BLEMGR.4.0.0
2025-02-25 20:50:52,370 [WARN] PackLoader:240 - Cannot read IP mode file for emotas.I-CUBE-CANOPEN.1.3.0
2025-02-25 20:50:52,375 [WARN] PackLoader:240 - Cannot read IP mode file for STMicroelectronics.X-CUBE-AI.10.0.0
2025-02-25 20:50:52,380 [WARN] PackLoader:240 - Cannot read IP mode file for STMicroelectronics.FP-SNS-SMARTAG2.1.2.0
2025-02-25 20:50:52,407 [WARN] PackLoader:240 - Cannot read IP mode file for STMicroelectronics.X-CUBE-MEMS1.11.1.0
2025-02-25 20:50:52,489 [INFO] LogOutputStream:77 - [STDOUT_REDIRECT] 1 : Invalid condition id : UX_CORESTACK_Condition cause : null
2025-02-25 20:50:52,489 [INFO] LogOutputStream:77 - [STDOUT_REDIRECT] 1 : Invalid condition id : UX_CORESTACK_Condition cause : null
2025-02-25 20:50:52,490 [INFO] LogOutputStream:77 - [STDOUT_REDIRECT] 1 : Invalid condition id : UX_CORESTACK_Condition cause : null
2025-02-25 20:50:52,491 [INFO] LogOutputStream:77 - [STDOUT_REDIRECT] 1 : Invalid condition id : UX_CORESTACK_Condition cause : null
2025-02-25 20:50:52,491 [INFO] LogOutputStream:77 - [STDOUT_REDIRECT] 1 : Invalid condition id : UX_CORESTACK_Condition cause : null
2025-02-25 20:50:52,492 [WARN] PackLoader:240 - Cannot read IP mode file for STMicroelectronics.X-CUBE-AZRTOS-WL.2.0.0
2025-02-25 20:50:52,498 [WARN] PackLoader:240 - Cannot read IP mode file for STMicroelectronics.FP-SNS-MOTENV1.5.0.0
2025-02-25 20:50:52,504 [WARN] PackLoader:240 - Cannot read IP mode file for wolfSSL.I-CUBE-wolfMQTT.1.19.0
2025-02-25 20:50:52,509 [WARN] PackLoader:240 - Cannot read IP mode file for STMicroelectronics.X-CUBE-BLE2.3.3.0
2025-02-25 20:50:52,515 [WARN] PackLoader:240 - Cannot read IP mode file for STMicroelectronics.X-CUBE-NFC9.1.0.0
2025-02-25 20:50:52,524 [WARN] PackLoader:240 - Cannot read IP mode file for STMicroelectronics.X-CUBE-AZRTOS-G0.1.1.0
2025-02-25 20:50:52,532 [WARN] PackLoader:240 - Cannot read IP mode file for STMicroelectronics.X-CUBE-SAFEA1.1.2.2
2025-02-25 20:50:52,541 [WARN] PackLoader:240 - Cannot read IP mode file for STMicroelectronics.X-CUBE-NFC4.3.0.0
2025-02-25 20:50:52,551 [WARN] PackLoader:240 - Cannot read IP mode file for EmbeddedOffice.I-CUBE-FS-RTOS.1.0.1
2025-02-25 20:50:52,559 [WARN] PackLoader:240 - Cannot read IP mode file for STMicroelectronics.X-CUBE-TCPP.4.2.0
2025-02-25 20:50:52,568 [WARN] PackLoader:240 - Cannot read IP mode file for RealThread.X-CUBE-RT-Thread_Nano.4.1.1
2025-02-25 20:50:52,575 [WARN] PackLoader:240 - Cannot read IP mode file for STMicroelectronics.FP-ATR-SIGFOX1.3.2.0
2025-02-25 20:50:52,594 [WARN] ConditionMgr:438 - getConditionDescription Invalid condition id : Cortex-A Device cause : null
2025-02-25 20:50:52,610 [WARN] ConditionMgr:1044 - genDependencies : Invalid condition id : Cortex-A Device cause : null
2025-02-25 20:50:52,610 [WARN] ConditionMgr:1044 - genDependencies : Invalid condition id : Cortex-A Device cause : null
2025-02-25 20:50:52,610 [WARN] ConditionMgr:1044 - genDependencies : Invalid condition id : Cortex-A Device cause : null
2025-02-25 20:50:52,618 [WARN] PackLoader:240 - Cannot read IP mode file for STMicroelectronics.X-CUBE-EEPRMA1.5.1.0
2025-02-25 20:50:52,624 [WARN] PackLoader:240 - Cannot read IP mode file for wolfSSL.I-CUBE-wolfSSL.5.7.6
2025-02-25 20:50:52,630 [WARN] PackLoader:240 - Cannot read IP mode file for ITTIA_DB.I-CUBE-ITTIADB.8.9.0
2025-02-25 20:50:52,645 [WARN] PackLoader:240 - Cannot read IP mode file for SEGGER.I-CUBE-embOS.1.3.1
2025-02-25 20:50:52,661 [WARN] PackLoader:240 - Cannot read IP mode file for STMicroelectronics.X-CUBE-ALGOBUILD.1.4.0
2025-02-25 20:50:52,670 [WARN] PackLoader:240 - Cannot read IP mode file for STMicroelectronics.X-CUBE-AZRTOS-F4.1.1.0
2025-02-25 20:50:52,676 [WARN] PackLoader:240 - Cannot read IP mode file for STMicroelectronics.X-CUBE-ISPU.2.1.0
2025-02-25 20:50:52,685 [WARN] PackLoader:240 - Cannot read IP mode file for STMicroelectronics.X-CUBE-AZRTOS-L5.2.0.0
2025-02-25 20:50:52,692 [WARN] PackLoader:240 - Cannot read IP mode file for STMicroelectronics.X-CUBE-NFC6.3.1.0
2025-02-25 20:50:52,701 [WARN] PackLoader:240 - Cannot read IP mode file for STMicroelectronics.X-CUBE-DPower.1.2.0
2025-02-25 20:50:52,706 [WARN] PackLoader:240 - Cannot read IP mode file for STMicroelectronics.X-CUBE-FREERTOS.1.3.0
2025-02-25 20:50:52,712 [WARN] PackLoader:240 - Cannot read IP mode file for STMicroelectronics.X-CUBE-NFC7.1.0.1
2025-02-25 20:50:52,722 [WARN] ConditionMgr:438 - getConditionDescription Invalid condition id : LAN8742 Phy interface Condition cause : null
2025-02-25 20:50:52,722 [WARN] PackLoader:240 - Cannot read IP mode file for STMicroelectronics.X-CUBE-AZRTOS-L4.2.0.0
2025-02-25 20:50:52,723 [WARN] ConditionMgr:1044 - genDependencies : Invalid condition id : LAN8742 Phy interface Condition cause : null
2025-02-25 20:50:52,723 [WARN] ConditionMgr:1044 - genDependencies : Invalid condition id : LAN8742 Phy interface Condition cause : null
2025-02-25 20:50:52,724 [WARN] ConditionMgr:1044 - genDependencies : Invalid condition id : LAN8742 Phy interface Condition cause : null
2025-02-25 20:50:52,729 [WARN] PackLoader:240 - Cannot read IP mode file for STMicroelectronics.X-CUBE-SFXS2LP1.4.0.0
2025-02-25 20:50:52,745 [WARN] PackLoader:240 - Cannot read IP mode file for STMicroelectronics.X-CUBE-AZRTOS-H7.3.3.0
2025-02-25 20:50:52,755 [WARN] ConditionMgr:438 - getConditionDescription Invalid condition id : UX DEVICE CLASS RTOS Condition cause : null
2025-02-25 20:50:52,755 [WARN] ConditionMgr:438 - getConditionDescription Invalid condition id : UX DEVICE CLASS RTOS Condition cause : null
2025-02-25 20:50:52,756 [WARN] PackLoader:240 - Cannot read IP mode file for STMicroelectronics.X-CUBE-AZRTOS-WB.2.0.0
2025-02-25 20:50:52,758 [WARN] ConditionMgr:1044 - genDependencies : Invalid condition id : UX DEVICE CLASS RTOS Condition cause : null
2025-02-25 20:50:52,758 [WARN] ConditionMgr:1044 - genDependencies : Invalid condition id : UX DEVICE CLASS RTOS Condition cause : null
2025-02-25 20:50:52,758 [WARN] ConditionMgr:1044 - genDependencies : Invalid condition id : UX DEVICE CLASS RTOS Condition cause : null
2025-02-25 20:50:52,758 [WARN] ConditionMgr:1044 - genDependencies : Invalid condition id : UX DEVICE CLASS RTOS Condition cause : null
2025-02-25 20:50:52,758 [WARN] ConditionMgr:1044 - genDependencies : Invalid condition id : UX DEVICE CLASS RTOS Condition cause : null
2025-02-25 20:50:52,764 [WARN] PackLoader:240 - Cannot read IP mode file for STMicroelectronics.X-CUBE-GNSS1.7.0.1
2025-02-25 20:50:52,771 [WARN] PackLoader:240 - Cannot read IP mode file for STMicroelectronics.FP-SNS-STBOX1.2.0.0
2025-02-25 20:50:52,778 [WARN] PackLoader:240 - Cannot read IP mode file for STMicroelectronics.X-CUBE-SUBG2.5.0.0
2025-02-25 20:50:52,786 [WARN] PackLoader:240 - Cannot read IP mode file for Cesanta.I-CUBE-Mongoose.7.13.0
2025-02-25 20:50:52,794 [WARN] PackLoader:240 - Cannot read IP mode file for STMicroelectronics.X-CUBE-AZRTOS-G4.2.0.0
2025-02-25 20:50:52,801 [WARN] PackLoader:240 - Cannot read IP mode file for STMicroelectronics.X-CUBE-IPS.3.1.0
2025-02-25 20:50:52,808 [WARN] PackLoader:240 - Cannot read IP mode file for STMicroelectronics.X-CUBE-ALS.1.0.2
2025-02-25 20:50:52,813 [WARN] PackLoader:240 - Cannot read IP mode file for STMicroelectronics.X-CUBE-TOUCHGFX.4.24.2
2025-02-25 20:50:52,817 [WARN] PackLoader:240 - Cannot read IP mode file for wolfSSL.I-CUBE-wolfTPM.3.4.0
2025-02-25 20:50:52,823 [WARN] PackLoader:240 - Cannot read IP mode file for portGmbH.I-Cube-SoM-uGOAL.1.1.0
2025-02-25 20:50:52,831 [WARN] PackLoader:240 - Cannot read IP mode file for STMicroelectronics.X-CUBE-AZRTOS-H7RS.1.0.0
2025-02-25 20:50:52,840 [WARN] PackLoader:240 - Cannot read IP mode file for STMicroelectronics.X-CUBE-TOF1.3.4.2
2025-02-25 20:50:52,848 [WARN] PackLoader:240 - Cannot read IP mode file for wolfSSL.I-CUBE-wolfSSH.1.4.17
2025-02-25 20:50:52,849 [INFO] ThirdParty:978 - Integrity check success = true
2025-02-25 20:50:52,849 [INFO] IntegrityCheckThread:100 - exiting critical section [integrity check]
2025-02-25 20:50:52,849 [INFO] IntegrityCheckThread:103 - End integrity checks thread
2025-02-25 20:51:00,330 [ERROR] LogOutputStream:75 - [STDERR_REDIRECT] Warning: NLS unused message: FileDescription_NewFileProgress in: org.eclipse.ui.internal.ide.undo.messages
2025-02-25 20:51:00,331 [ERROR] LogOutputStream:75 - [STDERR_REDIRECT] Warning: NLS unused message: FileDescription_ContentsCouldNotBeRestored in: org.eclipse.ui.internal.ide.undo.messages
2025-02-25 20:51:00,332 [ERROR] LogOutputStream:75 - [STDERR_REDIRECT] Warning: NLS unused message: FolderDescription_NewFolderProgress in: org.eclipse.ui.internal.ide.undo.messages
2025-02-25 20:51:00,333 [ERROR] LogOutputStream:75 - [STDERR_REDIRECT] Warning: NLS unused message: FolderDescription_SavingUndoInfoProgress in: org.eclipse.ui.internal.ide.undo.messages
2025-02-25 20:51:00,374 [ERROR] LogOutputStream:75 - [STDERR_REDIRECT] Warning: NLS unused message: ChangeExceptionHandler_dialog_title in: org.eclipse.jdt.internal.ui.refactoring.refactoringui
2025-02-25 20:54:52,385 [ERROR] LogOutputStream:75 - [STDERR_REDIRECT] 
