2024-12-19 13:05:36,324 [INFO] Activator:176 - 


2024-12-19 13:05:36,333 [INFO] Activator:177 - !SESSION log4j initialized
2024-12-19 13:05:37,136 [ERROR] LogOutputStream:75 - [STDERR_REDIRECT] Warning: NLS unused message: CodeAssistConfigurationBlock_matchSubstring_label in: org.eclipse.jdt.internal.ui.preferences.PreferencesMessages
2024-12-19 13:05:37,179 [ERROR] LogOutputStream:75 - [STDERR_REDIRECT] Warning: NLS unused message: ProblemMarkerManager_problem_marker_update_job_description in: org.eclipse.jdt.internal.ui.JavaUIMessages
2024-12-19 13:05:37,184 [ERROR] LogOutputStream:75 - [STDERR_REDIRECT] Warning: NLS unused message: FilteredTypesSelectionDialog_default_package in: org.eclipse.jdt.internal.ui.JavaUIMessages
2024-12-19 13:05:37,188 [ERROR] LogOutputStream:75 - [STDERR_REDIRECT] Warning: NLS unused message: FilteredTypeSelectionDialog_showContainerForDuplicatesAction in: org.eclipse.jdt.internal.ui.JavaUIMessages
2024-12-19 13:05:37,192 [ERROR] LogOutputStream:75 - [STDERR_REDIRECT] Warning: NLS unused message: JavaElementLabels_anonym in: org.eclipse.jdt.internal.ui.JavaUIMessages
2024-12-19 13:05:37,196 [ERROR] LogOutputStream:75 - [STDERR_REDIRECT] Warning: NLS unused message: JavaElementLabels_concat_string in: org.eclipse.jdt.internal.ui.JavaUIMessages
2024-12-19 13:05:37,200 [ERROR] LogOutputStream:75 - [STDERR_REDIRECT] Warning: NLS unused message: JavaElementLabels_comma_string in: org.eclipse.jdt.internal.ui.JavaUIMessages
2024-12-19 13:05:37,205 [ERROR] LogOutputStream:75 - [STDERR_REDIRECT] Warning: NLS unused message: JavaElementLabels_declseparator_string in: org.eclipse.jdt.internal.ui.JavaUIMessages
2024-12-19 13:05:37,211 [ERROR] LogOutputStream:75 - [STDERR_REDIRECT] Warning: NLS unused message: JavaElementLabels_category_separator_string in: org.eclipse.jdt.internal.ui.JavaUIMessages
2024-12-19 13:05:37,216 [ERROR] LogOutputStream:75 - [STDERR_REDIRECT] Warning: NLS unused message: JavaElementLabels_import_container in: org.eclipse.jdt.internal.ui.JavaUIMessages
2024-12-19 13:05:37,757 [ERROR] LogOutputStream:75 - [STDERR_REDIRECT] Warning: NLS unused message: FileDocumentProvider_getPersistedEncoding in: org.eclipse.ui.editors.text.TextEditorMessages
2024-12-19 13:05:41,092 [ERROR] LogOutputStream:75 - [STDERR_REDIRECT] Warning: NLS unused message: TextSearchVisitor_progress_updating_job in: org.eclipse.search.internal.ui.SearchMessages
2024-12-19 13:05:41,096 [ERROR] LogOutputStream:75 - [STDERR_REDIRECT] Warning: NLS unused message: SearchPageSelectionDialog_rememberLastUsedPage_message in: org.eclipse.search.internal.ui.SearchMessages
2024-12-19 13:05:44,852 [ERROR] LogOutputStream:75 - [STDERR_REDIRECT] Warning: NLS unused message: ShowInNavigatorView_label in: org.eclipse.jdt.internal.ui.actions.ActionMessages
2024-12-19 13:05:44,854 [ERROR] LogOutputStream:75 - [STDERR_REDIRECT] Warning: NLS unused message: ShowInNavigatorView_dialog_title in: org.eclipse.jdt.internal.ui.actions.ActionMessages
2024-12-19 13:05:44,856 [ERROR] LogOutputStream:75 - [STDERR_REDIRECT] Warning: NLS unused message: ShowInNavigatorView_dialog_message in: org.eclipse.jdt.internal.ui.actions.ActionMessages
2024-12-19 13:05:44,860 [ERROR] LogOutputStream:75 - [STDERR_REDIRECT] Warning: NLS unused message: ShowInNavigatorView_error_activation_failed in: org.eclipse.jdt.internal.ui.actions.ActionMessages
2024-12-19 13:05:44,862 [ERROR] LogOutputStream:75 - [STDERR_REDIRECT] Warning: NLS unused message: OrganizeImportsAction_error_message in: org.eclipse.jdt.internal.ui.actions.ActionMessages
2024-12-19 13:05:45,417 [INFO] LogOutputStream:77 - [STDOUT_REDIRECT] 
2024-12-19 13:05:47,629 [INFO] ApplicationProperties:184 - Using Application install path: C:\ST\STM32CubeIDE_1.16.0\STM32CubeIDE\plugins\com.st.stm32cube.common.mx_6.13.0.202411220809
2024-12-19 13:05:47,652 [INFO] DbMcusXml:78 - Set database path to: C:\ST\STM32CubeIDE_1.16.0\STM32CubeIDE\plugins\com.st.stm32cube.common.mx_6.13.0.202411220809\\db\/mcu/
2024-12-19 13:05:47,652 [INFO] ApiDb:274 - Set plugin database path to: C:\ST\STM32CubeIDE_1.16.0\STM32CubeIDE\plugins\com.st.stm32cube.common.mx_6.13.0.202411220809\\db\/plugins/boardmanager/
2024-12-19 13:05:47,652 [WARN] ApiDb:259 - Overriding images path with different value:  => C:\ST\STM32CubeIDE_1.16.0\STM32CubeIDE\plugins\com.st.stm32cube.common.mx_6.13.0.202411220809\\db\/plugins/mcufinder/images/
2024-12-19 13:05:47,663 [INFO] ApiDb:250 - Set database path to: C:\Users\Administrator\.stmcufinder\plugins\mcufinder//mcu/
2024-12-19 13:05:47,664 [INFO] DbMcusAds:125 - Set database path to: C:\Users\Administrator\.stmcufinder\plugins\mcufinder//mcu/
2024-12-19 13:05:47,667 [INFO] CrossReferenceDbSqlite:203 - Set database path to: C:\Users\Administrator\.stmcufinder\plugins\mcufinder//mcu/cs/
2024-12-19 13:05:47,792 [INFO] RulesReader:64 - Compatibility file has been processed (297 Rules)
2024-12-19 13:05:47,898 [INFO] DbMcusXml:78 - Set database path to: C:\ST\STM32CubeIDE_1.16.0\STM32CubeIDE\plugins\com.st.stm32cube.common.mx_6.13.0.202411220809\\db\/mcu/
2024-12-19 13:05:47,898 [INFO] ApiDb:274 - Set plugin database path to: C:\ST\STM32CubeIDE_1.16.0\STM32CubeIDE\plugins\com.st.stm32cube.common.mx_6.13.0.202411220809\\db\/plugins/boardmanager/
2024-12-19 13:05:47,898 [INFO] ApiDb:261 - Set plugin images path to: C:\ST\STM32CubeIDE_1.16.0\STM32CubeIDE\plugins\com.st.stm32cube.common.mx_6.13.0.202411220809\\db\/plugins/mcufinder/images/
2024-12-19 13:05:47,899 [WARN] DbFile:41 - Overriding database path with different value: C:\Users\Administrator\.stmcufinder\plugins\mcufinder/ => C:\Users\Administrator\.stmcufinder\plugins\mcufinder
2024-12-19 13:05:47,899 [INFO] ApiDb:250 - Set database path to: C:\Users\Administrator\.stmcufinder\plugins\mcufinder//mcu/
2024-12-19 13:05:47,899 [WARN] DbFile:41 - Overriding database path with different value: C:\Users\Administrator\.stmcufinder\plugins\mcufinder/ => C:\Users\Administrator\.stmcufinder\plugins\mcufinder
2024-12-19 13:05:47,899 [INFO] DbMcusAds:125 - Set database path to: C:\Users\Administrator\.stmcufinder\plugins\mcufinder//mcu/
2024-12-19 13:05:47,899 [WARN] DbFile:41 - Overriding database path with different value: C:\Users\Administrator\.stmcufinder\plugins\mcufinder/ => C:\Users\Administrator\.stmcufinder\plugins\mcufinder
2024-12-19 13:05:47,899 [WARN] DbFile:41 - Overriding database path with different value: C:\Users\Administrator\.stmcufinder\plugins\mcufinder/ => C:\Users\Administrator\.stmcufinder\plugins\mcufinder
2024-12-19 13:05:47,899 [INFO] CrossReferenceDbSqlite:203 - Set database path to: C:\Users\Administrator\.stmcufinder\plugins\mcufinder//mcu/cs/
2024-12-19 13:05:47,999 [INFO] MainPanel:272 - HeapMemory: 270532608
2024-12-19 13:05:48,156 [INFO] DbMcusXml:78 - Set database path to: C:\ST\STM32CubeIDE_1.16.0\STM32CubeIDE\plugins\com.st.stm32cube.common.mx_6.13.0.202411220809\\db\/mcu/
2024-12-19 13:05:48,156 [INFO] ApiDb:274 - Set plugin database path to: C:\ST\STM32CubeIDE_1.16.0\STM32CubeIDE\plugins\com.st.stm32cube.common.mx_6.13.0.202411220809\\db\/plugins/boardmanager/
2024-12-19 13:05:48,156 [INFO] ApiDb:261 - Set plugin images path to: C:\ST\STM32CubeIDE_1.16.0\STM32CubeIDE\plugins\com.st.stm32cube.common.mx_6.13.0.202411220809\\db\/plugins/mcufinder/images/
2024-12-19 13:05:48,156 [WARN] DbFile:41 - Overriding database path with different value: C:\Users\Administrator\.stmcufinder\plugins\mcufinder/ => C:\Users\Administrator\.stmcufinder\plugins\mcufinder
2024-12-19 13:05:48,157 [INFO] ApiDb:250 - Set database path to: C:\Users\Administrator\.stmcufinder\plugins\mcufinder//mcu/
2024-12-19 13:05:48,157 [WARN] DbFile:41 - Overriding database path with different value: C:\Users\Administrator\.stmcufinder\plugins\mcufinder/ => C:\Users\Administrator\.stmcufinder\plugins\mcufinder
2024-12-19 13:05:48,157 [INFO] DbMcusAds:125 - Set database path to: C:\Users\Administrator\.stmcufinder\plugins\mcufinder//mcu/
2024-12-19 13:05:48,157 [WARN] DbFile:41 - Overriding database path with different value: C:\Users\Administrator\.stmcufinder\plugins\mcufinder/ => C:\Users\Administrator\.stmcufinder\plugins\mcufinder
2024-12-19 13:05:48,157 [WARN] DbFile:41 - Overriding database path with different value: C:\Users\Administrator\.stmcufinder\plugins\mcufinder/ => C:\Users\Administrator\.stmcufinder\plugins\mcufinder
2024-12-19 13:05:48,157 [INFO] CrossReferenceDbSqlite:203 - Set database path to: C:\Users\Administrator\.stmcufinder\plugins\mcufinder//mcu/cs/
2024-12-19 13:05:48,178 [INFO] ApplicationProperties:184 - Using Application install path: C:\ST\STM32CubeIDE_1.16.0\STM32CubeIDE\plugins\com.st.stm32cube.common.mx_6.13.0.202411220809
2024-12-19 13:05:48,179 [INFO] PluginManage:196 - Search for loadable plugins [exclusion list=, ]
2024-12-19 13:05:48,181 [INFO] PluginManage:310 - Check plugin analytics
2024-12-19 13:05:48,399 [INFO] AnalyticsPlugin:253 - Accepted Software Licenses: STM32CubeMX.6.4.0,STM32CubeMX.6.11.1,STM32CubeMX.6.13.0
2024-12-19 13:05:48,399 [INFO] AnalyticsPlugin:255 - Accepted CMSIS Pack Licenses: 
2024-12-19 13:05:48,400 [INFO] AnalyticsPlugin:257 - Accepted Firmware Licenses: 
2024-12-19 13:05:48,403 [INFO] PluginManage:359 - Loaded plugin analytics (category:tool,tabindex:-1)
2024-12-19 13:05:48,404 [INFO] PluginManage:310 - Check plugin cadmodel
2024-12-19 13:05:48,413 [INFO] CADModel:105 - Init CAD model plugin
2024-12-19 13:05:48,413 [INFO] PluginManage:359 - Loaded plugin cadmodel (category:power,tabindex:5)
2024-12-19 13:05:48,414 [INFO] PluginManage:310 - Check plugin clock
2024-12-19 13:05:48,429 [INFO] PluginManage:359 - Loaded plugin clock (category:base,tabindex:2)
2024-12-19 13:05:48,429 [INFO] PluginManage:310 - Check plugin ddr
2024-12-19 13:05:48,434 [INFO] PluginManage:359 - Loaded plugin ddr (category:tool,tabindex:6)
2024-12-19 13:05:48,434 [INFO] PluginManage:310 - Check plugin filemanager
2024-12-19 13:05:48,593 [INFO] PluginManage:359 - Loaded plugin filemanager (category:base,tabindex:10)
2024-12-19 13:05:48,593 [INFO] PluginManage:310 - Check plugin ipmanager
2024-12-19 13:05:48,601 [INFO] PluginManage:359 - Loaded plugin ipmanager (category:base,tabindex:5)
2024-12-19 13:05:48,601 [INFO] PluginManage:310 - Check plugin lpbam
2024-12-19 13:05:48,611 [INFO] PluginManage:359 - Loaded plugin lpbam (category:base,tabindex:0)
2024-12-19 13:05:48,611 [INFO] PluginManage:310 - Check plugin memorymap
2024-12-19 13:05:48,627 [INFO] PluginManage:359 - Loaded plugin memorymap (category:base,tabindex:4)
2024-12-19 13:05:48,628 [INFO] PluginManage:310 - Check plugin pinoutandconfiguration
2024-12-19 13:05:48,641 [INFO] PluginManage:359 - Loaded plugin pinoutandconfiguration (category:base,tabindex:1)
2024-12-19 13:05:48,642 [INFO] PluginManage:310 - Check plugin pinoutconfig
2024-12-19 13:05:48,764 [WARN] SupportedApi:132 - Cannot load RTOS API schema: s4s-elt-must-match.1: The content of 'definitions' must match (annotation?, (simpleType | complexType)?, (unique | key | keyref)*)). A problem was found starting at: attribute.
2024-12-19 13:05:48,930 [INFO] PluginManage:359 - Loaded plugin pinoutconfig (category:base,tabindex:0)
2024-12-19 13:05:48,931 [INFO] PluginManage:310 - Check plugin power
2024-12-19 13:05:48,945 [INFO] PluginManage:359 - Loaded plugin power (category:power,tabindex:4)
2024-12-19 13:05:48,945 [INFO] PluginManage:310 - Check plugin projectmanager
2024-12-19 13:05:48,962 [INFO] PluginManage:359 - Loaded plugin projectmanager (category:projectmanager,tabindex:4)
2024-12-19 13:05:48,962 [INFO] PluginManage:310 - Check plugin rif
2024-12-19 13:05:48,973 [INFO] PluginManage:359 - Loaded plugin rif (category:base,tabindex:3)
2024-12-19 13:05:48,973 [INFO] PluginManage:310 - Check plugin thirdparty
2024-12-19 13:05:49,187 [INFO] PluginManage:359 - Loaded plugin thirdparty (category:base,tabindex:-1)
2024-12-19 13:05:49,187 [INFO] PluginManage:310 - Check plugin tools
2024-12-19 13:05:49,186 [WARN] IntegrityCheckThread:84 - waiting for thirdparty lock release [integrity check]
2024-12-19 13:05:49,191 [INFO] IntegrityCheckThread:86 - entering critical section [integrity check]
2024-12-19 13:05:49,191 [INFO] PluginManage:359 - Loaded plugin tools (category:base,tabindex:7)
2024-12-19 13:05:49,191 [INFO] PluginManage:310 - Check plugin tutovideos
2024-12-19 13:05:49,192 [INFO] ThirdPartyUpdaterWithRetryManager:70 - Updater plugin not ready yet. [1/15]
2024-12-19 13:05:49,397 [INFO] PluginManage:359 - Loaded plugin tutovideos (category:base,tabindex:-1)
2024-12-19 13:05:49,397 [INFO] PluginManage:310 - Check plugin updater
2024-12-19 13:05:49,421 [INFO] PluginManage:359 - Loaded plugin updater (category:base,tabindex:12)
2024-12-19 13:05:49,421 [INFO] PluginManage:310 - Check plugin userauth
2024-12-19 13:05:49,426 [INFO] UserAuth:118 - Init User Auth plugin
2024-12-19 13:05:49,427 [INFO] PluginManage:359 - Loaded plugin userauth (category:base,tabindex:14)
2024-12-19 13:05:49,428 [INFO] PluginManage:283 - PluginManage : Loaded plugins [18]
2024-12-19 13:05:49,693 [INFO] PinOutPanel:1589 - setPackage(No Configuration,No Configuration)
2024-12-19 13:05:49,803 [INFO] CADModel:165 - CPN selected for project level
2024-12-19 13:05:49,803 [INFO] CADModel:114 - Register for checkConnection events
2024-12-19 13:05:49,839 [INFO] IPUIPlugin:80 - create IPUIPlugin
2024-12-19 13:05:49,839 [INFO] PluginManager:220 - loadIPPluginJar : add adc
2024-12-19 13:05:49,845 [INFO] IPUIPlugin:80 - create IPUIPlugin
2024-12-19 13:05:49,845 [INFO] PluginManager:220 - loadIPPluginJar : add aes
2024-12-19 13:05:49,849 [INFO] IPUIPlugin:80 - create IPUIPlugin
2024-12-19 13:05:49,849 [INFO] PluginManager:220 - loadIPPluginJar : add can
2024-12-19 13:05:49,852 [INFO] IPUIPlugin:80 - create IPUIPlugin
2024-12-19 13:05:49,852 [INFO] PluginManager:220 - loadIPPluginJar : add comp
2024-12-19 13:05:49,856 [INFO] IPUIPlugin:80 - create IPUIPlugin
2024-12-19 13:05:49,857 [INFO] PluginManager:220 - loadIPPluginJar : add cryp
2024-12-19 13:05:49,864 [INFO] IPUIPlugin:80 - create IPUIPlugin
2024-12-19 13:05:49,864 [INFO] PluginManager:220 - loadIPPluginJar : add ddr_ctrl_phy
2024-12-19 13:05:49,868 [INFO] IPUIPlugin:80 - create IPUIPlugin
2024-12-19 13:05:49,868 [INFO] PluginManager:220 - loadIPPluginJar : add dfsdm
2024-12-19 13:05:49,875 [INFO] IPUIPlugin:80 - create IPUIPlugin
2024-12-19 13:05:49,876 [INFO] PluginManager:220 - loadIPPluginJar : add dma
2024-12-19 13:05:49,880 [INFO] IPUIPlugin:80 - create IPUIPlugin
2024-12-19 13:05:49,880 [INFO] PluginManager:220 - loadIPPluginJar : add dma3
2024-12-19 13:05:49,884 [INFO] IPUIPlugin:80 - create IPUIPlugin
2024-12-19 13:05:49,884 [INFO] PluginManager:220 - loadIPPluginJar : add extmemmanager
2024-12-19 13:05:49,886 [INFO] IPUIPlugin:80 - create IPUIPlugin
2024-12-19 13:05:49,886 [INFO] PluginManager:220 - loadIPPluginJar : add fatfs
2024-12-19 13:05:49,892 [INFO] IPUIPlugin:80 - create IPUIPlugin
2024-12-19 13:05:49,892 [INFO] PluginManager:220 - loadIPPluginJar : add fmc
2024-12-19 13:05:49,900 [INFO] IPUIPlugin:80 - create IPUIPlugin
2024-12-19 13:05:49,901 [INFO] PluginManager:220 - loadIPPluginJar : add freertos
2024-12-19 13:05:49,903 [INFO] IPUIPlugin:80 - create IPUIPlugin
2024-12-19 13:05:49,903 [INFO] PluginManager:220 - loadIPPluginJar : add genericplugin
2024-12-19 13:05:49,907 [INFO] IPUIPlugin:80 - create IPUIPlugin
2024-12-19 13:05:49,907 [INFO] PluginManager:220 - loadIPPluginJar : add gfxmmu
2024-12-19 13:05:49,913 [INFO] IPUIPlugin:80 - create IPUIPlugin
2024-12-19 13:05:49,913 [INFO] PluginManager:220 - loadIPPluginJar : add gic
2024-12-19 13:05:49,918 [INFO] IPUIPlugin:80 - create IPUIPlugin
2024-12-19 13:05:49,918 [INFO] PluginManager:220 - loadIPPluginJar : add gpio
2024-12-19 13:05:49,923 [INFO] IPUIPlugin:80 - create IPUIPlugin
2024-12-19 13:05:49,923 [INFO] PluginManager:220 - loadIPPluginJar : add gtzc
2024-12-19 13:05:49,926 [INFO] IPUIPlugin:80 - create IPUIPlugin
2024-12-19 13:05:49,926 [INFO] PluginManager:220 - loadIPPluginJar : add hash
2024-12-19 13:05:49,930 [INFO] IPUIPlugin:80 - create IPUIPlugin
2024-12-19 13:05:49,931 [INFO] PluginManager:220 - loadIPPluginJar : add i2c
2024-12-19 13:05:49,934 [INFO] IPUIPlugin:80 - create IPUIPlugin
2024-12-19 13:05:49,935 [INFO] PluginManager:220 - loadIPPluginJar : add i2s
2024-12-19 13:05:49,939 [INFO] IPUIPlugin:80 - create IPUIPlugin
2024-12-19 13:05:49,940 [INFO] PluginManager:220 - loadIPPluginJar : add i3c
2024-12-19 13:05:49,945 [INFO] IPUIPlugin:80 - create IPUIPlugin
2024-12-19 13:05:49,946 [INFO] PluginManager:220 - loadIPPluginJar : add ipddr
2024-12-19 13:05:49,954 [INFO] IPUIPlugin:80 - create IPUIPlugin
2024-12-19 13:05:49,954 [INFO] PluginManager:220 - loadIPPluginJar : add linkedlist
2024-12-19 13:05:49,959 [INFO] IPUIPlugin:80 - create IPUIPlugin
2024-12-19 13:05:49,959 [INFO] PluginManager:220 - loadIPPluginJar : add lorawan
2024-12-19 13:05:49,962 [INFO] IPUIPlugin:80 - create IPUIPlugin
2024-12-19 13:05:49,962 [INFO] PluginManager:220 - loadIPPluginJar : add ltdc
2024-12-19 13:05:49,971 [INFO] IPUIPlugin:80 - create IPUIPlugin
2024-12-19 13:05:49,971 [INFO] PluginManager:220 - loadIPPluginJar : add mdma
2024-12-19 13:05:49,977 [INFO] IPUIPlugin:80 - create IPUIPlugin
2024-12-19 13:05:49,977 [INFO] PluginManager:220 - loadIPPluginJar : add nvic
2024-12-19 13:05:49,982 [INFO] IPUIPlugin:80 - create IPUIPlugin
2024-12-19 13:05:49,982 [INFO] PluginManager:220 - loadIPPluginJar : add opamp
2024-12-19 13:05:49,986 [INFO] IPUIPlugin:80 - create IPUIPlugin
2024-12-19 13:05:49,986 [INFO] PluginManager:220 - loadIPPluginJar : add openamp
2024-12-19 13:05:49,991 [INFO] IPUIPlugin:80 - create IPUIPlugin
2024-12-19 13:05:49,991 [INFO] PluginManager:220 - loadIPPluginJar : add pdm2pcm
2024-12-19 13:05:49,997 [INFO] IPUIPlugin:80 - create IPUIPlugin
2024-12-19 13:05:49,999 [INFO] PluginManager:220 - loadIPPluginJar : add plateformsettings
2024-12-19 13:05:50,002 [INFO] IPUIPlugin:80 - create IPUIPlugin
2024-12-19 13:05:50,002 [INFO] PluginManager:220 - loadIPPluginJar : add quadspi
2024-12-19 13:05:50,005 [INFO] IPUIPlugin:80 - create IPUIPlugin
2024-12-19 13:05:50,005 [INFO] PluginManager:220 - loadIPPluginJar : add radio
2024-12-19 13:05:50,013 [INFO] IPUIPlugin:80 - create IPUIPlugin
2024-12-19 13:05:50,014 [INFO] PluginManager:220 - loadIPPluginJar : add resmgrutility
2024-12-19 13:05:50,018 [INFO] IPUIPlugin:80 - create IPUIPlugin
2024-12-19 13:05:50,018 [INFO] PluginManager:220 - loadIPPluginJar : add sai
2024-12-19 13:05:50,021 [INFO] IPUIPlugin:80 - create IPUIPlugin
2024-12-19 13:05:50,021 [INFO] PluginManager:220 - loadIPPluginJar : add spi
2024-12-19 13:05:50,028 [INFO] IPUIPlugin:80 - create IPUIPlugin
2024-12-19 13:05:50,028 [INFO] PluginManager:220 - loadIPPluginJar : add stm32_wpan
2024-12-19 13:05:50,030 [INFO] IPUIPlugin:80 - create IPUIPlugin
2024-12-19 13:05:50,030 [INFO] PluginManager:220 - loadIPPluginJar : add tim
2024-12-19 13:05:50,033 [INFO] IPUIPlugin:80 - create IPUIPlugin
2024-12-19 13:05:50,033 [INFO] PluginManager:220 - loadIPPluginJar : add touchsensing
2024-12-19 13:05:50,036 [INFO] IPUIPlugin:80 - create IPUIPlugin
2024-12-19 13:05:50,036 [INFO] PluginManager:220 - loadIPPluginJar : add tracer_emb
2024-12-19 13:05:50,039 [INFO] IPUIPlugin:80 - create IPUIPlugin
2024-12-19 13:05:50,039 [INFO] PluginManager:220 - loadIPPluginJar : add ts
2024-12-19 13:05:50,042 [INFO] IPUIPlugin:80 - create IPUIPlugin
2024-12-19 13:05:50,042 [INFO] PluginManager:220 - loadIPPluginJar : add tsc
2024-12-19 13:05:50,045 [INFO] IPUIPlugin:80 - create IPUIPlugin
2024-12-19 13:05:50,045 [INFO] PluginManager:220 - loadIPPluginJar : add ucpd
2024-12-19 13:05:50,048 [INFO] IPUIPlugin:80 - create IPUIPlugin
2024-12-19 13:05:50,048 [INFO] PluginManager:220 - loadIPPluginJar : add usart
2024-12-19 13:05:50,051 [INFO] IPUIPlugin:80 - create IPUIPlugin
2024-12-19 13:05:50,051 [INFO] PluginManager:220 - loadIPPluginJar : add usbx
2024-12-19 13:05:50,186 [FATAL] Updater:351 - Updater called before beeing initialized
2024-12-19 13:05:50,213 [INFO] RulesReader:64 - Compatibility file has been processed (297 Rules)
2024-12-19 13:05:50,222 [INFO] RulesReader:64 - Compatibility file has been processed (297 Rules)
2024-12-19 13:05:50,229 [INFO] CADModel:165 - CPN selected for project level
2024-12-19 13:05:50,229 [INFO] CADModel:114 - Register for checkConnection events
2024-12-19 13:05:50,230 [FATAL] Updater:351 - Updater called before beeing initialized
2024-12-19 13:05:50,230 [ERROR] CADModel:125 - Updater not yet initialized, retry later 
2024-12-19 13:05:50,425 [FATAL] Updater:351 - Updater called before beeing initialized
2024-12-19 13:05:50,427 [INFO] CADModel:165 - CPN selected for project level
2024-12-19 13:05:50,427 [INFO] CADModel:114 - Register for checkConnection events
2024-12-19 13:05:50,427 [FATAL] Updater:351 - Updater called before beeing initialized
2024-12-19 13:05:50,427 [ERROR] CADModel:125 - Updater not yet initialized, retry later 
2024-12-19 13:05:50,432 [FATAL] Updater:351 - Updater called before beeing initialized
2024-12-19 13:05:50,623 [FATAL] Updater:351 - Updater called before beeing initialized
2024-12-19 13:05:50,628 [INFO] DbMcusAds:53 - JSON generation date=Wed Dec 18 00:01:15 CST 2024 (1734451275222)
2024-12-19 13:05:50,628 [FATAL] Updater:351 - Updater called before beeing initialized
2024-12-19 13:05:50,671 [WARN] DetailPanel:346 - Failed to get advertising image, set to default
2024-12-19 13:05:50,903 [FATAL] Updater:351 - Updater called before beeing initialized
2024-12-19 13:05:50,905 [FATAL] Updater:351 - Updater called before beeing initialized
2024-12-19 13:05:50,906 [FATAL] Updater:351 - Updater called before beeing initialized
2024-12-19 13:05:50,906 [WARN] DetailPanel:346 - Failed to get advertising image, set to default
2024-12-19 13:05:50,907 [FATAL] Updater:351 - Updater called before beeing initialized
2024-12-19 13:05:50,960 [ERROR] Updater:1198 - MainUpdater not yet initialized. External WinMGr cannot be set.
2024-12-19 13:05:50,962 [INFO] Updater:1134 - Updater Version found : 6.13.0
2024-12-19 13:05:50,984 [INFO] ApplicationProperties:184 - Using Application install path: C:\ST\STM32CubeIDE_1.16.0\STM32CubeIDE\plugins\com.st.stm32cube.common.mx_6.13.0.202411220809
2024-12-19 13:05:51,710 [INFO] MainUpdater:2872 - connection check result : 10
2024-12-19 13:05:51,711 [INFO] MainUpdater:289 - Updater Check For Update Now.
2024-12-19 13:05:51,711 [INFO] MicroXplorer:498 - Change Database Version : DB.6.0.130
2024-12-19 13:05:51,717 [INFO] McuFinderGlobals:63 - Set McuFinder mode to 2 (CubeIDE integrated)
2024-12-19 13:05:51,717 [INFO] UserAuth:171 - activating auth plugin
2024-12-19 13:05:51,722 [INFO] UserAuth:486 - Internet connection configuration mode: 1
2024-12-19 13:05:51,750 [INFO] JxBrowserEngine:152 - Initiate JxBrowser Engine with user profile folder
2024-12-19 13:05:52,000 [INFO] CheckServerUpdateThread:120 - End of CheckServer Thread
2024-12-19 13:05:52,437 [WARN] PackLoader:240 - Cannot read IP mode file for STMicroelectronics.FP-SNS-MOTENVWB1.1.4.0
2024-12-19 13:05:52,445 [WARN] PackLoader:240 - Cannot read IP mode file for STMicroelectronics.FP-ATR-ASTRA1.2.0.1
2024-12-19 13:05:52,455 [WARN] PackLoader:240 - Cannot read IP mode file for STMicroelectronics.X-CUBE-SMBUS.2.1.0
2024-12-19 13:05:52,464 [WARN] PackLoader:240 - Cannot read IP mode file for STMicroelectronics.X-CUBE-WB05N.1.1.0
2024-12-19 13:05:52,492 [WARN] PackLoader:240 - Cannot read IP mode file for STMicroelectronics.X-CUBE-AZRTOS-F7.1.1.0
2024-12-19 13:05:52,546 [WARN] PackLoader:240 - Cannot read IP mode file for STMicroelectronics.X-CUBE-MEMS1.11.0.0
2024-12-19 13:05:52,709 [WARN] PackLoader:240 - Cannot read IP mode file for STMicroelectronics.FP-SNS-FLIGHT1.5.0.2
2024-12-19 13:05:52,729 [WARN] PackLoader:240 - Cannot read IP mode file for Infineon.AIROC-Wi-Fi-Bluetooth-STM32.1.7.0
2024-12-19 13:05:52,739 [WARN] PackLoader:240 - Cannot read IP mode file for STMicroelectronics.X-CUBE-DISPLAY.3.0.0
2024-12-19 13:05:52,747 [WARN] PackLoader:240 - Cannot read IP mode file for STMicroelectronics.X-CUBE-BLE1.7.0.0
2024-12-19 13:05:52,761 [WARN] PackLoader:240 - Cannot read IP mode file for STMicroelectronics.X-CUBE-NFC10.1.0.0
2024-12-19 13:05:53,048 [WARN] PackLoader:240 - Cannot read IP mode file for STMicroelectronics.X-CUBE-BLEMGR.4.0.0
2024-12-19 13:05:53,074 [WARN] PackLoader:240 - Cannot read IP mode file for emotas.I-CUBE-CANOPEN.1.3.0
2024-12-19 13:05:53,082 [WARN] PackLoader:240 - Cannot read IP mode file for STMicroelectronics.FP-SNS-SMARTAG2.1.2.0
2024-12-19 13:05:53,154 [WARN] PackLoader:240 - Cannot read IP mode file for STMicroelectronics.X-CUBE-MEMS1.11.1.0
2024-12-19 13:05:53,375 [INFO] LogOutputStream:77 - [STDOUT_REDIRECT] 1 : Invalid condition id : UX_CORESTACK_Condition cause : null
2024-12-19 13:05:53,376 [INFO] LogOutputStream:77 - [STDOUT_REDIRECT] 1 : Invalid condition id : UX_CORESTACK_Condition cause : null
2024-12-19 13:05:53,377 [INFO] LogOutputStream:77 - [STDOUT_REDIRECT] 1 : Invalid condition id : UX_CORESTACK_Condition cause : null
2024-12-19 13:05:53,378 [INFO] LogOutputStream:77 - [STDOUT_REDIRECT] 1 : Invalid condition id : UX_CORESTACK_Condition cause : null
2024-12-19 13:05:53,379 [INFO] LogOutputStream:77 - [STDOUT_REDIRECT] 1 : Invalid condition id : UX_CORESTACK_Condition cause : null
2024-12-19 13:05:53,382 [WARN] PackLoader:240 - Cannot read IP mode file for STMicroelectronics.X-CUBE-AZRTOS-WL.2.0.0
2024-12-19 13:05:53,388 [WARN] PackLoader:240 - Cannot read IP mode file for STMicroelectronics.FP-SNS-MOTENV1.5.0.0
2024-12-19 13:05:53,394 [WARN] PackLoader:240 - Cannot read IP mode file for wolfSSL.I-CUBE-wolfMQTT.1.19.0
2024-12-19 13:05:53,400 [WARN] PackLoader:240 - Cannot read IP mode file for STMicroelectronics.X-CUBE-BLE2.3.3.0
2024-12-19 13:05:53,407 [WARN] PackLoader:240 - Cannot read IP mode file for STMicroelectronics.X-CUBE-NFC9.1.0.0
2024-12-19 13:05:53,428 [WARN] PackLoader:240 - Cannot read IP mode file for STMicroelectronics.X-CUBE-AZRTOS-G0.1.1.0
2024-12-19 13:05:53,437 [WARN] PackLoader:240 - Cannot read IP mode file for STMicroelectronics.X-CUBE-SAFEA1.1.2.2
2024-12-19 13:05:53,445 [WARN] PackLoader:240 - Cannot read IP mode file for STMicroelectronics.X-CUBE-NFC4.3.0.0
2024-12-19 13:05:53,456 [WARN] PackLoader:240 - Cannot read IP mode file for EmbeddedOffice.I-CUBE-FS-RTOS.1.0.1
2024-12-19 13:05:53,463 [WARN] PackLoader:240 - Cannot read IP mode file for STMicroelectronics.X-CUBE-TCPP.4.2.0
2024-12-19 13:05:53,470 [WARN] PackLoader:240 - Cannot read IP mode file for RealThread.X-CUBE-RT-Thread_Nano.4.1.1
2024-12-19 13:05:53,477 [WARN] PackLoader:240 - Cannot read IP mode file for STMicroelectronics.FP-ATR-SIGFOX1.3.2.0
2024-12-19 13:05:53,481 [WARN] ConditionMgr:438 - getConditionDescription Invalid condition id : Cortex-A Device cause : null
2024-12-19 13:05:53,493 [WARN] ConditionMgr:1044 - genDependencies : Invalid condition id : Cortex-A Device cause : null
2024-12-19 13:05:53,493 [WARN] ConditionMgr:1044 - genDependencies : Invalid condition id : Cortex-A Device cause : null
2024-12-19 13:05:53,493 [WARN] ConditionMgr:1044 - genDependencies : Invalid condition id : Cortex-A Device cause : null
2024-12-19 13:05:53,500 [WARN] PackLoader:240 - Cannot read IP mode file for STMicroelectronics.X-CUBE-EEPRMA1.5.1.0
2024-12-19 13:05:53,506 [WARN] PackLoader:240 - Cannot read IP mode file for wolfSSL.I-CUBE-wolfSSL.5.7.4
2024-12-19 13:05:53,512 [WARN] PackLoader:240 - Cannot read IP mode file for ITTIA_DB.I-CUBE-ITTIADB.8.9.0
2024-12-19 13:05:53,541 [WARN] PackLoader:240 - Cannot read IP mode file for SEGGER.I-CUBE-embOS.1.3.1
2024-12-19 13:05:53,575 [WARN] PackLoader:240 - Cannot read IP mode file for STMicroelectronics.X-CUBE-ALGOBUILD.1.4.0
2024-12-19 13:05:53,579 [WARN] PackLoader:240 - Cannot read IP mode file for STMicroelectronics.X-CUBE-AI.9.1.0
2024-12-19 13:05:53,590 [WARN] PackLoader:240 - Cannot read IP mode file for STMicroelectronics.X-CUBE-AZRTOS-F4.1.1.0
2024-12-19 13:05:53,595 [WARN] PackLoader:240 - Cannot read IP mode file for STMicroelectronics.X-CUBE-ISPU.2.1.0
2024-12-19 13:05:53,608 [WARN] PackLoader:240 - Cannot read IP mode file for STMicroelectronics.X-CUBE-AZRTOS-L5.2.0.0
2024-12-19 13:05:53,615 [WARN] PackLoader:240 - Cannot read IP mode file for STMicroelectronics.X-CUBE-NFC6.3.1.0
2024-12-19 13:05:53,621 [WARN] PackLoader:240 - Cannot read IP mode file for STMicroelectronics.X-CUBE-DPower.1.2.0
2024-12-19 13:05:53,625 [WARN] PackLoader:240 - Cannot read IP mode file for STMicroelectronics.X-CUBE-FREERTOS.1.3.0
2024-12-19 13:05:53,629 [WARN] PackLoader:240 - Cannot read IP mode file for STMicroelectronics.X-CUBE-NFC7.1.0.1
2024-12-19 13:05:53,642 [WARN] ConditionMgr:438 - getConditionDescription Invalid condition id : LAN8742 Phy interface Condition cause : null
2024-12-19 13:05:53,643 [WARN] PackLoader:240 - Cannot read IP mode file for STMicroelectronics.X-CUBE-AZRTOS-L4.2.0.0
2024-12-19 13:05:53,644 [WARN] ConditionMgr:1044 - genDependencies : Invalid condition id : LAN8742 Phy interface Condition cause : null
2024-12-19 13:05:53,644 [WARN] ConditionMgr:1044 - genDependencies : Invalid condition id : LAN8742 Phy interface Condition cause : null
2024-12-19 13:05:53,646 [WARN] ConditionMgr:1044 - genDependencies : Invalid condition id : LAN8742 Phy interface Condition cause : null
2024-12-19 13:05:53,652 [WARN] PackLoader:240 - Cannot read IP mode file for STMicroelectronics.X-CUBE-SFXS2LP1.4.0.0
2024-12-19 13:05:53,667 [WARN] PackLoader:240 - Cannot read IP mode file for STMicroelectronics.X-CUBE-AZRTOS-H7.3.3.0
2024-12-19 13:05:53,677 [WARN] PackLoader:240 - Cannot read IP mode file for STMicroelectronics.X-CUBE-IPS.3.0.0
2024-12-19 13:05:53,688 [WARN] ConditionMgr:438 - getConditionDescription Invalid condition id : UX DEVICE CLASS RTOS Condition cause : null
2024-12-19 13:05:53,688 [WARN] ConditionMgr:438 - getConditionDescription Invalid condition id : UX DEVICE CLASS RTOS Condition cause : null
2024-12-19 13:05:53,691 [WARN] PackLoader:240 - Cannot read IP mode file for STMicroelectronics.X-CUBE-AZRTOS-WB.2.0.0
2024-12-19 13:05:53,691 [WARN] ConditionMgr:1044 - genDependencies : Invalid condition id : UX DEVICE CLASS RTOS Condition cause : null
2024-12-19 13:05:53,691 [WARN] ConditionMgr:1044 - genDependencies : Invalid condition id : UX DEVICE CLASS RTOS Condition cause : null
2024-12-19 13:05:53,692 [WARN] ConditionMgr:1044 - genDependencies : Invalid condition id : UX DEVICE CLASS RTOS Condition cause : null
2024-12-19 13:05:53,692 [WARN] ConditionMgr:1044 - genDependencies : Invalid condition id : UX DEVICE CLASS RTOS Condition cause : null
2024-12-19 13:05:53,692 [WARN] ConditionMgr:1044 - genDependencies : Invalid condition id : UX DEVICE CLASS RTOS Condition cause : null
2024-12-19 13:05:53,698 [WARN] PackLoader:240 - Cannot read IP mode file for STMicroelectronics.X-CUBE-GNSS1.7.0.0
2024-12-19 13:05:53,702 [WARN] PackLoader:240 - Cannot read IP mode file for STMicroelectronics.X-CUBE-GNSS1.7.0.1
2024-12-19 13:05:53,708 [WARN] PackLoader:240 - Cannot read IP mode file for STMicroelectronics.FP-SNS-STBOX1.2.0.0
2024-12-19 13:05:53,716 [WARN] PackLoader:240 - Cannot read IP mode file for STMicroelectronics.X-CUBE-SUBG2.5.0.0
2024-12-19 13:05:53,724 [WARN] PackLoader:240 - Cannot read IP mode file for Cesanta.I-CUBE-Mongoose.7.13.0
2024-12-19 13:05:53,734 [WARN] PackLoader:240 - Cannot read IP mode file for STMicroelectronics.X-CUBE-AZRTOS-G4.2.0.0
2024-12-19 13:05:53,740 [WARN] PackLoader:240 - Cannot read IP mode file for STMicroelectronics.X-CUBE-ALS.1.0.2
2024-12-19 13:05:53,745 [WARN] PackLoader:240 - Cannot read IP mode file for STMicroelectronics.X-CUBE-TOUCHGFX.4.24.1
2024-12-19 13:05:53,749 [WARN] PackLoader:240 - Cannot read IP mode file for wolfSSL.I-CUBE-wolfTPM.3.4.0
2024-12-19 13:05:53,753 [WARN] PackLoader:240 - Cannot read IP mode file for portGmbH.I-Cube-SoM-uGOAL.1.1.0
2024-12-19 13:05:53,767 [WARN] PackLoader:240 - Cannot read IP mode file for STMicroelectronics.X-CUBE-AZRTOS-H7RS.1.0.0
2024-12-19 13:05:53,776 [WARN] PackLoader:240 - Cannot read IP mode file for STMicroelectronics.X-CUBE-TOF1.3.4.2
2024-12-19 13:05:53,786 [WARN] PackLoader:240 - Cannot read IP mode file for wolfSSL.I-CUBE-wolfSSH.1.4.17
2024-12-19 13:05:53,787 [INFO] ThirdParty:978 - Integrity check success = true
2024-12-19 13:05:53,787 [INFO] IntegrityCheckThread:100 - exiting critical section [integrity check]
2024-12-19 13:05:53,787 [INFO] IntegrityCheckThread:103 - End integrity checks thread
2024-12-19 13:05:55,485 [INFO] WebApp:168 - Instantiating new browser for Auth
2024-12-19 13:05:56,906 [INFO] WebApp:449 - Apply proxy settings
2024-12-19 13:05:56,906 [INFO] WebApp:534 - Chromium requires no authentication
2024-12-19 13:05:56,917 [INFO] WebApp:477 - Direct internet connection detected
2024-12-19 13:05:56,948 [INFO] WebApp:880 - Register for checkConnection events
2024-12-19 13:05:56,949 [INFO] WebApp:449 - Apply proxy settings
2024-12-19 13:05:56,949 [INFO] WebApp:534 - Chromium requires no authentication
2024-12-19 13:05:56,949 [INFO] WebApp:477 - Direct internet connection detected
2024-12-19 13:05:57,172 [INFO] WebApp:221 - Starting web application
2024-12-19 13:05:57,172 [INFO] WebApp:579 - Web application path used C:\ST\STM32CubeIDE_1.16.0\STM32CubeIDE\plugins\com.st.stm32cube.common.mx_6.13.0.202411220809\db\plugins\mcufinder\reactClient1\index.html
2024-12-19 13:42:45,129 [ERROR] LogOutputStream:75 - [STDERR_REDIRECT] Warning: NLS unused message: ChangeExceptionHandler_dialog_title in: org.eclipse.jdt.internal.ui.refactoring.refactoringui
2024-12-19 21:14:58,119 [ERROR] LogOutputStream:75 - [STDERR_REDIRECT] Warning: NLS unused message: FileDescription_NewFileProgress in: org.eclipse.ui.internal.ide.undo.messages
2024-12-19 21:14:58,121 [ERROR] LogOutputStream:75 - [STDERR_REDIRECT] Warning: NLS unused message: FileDescription_ContentsCouldNotBeRestored in: org.eclipse.ui.internal.ide.undo.messages
2024-12-19 21:14:58,123 [ERROR] LogOutputStream:75 - [STDERR_REDIRECT] Warning: NLS unused message: FolderDescription_NewFolderProgress in: org.eclipse.ui.internal.ide.undo.messages
2024-12-19 21:14:58,125 [ERROR] LogOutputStream:75 - [STDERR_REDIRECT] Warning: NLS unused message: FolderDescription_SavingUndoInfoProgress in: org.eclipse.ui.internal.ide.undo.messages
2024-12-19 21:22:54,447 [ERROR] LogOutputStream:75 - [STDERR_REDIRECT] 
2024-12-19 21:23:16,639 [INFO] Activator:176 - 


2024-12-19 21:23:16,641 [INFO] Activator:177 - !SESSION log4j initialized
2024-12-19 21:23:17,317 [ERROR] LogOutputStream:75 - [STDERR_REDIRECT] Warning: NLS unused message: CodeAssistConfigurationBlock_matchSubstring_label in: org.eclipse.jdt.internal.ui.preferences.PreferencesMessages
2024-12-19 21:23:17,354 [ERROR] LogOutputStream:75 - [STDERR_REDIRECT] Warning: NLS unused message: ProblemMarkerManager_problem_marker_update_job_description in: org.eclipse.jdt.internal.ui.JavaUIMessages
2024-12-19 21:23:17,358 [ERROR] LogOutputStream:75 - [STDERR_REDIRECT] Warning: NLS unused message: FilteredTypesSelectionDialog_default_package in: org.eclipse.jdt.internal.ui.JavaUIMessages
2024-12-19 21:23:17,362 [ERROR] LogOutputStream:75 - [STDERR_REDIRECT] Warning: NLS unused message: FilteredTypeSelectionDialog_showContainerForDuplicatesAction in: org.eclipse.jdt.internal.ui.JavaUIMessages
2024-12-19 21:23:17,364 [ERROR] LogOutputStream:75 - [STDERR_REDIRECT] Warning: NLS unused message: JavaElementLabels_anonym in: org.eclipse.jdt.internal.ui.JavaUIMessages
2024-12-19 21:23:17,367 [ERROR] LogOutputStream:75 - [STDERR_REDIRECT] Warning: NLS unused message: JavaElementLabels_concat_string in: org.eclipse.jdt.internal.ui.JavaUIMessages
2024-12-19 21:23:17,370 [ERROR] LogOutputStream:75 - [STDERR_REDIRECT] Warning: NLS unused message: JavaElementLabels_comma_string in: org.eclipse.jdt.internal.ui.JavaUIMessages
2024-12-19 21:23:17,373 [ERROR] LogOutputStream:75 - [STDERR_REDIRECT] Warning: NLS unused message: JavaElementLabels_declseparator_string in: org.eclipse.jdt.internal.ui.JavaUIMessages
2024-12-19 21:23:17,376 [ERROR] LogOutputStream:75 - [STDERR_REDIRECT] Warning: NLS unused message: JavaElementLabels_category_separator_string in: org.eclipse.jdt.internal.ui.JavaUIMessages
2024-12-19 21:23:17,378 [ERROR] LogOutputStream:75 - [STDERR_REDIRECT] Warning: NLS unused message: JavaElementLabels_import_container in: org.eclipse.jdt.internal.ui.JavaUIMessages
2024-12-19 21:23:17,894 [ERROR] LogOutputStream:75 - [STDERR_REDIRECT] Warning: NLS unused message: FileDocumentProvider_getPersistedEncoding in: org.eclipse.ui.editors.text.TextEditorMessages
2024-12-19 21:23:21,054 [ERROR] LogOutputStream:75 - [STDERR_REDIRECT] Warning: NLS unused message: TextSearchVisitor_progress_updating_job in: org.eclipse.search.internal.ui.SearchMessages
2024-12-19 21:23:21,058 [ERROR] LogOutputStream:75 - [STDERR_REDIRECT] Warning: NLS unused message: SearchPageSelectionDialog_rememberLastUsedPage_message in: org.eclipse.search.internal.ui.SearchMessages
2024-12-19 21:23:25,182 [ERROR] LogOutputStream:75 - [STDERR_REDIRECT] Warning: NLS unused message: ShowInNavigatorView_label in: org.eclipse.jdt.internal.ui.actions.ActionMessages
2024-12-19 21:23:25,185 [ERROR] LogOutputStream:75 - [STDERR_REDIRECT] Warning: NLS unused message: ShowInNavigatorView_dialog_title in: org.eclipse.jdt.internal.ui.actions.ActionMessages
2024-12-19 21:23:25,187 [ERROR] LogOutputStream:75 - [STDERR_REDIRECT] Warning: NLS unused message: ShowInNavigatorView_dialog_message in: org.eclipse.jdt.internal.ui.actions.ActionMessages
2024-12-19 21:23:25,189 [ERROR] LogOutputStream:75 - [STDERR_REDIRECT] Warning: NLS unused message: ShowInNavigatorView_error_activation_failed in: org.eclipse.jdt.internal.ui.actions.ActionMessages
2024-12-19 21:23:25,196 [ERROR] LogOutputStream:75 - [STDERR_REDIRECT] Warning: NLS unused message: OrganizeImportsAction_error_message in: org.eclipse.jdt.internal.ui.actions.ActionMessages
2024-12-19 21:23:25,737 [INFO] LogOutputStream:77 - [STDOUT_REDIRECT] 
2024-12-19 21:23:33,101 [INFO] ApplicationProperties:184 - Using Application install path: C:\ST\STM32CubeIDE_1.16.0\STM32CubeIDE\plugins\com.st.stm32cube.common.mx_6.13.0.202411220809
2024-12-19 21:23:33,125 [INFO] DbMcusXml:78 - Set database path to: C:\ST\STM32CubeIDE_1.16.0\STM32CubeIDE\plugins\com.st.stm32cube.common.mx_6.13.0.202411220809\\db\/mcu/
2024-12-19 21:23:33,125 [INFO] ApiDb:274 - Set plugin database path to: C:\ST\STM32CubeIDE_1.16.0\STM32CubeIDE\plugins\com.st.stm32cube.common.mx_6.13.0.202411220809\\db\/plugins/boardmanager/
2024-12-19 21:23:33,125 [WARN] ApiDb:259 - Overriding images path with different value:  => C:\ST\STM32CubeIDE_1.16.0\STM32CubeIDE\plugins\com.st.stm32cube.common.mx_6.13.0.202411220809\\db\/plugins/mcufinder/images/
2024-12-19 21:23:33,141 [INFO] ApiDb:250 - Set database path to: C:\Users\Administrator\.stmcufinder\plugins\mcufinder//mcu/
2024-12-19 21:23:33,142 [INFO] DbMcusAds:125 - Set database path to: C:\Users\Administrator\.stmcufinder\plugins\mcufinder//mcu/
2024-12-19 21:23:33,146 [INFO] CrossReferenceDbSqlite:203 - Set database path to: C:\Users\Administrator\.stmcufinder\plugins\mcufinder//mcu/cs/
2024-12-19 21:23:33,384 [INFO] RulesReader:64 - Compatibility file has been processed (297 Rules)
2024-12-19 21:23:33,740 [INFO] DbMcusXml:78 - Set database path to: C:\ST\STM32CubeIDE_1.16.0\STM32CubeIDE\plugins\com.st.stm32cube.common.mx_6.13.0.202411220809\\db\/mcu/
2024-12-19 21:23:33,740 [INFO] ApiDb:274 - Set plugin database path to: C:\ST\STM32CubeIDE_1.16.0\STM32CubeIDE\plugins\com.st.stm32cube.common.mx_6.13.0.202411220809\\db\/plugins/boardmanager/
2024-12-19 21:23:33,740 [INFO] ApiDb:261 - Set plugin images path to: C:\ST\STM32CubeIDE_1.16.0\STM32CubeIDE\plugins\com.st.stm32cube.common.mx_6.13.0.202411220809\\db\/plugins/mcufinder/images/
2024-12-19 21:23:33,741 [WARN] DbFile:41 - Overriding database path with different value: C:\Users\Administrator\.stmcufinder\plugins\mcufinder/ => C:\Users\Administrator\.stmcufinder\plugins\mcufinder
2024-12-19 21:23:33,741 [INFO] ApiDb:250 - Set database path to: C:\Users\Administrator\.stmcufinder\plugins\mcufinder//mcu/
2024-12-19 21:23:33,741 [WARN] DbFile:41 - Overriding database path with different value: C:\Users\Administrator\.stmcufinder\plugins\mcufinder/ => C:\Users\Administrator\.stmcufinder\plugins\mcufinder
2024-12-19 21:23:33,741 [INFO] DbMcusAds:125 - Set database path to: C:\Users\Administrator\.stmcufinder\plugins\mcufinder//mcu/
2024-12-19 21:23:33,741 [WARN] DbFile:41 - Overriding database path with different value: C:\Users\Administrator\.stmcufinder\plugins\mcufinder/ => C:\Users\Administrator\.stmcufinder\plugins\mcufinder
2024-12-19 21:23:33,741 [WARN] DbFile:41 - Overriding database path with different value: C:\Users\Administrator\.stmcufinder\plugins\mcufinder/ => C:\Users\Administrator\.stmcufinder\plugins\mcufinder
2024-12-19 21:23:33,741 [INFO] CrossReferenceDbSqlite:203 - Set database path to: C:\Users\Administrator\.stmcufinder\plugins\mcufinder//mcu/cs/
2024-12-19 21:23:33,876 [INFO] MainPanel:272 - HeapMemory: 273678336
2024-12-19 21:23:34,140 [INFO] DbMcusXml:78 - Set database path to: C:\ST\STM32CubeIDE_1.16.0\STM32CubeIDE\plugins\com.st.stm32cube.common.mx_6.13.0.202411220809\\db\/mcu/
2024-12-19 21:23:34,140 [INFO] ApiDb:274 - Set plugin database path to: C:\ST\STM32CubeIDE_1.16.0\STM32CubeIDE\plugins\com.st.stm32cube.common.mx_6.13.0.202411220809\\db\/plugins/boardmanager/
2024-12-19 21:23:34,140 [INFO] ApiDb:261 - Set plugin images path to: C:\ST\STM32CubeIDE_1.16.0\STM32CubeIDE\plugins\com.st.stm32cube.common.mx_6.13.0.202411220809\\db\/plugins/mcufinder/images/
2024-12-19 21:23:34,141 [WARN] DbFile:41 - Overriding database path with different value: C:\Users\Administrator\.stmcufinder\plugins\mcufinder/ => C:\Users\Administrator\.stmcufinder\plugins\mcufinder
2024-12-19 21:23:34,141 [INFO] ApiDb:250 - Set database path to: C:\Users\Administrator\.stmcufinder\plugins\mcufinder//mcu/
2024-12-19 21:23:34,141 [WARN] DbFile:41 - Overriding database path with different value: C:\Users\Administrator\.stmcufinder\plugins\mcufinder/ => C:\Users\Administrator\.stmcufinder\plugins\mcufinder
2024-12-19 21:23:34,141 [INFO] DbMcusAds:125 - Set database path to: C:\Users\Administrator\.stmcufinder\plugins\mcufinder//mcu/
2024-12-19 21:23:34,141 [WARN] DbFile:41 - Overriding database path with different value: C:\Users\Administrator\.stmcufinder\plugins\mcufinder/ => C:\Users\Administrator\.stmcufinder\plugins\mcufinder
2024-12-19 21:23:34,141 [WARN] DbFile:41 - Overriding database path with different value: C:\Users\Administrator\.stmcufinder\plugins\mcufinder/ => C:\Users\Administrator\.stmcufinder\plugins\mcufinder
2024-12-19 21:23:34,142 [INFO] CrossReferenceDbSqlite:203 - Set database path to: C:\Users\Administrator\.stmcufinder\plugins\mcufinder//mcu/cs/
2024-12-19 21:23:34,929 [INFO] ApplicationProperties:184 - Using Application install path: C:\ST\STM32CubeIDE_1.16.0\STM32CubeIDE\plugins\com.st.stm32cube.common.mx_6.13.0.202411220809
2024-12-19 21:23:34,931 [INFO] PluginManage:196 - Search for loadable plugins [exclusion list=, ]
2024-12-19 21:23:34,935 [INFO] PluginManage:310 - Check plugin analytics
2024-12-19 21:23:35,194 [INFO] AnalyticsPlugin:253 - Accepted Software Licenses: STM32CubeMX.6.4.0,STM32CubeMX.6.11.1,STM32CubeMX.6.13.0
2024-12-19 21:23:35,195 [INFO] AnalyticsPlugin:255 - Accepted CMSIS Pack Licenses: 
2024-12-19 21:23:35,195 [INFO] AnalyticsPlugin:257 - Accepted Firmware Licenses: 
2024-12-19 21:23:35,198 [INFO] PluginManage:359 - Loaded plugin analytics (category:tool,tabindex:-1)
2024-12-19 21:23:35,200 [INFO] PluginManage:310 - Check plugin cadmodel
2024-12-19 21:23:35,214 [INFO] CADModel:105 - Init CAD model plugin
2024-12-19 21:23:35,214 [INFO] PluginManage:359 - Loaded plugin cadmodel (category:power,tabindex:5)
2024-12-19 21:23:35,214 [INFO] PluginManage:310 - Check plugin clock
2024-12-19 21:23:35,230 [INFO] PluginManage:359 - Loaded plugin clock (category:base,tabindex:2)
2024-12-19 21:23:35,231 [INFO] PluginManage:310 - Check plugin ddr
2024-12-19 21:23:35,238 [INFO] PluginManage:359 - Loaded plugin ddr (category:tool,tabindex:6)
2024-12-19 21:23:35,238 [INFO] PluginManage:310 - Check plugin filemanager
2024-12-19 21:23:35,576 [INFO] PluginManage:359 - Loaded plugin filemanager (category:base,tabindex:10)
2024-12-19 21:23:35,576 [INFO] PluginManage:310 - Check plugin ipmanager
2024-12-19 21:23:35,588 [INFO] PluginManage:359 - Loaded plugin ipmanager (category:base,tabindex:5)
2024-12-19 21:23:35,589 [INFO] PluginManage:310 - Check plugin lpbam
2024-12-19 21:23:35,625 [INFO] PluginManage:359 - Loaded plugin lpbam (category:base,tabindex:0)
2024-12-19 21:23:35,626 [INFO] PluginManage:310 - Check plugin memorymap
2024-12-19 21:23:35,656 [INFO] PluginManage:359 - Loaded plugin memorymap (category:base,tabindex:4)
2024-12-19 21:23:35,656 [INFO] PluginManage:310 - Check plugin pinoutandconfiguration
2024-12-19 21:23:35,669 [INFO] PluginManage:359 - Loaded plugin pinoutandconfiguration (category:base,tabindex:1)
2024-12-19 21:23:35,670 [INFO] PluginManage:310 - Check plugin pinoutconfig
2024-12-19 21:23:35,800 [WARN] SupportedApi:132 - Cannot load RTOS API schema: s4s-elt-must-match.1: The content of 'definitions' must match (annotation?, (simpleType | complexType)?, (unique | key | keyref)*)). A problem was found starting at: attribute.
2024-12-19 21:23:35,961 [INFO] PluginManage:359 - Loaded plugin pinoutconfig (category:base,tabindex:0)
2024-12-19 21:23:35,962 [INFO] PluginManage:310 - Check plugin power
2024-12-19 21:23:35,973 [INFO] PluginManage:359 - Loaded plugin power (category:power,tabindex:4)
2024-12-19 21:23:35,973 [INFO] PluginManage:310 - Check plugin projectmanager
2024-12-19 21:23:36,007 [INFO] PluginManage:359 - Loaded plugin projectmanager (category:projectmanager,tabindex:4)
2024-12-19 21:23:36,007 [INFO] PluginManage:310 - Check plugin rif
2024-12-19 21:23:36,019 [INFO] PluginManage:359 - Loaded plugin rif (category:base,tabindex:3)
2024-12-19 21:23:36,021 [INFO] PluginManage:310 - Check plugin thirdparty
2024-12-19 21:23:36,208 [INFO] PluginManage:359 - Loaded plugin thirdparty (category:base,tabindex:-1)
2024-12-19 21:23:36,208 [WARN] IntegrityCheckThread:84 - waiting for thirdparty lock release [integrity check]
2024-12-19 21:23:36,208 [INFO] PluginManage:310 - Check plugin tools
2024-12-19 21:23:36,208 [INFO] IntegrityCheckThread:86 - entering critical section [integrity check]
2024-12-19 21:23:36,208 [INFO] ThirdPartyUpdaterWithRetryManager:70 - Updater plugin not ready yet. [1/15]
2024-12-19 21:23:36,211 [INFO] PluginManage:359 - Loaded plugin tools (category:base,tabindex:7)
2024-12-19 21:23:36,211 [INFO] PluginManage:310 - Check plugin tutovideos
2024-12-19 21:23:36,462 [INFO] PluginManage:359 - Loaded plugin tutovideos (category:base,tabindex:-1)
2024-12-19 21:23:36,463 [INFO] PluginManage:310 - Check plugin updater
2024-12-19 21:23:36,485 [INFO] PluginManage:359 - Loaded plugin updater (category:base,tabindex:12)
2024-12-19 21:23:36,487 [INFO] PluginManage:310 - Check plugin userauth
2024-12-19 21:23:36,493 [INFO] UserAuth:118 - Init User Auth plugin
2024-12-19 21:23:36,494 [INFO] PluginManage:359 - Loaded plugin userauth (category:base,tabindex:14)
2024-12-19 21:23:36,495 [INFO] PluginManage:283 - PluginManage : Loaded plugins [18]
2024-12-19 21:23:36,774 [INFO] PinOutPanel:1589 - setPackage(No Configuration,No Configuration)
2024-12-19 21:23:36,878 [INFO] CADModel:165 - CPN selected for project level
2024-12-19 21:23:36,879 [INFO] CADModel:114 - Register for checkConnection events
2024-12-19 21:23:36,903 [INFO] IPUIPlugin:80 - create IPUIPlugin
2024-12-19 21:23:36,904 [INFO] PluginManager:220 - loadIPPluginJar : add adc
2024-12-19 21:23:36,907 [INFO] IPUIPlugin:80 - create IPUIPlugin
2024-12-19 21:23:36,907 [INFO] PluginManager:220 - loadIPPluginJar : add aes
2024-12-19 21:23:36,913 [INFO] IPUIPlugin:80 - create IPUIPlugin
2024-12-19 21:23:36,913 [INFO] PluginManager:220 - loadIPPluginJar : add can
2024-12-19 21:23:36,917 [INFO] IPUIPlugin:80 - create IPUIPlugin
2024-12-19 21:23:36,917 [INFO] PluginManager:220 - loadIPPluginJar : add comp
2024-12-19 21:23:36,920 [INFO] IPUIPlugin:80 - create IPUIPlugin
2024-12-19 21:23:36,920 [INFO] PluginManager:220 - loadIPPluginJar : add cryp
2024-12-19 21:23:36,925 [INFO] IPUIPlugin:80 - create IPUIPlugin
2024-12-19 21:23:36,926 [INFO] PluginManager:220 - loadIPPluginJar : add ddr_ctrl_phy
2024-12-19 21:23:36,929 [INFO] IPUIPlugin:80 - create IPUIPlugin
2024-12-19 21:23:36,929 [INFO] PluginManager:220 - loadIPPluginJar : add dfsdm
2024-12-19 21:23:36,936 [INFO] IPUIPlugin:80 - create IPUIPlugin
2024-12-19 21:23:36,937 [INFO] PluginManager:220 - loadIPPluginJar : add dma
2024-12-19 21:23:36,940 [INFO] IPUIPlugin:80 - create IPUIPlugin
2024-12-19 21:23:36,940 [INFO] PluginManager:220 - loadIPPluginJar : add dma3
2024-12-19 21:23:36,944 [INFO] IPUIPlugin:80 - create IPUIPlugin
2024-12-19 21:23:36,944 [INFO] PluginManager:220 - loadIPPluginJar : add extmemmanager
2024-12-19 21:23:36,946 [INFO] IPUIPlugin:80 - create IPUIPlugin
2024-12-19 21:23:36,947 [INFO] PluginManager:220 - loadIPPluginJar : add fatfs
2024-12-19 21:23:36,952 [INFO] IPUIPlugin:80 - create IPUIPlugin
2024-12-19 21:23:36,953 [INFO] PluginManager:220 - loadIPPluginJar : add fmc
2024-12-19 21:23:36,959 [INFO] IPUIPlugin:80 - create IPUIPlugin
2024-12-19 21:23:36,959 [INFO] PluginManager:220 - loadIPPluginJar : add freertos
2024-12-19 21:23:36,961 [INFO] IPUIPlugin:80 - create IPUIPlugin
2024-12-19 21:23:36,961 [INFO] PluginManager:220 - loadIPPluginJar : add genericplugin
2024-12-19 21:23:36,964 [INFO] IPUIPlugin:80 - create IPUIPlugin
2024-12-19 21:23:36,965 [INFO] PluginManager:220 - loadIPPluginJar : add gfxmmu
2024-12-19 21:23:36,970 [INFO] IPUIPlugin:80 - create IPUIPlugin
2024-12-19 21:23:36,971 [INFO] PluginManager:220 - loadIPPluginJar : add gic
2024-12-19 21:23:36,976 [INFO] IPUIPlugin:80 - create IPUIPlugin
2024-12-19 21:23:36,977 [INFO] PluginManager:220 - loadIPPluginJar : add gpio
2024-12-19 21:23:36,980 [INFO] IPUIPlugin:80 - create IPUIPlugin
2024-12-19 21:23:36,980 [INFO] PluginManager:220 - loadIPPluginJar : add gtzc
2024-12-19 21:23:36,984 [INFO] IPUIPlugin:80 - create IPUIPlugin
2024-12-19 21:23:36,984 [INFO] PluginManager:220 - loadIPPluginJar : add hash
2024-12-19 21:23:36,988 [INFO] IPUIPlugin:80 - create IPUIPlugin
2024-12-19 21:23:36,988 [INFO] PluginManager:220 - loadIPPluginJar : add i2c
2024-12-19 21:23:36,991 [INFO] IPUIPlugin:80 - create IPUIPlugin
2024-12-19 21:23:36,991 [INFO] PluginManager:220 - loadIPPluginJar : add i2s
2024-12-19 21:23:36,994 [INFO] IPUIPlugin:80 - create IPUIPlugin
2024-12-19 21:23:36,995 [INFO] PluginManager:220 - loadIPPluginJar : add i3c
2024-12-19 21:23:36,999 [INFO] IPUIPlugin:80 - create IPUIPlugin
2024-12-19 21:23:37,000 [INFO] PluginManager:220 - loadIPPluginJar : add ipddr
2024-12-19 21:23:37,007 [INFO] IPUIPlugin:80 - create IPUIPlugin
2024-12-19 21:23:37,007 [INFO] PluginManager:220 - loadIPPluginJar : add linkedlist
2024-12-19 21:23:37,010 [INFO] IPUIPlugin:80 - create IPUIPlugin
2024-12-19 21:23:37,011 [INFO] PluginManager:220 - loadIPPluginJar : add lorawan
2024-12-19 21:23:37,012 [INFO] IPUIPlugin:80 - create IPUIPlugin
2024-12-19 21:23:37,013 [INFO] PluginManager:220 - loadIPPluginJar : add ltdc
2024-12-19 21:23:37,020 [INFO] IPUIPlugin:80 - create IPUIPlugin
2024-12-19 21:23:37,020 [INFO] PluginManager:220 - loadIPPluginJar : add mdma
2024-12-19 21:23:37,024 [INFO] IPUIPlugin:80 - create IPUIPlugin
2024-12-19 21:23:37,024 [INFO] PluginManager:220 - loadIPPluginJar : add nvic
2024-12-19 21:23:37,027 [INFO] IPUIPlugin:80 - create IPUIPlugin
2024-12-19 21:23:37,028 [INFO] PluginManager:220 - loadIPPluginJar : add opamp
2024-12-19 21:23:37,032 [INFO] IPUIPlugin:80 - create IPUIPlugin
2024-12-19 21:23:37,033 [INFO] PluginManager:220 - loadIPPluginJar : add openamp
2024-12-19 21:23:37,037 [INFO] IPUIPlugin:80 - create IPUIPlugin
2024-12-19 21:23:37,037 [INFO] PluginManager:220 - loadIPPluginJar : add pdm2pcm
2024-12-19 21:23:37,043 [INFO] IPUIPlugin:80 - create IPUIPlugin
2024-12-19 21:23:37,046 [INFO] PluginManager:220 - loadIPPluginJar : add plateformsettings
2024-12-19 21:23:37,049 [INFO] IPUIPlugin:80 - create IPUIPlugin
2024-12-19 21:23:37,050 [INFO] PluginManager:220 - loadIPPluginJar : add quadspi
2024-12-19 21:23:37,052 [INFO] IPUIPlugin:80 - create IPUIPlugin
2024-12-19 21:23:37,053 [INFO] PluginManager:220 - loadIPPluginJar : add radio
2024-12-19 21:23:37,056 [INFO] IPUIPlugin:80 - create IPUIPlugin
2024-12-19 21:23:37,057 [INFO] PluginManager:220 - loadIPPluginJar : add resmgrutility
2024-12-19 21:23:37,060 [INFO] IPUIPlugin:80 - create IPUIPlugin
2024-12-19 21:23:37,061 [INFO] PluginManager:220 - loadIPPluginJar : add sai
2024-12-19 21:23:37,066 [INFO] IPUIPlugin:80 - create IPUIPlugin
2024-12-19 21:23:37,066 [INFO] PluginManager:220 - loadIPPluginJar : add spi
2024-12-19 21:23:37,073 [INFO] IPUIPlugin:80 - create IPUIPlugin
2024-12-19 21:23:37,073 [INFO] PluginManager:220 - loadIPPluginJar : add stm32_wpan
2024-12-19 21:23:37,075 [INFO] IPUIPlugin:80 - create IPUIPlugin
2024-12-19 21:23:37,076 [INFO] PluginManager:220 - loadIPPluginJar : add tim
2024-12-19 21:23:37,080 [INFO] IPUIPlugin:80 - create IPUIPlugin
2024-12-19 21:23:37,080 [INFO] PluginManager:220 - loadIPPluginJar : add touchsensing
2024-12-19 21:23:37,083 [INFO] IPUIPlugin:80 - create IPUIPlugin
2024-12-19 21:23:37,083 [INFO] PluginManager:220 - loadIPPluginJar : add tracer_emb
2024-12-19 21:23:37,086 [INFO] IPUIPlugin:80 - create IPUIPlugin
2024-12-19 21:23:37,086 [INFO] PluginManager:220 - loadIPPluginJar : add ts
2024-12-19 21:23:37,088 [INFO] IPUIPlugin:80 - create IPUIPlugin
2024-12-19 21:23:37,089 [INFO] PluginManager:220 - loadIPPluginJar : add tsc
2024-12-19 21:23:37,091 [INFO] IPUIPlugin:80 - create IPUIPlugin
2024-12-19 21:23:37,091 [INFO] PluginManager:220 - loadIPPluginJar : add ucpd
2024-12-19 21:23:37,095 [INFO] IPUIPlugin:80 - create IPUIPlugin
2024-12-19 21:23:37,096 [INFO] PluginManager:220 - loadIPPluginJar : add usart
2024-12-19 21:23:37,099 [INFO] IPUIPlugin:80 - create IPUIPlugin
2024-12-19 21:23:37,099 [INFO] PluginManager:220 - loadIPPluginJar : add usbx
2024-12-19 21:23:37,240 [FATAL] Updater:351 - Updater called before beeing initialized
2024-12-19 21:23:37,270 [INFO] RulesReader:64 - Compatibility file has been processed (297 Rules)
2024-12-19 21:23:37,283 [INFO] RulesReader:64 - Compatibility file has been processed (297 Rules)
2024-12-19 21:23:37,291 [INFO] CADModel:165 - CPN selected for project level
2024-12-19 21:23:37,291 [INFO] CADModel:114 - Register for checkConnection events
2024-12-19 21:23:37,291 [FATAL] Updater:351 - Updater called before beeing initialized
2024-12-19 21:23:37,291 [ERROR] CADModel:125 - Updater not yet initialized, retry later 
2024-12-19 21:23:37,477 [FATAL] Updater:351 - Updater called before beeing initialized
2024-12-19 21:23:37,479 [INFO] CADModel:165 - CPN selected for project level
2024-12-19 21:23:37,479 [INFO] CADModel:114 - Register for checkConnection events
2024-12-19 21:23:37,479 [FATAL] Updater:351 - Updater called before beeing initialized
2024-12-19 21:23:37,479 [ERROR] CADModel:125 - Updater not yet initialized, retry later 
2024-12-19 21:23:37,483 [FATAL] Updater:351 - Updater called before beeing initialized
2024-12-19 21:23:37,614 [FATAL] Updater:351 - Updater called before beeing initialized
2024-12-19 21:23:37,619 [INFO] DbMcusAds:53 - JSON generation date=Wed Dec 18 00:01:25 CST 2024 (1734451285682)
2024-12-19 21:23:37,620 [FATAL] Updater:351 - Updater called before beeing initialized
2024-12-19 21:23:37,663 [WARN] DetailPanel:346 - Failed to get advertising image, set to default
2024-12-19 21:23:37,981 [FATAL] Updater:351 - Updater called before beeing initialized
2024-12-19 21:23:37,985 [FATAL] Updater:351 - Updater called before beeing initialized
2024-12-19 21:23:37,985 [FATAL] Updater:351 - Updater called before beeing initialized
2024-12-19 21:23:37,985 [WARN] DetailPanel:346 - Failed to get advertising image, set to default
2024-12-19 21:23:37,986 [FATAL] Updater:351 - Updater called before beeing initialized
2024-12-19 21:23:38,050 [ERROR] Updater:1198 - MainUpdater not yet initialized. External WinMGr cannot be set.
2024-12-19 21:23:38,053 [INFO] Updater:1134 - Updater Version found : 6.13.0
2024-12-19 21:23:38,069 [INFO] ApplicationProperties:184 - Using Application install path: C:\ST\STM32CubeIDE_1.16.0\STM32CubeIDE\plugins\com.st.stm32cube.common.mx_6.13.0.202411220809
2024-12-19 21:23:38,130 [INFO] MainUpdater:525 - Copy updater definitions from MX database
2024-12-19 21:23:38,751 [INFO] MainUpdater:2872 - connection check result : 10
2024-12-19 21:23:38,752 [INFO] MainUpdater:3566 - Updater definition file requires update
2024-12-19 21:23:38,753 [INFO] MainUpdater:289 - Updater Check For Update Now.
2024-12-19 21:23:38,754 [INFO] MicroXplorer:498 - Change Database Version : DB.6.0.130
2024-12-19 21:23:38,759 [INFO] McuFinderGlobals:63 - Set McuFinder mode to 2 (CubeIDE integrated)
2024-12-19 21:23:38,760 [INFO] UserAuth:171 - activating auth plugin
2024-12-19 21:23:38,763 [INFO] UserAuth:486 - Internet connection configuration mode: 1
2024-12-19 21:23:38,785 [INFO] JxBrowserEngine:152 - Initiate JxBrowser Engine with user profile folder
2024-12-19 21:23:39,209 [WARN] MainUpdater:1193 - Updater busy. Cannot search thirdparties
2024-12-19 21:23:39,209 [INFO] ThirdPartyUpdaterWithRetryManager:96 - Updater plugin is busy. [1/15]
2024-12-19 21:23:39,630 [INFO] WebApp:168 - Instantiating new browser for Auth
2024-12-19 21:23:39,660 [INFO] ServerAccessManage:473 - Download File updaters.zip
2024-12-19 21:23:40,027 [INFO] FileExtend:240 - Unzip File : updaters.zip
2024-12-19 21:23:40,027 [INFO] FileExtend:255 - Standard Zip Deflate
2024-12-19 21:23:40,594 [INFO] ServerAccessManage:473 - Download File PacksControlFlags.xml
2024-12-19 21:23:40,691 [INFO] ServerAccessManage:473 - Download File cubemx.pidx
2024-12-19 21:23:40,813 [INFO] LoadServerUpdatesThread:375 - End of LoadServerUpdate Thread
2024-12-19 21:23:40,997 [INFO] CheckServerUpdateThread:120 - End of CheckServer Thread
2024-12-19 21:23:41,312 [INFO] WebApp:449 - Apply proxy settings
2024-12-19 21:23:41,313 [INFO] WebApp:534 - Chromium requires no authentication
2024-12-19 21:23:41,325 [INFO] WebApp:477 - Direct internet connection detected
2024-12-19 21:23:41,355 [INFO] WebApp:880 - Register for checkConnection events
2024-12-19 21:23:41,355 [INFO] WebApp:449 - Apply proxy settings
2024-12-19 21:23:41,355 [INFO] WebApp:534 - Chromium requires no authentication
2024-12-19 21:23:41,356 [INFO] WebApp:477 - Direct internet connection detected
2024-12-19 21:23:41,623 [INFO] WebApp:221 - Starting web application
2024-12-19 21:23:41,624 [INFO] WebApp:579 - Web application path used C:\ST\STM32CubeIDE_1.16.0\STM32CubeIDE\plugins\com.st.stm32cube.common.mx_6.13.0.202411220809\db\plugins\mcufinder\reactClient1\index.html
2024-12-19 21:23:42,554 [WARN] PackLoader:240 - Cannot read IP mode file for STMicroelectronics.FP-SNS-MOTENVWB1.1.4.0
2024-12-19 21:23:42,564 [WARN] PackLoader:240 - Cannot read IP mode file for STMicroelectronics.FP-ATR-ASTRA1.2.0.1
2024-12-19 21:23:42,575 [WARN] PackLoader:240 - Cannot read IP mode file for STMicroelectronics.X-CUBE-SMBUS.2.1.0
2024-12-19 21:23:42,601 [WARN] PackLoader:240 - Cannot read IP mode file for STMicroelectronics.X-CUBE-WB05N.1.1.0
2024-12-19 21:23:42,636 [WARN] PackLoader:240 - Cannot read IP mode file for STMicroelectronics.X-CUBE-AZRTOS-F7.1.1.0
2024-12-19 21:23:42,736 [WARN] PackLoader:240 - Cannot read IP mode file for STMicroelectronics.X-CUBE-MEMS1.11.0.0
2024-12-19 21:23:42,952 [WARN] PackLoader:240 - Cannot read IP mode file for STMicroelectronics.FP-SNS-FLIGHT1.5.0.2
2024-12-19 21:23:42,973 [WARN] PackLoader:240 - Cannot read IP mode file for Infineon.AIROC-Wi-Fi-Bluetooth-STM32.1.7.0
2024-12-19 21:23:42,990 [WARN] PackLoader:240 - Cannot read IP mode file for STMicroelectronics.X-CUBE-DISPLAY.3.0.0
2024-12-19 21:23:43,000 [WARN] PackLoader:240 - Cannot read IP mode file for STMicroelectronics.X-CUBE-BLE1.7.0.0
2024-12-19 21:23:43,007 [WARN] PackLoader:240 - Cannot read IP mode file for STMicroelectronics.X-CUBE-NFC10.1.0.0
2024-12-19 21:23:43,019 [WARN] PackLoader:240 - Cannot read IP mode file for STMicroelectronics.X-CUBE-BLEMGR.4.0.0
2024-12-19 21:23:43,028 [WARN] PackLoader:240 - Cannot read IP mode file for emotas.I-CUBE-CANOPEN.1.3.0
2024-12-19 21:23:43,036 [WARN] PackLoader:240 - Cannot read IP mode file for STMicroelectronics.FP-SNS-SMARTAG2.1.2.0
2024-12-19 21:23:43,074 [WARN] PackLoader:240 - Cannot read IP mode file for STMicroelectronics.X-CUBE-MEMS1.11.1.0
2024-12-19 21:23:43,263 [INFO] LogOutputStream:77 - [STDOUT_REDIRECT] 1 : Invalid condition id : UX_CORESTACK_Condition cause : null
2024-12-19 21:23:43,265 [INFO] LogOutputStream:77 - [STDOUT_REDIRECT] 1 : Invalid condition id : UX_CORESTACK_Condition cause : null
2024-12-19 21:23:43,267 [INFO] LogOutputStream:77 - [STDOUT_REDIRECT] 1 : Invalid condition id : UX_CORESTACK_Condition cause : null
2024-12-19 21:23:43,267 [INFO] LogOutputStream:77 - [STDOUT_REDIRECT] 1 : Invalid condition id : UX_CORESTACK_Condition cause : null
2024-12-19 21:23:43,268 [INFO] LogOutputStream:77 - [STDOUT_REDIRECT] 1 : Invalid condition id : UX_CORESTACK_Condition cause : null
2024-12-19 21:23:43,270 [WARN] PackLoader:240 - Cannot read IP mode file for STMicroelectronics.X-CUBE-AZRTOS-WL.2.0.0
2024-12-19 21:23:43,277 [WARN] PackLoader:240 - Cannot read IP mode file for STMicroelectronics.FP-SNS-MOTENV1.5.0.0
2024-12-19 21:23:43,285 [WARN] PackLoader:240 - Cannot read IP mode file for wolfSSL.I-CUBE-wolfMQTT.1.19.0
2024-12-19 21:23:43,305 [WARN] PackLoader:240 - Cannot read IP mode file for STMicroelectronics.X-CUBE-BLE2.3.3.0
2024-12-19 21:23:43,313 [WARN] PackLoader:240 - Cannot read IP mode file for STMicroelectronics.X-CUBE-NFC9.1.0.0
2024-12-19 21:23:43,330 [WARN] PackLoader:240 - Cannot read IP mode file for STMicroelectronics.X-CUBE-AZRTOS-G0.1.1.0
2024-12-19 21:23:43,338 [WARN] PackLoader:240 - Cannot read IP mode file for STMicroelectronics.X-CUBE-SAFEA1.1.2.2
2024-12-19 21:23:43,345 [WARN] PackLoader:240 - Cannot read IP mode file for STMicroelectronics.X-CUBE-NFC4.3.0.0
2024-12-19 21:23:43,356 [WARN] PackLoader:240 - Cannot read IP mode file for EmbeddedOffice.I-CUBE-FS-RTOS.1.0.1
2024-12-19 21:23:43,362 [WARN] PackLoader:240 - Cannot read IP mode file for STMicroelectronics.X-CUBE-TCPP.4.2.0
2024-12-19 21:23:43,371 [WARN] PackLoader:240 - Cannot read IP mode file for RealThread.X-CUBE-RT-Thread_Nano.4.1.1
2024-12-19 21:23:43,376 [WARN] PackLoader:240 - Cannot read IP mode file for STMicroelectronics.FP-ATR-SIGFOX1.3.2.0
2024-12-19 21:23:43,382 [WARN] ConditionMgr:438 - getConditionDescription Invalid condition id : Cortex-A Device cause : null
2024-12-19 21:23:43,393 [WARN] ConditionMgr:1044 - genDependencies : Invalid condition id : Cortex-A Device cause : null
2024-12-19 21:23:43,393 [WARN] ConditionMgr:1044 - genDependencies : Invalid condition id : Cortex-A Device cause : null
2024-12-19 21:23:43,393 [WARN] ConditionMgr:1044 - genDependencies : Invalid condition id : Cortex-A Device cause : null
2024-12-19 21:23:43,400 [WARN] PackLoader:240 - Cannot read IP mode file for STMicroelectronics.X-CUBE-EEPRMA1.5.1.0
2024-12-19 21:23:43,408 [WARN] PackLoader:240 - Cannot read IP mode file for wolfSSL.I-CUBE-wolfSSL.5.7.4
2024-12-19 21:23:43,416 [WARN] PackLoader:240 - Cannot read IP mode file for ITTIA_DB.I-CUBE-ITTIADB.8.9.0
2024-12-19 21:23:43,447 [WARN] PackLoader:240 - Cannot read IP mode file for SEGGER.I-CUBE-embOS.1.3.1
2024-12-19 21:23:43,480 [WARN] PackLoader:240 - Cannot read IP mode file for STMicroelectronics.X-CUBE-ALGOBUILD.1.4.0
2024-12-19 21:23:43,485 [WARN] PackLoader:240 - Cannot read IP mode file for STMicroelectronics.X-CUBE-AI.9.1.0
2024-12-19 21:23:43,501 [WARN] PackLoader:240 - Cannot read IP mode file for STMicroelectronics.X-CUBE-AZRTOS-F4.1.1.0
2024-12-19 21:23:43,509 [WARN] PackLoader:240 - Cannot read IP mode file for STMicroelectronics.X-CUBE-ISPU.2.1.0
2024-12-19 21:23:43,523 [WARN] PackLoader:240 - Cannot read IP mode file for STMicroelectronics.X-CUBE-AZRTOS-L5.2.0.0
2024-12-19 21:23:43,533 [WARN] PackLoader:240 - Cannot read IP mode file for STMicroelectronics.X-CUBE-NFC6.3.1.0
2024-12-19 21:23:43,540 [WARN] PackLoader:240 - Cannot read IP mode file for STMicroelectronics.X-CUBE-DPower.1.2.0
2024-12-19 21:23:43,547 [WARN] PackLoader:240 - Cannot read IP mode file for STMicroelectronics.X-CUBE-FREERTOS.1.3.0
2024-12-19 21:23:43,553 [WARN] PackLoader:240 - Cannot read IP mode file for STMicroelectronics.X-CUBE-NFC7.1.0.1
2024-12-19 21:23:43,570 [WARN] ConditionMgr:438 - getConditionDescription Invalid condition id : LAN8742 Phy interface Condition cause : null
2024-12-19 21:23:43,571 [WARN] PackLoader:240 - Cannot read IP mode file for STMicroelectronics.X-CUBE-AZRTOS-L4.2.0.0
2024-12-19 21:23:43,572 [WARN] ConditionMgr:1044 - genDependencies : Invalid condition id : LAN8742 Phy interface Condition cause : null
2024-12-19 21:23:43,572 [WARN] ConditionMgr:1044 - genDependencies : Invalid condition id : LAN8742 Phy interface Condition cause : null
2024-12-19 21:23:43,572 [WARN] ConditionMgr:1044 - genDependencies : Invalid condition id : LAN8742 Phy interface Condition cause : null
2024-12-19 21:23:43,583 [WARN] PackLoader:240 - Cannot read IP mode file for STMicroelectronics.X-CUBE-SFXS2LP1.4.0.0
2024-12-19 21:23:43,602 [WARN] PackLoader:240 - Cannot read IP mode file for STMicroelectronics.X-CUBE-AZRTOS-H7.3.3.0
2024-12-19 21:23:43,613 [WARN] PackLoader:240 - Cannot read IP mode file for STMicroelectronics.X-CUBE-IPS.3.0.0
2024-12-19 21:23:43,631 [WARN] ConditionMgr:438 - getConditionDescription Invalid condition id : UX DEVICE CLASS RTOS Condition cause : null
2024-12-19 21:23:43,631 [WARN] ConditionMgr:438 - getConditionDescription Invalid condition id : UX DEVICE CLASS RTOS Condition cause : null
2024-12-19 21:23:43,633 [WARN] PackLoader:240 - Cannot read IP mode file for STMicroelectronics.X-CUBE-AZRTOS-WB.2.0.0
2024-12-19 21:23:43,633 [WARN] ConditionMgr:1044 - genDependencies : Invalid condition id : UX DEVICE CLASS RTOS Condition cause : null
2024-12-19 21:23:43,634 [WARN] ConditionMgr:1044 - genDependencies : Invalid condition id : UX DEVICE CLASS RTOS Condition cause : null
2024-12-19 21:23:43,634 [WARN] ConditionMgr:1044 - genDependencies : Invalid condition id : UX DEVICE CLASS RTOS Condition cause : null
2024-12-19 21:23:43,634 [WARN] ConditionMgr:1044 - genDependencies : Invalid condition id : UX DEVICE CLASS RTOS Condition cause : null
2024-12-19 21:23:43,634 [WARN] ConditionMgr:1044 - genDependencies : Invalid condition id : UX DEVICE CLASS RTOS Condition cause : null
2024-12-19 21:23:43,641 [WARN] PackLoader:240 - Cannot read IP mode file for STMicroelectronics.X-CUBE-GNSS1.7.0.0
2024-12-19 21:23:43,646 [WARN] PackLoader:240 - Cannot read IP mode file for STMicroelectronics.X-CUBE-GNSS1.7.0.1
2024-12-19 21:23:43,655 [WARN] PackLoader:240 - Cannot read IP mode file for STMicroelectronics.FP-SNS-STBOX1.2.0.0
2024-12-19 21:23:43,669 [WARN] PackLoader:240 - Cannot read IP mode file for STMicroelectronics.X-CUBE-SUBG2.5.0.0
2024-12-19 21:23:43,682 [WARN] PackLoader:240 - Cannot read IP mode file for Cesanta.I-CUBE-Mongoose.7.13.0
2024-12-19 21:23:43,711 [WARN] PackLoader:240 - Cannot read IP mode file for STMicroelectronics.X-CUBE-AZRTOS-G4.2.0.0
2024-12-19 21:23:43,721 [WARN] PackLoader:240 - Cannot read IP mode file for STMicroelectronics.X-CUBE-ALS.1.0.2
2024-12-19 21:23:43,731 [WARN] PackLoader:240 - Cannot read IP mode file for STMicroelectronics.X-CUBE-TOUCHGFX.4.24.1
2024-12-19 21:23:43,736 [WARN] PackLoader:240 - Cannot read IP mode file for wolfSSL.I-CUBE-wolfTPM.3.4.0
2024-12-19 21:23:43,743 [WARN] PackLoader:240 - Cannot read IP mode file for portGmbH.I-Cube-SoM-uGOAL.1.1.0
2024-12-19 21:23:43,758 [WARN] PackLoader:240 - Cannot read IP mode file for STMicroelectronics.X-CUBE-AZRTOS-H7RS.1.0.0
2024-12-19 21:23:43,770 [WARN] PackLoader:240 - Cannot read IP mode file for STMicroelectronics.X-CUBE-TOF1.3.4.2
2024-12-19 21:23:43,785 [WARN] PackLoader:240 - Cannot read IP mode file for wolfSSL.I-CUBE-wolfSSH.1.4.17
2024-12-19 21:23:43,785 [INFO] ThirdParty:978 - Integrity check success = true
2024-12-19 21:23:43,785 [INFO] IntegrityCheckThread:100 - exiting critical section [integrity check]
2024-12-19 21:23:43,785 [INFO] IntegrityCheckThread:103 - End integrity checks thread
2024-12-19 21:51:46,332 [ERROR] LogOutputStream:75 - [STDERR_REDIRECT] Warning: NLS unused message: MultiLaunchConfigurationDelegate_Cannot in: org.eclipse.cdt.launch.internal.ui.LaunchMessages
2024-12-19 21:51:46,334 [ERROR] LogOutputStream:75 - [STDERR_REDIRECT] Warning: NLS unused message: MultiLaunchConfigurationDelegate_Action_None in: org.eclipse.cdt.launch.internal.ui.LaunchMessages
2024-12-19 21:51:46,338 [ERROR] LogOutputStream:75 - [STDERR_REDIRECT] Warning: NLS unused message: MultiLaunchConfigurationDelegate_Action_WaitUntilTerminated in: org.eclipse.cdt.launch.internal.ui.LaunchMessages
2024-12-19 21:51:46,342 [ERROR] LogOutputStream:75 - [STDERR_REDIRECT] Warning: NLS unused message: MultiLaunchConfigurationDelegate_Action_Delay in: org.eclipse.cdt.launch.internal.ui.LaunchMessages
2024-12-19 21:51:46,344 [ERROR] LogOutputStream:75 - [STDERR_REDIRECT] Warning: NLS unused message: MultiLaunchConfigurationDelegate_Action_Delaying in: org.eclipse.cdt.launch.internal.ui.LaunchMessages
2024-12-19 21:51:46,347 [ERROR] LogOutputStream:75 - [STDERR_REDIRECT] Warning: NLS unused message: MultiLaunchConfigurationSelectionDialog_4 in: org.eclipse.cdt.launch.internal.ui.LaunchMessages
2024-12-19 21:51:46,350 [ERROR] LogOutputStream:75 - [STDERR_REDIRECT] Warning: NLS unused message: MultiLaunchConfigurationSelectionDialog_5 in: org.eclipse.cdt.launch.internal.ui.LaunchMessages
2024-12-19 21:51:46,353 [ERROR] LogOutputStream:75 - [STDERR_REDIRECT] Warning: NLS unused message: MultiLaunchConfigurationSelectionDialog_7 in: org.eclipse.cdt.launch.internal.ui.LaunchMessages
2024-12-19 21:51:46,356 [ERROR] LogOutputStream:75 - [STDERR_REDIRECT] Warning: NLS unused message: MultiLaunchConfigurationSelectionDialog_8 in: org.eclipse.cdt.launch.internal.ui.LaunchMessages
2024-12-19 21:51:46,358 [ERROR] LogOutputStream:75 - [STDERR_REDIRECT] Warning: NLS unused message: MultiLaunchConfigurationSelectionDialog_10 in: org.eclipse.cdt.launch.internal.ui.LaunchMessages
2024-12-19 21:51:46,361 [ERROR] LogOutputStream:75 - [STDERR_REDIRECT] Warning: NLS unused message: MultiLaunchConfigurationSelectionDialog_11 in: org.eclipse.cdt.launch.internal.ui.LaunchMessages
2024-12-19 21:51:46,363 [ERROR] LogOutputStream:75 - [STDERR_REDIRECT] Warning: NLS unused message: MultiLaunchConfigurationSelectionDialog_12 in: org.eclipse.cdt.launch.internal.ui.LaunchMessages
2024-12-19 21:51:46,366 [ERROR] LogOutputStream:75 - [STDERR_REDIRECT] Warning: NLS unused message: MultiLaunchConfigurationSelectionDialog_13 in: org.eclipse.cdt.launch.internal.ui.LaunchMessages
2024-12-19 21:51:46,368 [ERROR] LogOutputStream:75 - [STDERR_REDIRECT] Warning: NLS unused message: MultiLaunchConfigurationSelectionDialog_14 in: org.eclipse.cdt.launch.internal.ui.LaunchMessages
2024-12-19 21:51:46,371 [ERROR] LogOutputStream:75 - [STDERR_REDIRECT] Warning: NLS unused message: MultiLaunchConfigurationSelectionDialog_15 in: org.eclipse.cdt.launch.internal.ui.LaunchMessages
2024-12-19 21:51:46,373 [ERROR] LogOutputStream:75 - [STDERR_REDIRECT] Warning: NLS unused message: MultiLaunchConfigurationTabGroup_1 in: org.eclipse.cdt.launch.internal.ui.LaunchMessages
2024-12-19 21:51:46,376 [ERROR] LogOutputStream:75 - [STDERR_REDIRECT] Warning: NLS unused message: MultiLaunchConfigurationTabGroup_2 in: org.eclipse.cdt.launch.internal.ui.LaunchMessages
2024-12-19 21:51:46,378 [ERROR] LogOutputStream:75 - [STDERR_REDIRECT] Warning: NLS unused message: MultiLaunchConfigurationTabGroup_3 in: org.eclipse.cdt.launch.internal.ui.LaunchMessages
2024-12-19 21:51:46,380 [ERROR] LogOutputStream:75 - [STDERR_REDIRECT] Warning: NLS unused message: MultiLaunchConfigurationTabGroup_4 in: org.eclipse.cdt.launch.internal.ui.LaunchMessages
2024-12-19 21:51:46,382 [ERROR] LogOutputStream:75 - [STDERR_REDIRECT] Warning: NLS unused message: MultiLaunchConfigurationTabGroup_5 in: org.eclipse.cdt.launch.internal.ui.LaunchMessages
2024-12-19 21:51:46,384 [ERROR] LogOutputStream:75 - [STDERR_REDIRECT] Warning: NLS unused message: MultiLaunchConfigurationTabGroup_6 in: org.eclipse.cdt.launch.internal.ui.LaunchMessages
2024-12-19 21:51:46,387 [ERROR] LogOutputStream:75 - [STDERR_REDIRECT] Warning: NLS unused message: MultiLaunchConfigurationTabGroup_7 in: org.eclipse.cdt.launch.internal.ui.LaunchMessages
2024-12-19 21:51:46,389 [ERROR] LogOutputStream:75 - [STDERR_REDIRECT] Warning: NLS unused message: MultiLaunchConfigurationTabGroup_10 in: org.eclipse.cdt.launch.internal.ui.LaunchMessages
2024-12-19 21:51:46,392 [ERROR] LogOutputStream:75 - [STDERR_REDIRECT] Warning: NLS unused message: MultiLaunchConfigurationTabGroup_11 in: org.eclipse.cdt.launch.internal.ui.LaunchMessages
2024-12-19 21:51:46,394 [ERROR] LogOutputStream:75 - [STDERR_REDIRECT] Warning: NLS unused message: MultiLaunchConfigurationTabGroup_12 in: org.eclipse.cdt.launch.internal.ui.LaunchMessages
2024-12-19 21:51:46,396 [ERROR] LogOutputStream:75 - [STDERR_REDIRECT] Warning: NLS unused message: MultiLaunchConfigurationTabGroup_13 in: org.eclipse.cdt.launch.internal.ui.LaunchMessages
2024-12-19 21:51:46,399 [ERROR] LogOutputStream:75 - [STDERR_REDIRECT] Warning: NLS unused message: MultiLaunchConfigurationTabGroup_14 in: org.eclipse.cdt.launch.internal.ui.LaunchMessages
2024-12-19 21:51:46,404 [ERROR] LogOutputStream:75 - [STDERR_REDIRECT] Warning: NLS unused message: MultiLaunchConfigurationTabGroup_15 in: org.eclipse.cdt.launch.internal.ui.LaunchMessages
2024-12-19 21:51:46,408 [ERROR] LogOutputStream:75 - [STDERR_REDIRECT] Warning: NLS unused message: MultiLaunchConfigurationTabGroup_16 in: org.eclipse.cdt.launch.internal.ui.LaunchMessages
2024-12-19 22:58:19,461 [ERROR] LogOutputStream:75 - [STDERR_REDIRECT] 
