2025-03-24 13:49:16,161 [ERROR] LogOutputStream:75 - [STDERR_REDIRECT] 
2025-03-24 13:49:26,210 [INFO] Activator:176 - 


2025-03-24 13:49:26,212 [INFO] Activator:177 - !SESSION log4j initialized
2025-03-24 13:49:26,627 [ERROR] LogOutputStream:75 - [STDERR_REDIRECT] Warning: NLS unused message: CodeAssistConfigurationBlock_matchSubstring_label in: org.eclipse.jdt.internal.ui.preferences.PreferencesMessages
2025-03-24 13:49:26,650 [ERROR] LogOutputStream:75 - [STDERR_REDIRECT] Warning: NLS unused message: ProblemMarkerManager_problem_marker_update_job_description in: org.eclipse.jdt.internal.ui.JavaUIMessages
2025-03-24 13:49:26,653 [ERROR] LogOutputStream:75 - [STDERR_REDIRECT] Warning: NLS unused message: FilteredTypesSelectionDialog_default_package in: org.eclipse.jdt.internal.ui.JavaUIMessages
2025-03-24 13:49:26,655 [ERROR] LogOutputStream:75 - [STDERR_REDIRECT] Warning: NLS unused message: FilteredTypeSelectionDialog_showContainerForDuplicatesAction in: org.eclipse.jdt.internal.ui.JavaUIMessages
2025-03-24 13:49:26,656 [ERROR] LogOutputStream:75 - [STDERR_REDIRECT] Warning: NLS unused message: JavaElementLabels_anonym in: org.eclipse.jdt.internal.ui.JavaUIMessages
2025-03-24 13:49:26,658 [ERROR] LogOutputStream:75 - [STDERR_REDIRECT] Warning: NLS unused message: JavaElementLabels_concat_string in: org.eclipse.jdt.internal.ui.JavaUIMessages
2025-03-24 13:49:26,660 [ERROR] LogOutputStream:75 - [STDERR_REDIRECT] Warning: NLS unused message: JavaElementLabels_comma_string in: org.eclipse.jdt.internal.ui.JavaUIMessages
2025-03-24 13:49:26,661 [ERROR] LogOutputStream:75 - [STDERR_REDIRECT] Warning: NLS unused message: JavaElementLabels_declseparator_string in: org.eclipse.jdt.internal.ui.JavaUIMessages
2025-03-24 13:49:26,663 [ERROR] LogOutputStream:75 - [STDERR_REDIRECT] Warning: NLS unused message: JavaElementLabels_category_separator_string in: org.eclipse.jdt.internal.ui.JavaUIMessages
2025-03-24 13:49:26,664 [ERROR] LogOutputStream:75 - [STDERR_REDIRECT] Warning: NLS unused message: JavaElementLabels_import_container in: org.eclipse.jdt.internal.ui.JavaUIMessages
2025-03-24 13:49:26,997 [ERROR] LogOutputStream:75 - [STDERR_REDIRECT] Warning: NLS unused message: FileDocumentProvider_getPersistedEncoding in: org.eclipse.ui.editors.text.TextEditorMessages
2025-03-24 13:49:28,895 [ERROR] LogOutputStream:75 - [STDERR_REDIRECT] Warning: NLS unused message: TextSearchVisitor_progress_updating_job in: org.eclipse.search.internal.ui.SearchMessages
2025-03-24 13:49:28,896 [ERROR] LogOutputStream:75 - [STDERR_REDIRECT] Warning: NLS unused message: SearchPageSelectionDialog_rememberLastUsedPage_message in: org.eclipse.search.internal.ui.SearchMessages
2025-03-24 13:49:31,336 [ERROR] LogOutputStream:75 - [STDERR_REDIRECT] Warning: NLS unused message: ShowInNavigatorView_label in: org.eclipse.jdt.internal.ui.actions.ActionMessages
2025-03-24 13:49:31,337 [ERROR] LogOutputStream:75 - [STDERR_REDIRECT] Warning: NLS unused message: ShowInNavigatorView_dialog_title in: org.eclipse.jdt.internal.ui.actions.ActionMessages
2025-03-24 13:49:31,338 [ERROR] LogOutputStream:75 - [STDERR_REDIRECT] Warning: NLS unused message: ShowInNavigatorView_dialog_message in: org.eclipse.jdt.internal.ui.actions.ActionMessages
2025-03-24 13:49:31,339 [ERROR] LogOutputStream:75 - [STDERR_REDIRECT] Warning: NLS unused message: ShowInNavigatorView_error_activation_failed in: org.eclipse.jdt.internal.ui.actions.ActionMessages
2025-03-24 13:49:31,341 [ERROR] LogOutputStream:75 - [STDERR_REDIRECT] Warning: NLS unused message: OrganizeImportsAction_error_message in: org.eclipse.jdt.internal.ui.actions.ActionMessages
2025-03-24 13:49:31,461 [INFO] LogOutputStream:77 - [STDOUT_REDIRECT] 
2025-03-24 13:49:34,169 [INFO] ApplicationProperties:184 - Using Application install path: C:\ST\STM32CubeIDE\STM32CubeIDE\plugins\com.st.stm32cube.common.mx_6.13.0.202411220809
2025-03-24 13:49:34,184 [INFO] DbMcusXml:78 - Set database path to: C:\ST\STM32CubeIDE\STM32CubeIDE\plugins\com.st.stm32cube.common.mx_6.13.0.202411220809\\db\/mcu/
2025-03-24 13:49:34,185 [INFO] ApiDb:274 - Set plugin database path to: C:\ST\STM32CubeIDE\STM32CubeIDE\plugins\com.st.stm32cube.common.mx_6.13.0.202411220809\\db\/plugins/boardmanager/
2025-03-24 13:49:34,185 [WARN] ApiDb:259 - Overriding images path with different value:  => C:\ST\STM32CubeIDE\STM32CubeIDE\plugins\com.st.stm32cube.common.mx_6.13.0.202411220809\\db\/plugins/mcufinder/images/
2025-03-24 13:49:34,193 [INFO] ApiDb:250 - Set database path to: C:\Users\28584\.stmcufinder\plugins\mcufinder//mcu/
2025-03-24 13:49:34,194 [INFO] DbMcusAds:125 - Set database path to: C:\Users\28584\.stmcufinder\plugins\mcufinder//mcu/
2025-03-24 13:49:34,197 [INFO] CrossReferenceDbSqlite:203 - Set database path to: C:\Users\28584\.stmcufinder\plugins\mcufinder//mcu/cs/
2025-03-24 13:49:34,287 [INFO] RulesReader:64 - Compatibility file has been processed (297 Rules)
2025-03-24 13:49:34,359 [INFO] DbMcusXml:78 - Set database path to: C:\ST\STM32CubeIDE\STM32CubeIDE\plugins\com.st.stm32cube.common.mx_6.13.0.202411220809\\db\/mcu/
2025-03-24 13:49:34,359 [INFO] ApiDb:274 - Set plugin database path to: C:\ST\STM32CubeIDE\STM32CubeIDE\plugins\com.st.stm32cube.common.mx_6.13.0.202411220809\\db\/plugins/boardmanager/
2025-03-24 13:49:34,359 [INFO] ApiDb:261 - Set plugin images path to: C:\ST\STM32CubeIDE\STM32CubeIDE\plugins\com.st.stm32cube.common.mx_6.13.0.202411220809\\db\/plugins/mcufinder/images/
2025-03-24 13:49:34,359 [WARN] DbFile:41 - Overriding database path with different value: C:\Users\28584\.stmcufinder\plugins\mcufinder/ => C:\Users\28584\.stmcufinder\plugins\mcufinder
2025-03-24 13:49:34,359 [INFO] ApiDb:250 - Set database path to: C:\Users\28584\.stmcufinder\plugins\mcufinder//mcu/
2025-03-24 13:49:34,359 [WARN] DbFile:41 - Overriding database path with different value: C:\Users\28584\.stmcufinder\plugins\mcufinder/ => C:\Users\28584\.stmcufinder\plugins\mcufinder
2025-03-24 13:49:34,359 [INFO] DbMcusAds:125 - Set database path to: C:\Users\28584\.stmcufinder\plugins\mcufinder//mcu/
2025-03-24 13:49:34,359 [WARN] DbFile:41 - Overriding database path with different value: C:\Users\28584\.stmcufinder\plugins\mcufinder/ => C:\Users\28584\.stmcufinder\plugins\mcufinder
2025-03-24 13:49:34,359 [WARN] DbFile:41 - Overriding database path with different value: C:\Users\28584\.stmcufinder\plugins\mcufinder/ => C:\Users\28584\.stmcufinder\plugins\mcufinder
2025-03-24 13:49:34,359 [INFO] CrossReferenceDbSqlite:203 - Set database path to: C:\Users\28584\.stmcufinder\plugins\mcufinder//mcu/cs/
2025-03-24 13:49:34,422 [INFO] MainPanel:272 - HeapMemory: 275775488
2025-03-24 13:49:34,520 [INFO] DbMcusXml:78 - Set database path to: C:\ST\STM32CubeIDE\STM32CubeIDE\plugins\com.st.stm32cube.common.mx_6.13.0.202411220809\\db\/mcu/
2025-03-24 13:49:34,520 [INFO] ApiDb:274 - Set plugin database path to: C:\ST\STM32CubeIDE\STM32CubeIDE\plugins\com.st.stm32cube.common.mx_6.13.0.202411220809\\db\/plugins/boardmanager/
2025-03-24 13:49:34,520 [INFO] ApiDb:261 - Set plugin images path to: C:\ST\STM32CubeIDE\STM32CubeIDE\plugins\com.st.stm32cube.common.mx_6.13.0.202411220809\\db\/plugins/mcufinder/images/
2025-03-24 13:49:34,520 [WARN] DbFile:41 - Overriding database path with different value: C:\Users\28584\.stmcufinder\plugins\mcufinder/ => C:\Users\28584\.stmcufinder\plugins\mcufinder
2025-03-24 13:49:34,520 [INFO] ApiDb:250 - Set database path to: C:\Users\28584\.stmcufinder\plugins\mcufinder//mcu/
2025-03-24 13:49:34,520 [WARN] DbFile:41 - Overriding database path with different value: C:\Users\28584\.stmcufinder\plugins\mcufinder/ => C:\Users\28584\.stmcufinder\plugins\mcufinder
2025-03-24 13:49:34,520 [INFO] DbMcusAds:125 - Set database path to: C:\Users\28584\.stmcufinder\plugins\mcufinder//mcu/
2025-03-24 13:49:34,520 [WARN] DbFile:41 - Overriding database path with different value: C:\Users\28584\.stmcufinder\plugins\mcufinder/ => C:\Users\28584\.stmcufinder\plugins\mcufinder
2025-03-24 13:49:34,521 [WARN] DbFile:41 - Overriding database path with different value: C:\Users\28584\.stmcufinder\plugins\mcufinder/ => C:\Users\28584\.stmcufinder\plugins\mcufinder
2025-03-24 13:49:34,521 [INFO] CrossReferenceDbSqlite:203 - Set database path to: C:\Users\28584\.stmcufinder\plugins\mcufinder//mcu/cs/
2025-03-24 13:49:34,537 [INFO] ApplicationProperties:184 - Using Application install path: C:\ST\STM32CubeIDE\STM32CubeIDE\plugins\com.st.stm32cube.common.mx_6.13.0.202411220809
2025-03-24 13:49:34,538 [INFO] PluginManage:196 - Search for loadable plugins [exclusion list=, ]
2025-03-24 13:49:34,540 [INFO] PluginManage:310 - Check plugin analytics
2025-03-24 13:49:34,677 [INFO] AnalyticsPlugin:253 - Accepted Software Licenses: 
2025-03-24 13:49:34,677 [INFO] AnalyticsPlugin:255 - Accepted CMSIS Pack Licenses: 
2025-03-24 13:49:34,677 [INFO] AnalyticsPlugin:257 - Accepted Firmware Licenses: FW.G4.1.5.0
2025-03-24 13:49:34,679 [INFO] PluginManage:359 - Loaded plugin analytics (category:tool,tabindex:-1)
2025-03-24 13:49:34,679 [INFO] PluginManage:310 - Check plugin cadmodel
2025-03-24 13:49:34,685 [INFO] CADModel:105 - Init CAD model plugin
2025-03-24 13:49:34,685 [INFO] PluginManage:359 - Loaded plugin cadmodel (category:power,tabindex:5)
2025-03-24 13:49:34,685 [INFO] PluginManage:310 - Check plugin clock
2025-03-24 13:49:34,692 [INFO] PluginManage:359 - Loaded plugin clock (category:base,tabindex:2)
2025-03-24 13:49:34,692 [INFO] PluginManage:310 - Check plugin ddr
2025-03-24 13:49:34,694 [INFO] PluginManage:359 - Loaded plugin ddr (category:tool,tabindex:6)
2025-03-24 13:49:34,694 [INFO] PluginManage:310 - Check plugin filemanager
2025-03-24 13:49:34,821 [INFO] PluginManage:359 - Loaded plugin filemanager (category:base,tabindex:10)
2025-03-24 13:49:34,822 [INFO] PluginManage:310 - Check plugin ipmanager
2025-03-24 13:49:34,829 [INFO] PluginManage:359 - Loaded plugin ipmanager (category:base,tabindex:5)
2025-03-24 13:49:34,829 [INFO] PluginManage:310 - Check plugin lpbam
2025-03-24 13:49:34,837 [INFO] PluginManage:359 - Loaded plugin lpbam (category:base,tabindex:0)
2025-03-24 13:49:34,837 [INFO] PluginManage:310 - Check plugin memorymap
2025-03-24 13:49:34,851 [INFO] PluginManage:359 - Loaded plugin memorymap (category:base,tabindex:4)
2025-03-24 13:49:34,851 [INFO] PluginManage:310 - Check plugin pinoutandconfiguration
2025-03-24 13:49:34,860 [INFO] PluginManage:359 - Loaded plugin pinoutandconfiguration (category:base,tabindex:1)
2025-03-24 13:49:34,860 [INFO] PluginManage:310 - Check plugin pinoutconfig
2025-03-24 13:49:34,927 [WARN] SupportedApi:132 - Cannot load RTOS API schema: s4s-elt-must-match.1: The content of 'definitions' must match (annotation?, (simpleType | complexType)?, (unique | key | keyref)*)). A problem was found starting at: attribute.
2025-03-24 13:49:35,021 [INFO] PluginManage:359 - Loaded plugin pinoutconfig (category:base,tabindex:0)
2025-03-24 13:49:35,021 [INFO] PluginManage:310 - Check plugin power
2025-03-24 13:49:35,028 [INFO] PluginManage:359 - Loaded plugin power (category:power,tabindex:4)
2025-03-24 13:49:35,028 [INFO] PluginManage:310 - Check plugin projectmanager
2025-03-24 13:49:35,042 [INFO] PluginManage:359 - Loaded plugin projectmanager (category:projectmanager,tabindex:4)
2025-03-24 13:49:35,043 [INFO] PluginManage:310 - Check plugin rif
2025-03-24 13:49:35,049 [INFO] PluginManage:359 - Loaded plugin rif (category:base,tabindex:3)
2025-03-24 13:49:35,049 [INFO] PluginManage:310 - Check plugin thirdparty
2025-03-24 13:49:35,150 [INFO] PluginManage:359 - Loaded plugin thirdparty (category:base,tabindex:-1)
2025-03-24 13:49:35,151 [INFO] PluginManage:310 - Check plugin tools
2025-03-24 13:49:35,150 [WARN] IntegrityCheckThread:84 - waiting for thirdparty lock release [integrity check]
2025-03-24 13:49:35,151 [INFO] IntegrityCheckThread:86 - entering critical section [integrity check]
2025-03-24 13:49:35,151 [INFO] ThirdPartyUpdaterWithRetryManager:70 - Updater plugin not ready yet. [1/15]
2025-03-24 13:49:35,152 [INFO] PluginManage:359 - Loaded plugin tools (category:base,tabindex:7)
2025-03-24 13:49:35,152 [INFO] PluginManage:310 - Check plugin tutovideos
2025-03-24 13:49:35,290 [INFO] PluginManage:359 - Loaded plugin tutovideos (category:base,tabindex:-1)
2025-03-24 13:49:35,290 [INFO] PluginManage:310 - Check plugin updater
2025-03-24 13:49:35,308 [INFO] PluginManage:359 - Loaded plugin updater (category:base,tabindex:12)
2025-03-24 13:49:35,308 [INFO] PluginManage:310 - Check plugin userauth
2025-03-24 13:49:35,311 [INFO] UserAuth:118 - Init User Auth plugin
2025-03-24 13:49:35,312 [INFO] PluginManage:359 - Loaded plugin userauth (category:base,tabindex:14)
2025-03-24 13:49:35,312 [INFO] PluginManage:283 - PluginManage : Loaded plugins [18]
2025-03-24 13:49:35,516 [INFO] PinOutPanel:1589 - setPackage(No Configuration,No Configuration)
2025-03-24 13:49:35,591 [INFO] CADModel:165 - CPN selected for project level
2025-03-24 13:49:35,591 [INFO] CADModel:114 - Register for checkConnection events
2025-03-24 13:49:35,605 [INFO] IPUIPlugin:80 - create IPUIPlugin
2025-03-24 13:49:35,605 [INFO] PluginManager:220 - loadIPPluginJar : add adc
2025-03-24 13:49:35,608 [INFO] IPUIPlugin:80 - create IPUIPlugin
2025-03-24 13:49:35,608 [INFO] PluginManager:220 - loadIPPluginJar : add aes
2025-03-24 13:49:35,610 [INFO] IPUIPlugin:80 - create IPUIPlugin
2025-03-24 13:49:35,610 [INFO] PluginManager:220 - loadIPPluginJar : add can
2025-03-24 13:49:35,612 [INFO] IPUIPlugin:80 - create IPUIPlugin
2025-03-24 13:49:35,612 [INFO] PluginManager:220 - loadIPPluginJar : add comp
2025-03-24 13:49:35,614 [INFO] IPUIPlugin:80 - create IPUIPlugin
2025-03-24 13:49:35,614 [INFO] PluginManager:220 - loadIPPluginJar : add cryp
2025-03-24 13:49:35,617 [INFO] IPUIPlugin:80 - create IPUIPlugin
2025-03-24 13:49:35,617 [INFO] PluginManager:220 - loadIPPluginJar : add ddr_ctrl_phy
2025-03-24 13:49:35,619 [INFO] IPUIPlugin:80 - create IPUIPlugin
2025-03-24 13:49:35,619 [INFO] PluginManager:220 - loadIPPluginJar : add dfsdm
2025-03-24 13:49:35,623 [INFO] IPUIPlugin:80 - create IPUIPlugin
2025-03-24 13:49:35,623 [INFO] PluginManager:220 - loadIPPluginJar : add dma
2025-03-24 13:49:35,625 [INFO] IPUIPlugin:80 - create IPUIPlugin
2025-03-24 13:49:35,626 [INFO] PluginManager:220 - loadIPPluginJar : add dma3
2025-03-24 13:49:35,627 [INFO] IPUIPlugin:80 - create IPUIPlugin
2025-03-24 13:49:35,627 [INFO] PluginManager:220 - loadIPPluginJar : add extmemmanager
2025-03-24 13:49:35,629 [INFO] IPUIPlugin:80 - create IPUIPlugin
2025-03-24 13:49:35,629 [INFO] PluginManager:220 - loadIPPluginJar : add fatfs
2025-03-24 13:49:35,632 [INFO] IPUIPlugin:80 - create IPUIPlugin
2025-03-24 13:49:35,632 [INFO] PluginManager:220 - loadIPPluginJar : add fmc
2025-03-24 13:49:35,636 [INFO] IPUIPlugin:80 - create IPUIPlugin
2025-03-24 13:49:35,636 [INFO] PluginManager:220 - loadIPPluginJar : add freertos
2025-03-24 13:49:35,637 [INFO] IPUIPlugin:80 - create IPUIPlugin
2025-03-24 13:49:35,637 [INFO] PluginManager:220 - loadIPPluginJar : add genericplugin
2025-03-24 13:49:35,640 [INFO] IPUIPlugin:80 - create IPUIPlugin
2025-03-24 13:49:35,640 [INFO] PluginManager:220 - loadIPPluginJar : add gfxmmu
2025-03-24 13:49:35,643 [INFO] IPUIPlugin:80 - create IPUIPlugin
2025-03-24 13:49:35,643 [INFO] PluginManager:220 - loadIPPluginJar : add gic
2025-03-24 13:49:35,645 [INFO] IPUIPlugin:80 - create IPUIPlugin
2025-03-24 13:49:35,645 [INFO] PluginManager:220 - loadIPPluginJar : add gpio
2025-03-24 13:49:35,647 [INFO] IPUIPlugin:80 - create IPUIPlugin
2025-03-24 13:49:35,647 [INFO] PluginManager:220 - loadIPPluginJar : add gtzc
2025-03-24 13:49:35,648 [INFO] IPUIPlugin:80 - create IPUIPlugin
2025-03-24 13:49:35,648 [INFO] PluginManager:220 - loadIPPluginJar : add hash
2025-03-24 13:49:35,649 [INFO] IPUIPlugin:80 - create IPUIPlugin
2025-03-24 13:49:35,649 [INFO] PluginManager:220 - loadIPPluginJar : add i2c
2025-03-24 13:49:35,651 [INFO] IPUIPlugin:80 - create IPUIPlugin
2025-03-24 13:49:35,651 [INFO] PluginManager:220 - loadIPPluginJar : add i2s
2025-03-24 13:49:35,653 [INFO] IPUIPlugin:80 - create IPUIPlugin
2025-03-24 13:49:35,653 [INFO] PluginManager:220 - loadIPPluginJar : add i3c
2025-03-24 13:49:35,656 [INFO] IPUIPlugin:80 - create IPUIPlugin
2025-03-24 13:49:35,656 [INFO] PluginManager:220 - loadIPPluginJar : add ipddr
2025-03-24 13:49:35,660 [INFO] IPUIPlugin:80 - create IPUIPlugin
2025-03-24 13:49:35,660 [INFO] PluginManager:220 - loadIPPluginJar : add linkedlist
2025-03-24 13:49:35,662 [INFO] IPUIPlugin:80 - create IPUIPlugin
2025-03-24 13:49:35,663 [INFO] PluginManager:220 - loadIPPluginJar : add lorawan
2025-03-24 13:49:35,663 [INFO] IPUIPlugin:80 - create IPUIPlugin
2025-03-24 13:49:35,663 [INFO] PluginManager:220 - loadIPPluginJar : add ltdc
2025-03-24 13:49:35,666 [INFO] IPUIPlugin:80 - create IPUIPlugin
2025-03-24 13:49:35,666 [INFO] PluginManager:220 - loadIPPluginJar : add mdma
2025-03-24 13:49:35,669 [INFO] IPUIPlugin:80 - create IPUIPlugin
2025-03-24 13:49:35,669 [INFO] PluginManager:220 - loadIPPluginJar : add nvic
2025-03-24 13:49:35,670 [INFO] IPUIPlugin:80 - create IPUIPlugin
2025-03-24 13:49:35,670 [INFO] PluginManager:220 - loadIPPluginJar : add opamp
2025-03-24 13:49:35,672 [INFO] IPUIPlugin:80 - create IPUIPlugin
2025-03-24 13:49:35,672 [INFO] PluginManager:220 - loadIPPluginJar : add openamp
2025-03-24 13:49:35,674 [INFO] IPUIPlugin:80 - create IPUIPlugin
2025-03-24 13:49:35,674 [INFO] PluginManager:220 - loadIPPluginJar : add pdm2pcm
2025-03-24 13:49:35,677 [INFO] IPUIPlugin:80 - create IPUIPlugin
2025-03-24 13:49:35,678 [INFO] PluginManager:220 - loadIPPluginJar : add plateformsettings
2025-03-24 13:49:35,679 [INFO] IPUIPlugin:80 - create IPUIPlugin
2025-03-24 13:49:35,679 [INFO] PluginManager:220 - loadIPPluginJar : add quadspi
2025-03-24 13:49:35,680 [INFO] IPUIPlugin:80 - create IPUIPlugin
2025-03-24 13:49:35,680 [INFO] PluginManager:220 - loadIPPluginJar : add radio
2025-03-24 13:49:35,682 [INFO] IPUIPlugin:80 - create IPUIPlugin
2025-03-24 13:49:35,682 [INFO] PluginManager:220 - loadIPPluginJar : add resmgrutility
2025-03-24 13:49:35,684 [INFO] IPUIPlugin:80 - create IPUIPlugin
2025-03-24 13:49:35,685 [INFO] PluginManager:220 - loadIPPluginJar : add sai
2025-03-24 13:49:35,686 [INFO] IPUIPlugin:80 - create IPUIPlugin
2025-03-24 13:49:35,686 [INFO] PluginManager:220 - loadIPPluginJar : add spi
2025-03-24 13:49:35,690 [INFO] IPUIPlugin:80 - create IPUIPlugin
2025-03-24 13:49:35,690 [INFO] PluginManager:220 - loadIPPluginJar : add stm32_wpan
2025-03-24 13:49:35,691 [INFO] IPUIPlugin:80 - create IPUIPlugin
2025-03-24 13:49:35,691 [INFO] PluginManager:220 - loadIPPluginJar : add tim
2025-03-24 13:49:35,692 [INFO] IPUIPlugin:80 - create IPUIPlugin
2025-03-24 13:49:35,693 [INFO] PluginManager:220 - loadIPPluginJar : add touchsensing
2025-03-24 13:49:35,693 [INFO] IPUIPlugin:80 - create IPUIPlugin
2025-03-24 13:49:35,693 [INFO] PluginManager:220 - loadIPPluginJar : add tracer_emb
2025-03-24 13:49:35,695 [INFO] IPUIPlugin:80 - create IPUIPlugin
2025-03-24 13:49:35,695 [INFO] PluginManager:220 - loadIPPluginJar : add ts
2025-03-24 13:49:35,696 [INFO] IPUIPlugin:80 - create IPUIPlugin
2025-03-24 13:49:35,696 [INFO] PluginManager:220 - loadIPPluginJar : add tsc
2025-03-24 13:49:35,697 [INFO] IPUIPlugin:80 - create IPUIPlugin
2025-03-24 13:49:35,697 [INFO] PluginManager:220 - loadIPPluginJar : add ucpd
2025-03-24 13:49:35,699 [INFO] IPUIPlugin:80 - create IPUIPlugin
2025-03-24 13:49:35,699 [INFO] PluginManager:220 - loadIPPluginJar : add usart
2025-03-24 13:49:35,701 [INFO] IPUIPlugin:80 - create IPUIPlugin
2025-03-24 13:49:35,701 [INFO] PluginManager:220 - loadIPPluginJar : add usbx
2025-03-24 13:49:35,815 [FATAL] Updater:351 - Updater called before beeing initialized
2025-03-24 13:49:35,832 [INFO] RulesReader:64 - Compatibility file has been processed (297 Rules)
2025-03-24 13:49:35,839 [INFO] RulesReader:64 - Compatibility file has been processed (297 Rules)
2025-03-24 13:49:35,846 [INFO] CADModel:165 - CPN selected for project level
2025-03-24 13:49:35,846 [INFO] CADModel:114 - Register for checkConnection events
2025-03-24 13:49:35,846 [FATAL] Updater:351 - Updater called before beeing initialized
2025-03-24 13:49:35,846 [ERROR] CADModel:125 - Updater not yet initialized, retry later 
2025-03-24 13:49:35,971 [FATAL] Updater:351 - Updater called before beeing initialized
2025-03-24 13:49:35,972 [INFO] CADModel:165 - CPN selected for project level
2025-03-24 13:49:35,972 [INFO] CADModel:114 - Register for checkConnection events
2025-03-24 13:49:35,972 [FATAL] Updater:351 - Updater called before beeing initialized
2025-03-24 13:49:35,972 [ERROR] CADModel:125 - Updater not yet initialized, retry later 
2025-03-24 13:49:35,974 [FATAL] Updater:351 - Updater called before beeing initialized
2025-03-24 13:49:36,059 [FATAL] Updater:351 - Updater called before beeing initialized
2025-03-24 13:49:36,061 [INFO] DbMcusAds:53 - JSON generation date=Thu Mar 06 22:54:21 CST 2025 (1741272861825)
2025-03-24 13:49:36,061 [FATAL] Updater:351 - Updater called before beeing initialized
2025-03-24 13:49:36,086 [WARN] DetailPanel:346 - Failed to get advertising image, set to default
2025-03-24 13:49:36,248 [FATAL] Updater:351 - Updater called before beeing initialized
2025-03-24 13:49:36,250 [FATAL] Updater:351 - Updater called before beeing initialized
2025-03-24 13:49:36,251 [FATAL] Updater:351 - Updater called before beeing initialized
2025-03-24 13:49:36,251 [WARN] DetailPanel:346 - Failed to get advertising image, set to default
2025-03-24 13:49:36,251 [FATAL] Updater:351 - Updater called before beeing initialized
2025-03-24 13:49:36,286 [ERROR] Updater:1198 - MainUpdater not yet initialized. External WinMGr cannot be set.
2025-03-24 13:49:36,287 [INFO] Updater:1134 - Updater Version found : 6.13.0
2025-03-24 13:49:36,296 [INFO] ApplicationProperties:184 - Using Application install path: C:\ST\STM32CubeIDE\STM32CubeIDE\plugins\com.st.stm32cube.common.mx_6.13.0.202411220809
2025-03-24 13:49:37,868 [ERROR] LogOutputStream:75 - [STDERR_REDIRECT] Mar 24, 2025 1:49:37 PM java.util.prefs.WindowsPreferences <init>
2025-03-24 13:49:37,869 [ERROR] LogOutputStream:75 - [STDERR_REDIRECT] WARNING: Could not open/create prefs root node Software\JavaSoft\Prefs at root 0xffffffff80000002. Windows RegCreateKeyEx(...) returned error code 5.
2025-03-24 13:49:37,869 [ERROR] LogOutputStream:75 - [STDERR_REDIRECT] 
2025-03-24 13:49:38,152 [INFO] ThirdPartyUpdaterWithRetryManager:70 - Updater plugin not ready yet. [2/15]
2025-03-24 13:49:38,355 [INFO] MainUpdater:2872 - connection check result : 10
2025-03-24 13:49:38,355 [INFO] MainUpdater:289 - Updater Check For Update Now.
2025-03-24 13:49:38,355 [INFO] MicroXplorer:498 - Change Database Version : DB.6.0.130
2025-03-24 13:49:38,360 [INFO] McuFinderGlobals:63 - Set McuFinder mode to 2 (CubeIDE integrated)
2025-03-24 13:49:38,361 [INFO] UserAuth:486 - Internet connection configuration mode: 1
2025-03-24 13:49:38,383 [INFO] JxBrowserEngine:152 - Initiate JxBrowser Engine with user profile folder
2025-03-24 13:49:38,513 [INFO] CheckServerUpdateThread:120 - End of CheckServer Thread
2025-03-24 13:49:39,243 [INFO] WebApp:168 - Instantiating new browser for Auth
2025-03-24 13:49:39,977 [INFO] WebApp:449 - Apply proxy settings
2025-03-24 13:49:39,977 [INFO] WebApp:534 - Chromium requires no authentication
2025-03-24 13:49:40,002 [INFO] WebApp:477 - Direct internet connection detected
2025-03-24 13:49:40,039 [INFO] WebApp:880 - Register for checkConnection events
2025-03-24 13:49:40,039 [INFO] WebApp:449 - Apply proxy settings
2025-03-24 13:49:40,039 [INFO] WebApp:534 - Chromium requires no authentication
2025-03-24 13:49:40,039 [INFO] WebApp:477 - Direct internet connection detected
2025-03-24 13:49:40,280 [INFO] WebApp:221 - Starting web application
2025-03-24 13:49:40,280 [INFO] WebApp:579 - Web application path used C:\ST\STM32CubeIDE\STM32CubeIDE\plugins\com.st.stm32cube.common.mx_6.13.0.202411220809\db\plugins\mcufinder\reactClient1\index.html
2025-03-24 13:49:40,352 [INFO] UserAuth:486 - Internet connection configuration mode: 1
2025-03-24 13:49:41,342 [WARN] PackLoader:240 - Cannot read IP mode file for STMicroelectronics.FP-SNS-MOTENVWB1.1.4.0
2025-03-24 13:49:41,347 [WARN] PackLoader:240 - Cannot read IP mode file for STMicroelectronics.FP-ATR-ASTRA1.2.0.2
2025-03-24 13:49:41,350 [WARN] PackLoader:240 - Cannot read IP mode file for STMicroelectronics.FP-ATR-ASTRA1.2.0.1
2025-03-24 13:49:41,355 [WARN] PackLoader:240 - Cannot read IP mode file for STMicroelectronics.X-CUBE-SMBUS.2.1.0
2025-03-24 13:49:41,361 [WARN] PackLoader:240 - Cannot read IP mode file for STMicroelectronics.X-CUBE-WB05N.1.1.0
2025-03-24 13:49:41,378 [WARN] PackLoader:240 - Cannot read IP mode file for STMicroelectronics.X-CUBE-AZRTOS-F7.1.1.0
2025-03-24 13:49:41,384 [WARN] PackLoader:240 - Cannot read IP mode file for STMicroelectronics.FP-SNS-FLIGHT1.5.0.2
2025-03-24 13:49:41,399 [WARN] PackLoader:240 - Cannot read IP mode file for Infineon.AIROC-Wi-Fi-Bluetooth-STM32.1.7.0
2025-03-24 13:49:41,409 [WARN] PackLoader:240 - Cannot read IP mode file for STMicroelectronics.X-CUBE-DISPLAY.3.0.0
2025-03-24 13:49:41,416 [WARN] PackLoader:240 - Cannot read IP mode file for STMicroelectronics.X-CUBE-BLE1.7.0.0
2025-03-24 13:49:41,420 [WARN] PackLoader:240 - Cannot read IP mode file for STMicroelectronics.X-CUBE-NFC10.1.0.0
2025-03-24 13:49:41,429 [WARN] PackLoader:240 - Cannot read IP mode file for STMicroelectronics.X-CUBE-BLEMGR.4.0.0
2025-03-24 13:49:41,436 [WARN] PackLoader:240 - Cannot read IP mode file for emotas.I-CUBE-CANOPEN.1.3.0
2025-03-24 13:49:41,441 [WARN] PackLoader:240 - Cannot read IP mode file for STMicroelectronics.X-CUBE-AI.10.0.0
2025-03-24 13:49:41,445 [WARN] PackLoader:240 - Cannot read IP mode file for STMicroelectronics.FP-SNS-SMARTAG2.1.2.0
2025-03-24 13:49:41,448 [WARN] PackLoader:240 - Cannot read IP mode file for STMicroelectronics.FP-SNS-FLIGHT1.5.1.0
2025-03-24 13:49:41,471 [WARN] PackLoader:240 - Cannot read IP mode file for STMicroelectronics.X-CUBE-MEMS1.11.1.0
2025-03-24 13:49:41,539 [INFO] LogOutputStream:77 - [STDOUT_REDIRECT] 1 : Invalid condition id : UX_CORESTACK_Condition cause : null
2025-03-24 13:49:41,540 [INFO] LogOutputStream:77 - [STDOUT_REDIRECT] 1 : Invalid condition id : UX_CORESTACK_Condition cause : null
2025-03-24 13:49:41,540 [INFO] LogOutputStream:77 - [STDOUT_REDIRECT] 1 : Invalid condition id : UX_CORESTACK_Condition cause : null
2025-03-24 13:49:41,541 [INFO] LogOutputStream:77 - [STDOUT_REDIRECT] 1 : Invalid condition id : UX_CORESTACK_Condition cause : null
2025-03-24 13:49:41,541 [INFO] LogOutputStream:77 - [STDOUT_REDIRECT] 1 : Invalid condition id : UX_CORESTACK_Condition cause : null
2025-03-24 13:49:41,542 [WARN] PackLoader:240 - Cannot read IP mode file for STMicroelectronics.X-CUBE-AZRTOS-WL.2.0.0
2025-03-24 13:49:41,546 [WARN] PackLoader:240 - Cannot read IP mode file for STMicroelectronics.FP-SNS-MOTENV1.5.0.0
2025-03-24 13:49:41,552 [WARN] PackLoader:240 - Cannot read IP mode file for wolfSSL.I-CUBE-wolfMQTT.1.19.0
2025-03-24 13:49:41,556 [WARN] PackLoader:240 - Cannot read IP mode file for STMicroelectronics.X-CUBE-BLE2.3.3.0
2025-03-24 13:49:41,560 [WARN] PackLoader:240 - Cannot read IP mode file for STMicroelectronics.X-CUBE-NFC9.1.0.0
2025-03-24 13:49:41,564 [WARN] PackLoader:240 - Cannot read IP mode file for STMicroelectronics.X-CUBE-BLE1.7.1.0
2025-03-24 13:49:41,573 [WARN] PackLoader:240 - Cannot read IP mode file for STMicroelectronics.X-CUBE-AZRTOS-G0.1.1.0
2025-03-24 13:49:41,578 [WARN] PackLoader:240 - Cannot read IP mode file for STMicroelectronics.X-CUBE-SAFEA1.1.2.2
2025-03-24 13:49:41,583 [WARN] PackLoader:240 - Cannot read IP mode file for STMicroelectronics.X-CUBE-NFC4.3.0.0
2025-03-24 13:49:41,590 [WARN] PackLoader:240 - Cannot read IP mode file for EmbeddedOffice.I-CUBE-FS-RTOS.1.0.1
2025-03-24 13:49:41,599 [WARN] PackLoader:240 - Cannot read IP mode file for AL94.I-CUBE-USBD-COMPOSITE.1.0.3
2025-03-24 13:49:41,683 [WARN] PackLoader:240 - Cannot read IP mode file for STMicroelectronics.X-CUBE-TCPP.4.2.0
2025-03-24 13:49:41,690 [WARN] PackLoader:240 - Cannot read IP mode file for RealThread.X-CUBE-RT-Thread_Nano.4.1.1
2025-03-24 13:49:41,693 [WARN] PackLoader:240 - Cannot read IP mode file for STMicroelectronics.FP-ATR-SIGFOX1.3.2.0
2025-03-24 13:49:41,696 [WARN] ConditionMgr:438 - getConditionDescription Invalid condition id : Cortex-A Device cause : null
2025-03-24 13:49:41,701 [WARN] ConditionMgr:1044 - genDependencies : Invalid condition id : Cortex-A Device cause : null
2025-03-24 13:49:41,703 [WARN] ConditionMgr:1044 - genDependencies : Invalid condition id : Cortex-A Device cause : null
2025-03-24 13:49:41,703 [WARN] ConditionMgr:1044 - genDependencies : Invalid condition id : Cortex-A Device cause : null
2025-03-24 13:49:41,707 [WARN] PackLoader:240 - Cannot read IP mode file for STMicroelectronics.X-CUBE-EEPRMA1.5.1.0
2025-03-24 13:49:41,711 [WARN] PackLoader:240 - Cannot read IP mode file for wolfSSL.I-CUBE-wolfSSL.5.7.6
2025-03-24 13:49:41,717 [WARN] PackLoader:240 - Cannot read IP mode file for ITTIA_DB.I-CUBE-ITTIADB.8.9.0
2025-03-24 13:49:41,731 [WARN] PackLoader:240 - Cannot read IP mode file for SEGGER.I-CUBE-embOS.1.3.1
2025-03-24 13:49:41,750 [WARN] PackLoader:240 - Cannot read IP mode file for STMicroelectronics.X-CUBE-ALGOBUILD.1.4.0
2025-03-24 13:49:41,760 [WARN] PackLoader:240 - Cannot read IP mode file for STMicroelectronics.X-CUBE-AZRTOS-F4.1.1.0
2025-03-24 13:49:41,765 [WARN] PackLoader:240 - Cannot read IP mode file for STMicroelectronics.X-CUBE-ISPU.2.1.0
2025-03-24 13:49:41,774 [WARN] PackLoader:240 - Cannot read IP mode file for STMicroelectronics.X-CUBE-AZRTOS-L5.2.0.0
2025-03-24 13:49:41,782 [WARN] PackLoader:240 - Cannot read IP mode file for STMicroelectronics.X-CUBE-NFC6.3.1.0
2025-03-24 13:49:41,786 [WARN] PackLoader:240 - Cannot read IP mode file for STMicroelectronics.X-CUBE-DPower.1.2.0
2025-03-24 13:49:41,792 [WARN] PackLoader:240 - Cannot read IP mode file for STMicroelectronics.X-CUBE-FREERTOS.1.3.0
2025-03-24 13:49:41,796 [WARN] PackLoader:240 - Cannot read IP mode file for STMicroelectronics.X-CUBE-NFC7.1.0.1
2025-03-24 13:49:41,805 [WARN] ConditionMgr:438 - getConditionDescription Invalid condition id : LAN8742 Phy interface Condition cause : null
2025-03-24 13:49:41,806 [WARN] PackLoader:240 - Cannot read IP mode file for STMicroelectronics.X-CUBE-AZRTOS-L4.2.0.0
2025-03-24 13:49:41,806 [WARN] ConditionMgr:1044 - genDependencies : Invalid condition id : LAN8742 Phy interface Condition cause : null
2025-03-24 13:49:41,806 [WARN] ConditionMgr:1044 - genDependencies : Invalid condition id : LAN8742 Phy interface Condition cause : null
2025-03-24 13:49:41,807 [WARN] ConditionMgr:1044 - genDependencies : Invalid condition id : LAN8742 Phy interface Condition cause : null
2025-03-24 13:49:41,812 [WARN] PackLoader:240 - Cannot read IP mode file for STMicroelectronics.X-CUBE-SFXS2LP1.4.0.0
2025-03-24 13:49:41,825 [WARN] PackLoader:240 - Cannot read IP mode file for STMicroelectronics.X-CUBE-AZRTOS-H7.3.3.0
2025-03-24 13:49:41,833 [WARN] ConditionMgr:438 - getConditionDescription Invalid condition id : UX DEVICE CLASS RTOS Condition cause : null
2025-03-24 13:49:41,833 [WARN] ConditionMgr:438 - getConditionDescription Invalid condition id : UX DEVICE CLASS RTOS Condition cause : null
2025-03-24 13:49:41,834 [WARN] PackLoader:240 - Cannot read IP mode file for STMicroelectronics.X-CUBE-AZRTOS-WB.2.0.0
2025-03-24 13:49:41,834 [WARN] ConditionMgr:1044 - genDependencies : Invalid condition id : UX DEVICE CLASS RTOS Condition cause : null
2025-03-24 13:49:41,834 [WARN] ConditionMgr:1044 - genDependencies : Invalid condition id : UX DEVICE CLASS RTOS Condition cause : null
2025-03-24 13:49:41,834 [WARN] ConditionMgr:1044 - genDependencies : Invalid condition id : UX DEVICE CLASS RTOS Condition cause : null
2025-03-24 13:49:41,834 [WARN] ConditionMgr:1044 - genDependencies : Invalid condition id : UX DEVICE CLASS RTOS Condition cause : null
2025-03-24 13:49:41,835 [WARN] ConditionMgr:1044 - genDependencies : Invalid condition id : UX DEVICE CLASS RTOS Condition cause : null
2025-03-24 13:49:41,840 [WARN] PackLoader:240 - Cannot read IP mode file for STMicroelectronics.X-CUBE-GNSS1.7.0.1
2025-03-24 13:49:41,844 [WARN] PackLoader:240 - Cannot read IP mode file for STMicroelectronics.X-CUBE-TOUCHGFX.4.25.0
2025-03-24 13:49:41,849 [WARN] PackLoader:240 - Cannot read IP mode file for STMicroelectronics.FP-SNS-STBOX1.2.0.0
2025-03-24 13:49:41,856 [WARN] PackLoader:240 - Cannot read IP mode file for STMicroelectronics.X-CUBE-SUBG2.5.0.0
2025-03-24 13:49:41,867 [WARN] PackLoader:240 - Cannot read IP mode file for STMicroelectronics.X-CUBE-AZRTOS-H7RS.1.1.0
2025-03-24 13:49:41,873 [WARN] PackLoader:240 - Cannot read IP mode file for Cesanta.I-CUBE-Mongoose.7.13.0
2025-03-24 13:49:41,880 [WARN] PackLoader:240 - Cannot read IP mode file for STMicroelectronics.X-CUBE-AZRTOS-G4.2.0.0
2025-03-24 13:49:41,887 [WARN] PackLoader:240 - Cannot read IP mode file for STMicroelectronics.X-CUBE-IPS.3.1.0
2025-03-24 13:49:41,893 [WARN] PackLoader:240 - Cannot read IP mode file for STMicroelectronics.X-CUBE-ALS.1.0.2
2025-03-24 13:49:41,896 [WARN] PackLoader:240 - Cannot read IP mode file for STMicroelectronics.X-CUBE-TOUCHGFX.4.24.2
2025-03-24 13:49:41,900 [WARN] PackLoader:240 - Cannot read IP mode file for wolfSSL.I-CUBE-wolfTPM.3.4.0
2025-03-24 13:49:41,905 [WARN] PackLoader:240 - Cannot read IP mode file for portGmbH.I-Cube-SoM-uGOAL.1.1.0
2025-03-24 13:49:41,915 [WARN] PackLoader:240 - Cannot read IP mode file for STMicroelectronics.X-CUBE-AZRTOS-H7RS.1.0.0
2025-03-24 13:49:41,923 [WARN] PackLoader:240 - Cannot read IP mode file for STMicroelectronics.X-CUBE-TOF1.3.4.2
2025-03-24 13:49:41,934 [WARN] PackLoader:240 - Cannot read IP mode file for wolfSSL.I-CUBE-wolfSSH.1.4.17
2025-03-24 13:49:41,934 [INFO] ThirdParty:978 - Integrity check success = true
2025-03-24 13:49:41,934 [INFO] IntegrityCheckThread:100 - exiting critical section [integrity check]
2025-03-24 13:49:41,934 [INFO] IntegrityCheckThread:103 - End integrity checks thread
2025-03-24 13:50:02,172 [ERROR] LogOutputStream:75 - [STDERR_REDIRECT] Warning: NLS unused message: MultiLaunchConfigurationDelegate_Cannot in: org.eclipse.cdt.launch.internal.ui.LaunchMessages
2025-03-24 13:50:02,173 [ERROR] LogOutputStream:75 - [STDERR_REDIRECT] Warning: NLS unused message: MultiLaunchConfigurationDelegate_Action_None in: org.eclipse.cdt.launch.internal.ui.LaunchMessages
2025-03-24 13:50:02,174 [ERROR] LogOutputStream:75 - [STDERR_REDIRECT] Warning: NLS unused message: MultiLaunchConfigurationDelegate_Action_WaitUntilTerminated in: org.eclipse.cdt.launch.internal.ui.LaunchMessages
2025-03-24 13:50:02,175 [ERROR] LogOutputStream:75 - [STDERR_REDIRECT] Warning: NLS unused message: MultiLaunchConfigurationDelegate_Action_Delay in: org.eclipse.cdt.launch.internal.ui.LaunchMessages
2025-03-24 13:50:02,176 [ERROR] LogOutputStream:75 - [STDERR_REDIRECT] Warning: NLS unused message: MultiLaunchConfigurationDelegate_Action_Delaying in: org.eclipse.cdt.launch.internal.ui.LaunchMessages
2025-03-24 13:50:02,176 [ERROR] LogOutputStream:75 - [STDERR_REDIRECT] Warning: NLS unused message: MultiLaunchConfigurationSelectionDialog_4 in: org.eclipse.cdt.launch.internal.ui.LaunchMessages
2025-03-24 13:50:02,177 [ERROR] LogOutputStream:75 - [STDERR_REDIRECT] Warning: NLS unused message: MultiLaunchConfigurationSelectionDialog_5 in: org.eclipse.cdt.launch.internal.ui.LaunchMessages
2025-03-24 13:50:02,178 [ERROR] LogOutputStream:75 - [STDERR_REDIRECT] Warning: NLS unused message: MultiLaunchConfigurationSelectionDialog_7 in: org.eclipse.cdt.launch.internal.ui.LaunchMessages
2025-03-24 13:50:02,178 [ERROR] LogOutputStream:75 - [STDERR_REDIRECT] Warning: NLS unused message: MultiLaunchConfigurationSelectionDialog_8 in: org.eclipse.cdt.launch.internal.ui.LaunchMessages
2025-03-24 13:50:02,179 [ERROR] LogOutputStream:75 - [STDERR_REDIRECT] Warning: NLS unused message: MultiLaunchConfigurationSelectionDialog_10 in: org.eclipse.cdt.launch.internal.ui.LaunchMessages
2025-03-24 13:50:02,181 [ERROR] LogOutputStream:75 - [STDERR_REDIRECT] Warning: NLS unused message: MultiLaunchConfigurationSelectionDialog_11 in: org.eclipse.cdt.launch.internal.ui.LaunchMessages
2025-03-24 13:50:02,181 [ERROR] LogOutputStream:75 - [STDERR_REDIRECT] Warning: NLS unused message: MultiLaunchConfigurationSelectionDialog_12 in: org.eclipse.cdt.launch.internal.ui.LaunchMessages
2025-03-24 13:50:02,182 [ERROR] LogOutputStream:75 - [STDERR_REDIRECT] Warning: NLS unused message: MultiLaunchConfigurationSelectionDialog_13 in: org.eclipse.cdt.launch.internal.ui.LaunchMessages
2025-03-24 13:50:02,183 [ERROR] LogOutputStream:75 - [STDERR_REDIRECT] Warning: NLS unused message: MultiLaunchConfigurationSelectionDialog_14 in: org.eclipse.cdt.launch.internal.ui.LaunchMessages
2025-03-24 13:50:02,184 [ERROR] LogOutputStream:75 - [STDERR_REDIRECT] Warning: NLS unused message: MultiLaunchConfigurationSelectionDialog_15 in: org.eclipse.cdt.launch.internal.ui.LaunchMessages
2025-03-24 13:50:02,184 [ERROR] LogOutputStream:75 - [STDERR_REDIRECT] Warning: NLS unused message: MultiLaunchConfigurationTabGroup_1 in: org.eclipse.cdt.launch.internal.ui.LaunchMessages
2025-03-24 13:50:02,185 [ERROR] LogOutputStream:75 - [STDERR_REDIRECT] Warning: NLS unused message: MultiLaunchConfigurationTabGroup_2 in: org.eclipse.cdt.launch.internal.ui.LaunchMessages
2025-03-24 13:50:02,185 [ERROR] LogOutputStream:75 - [STDERR_REDIRECT] Warning: NLS unused message: MultiLaunchConfigurationTabGroup_3 in: org.eclipse.cdt.launch.internal.ui.LaunchMessages
2025-03-24 13:50:02,186 [ERROR] LogOutputStream:75 - [STDERR_REDIRECT] Warning: NLS unused message: MultiLaunchConfigurationTabGroup_4 in: org.eclipse.cdt.launch.internal.ui.LaunchMessages
2025-03-24 13:50:02,187 [ERROR] LogOutputStream:75 - [STDERR_REDIRECT] Warning: NLS unused message: MultiLaunchConfigurationTabGroup_5 in: org.eclipse.cdt.launch.internal.ui.LaunchMessages
2025-03-24 13:50:02,188 [ERROR] LogOutputStream:75 - [STDERR_REDIRECT] Warning: NLS unused message: MultiLaunchConfigurationTabGroup_6 in: org.eclipse.cdt.launch.internal.ui.LaunchMessages
2025-03-24 13:50:02,188 [ERROR] LogOutputStream:75 - [STDERR_REDIRECT] Warning: NLS unused message: MultiLaunchConfigurationTabGroup_7 in: org.eclipse.cdt.launch.internal.ui.LaunchMessages
2025-03-24 13:50:02,189 [ERROR] LogOutputStream:75 - [STDERR_REDIRECT] Warning: NLS unused message: MultiLaunchConfigurationTabGroup_10 in: org.eclipse.cdt.launch.internal.ui.LaunchMessages
2025-03-24 13:50:02,189 [ERROR] LogOutputStream:75 - [STDERR_REDIRECT] Warning: NLS unused message: MultiLaunchConfigurationTabGroup_11 in: org.eclipse.cdt.launch.internal.ui.LaunchMessages
2025-03-24 13:50:02,190 [ERROR] LogOutputStream:75 - [STDERR_REDIRECT] Warning: NLS unused message: MultiLaunchConfigurationTabGroup_12 in: org.eclipse.cdt.launch.internal.ui.LaunchMessages
2025-03-24 13:50:02,191 [ERROR] LogOutputStream:75 - [STDERR_REDIRECT] Warning: NLS unused message: MultiLaunchConfigurationTabGroup_13 in: org.eclipse.cdt.launch.internal.ui.LaunchMessages
2025-03-24 13:50:02,192 [ERROR] LogOutputStream:75 - [STDERR_REDIRECT] Warning: NLS unused message: MultiLaunchConfigurationTabGroup_14 in: org.eclipse.cdt.launch.internal.ui.LaunchMessages
2025-03-24 13:50:02,193 [ERROR] LogOutputStream:75 - [STDERR_REDIRECT] Warning: NLS unused message: MultiLaunchConfigurationTabGroup_15 in: org.eclipse.cdt.launch.internal.ui.LaunchMessages
2025-03-24 13:50:02,194 [ERROR] LogOutputStream:75 - [STDERR_REDIRECT] Warning: NLS unused message: MultiLaunchConfigurationTabGroup_16 in: org.eclipse.cdt.launch.internal.ui.LaunchMessages
