2024-12-29 05:27:21,535 [INFO] Activator:176 - 


2024-12-29 05:27:21,543 [INFO] Activator:177 - !SESSION log4j initialized
2024-12-29 05:27:22,217 [ERROR] LogOutputStream:75 - [STDERR_REDIRECT] Warning: NLS unused message: CodeAssistConfigurationBlock_matchSubstring_label in: org.eclipse.jdt.internal.ui.preferences.PreferencesMessages
2024-12-29 05:27:22,256 [ERROR] LogOutputStream:75 - [STDERR_REDIRECT] Warning: NLS unused message: ProblemMarkerManager_problem_marker_update_job_description in: org.eclipse.jdt.internal.ui.JavaUIMessages
2024-12-29 05:27:22,260 [ERROR] LogOutputStream:75 - [STDERR_REDIRECT] Warning: NLS unused message: FilteredTypesSelectionDialog_default_package in: org.eclipse.jdt.internal.ui.JavaUIMessages
2024-12-29 05:27:22,265 [ERROR] LogOutputStream:75 - [STDERR_REDIRECT] Warning: NLS unused message: FilteredTypeSelectionDialog_showContainerForDuplicatesAction in: org.eclipse.jdt.internal.ui.JavaUIMessages
2024-12-29 05:27:22,268 [ERROR] LogOutputStream:75 - [STDERR_REDIRECT] Warning: NLS unused message: JavaElementLabels_anonym in: org.eclipse.jdt.internal.ui.JavaUIMessages
2024-12-29 05:27:22,271 [ERROR] LogOutputStream:75 - [STDERR_REDIRECT] Warning: NLS unused message: JavaElementLabels_concat_string in: org.eclipse.jdt.internal.ui.JavaUIMessages
2024-12-29 05:27:22,274 [ERROR] LogOutputStream:75 - [STDERR_REDIRECT] Warning: NLS unused message: JavaElementLabels_comma_string in: org.eclipse.jdt.internal.ui.JavaUIMessages
2024-12-29 05:27:22,278 [ERROR] LogOutputStream:75 - [STDERR_REDIRECT] Warning: NLS unused message: JavaElementLabels_declseparator_string in: org.eclipse.jdt.internal.ui.JavaUIMessages
2024-12-29 05:27:22,281 [ERROR] LogOutputStream:75 - [STDERR_REDIRECT] Warning: NLS unused message: JavaElementLabels_category_separator_string in: org.eclipse.jdt.internal.ui.JavaUIMessages
2024-12-29 05:27:22,285 [ERROR] LogOutputStream:75 - [STDERR_REDIRECT] Warning: NLS unused message: JavaElementLabels_import_container in: org.eclipse.jdt.internal.ui.JavaUIMessages
2024-12-29 05:27:22,788 [ERROR] LogOutputStream:75 - [STDERR_REDIRECT] Warning: NLS unused message: FileDocumentProvider_getPersistedEncoding in: org.eclipse.ui.editors.text.TextEditorMessages
2024-12-29 05:27:25,638 [ERROR] LogOutputStream:75 - [STDERR_REDIRECT] Warning: NLS unused message: TextSearchVisitor_progress_updating_job in: org.eclipse.search.internal.ui.SearchMessages
2024-12-29 05:27:25,641 [ERROR] LogOutputStream:75 - [STDERR_REDIRECT] Warning: NLS unused message: SearchPageSelectionDialog_rememberLastUsedPage_message in: org.eclipse.search.internal.ui.SearchMessages
2024-12-29 05:27:30,117 [ERROR] LogOutputStream:75 - [STDERR_REDIRECT] Warning: NLS unused message: ShowInNavigatorView_label in: org.eclipse.jdt.internal.ui.actions.ActionMessages
2024-12-29 05:27:30,120 [ERROR] LogOutputStream:75 - [STDERR_REDIRECT] Warning: NLS unused message: ShowInNavigatorView_dialog_title in: org.eclipse.jdt.internal.ui.actions.ActionMessages
2024-12-29 05:27:30,121 [ERROR] LogOutputStream:75 - [STDERR_REDIRECT] Warning: NLS unused message: ShowInNavigatorView_dialog_message in: org.eclipse.jdt.internal.ui.actions.ActionMessages
2024-12-29 05:27:30,125 [ERROR] LogOutputStream:75 - [STDERR_REDIRECT] Warning: NLS unused message: ShowInNavigatorView_error_activation_failed in: org.eclipse.jdt.internal.ui.actions.ActionMessages
2024-12-29 05:27:30,128 [ERROR] LogOutputStream:75 - [STDERR_REDIRECT] Warning: NLS unused message: OrganizeImportsAction_error_message in: org.eclipse.jdt.internal.ui.actions.ActionMessages
2024-12-29 05:27:30,608 [INFO] LogOutputStream:77 - [STDOUT_REDIRECT] 
2024-12-29 05:27:38,661 [INFO] ApplicationProperties:184 - Using Application install path: C:\ST\STM32CubeIDE_1.16.0\STM32CubeIDE\plugins\com.st.stm32cube.common.mx_6.13.0.202411220809
2024-12-29 05:27:38,683 [INFO] DbMcusXml:78 - Set database path to: C:\ST\STM32CubeIDE_1.16.0\STM32CubeIDE\plugins\com.st.stm32cube.common.mx_6.13.0.202411220809\\db\/mcu/
2024-12-29 05:27:38,683 [INFO] ApiDb:274 - Set plugin database path to: C:\ST\STM32CubeIDE_1.16.0\STM32CubeIDE\plugins\com.st.stm32cube.common.mx_6.13.0.202411220809\\db\/plugins/boardmanager/
2024-12-29 05:27:38,685 [WARN] ApiDb:259 - Overriding images path with different value:  => C:\ST\STM32CubeIDE_1.16.0\STM32CubeIDE\plugins\com.st.stm32cube.common.mx_6.13.0.202411220809\\db\/plugins/mcufinder/images/
2024-12-29 05:27:38,699 [INFO] ApiDb:250 - Set database path to: C:\Users\Administrator\.stmcufinder\plugins\mcufinder//mcu/
2024-12-29 05:27:38,701 [INFO] DbMcusAds:125 - Set database path to: C:\Users\Administrator\.stmcufinder\plugins\mcufinder//mcu/
2024-12-29 05:27:38,707 [INFO] CrossReferenceDbSqlite:203 - Set database path to: C:\Users\Administrator\.stmcufinder\plugins\mcufinder//mcu/cs/
2024-12-29 05:27:38,881 [INFO] RulesReader:64 - Compatibility file has been processed (297 Rules)
2024-12-29 05:27:39,658 [INFO] DbMcusXml:78 - Set database path to: C:\ST\STM32CubeIDE_1.16.0\STM32CubeIDE\plugins\com.st.stm32cube.common.mx_6.13.0.202411220809\\db\/mcu/
2024-12-29 05:27:39,658 [INFO] ApiDb:274 - Set plugin database path to: C:\ST\STM32CubeIDE_1.16.0\STM32CubeIDE\plugins\com.st.stm32cube.common.mx_6.13.0.202411220809\\db\/plugins/boardmanager/
2024-12-29 05:27:39,659 [INFO] ApiDb:261 - Set plugin images path to: C:\ST\STM32CubeIDE_1.16.0\STM32CubeIDE\plugins\com.st.stm32cube.common.mx_6.13.0.202411220809\\db\/plugins/mcufinder/images/
2024-12-29 05:27:39,659 [WARN] DbFile:41 - Overriding database path with different value: C:\Users\Administrator\.stmcufinder\plugins\mcufinder/ => C:\Users\Administrator\.stmcufinder\plugins\mcufinder
2024-12-29 05:27:39,659 [INFO] ApiDb:250 - Set database path to: C:\Users\Administrator\.stmcufinder\plugins\mcufinder//mcu/
2024-12-29 05:27:39,659 [WARN] DbFile:41 - Overriding database path with different value: C:\Users\Administrator\.stmcufinder\plugins\mcufinder/ => C:\Users\Administrator\.stmcufinder\plugins\mcufinder
2024-12-29 05:27:39,659 [INFO] DbMcusAds:125 - Set database path to: C:\Users\Administrator\.stmcufinder\plugins\mcufinder//mcu/
2024-12-29 05:27:39,659 [WARN] DbFile:41 - Overriding database path with different value: C:\Users\Administrator\.stmcufinder\plugins\mcufinder/ => C:\Users\Administrator\.stmcufinder\plugins\mcufinder
2024-12-29 05:27:39,659 [WARN] DbFile:41 - Overriding database path with different value: C:\Users\Administrator\.stmcufinder\plugins\mcufinder/ => C:\Users\Administrator\.stmcufinder\plugins\mcufinder
2024-12-29 05:27:39,659 [INFO] CrossReferenceDbSqlite:203 - Set database path to: C:\Users\Administrator\.stmcufinder\plugins\mcufinder//mcu/cs/
2024-12-29 05:27:39,826 [INFO] MainPanel:272 - HeapMemory: 270532608
2024-12-29 05:27:40,316 [INFO] DbMcusXml:78 - Set database path to: C:\ST\STM32CubeIDE_1.16.0\STM32CubeIDE\plugins\com.st.stm32cube.common.mx_6.13.0.202411220809\\db\/mcu/
2024-12-29 05:27:40,316 [INFO] ApiDb:274 - Set plugin database path to: C:\ST\STM32CubeIDE_1.16.0\STM32CubeIDE\plugins\com.st.stm32cube.common.mx_6.13.0.202411220809\\db\/plugins/boardmanager/
2024-12-29 05:27:40,316 [INFO] ApiDb:261 - Set plugin images path to: C:\ST\STM32CubeIDE_1.16.0\STM32CubeIDE\plugins\com.st.stm32cube.common.mx_6.13.0.202411220809\\db\/plugins/mcufinder/images/
2024-12-29 05:27:40,317 [WARN] DbFile:41 - Overriding database path with different value: C:\Users\Administrator\.stmcufinder\plugins\mcufinder/ => C:\Users\Administrator\.stmcufinder\plugins\mcufinder
2024-12-29 05:27:40,317 [INFO] ApiDb:250 - Set database path to: C:\Users\Administrator\.stmcufinder\plugins\mcufinder//mcu/
2024-12-29 05:27:40,317 [WARN] DbFile:41 - Overriding database path with different value: C:\Users\Administrator\.stmcufinder\plugins\mcufinder/ => C:\Users\Administrator\.stmcufinder\plugins\mcufinder
2024-12-29 05:27:40,317 [INFO] DbMcusAds:125 - Set database path to: C:\Users\Administrator\.stmcufinder\plugins\mcufinder//mcu/
2024-12-29 05:27:40,317 [WARN] DbFile:41 - Overriding database path with different value: C:\Users\Administrator\.stmcufinder\plugins\mcufinder/ => C:\Users\Administrator\.stmcufinder\plugins\mcufinder
2024-12-29 05:27:40,318 [WARN] DbFile:41 - Overriding database path with different value: C:\Users\Administrator\.stmcufinder\plugins\mcufinder/ => C:\Users\Administrator\.stmcufinder\plugins\mcufinder
2024-12-29 05:27:40,318 [INFO] CrossReferenceDbSqlite:203 - Set database path to: C:\Users\Administrator\.stmcufinder\plugins\mcufinder//mcu/cs/
2024-12-29 05:27:40,347 [INFO] ApplicationProperties:184 - Using Application install path: C:\ST\STM32CubeIDE_1.16.0\STM32CubeIDE\plugins\com.st.stm32cube.common.mx_6.13.0.202411220809
2024-12-29 05:27:40,349 [INFO] PluginManage:196 - Search for loadable plugins [exclusion list=, ]
2024-12-29 05:27:40,351 [INFO] PluginManage:310 - Check plugin analytics
2024-12-29 05:27:40,633 [INFO] AnalyticsPlugin:253 - Accepted Software Licenses: STM32CubeMX.6.4.0,STM32CubeMX.6.11.1,STM32CubeMX.6.13.0
2024-12-29 05:27:40,633 [INFO] AnalyticsPlugin:255 - Accepted CMSIS Pack Licenses: 
2024-12-29 05:27:40,634 [INFO] AnalyticsPlugin:257 - Accepted Firmware Licenses: 
2024-12-29 05:27:40,636 [INFO] PluginManage:359 - Loaded plugin analytics (category:tool,tabindex:-1)
2024-12-29 05:27:40,637 [INFO] PluginManage:310 - Check plugin cadmodel
2024-12-29 05:27:40,647 [INFO] CADModel:105 - Init CAD model plugin
2024-12-29 05:27:40,647 [INFO] PluginManage:359 - Loaded plugin cadmodel (category:power,tabindex:5)
2024-12-29 05:27:40,648 [INFO] PluginManage:310 - Check plugin clock
2024-12-29 05:27:40,663 [INFO] PluginManage:359 - Loaded plugin clock (category:base,tabindex:2)
2024-12-29 05:27:40,663 [INFO] PluginManage:310 - Check plugin ddr
2024-12-29 05:27:40,669 [INFO] PluginManage:359 - Loaded plugin ddr (category:tool,tabindex:6)
2024-12-29 05:27:40,669 [INFO] PluginManage:310 - Check plugin filemanager
2024-12-29 05:27:40,871 [INFO] PluginManage:359 - Loaded plugin filemanager (category:base,tabindex:10)
2024-12-29 05:27:40,871 [INFO] PluginManage:310 - Check plugin ipmanager
2024-12-29 05:27:40,884 [INFO] PluginManage:359 - Loaded plugin ipmanager (category:base,tabindex:5)
2024-12-29 05:27:40,884 [INFO] PluginManage:310 - Check plugin lpbam
2024-12-29 05:27:40,895 [INFO] PluginManage:359 - Loaded plugin lpbam (category:base,tabindex:0)
2024-12-29 05:27:40,896 [INFO] PluginManage:310 - Check plugin memorymap
2024-12-29 05:27:40,962 [INFO] PluginManage:359 - Loaded plugin memorymap (category:base,tabindex:4)
2024-12-29 05:27:40,962 [INFO] PluginManage:310 - Check plugin pinoutandconfiguration
2024-12-29 05:27:40,977 [INFO] PluginManage:359 - Loaded plugin pinoutandconfiguration (category:base,tabindex:1)
2024-12-29 05:27:40,977 [INFO] PluginManage:310 - Check plugin pinoutconfig
2024-12-29 05:27:41,120 [WARN] SupportedApi:132 - Cannot load RTOS API schema: s4s-elt-must-match.1: The content of 'definitions' must match (annotation?, (simpleType | complexType)?, (unique | key | keyref)*)). A problem was found starting at: attribute.
2024-12-29 05:27:41,374 [INFO] PluginManage:359 - Loaded plugin pinoutconfig (category:base,tabindex:0)
2024-12-29 05:27:41,375 [INFO] PluginManage:310 - Check plugin power
2024-12-29 05:27:41,416 [INFO] PluginManage:359 - Loaded plugin power (category:power,tabindex:4)
2024-12-29 05:27:41,416 [INFO] PluginManage:310 - Check plugin projectmanager
2024-12-29 05:27:41,445 [INFO] PluginManage:359 - Loaded plugin projectmanager (category:projectmanager,tabindex:4)
2024-12-29 05:27:41,445 [INFO] PluginManage:310 - Check plugin rif
2024-12-29 05:27:41,460 [INFO] PluginManage:359 - Loaded plugin rif (category:base,tabindex:3)
2024-12-29 05:27:41,460 [INFO] PluginManage:310 - Check plugin thirdparty
2024-12-29 05:27:41,673 [WARN] IntegrityCheckThread:84 - waiting for thirdparty lock release [integrity check]
2024-12-29 05:27:41,673 [INFO] IntegrityCheckThread:86 - entering critical section [integrity check]
2024-12-29 05:27:41,673 [INFO] PluginManage:359 - Loaded plugin thirdparty (category:base,tabindex:-1)
2024-12-29 05:27:41,673 [INFO] PluginManage:310 - Check plugin tools
2024-12-29 05:27:41,674 [INFO] ThirdPartyUpdaterWithRetryManager:70 - Updater plugin not ready yet. [1/15]
2024-12-29 05:27:41,677 [INFO] PluginManage:359 - Loaded plugin tools (category:base,tabindex:7)
2024-12-29 05:27:41,677 [INFO] PluginManage:310 - Check plugin tutovideos
2024-12-29 05:27:41,908 [INFO] PluginManage:359 - Loaded plugin tutovideos (category:base,tabindex:-1)
2024-12-29 05:27:41,908 [INFO] PluginManage:310 - Check plugin updater
2024-12-29 05:27:41,933 [INFO] PluginManage:359 - Loaded plugin updater (category:base,tabindex:12)
2024-12-29 05:27:41,934 [INFO] PluginManage:310 - Check plugin userauth
2024-12-29 05:27:41,939 [INFO] UserAuth:118 - Init User Auth plugin
2024-12-29 05:27:41,940 [INFO] PluginManage:359 - Loaded plugin userauth (category:base,tabindex:14)
2024-12-29 05:27:41,941 [INFO] PluginManage:283 - PluginManage : Loaded plugins [18]
2024-12-29 05:27:42,241 [INFO] PinOutPanel:1589 - setPackage(No Configuration,No Configuration)
2024-12-29 05:27:42,367 [INFO] CADModel:165 - CPN selected for project level
2024-12-29 05:27:42,367 [INFO] CADModel:114 - Register for checkConnection events
2024-12-29 05:27:42,394 [INFO] IPUIPlugin:80 - create IPUIPlugin
2024-12-29 05:27:42,395 [INFO] PluginManager:220 - loadIPPluginJar : add adc
2024-12-29 05:27:42,400 [INFO] IPUIPlugin:80 - create IPUIPlugin
2024-12-29 05:27:42,401 [INFO] PluginManager:220 - loadIPPluginJar : add aes
2024-12-29 05:27:42,406 [INFO] IPUIPlugin:80 - create IPUIPlugin
2024-12-29 05:27:42,406 [INFO] PluginManager:220 - loadIPPluginJar : add can
2024-12-29 05:27:42,409 [INFO] IPUIPlugin:80 - create IPUIPlugin
2024-12-29 05:27:42,410 [INFO] PluginManager:220 - loadIPPluginJar : add comp
2024-12-29 05:27:42,413 [INFO] IPUIPlugin:80 - create IPUIPlugin
2024-12-29 05:27:42,413 [INFO] PluginManager:220 - loadIPPluginJar : add cryp
2024-12-29 05:27:42,424 [INFO] IPUIPlugin:80 - create IPUIPlugin
2024-12-29 05:27:42,424 [INFO] PluginManager:220 - loadIPPluginJar : add ddr_ctrl_phy
2024-12-29 05:27:42,429 [INFO] IPUIPlugin:80 - create IPUIPlugin
2024-12-29 05:27:42,430 [INFO] PluginManager:220 - loadIPPluginJar : add dfsdm
2024-12-29 05:27:42,438 [INFO] IPUIPlugin:80 - create IPUIPlugin
2024-12-29 05:27:42,439 [INFO] PluginManager:220 - loadIPPluginJar : add dma
2024-12-29 05:27:42,443 [INFO] IPUIPlugin:80 - create IPUIPlugin
2024-12-29 05:27:42,443 [INFO] PluginManager:220 - loadIPPluginJar : add dma3
2024-12-29 05:27:42,447 [INFO] IPUIPlugin:80 - create IPUIPlugin
2024-12-29 05:27:42,447 [INFO] PluginManager:220 - loadIPPluginJar : add extmemmanager
2024-12-29 05:27:42,450 [INFO] IPUIPlugin:80 - create IPUIPlugin
2024-12-29 05:27:42,450 [INFO] PluginManager:220 - loadIPPluginJar : add fatfs
2024-12-29 05:27:42,457 [INFO] IPUIPlugin:80 - create IPUIPlugin
2024-12-29 05:27:42,457 [INFO] PluginManager:220 - loadIPPluginJar : add fmc
2024-12-29 05:27:42,466 [INFO] IPUIPlugin:80 - create IPUIPlugin
2024-12-29 05:27:42,467 [INFO] PluginManager:220 - loadIPPluginJar : add freertos
2024-12-29 05:27:42,469 [INFO] IPUIPlugin:80 - create IPUIPlugin
2024-12-29 05:27:42,470 [INFO] PluginManager:220 - loadIPPluginJar : add genericplugin
2024-12-29 05:27:42,474 [INFO] IPUIPlugin:80 - create IPUIPlugin
2024-12-29 05:27:42,474 [INFO] PluginManager:220 - loadIPPluginJar : add gfxmmu
2024-12-29 05:27:42,481 [INFO] IPUIPlugin:80 - create IPUIPlugin
2024-12-29 05:27:42,482 [INFO] PluginManager:220 - loadIPPluginJar : add gic
2024-12-29 05:27:42,488 [INFO] IPUIPlugin:80 - create IPUIPlugin
2024-12-29 05:27:42,488 [INFO] PluginManager:220 - loadIPPluginJar : add gpio
2024-12-29 05:27:42,492 [INFO] IPUIPlugin:80 - create IPUIPlugin
2024-12-29 05:27:42,492 [INFO] PluginManager:220 - loadIPPluginJar : add gtzc
2024-12-29 05:27:42,497 [INFO] IPUIPlugin:80 - create IPUIPlugin
2024-12-29 05:27:42,497 [INFO] PluginManager:220 - loadIPPluginJar : add hash
2024-12-29 05:27:42,501 [INFO] IPUIPlugin:80 - create IPUIPlugin
2024-12-29 05:27:42,501 [INFO] PluginManager:220 - loadIPPluginJar : add i2c
2024-12-29 05:27:42,505 [INFO] IPUIPlugin:80 - create IPUIPlugin
2024-12-29 05:27:42,506 [INFO] PluginManager:220 - loadIPPluginJar : add i2s
2024-12-29 05:27:42,513 [INFO] IPUIPlugin:80 - create IPUIPlugin
2024-12-29 05:27:42,513 [INFO] PluginManager:220 - loadIPPluginJar : add i3c
2024-12-29 05:27:42,520 [INFO] IPUIPlugin:80 - create IPUIPlugin
2024-12-29 05:27:42,520 [INFO] PluginManager:220 - loadIPPluginJar : add ipddr
2024-12-29 05:27:42,530 [INFO] IPUIPlugin:80 - create IPUIPlugin
2024-12-29 05:27:42,530 [INFO] PluginManager:220 - loadIPPluginJar : add linkedlist
2024-12-29 05:27:42,535 [INFO] IPUIPlugin:80 - create IPUIPlugin
2024-12-29 05:27:42,535 [INFO] PluginManager:220 - loadIPPluginJar : add lorawan
2024-12-29 05:27:42,538 [INFO] IPUIPlugin:80 - create IPUIPlugin
2024-12-29 05:27:42,538 [INFO] PluginManager:220 - loadIPPluginJar : add ltdc
2024-12-29 05:27:42,548 [INFO] IPUIPlugin:80 - create IPUIPlugin
2024-12-29 05:27:42,548 [INFO] PluginManager:220 - loadIPPluginJar : add mdma
2024-12-29 05:27:42,554 [INFO] IPUIPlugin:80 - create IPUIPlugin
2024-12-29 05:27:42,554 [INFO] PluginManager:220 - loadIPPluginJar : add nvic
2024-12-29 05:27:42,559 [INFO] IPUIPlugin:80 - create IPUIPlugin
2024-12-29 05:27:42,559 [INFO] PluginManager:220 - loadIPPluginJar : add opamp
2024-12-29 05:27:42,564 [INFO] IPUIPlugin:80 - create IPUIPlugin
2024-12-29 05:27:42,564 [INFO] PluginManager:220 - loadIPPluginJar : add openamp
2024-12-29 05:27:42,570 [INFO] IPUIPlugin:80 - create IPUIPlugin
2024-12-29 05:27:42,570 [INFO] PluginManager:220 - loadIPPluginJar : add pdm2pcm
2024-12-29 05:27:42,578 [INFO] IPUIPlugin:80 - create IPUIPlugin
2024-12-29 05:27:42,582 [INFO] PluginManager:220 - loadIPPluginJar : add plateformsettings
2024-12-29 05:27:42,585 [INFO] IPUIPlugin:80 - create IPUIPlugin
2024-12-29 05:27:42,585 [INFO] PluginManager:220 - loadIPPluginJar : add quadspi
2024-12-29 05:27:42,588 [INFO] IPUIPlugin:80 - create IPUIPlugin
2024-12-29 05:27:42,589 [INFO] PluginManager:220 - loadIPPluginJar : add radio
2024-12-29 05:27:42,597 [INFO] IPUIPlugin:80 - create IPUIPlugin
2024-12-29 05:27:42,597 [INFO] PluginManager:220 - loadIPPluginJar : add resmgrutility
2024-12-29 05:27:42,602 [INFO] IPUIPlugin:80 - create IPUIPlugin
2024-12-29 05:27:42,603 [INFO] PluginManager:220 - loadIPPluginJar : add sai
2024-12-29 05:27:42,608 [INFO] IPUIPlugin:80 - create IPUIPlugin
2024-12-29 05:27:42,609 [INFO] PluginManager:220 - loadIPPluginJar : add spi
2024-12-29 05:27:42,615 [INFO] IPUIPlugin:80 - create IPUIPlugin
2024-12-29 05:27:42,616 [INFO] PluginManager:220 - loadIPPluginJar : add stm32_wpan
2024-12-29 05:27:42,619 [INFO] IPUIPlugin:80 - create IPUIPlugin
2024-12-29 05:27:42,619 [INFO] PluginManager:220 - loadIPPluginJar : add tim
2024-12-29 05:27:42,624 [INFO] IPUIPlugin:80 - create IPUIPlugin
2024-12-29 05:27:42,624 [INFO] PluginManager:220 - loadIPPluginJar : add touchsensing
2024-12-29 05:27:42,627 [INFO] IPUIPlugin:80 - create IPUIPlugin
2024-12-29 05:27:42,627 [INFO] PluginManager:220 - loadIPPluginJar : add tracer_emb
2024-12-29 05:27:42,631 [INFO] IPUIPlugin:80 - create IPUIPlugin
2024-12-29 05:27:42,631 [INFO] PluginManager:220 - loadIPPluginJar : add ts
2024-12-29 05:27:42,634 [INFO] IPUIPlugin:80 - create IPUIPlugin
2024-12-29 05:27:42,634 [INFO] PluginManager:220 - loadIPPluginJar : add tsc
2024-12-29 05:27:42,638 [INFO] IPUIPlugin:80 - create IPUIPlugin
2024-12-29 05:27:42,638 [INFO] PluginManager:220 - loadIPPluginJar : add ucpd
2024-12-29 05:27:42,642 [INFO] IPUIPlugin:80 - create IPUIPlugin
2024-12-29 05:27:42,642 [INFO] PluginManager:220 - loadIPPluginJar : add usart
2024-12-29 05:27:42,648 [INFO] IPUIPlugin:80 - create IPUIPlugin
2024-12-29 05:27:42,648 [INFO] PluginManager:220 - loadIPPluginJar : add usbx
2024-12-29 05:27:42,801 [FATAL] Updater:351 - Updater called before beeing initialized
2024-12-29 05:27:42,834 [INFO] RulesReader:64 - Compatibility file has been processed (297 Rules)
2024-12-29 05:27:42,850 [INFO] RulesReader:64 - Compatibility file has been processed (297 Rules)
2024-12-29 05:27:42,858 [INFO] CADModel:165 - CPN selected for project level
2024-12-29 05:27:42,859 [INFO] CADModel:114 - Register for checkConnection events
2024-12-29 05:27:42,859 [FATAL] Updater:351 - Updater called before beeing initialized
2024-12-29 05:27:42,859 [ERROR] CADModel:125 - Updater not yet initialized, retry later 
2024-12-29 05:27:43,058 [FATAL] Updater:351 - Updater called before beeing initialized
2024-12-29 05:27:43,061 [INFO] CADModel:165 - CPN selected for project level
2024-12-29 05:27:43,061 [INFO] CADModel:114 - Register for checkConnection events
2024-12-29 05:27:43,061 [FATAL] Updater:351 - Updater called before beeing initialized
2024-12-29 05:27:43,061 [ERROR] CADModel:125 - Updater not yet initialized, retry later 
2024-12-29 05:27:43,067 [FATAL] Updater:351 - Updater called before beeing initialized
2024-12-29 05:27:43,439 [FATAL] Updater:351 - Updater called before beeing initialized
2024-12-29 05:27:43,446 [INFO] DbMcusAds:53 - JSON generation date=Wed Dec 18 00:01:15 CST 2024 (1734451275222)
2024-12-29 05:27:43,446 [FATAL] Updater:351 - Updater called before beeing initialized
2024-12-29 05:27:43,529 [WARN] DetailPanel:346 - Failed to get advertising image, set to default
2024-12-29 05:27:43,873 [FATAL] Updater:351 - Updater called before beeing initialized
2024-12-29 05:27:43,876 [FATAL] Updater:351 - Updater called before beeing initialized
2024-12-29 05:27:43,876 [FATAL] Updater:351 - Updater called before beeing initialized
2024-12-29 05:27:43,876 [WARN] DetailPanel:346 - Failed to get advertising image, set to default
2024-12-29 05:27:43,877 [FATAL] Updater:351 - Updater called before beeing initialized
2024-12-29 05:27:43,957 [ERROR] Updater:1198 - MainUpdater not yet initialized. External WinMGr cannot be set.
2024-12-29 05:27:43,960 [INFO] Updater:1134 - Updater Version found : 6.13.0
2024-12-29 05:27:43,985 [INFO] ApplicationProperties:184 - Using Application install path: C:\ST\STM32CubeIDE_1.16.0\STM32CubeIDE\plugins\com.st.stm32cube.common.mx_6.13.0.202411220809
2024-12-29 05:27:44,071 [INFO] MainUpdater:525 - Copy updater definitions from MX database
2024-12-29 05:27:44,674 [INFO] ThirdPartyUpdaterWithRetryManager:70 - Updater plugin not ready yet. [2/15]
2024-12-29 05:27:46,110 [INFO] MainUpdater:2872 - connection check result : 10
2024-12-29 05:27:46,110 [INFO] MainUpdater:3566 - Updater definition file requires update
2024-12-29 05:27:46,112 [INFO] MainUpdater:289 - Updater Check For Update Now.
2024-12-29 05:27:46,112 [INFO] MicroXplorer:498 - Change Database Version : DB.6.0.130
2024-12-29 05:27:46,120 [INFO] McuFinderGlobals:63 - Set McuFinder mode to 2 (CubeIDE integrated)
2024-12-29 05:27:46,120 [INFO] UserAuth:171 - activating auth plugin
2024-12-29 05:27:46,125 [INFO] UserAuth:486 - Internet connection configuration mode: 1
2024-12-29 05:27:46,150 [INFO] JxBrowserEngine:152 - Initiate JxBrowser Engine with user profile folder
2024-12-29 05:27:46,470 [INFO] ServerAccessManage:473 - Download File updaters.zip
2024-12-29 05:27:46,598 [INFO] FileExtend:240 - Unzip File : updaters.zip
2024-12-29 05:27:46,598 [INFO] FileExtend:255 - Standard Zip Deflate
2024-12-29 05:27:47,680 [WARN] MainUpdater:1193 - Updater busy. Cannot search thirdparties
2024-12-29 05:27:47,680 [INFO] ThirdPartyUpdaterWithRetryManager:96 - Updater plugin is busy. [1/15]
2024-12-29 05:27:47,846 [INFO] ServerAccessManage:473 - Download File PacksControlFlags.xml
2024-12-29 05:27:48,038 [INFO] ServerAccessManage:473 - Download File cubemx.pidx
2024-12-29 05:27:48,404 [INFO] LoadServerUpdatesThread:375 - End of LoadServerUpdate Thread
2024-12-29 05:27:48,693 [INFO] CheckServerUpdateThread:120 - End of CheckServer Thread
2024-12-29 05:27:48,696 [INFO] WebApp:168 - Instantiating new browser for Auth
2024-12-29 05:27:50,833 [INFO] WebApp:449 - Apply proxy settings
2024-12-29 05:27:50,834 [INFO] WebApp:534 - Chromium requires no authentication
2024-12-29 05:27:50,850 [INFO] WebApp:477 - Direct internet connection detected
2024-12-29 05:27:50,902 [INFO] WebApp:880 - Register for checkConnection events
2024-12-29 05:27:50,903 [INFO] WebApp:449 - Apply proxy settings
2024-12-29 05:27:50,903 [INFO] WebApp:534 - Chromium requires no authentication
2024-12-29 05:27:50,904 [INFO] WebApp:477 - Direct internet connection detected
2024-12-29 05:27:51,441 [INFO] WebApp:221 - Starting web application
2024-12-29 05:27:51,442 [INFO] WebApp:579 - Web application path used C:\ST\STM32CubeIDE_1.16.0\STM32CubeIDE\plugins\com.st.stm32cube.common.mx_6.13.0.202411220809\db\plugins\mcufinder\reactClient1\index.html
2024-12-29 05:27:51,507 [WARN] PackLoader:240 - Cannot read IP mode file for STMicroelectronics.FP-SNS-MOTENVWB1.1.4.0
2024-12-29 05:27:51,527 [WARN] PackLoader:240 - Cannot read IP mode file for STMicroelectronics.FP-ATR-ASTRA1.2.0.1
2024-12-29 05:27:51,557 [WARN] PackLoader:240 - Cannot read IP mode file for STMicroelectronics.X-CUBE-SMBUS.2.1.0
2024-12-29 05:27:51,577 [WARN] PackLoader:240 - Cannot read IP mode file for STMicroelectronics.X-CUBE-WB05N.1.1.0
2024-12-29 05:27:51,632 [WARN] PackLoader:240 - Cannot read IP mode file for STMicroelectronics.X-CUBE-AZRTOS-F7.1.1.0
2024-12-29 05:27:51,882 [WARN] PackLoader:240 - Cannot read IP mode file for STMicroelectronics.X-CUBE-MEMS1.11.0.0
2024-12-29 05:27:52,200 [WARN] PackLoader:240 - Cannot read IP mode file for STMicroelectronics.FP-SNS-FLIGHT1.5.0.2
2024-12-29 05:27:52,243 [WARN] PackLoader:240 - Cannot read IP mode file for Infineon.AIROC-Wi-Fi-Bluetooth-STM32.1.7.0
2024-12-29 05:27:52,259 [WARN] PackLoader:240 - Cannot read IP mode file for STMicroelectronics.X-CUBE-DISPLAY.3.0.0
2024-12-29 05:27:52,278 [WARN] PackLoader:240 - Cannot read IP mode file for STMicroelectronics.X-CUBE-BLE1.7.0.0
2024-12-29 05:27:52,284 [WARN] PackLoader:240 - Cannot read IP mode file for STMicroelectronics.X-CUBE-NFC10.1.0.0
2024-12-29 05:27:52,298 [WARN] PackLoader:240 - Cannot read IP mode file for STMicroelectronics.X-CUBE-BLEMGR.4.0.0
2024-12-29 05:27:52,314 [WARN] PackLoader:240 - Cannot read IP mode file for emotas.I-CUBE-CANOPEN.1.3.0
2024-12-29 05:27:52,328 [WARN] PackLoader:240 - Cannot read IP mode file for STMicroelectronics.FP-SNS-SMARTAG2.1.2.0
2024-12-29 05:27:52,416 [WARN] PackLoader:240 - Cannot read IP mode file for STMicroelectronics.X-CUBE-MEMS1.11.1.0
2024-12-29 05:27:52,566 [INFO] LogOutputStream:77 - [STDOUT_REDIRECT] 1 : Invalid condition id : UX_CORESTACK_Condition cause : null
2024-12-29 05:27:52,568 [INFO] LogOutputStream:77 - [STDOUT_REDIRECT] 1 : Invalid condition id : UX_CORESTACK_Condition cause : null
2024-12-29 05:27:52,569 [INFO] LogOutputStream:77 - [STDOUT_REDIRECT] 1 : Invalid condition id : UX_CORESTACK_Condition cause : null
2024-12-29 05:27:52,570 [INFO] LogOutputStream:77 - [STDOUT_REDIRECT] 1 : Invalid condition id : UX_CORESTACK_Condition cause : null
2024-12-29 05:27:52,571 [INFO] LogOutputStream:77 - [STDOUT_REDIRECT] 1 : Invalid condition id : UX_CORESTACK_Condition cause : null
2024-12-29 05:27:52,574 [WARN] PackLoader:240 - Cannot read IP mode file for STMicroelectronics.X-CUBE-AZRTOS-WL.2.0.0
2024-12-29 05:27:52,582 [WARN] PackLoader:240 - Cannot read IP mode file for STMicroelectronics.FP-SNS-MOTENV1.5.0.0
2024-12-29 05:27:52,588 [WARN] PackLoader:240 - Cannot read IP mode file for wolfSSL.I-CUBE-wolfMQTT.1.19.0
2024-12-29 05:27:52,594 [WARN] PackLoader:240 - Cannot read IP mode file for STMicroelectronics.X-CUBE-BLE2.3.3.0
2024-12-29 05:27:52,602 [WARN] PackLoader:240 - Cannot read IP mode file for STMicroelectronics.X-CUBE-NFC9.1.0.0
2024-12-29 05:27:52,617 [WARN] PackLoader:240 - Cannot read IP mode file for STMicroelectronics.X-CUBE-AZRTOS-G0.1.1.0
2024-12-29 05:27:52,625 [WARN] PackLoader:240 - Cannot read IP mode file for STMicroelectronics.X-CUBE-SAFEA1.1.2.2
2024-12-29 05:27:52,633 [WARN] PackLoader:240 - Cannot read IP mode file for STMicroelectronics.X-CUBE-NFC4.3.0.0
2024-12-29 05:27:52,643 [WARN] PackLoader:240 - Cannot read IP mode file for EmbeddedOffice.I-CUBE-FS-RTOS.1.0.1
2024-12-29 05:27:52,648 [WARN] PackLoader:240 - Cannot read IP mode file for STMicroelectronics.X-CUBE-TCPP.4.2.0
2024-12-29 05:27:52,659 [WARN] PackLoader:240 - Cannot read IP mode file for RealThread.X-CUBE-RT-Thread_Nano.4.1.1
2024-12-29 05:27:52,664 [WARN] PackLoader:240 - Cannot read IP mode file for STMicroelectronics.FP-ATR-SIGFOX1.3.2.0
2024-12-29 05:27:52,672 [WARN] ConditionMgr:438 - getConditionDescription Invalid condition id : Cortex-A Device cause : null
2024-12-29 05:27:52,689 [WARN] ConditionMgr:1044 - genDependencies : Invalid condition id : Cortex-A Device cause : null
2024-12-29 05:27:52,689 [WARN] ConditionMgr:1044 - genDependencies : Invalid condition id : Cortex-A Device cause : null
2024-12-29 05:27:52,689 [WARN] ConditionMgr:1044 - genDependencies : Invalid condition id : Cortex-A Device cause : null
2024-12-29 05:27:52,696 [WARN] PackLoader:240 - Cannot read IP mode file for STMicroelectronics.X-CUBE-EEPRMA1.5.1.0
2024-12-29 05:27:52,701 [WARN] PackLoader:240 - Cannot read IP mode file for wolfSSL.I-CUBE-wolfSSL.5.7.4
2024-12-29 05:27:52,711 [WARN] PackLoader:240 - Cannot read IP mode file for ITTIA_DB.I-CUBE-ITTIADB.8.9.0
2024-12-29 05:27:52,739 [WARN] PackLoader:240 - Cannot read IP mode file for SEGGER.I-CUBE-embOS.1.3.1
2024-12-29 05:27:52,780 [WARN] PackLoader:240 - Cannot read IP mode file for STMicroelectronics.X-CUBE-ALGOBUILD.1.4.0
2024-12-29 05:27:52,790 [WARN] PackLoader:240 - Cannot read IP mode file for STMicroelectronics.X-CUBE-AI.9.1.0
2024-12-29 05:27:52,810 [WARN] PackLoader:240 - Cannot read IP mode file for STMicroelectronics.X-CUBE-AZRTOS-F4.1.1.0
2024-12-29 05:27:52,817 [WARN] PackLoader:240 - Cannot read IP mode file for STMicroelectronics.X-CUBE-ISPU.2.1.0
2024-12-29 05:27:52,838 [WARN] PackLoader:240 - Cannot read IP mode file for STMicroelectronics.X-CUBE-AZRTOS-L5.2.0.0
2024-12-29 05:27:52,847 [WARN] PackLoader:240 - Cannot read IP mode file for STMicroelectronics.X-CUBE-NFC6.3.1.0
2024-12-29 05:27:52,861 [WARN] PackLoader:240 - Cannot read IP mode file for STMicroelectronics.X-CUBE-DPower.1.2.0
2024-12-29 05:27:52,872 [WARN] PackLoader:240 - Cannot read IP mode file for STMicroelectronics.X-CUBE-FREERTOS.1.3.0
2024-12-29 05:27:52,878 [WARN] PackLoader:240 - Cannot read IP mode file for STMicroelectronics.X-CUBE-NFC7.1.0.1
2024-12-29 05:27:52,897 [WARN] ConditionMgr:438 - getConditionDescription Invalid condition id : LAN8742 Phy interface Condition cause : null
2024-12-29 05:27:52,898 [WARN] PackLoader:240 - Cannot read IP mode file for STMicroelectronics.X-CUBE-AZRTOS-L4.2.0.0
2024-12-29 05:27:52,899 [WARN] ConditionMgr:1044 - genDependencies : Invalid condition id : LAN8742 Phy interface Condition cause : null
2024-12-29 05:27:52,900 [WARN] ConditionMgr:1044 - genDependencies : Invalid condition id : LAN8742 Phy interface Condition cause : null
2024-12-29 05:27:52,900 [WARN] ConditionMgr:1044 - genDependencies : Invalid condition id : LAN8742 Phy interface Condition cause : null
2024-12-29 05:27:52,912 [WARN] PackLoader:240 - Cannot read IP mode file for STMicroelectronics.X-CUBE-SFXS2LP1.4.0.0
2024-12-29 05:27:52,942 [WARN] PackLoader:240 - Cannot read IP mode file for STMicroelectronics.X-CUBE-AZRTOS-H7.3.3.0
2024-12-29 05:27:52,962 [WARN] PackLoader:240 - Cannot read IP mode file for STMicroelectronics.X-CUBE-IPS.3.0.0
2024-12-29 05:27:52,978 [WARN] ConditionMgr:438 - getConditionDescription Invalid condition id : UX DEVICE CLASS RTOS Condition cause : null
2024-12-29 05:27:52,979 [WARN] ConditionMgr:438 - getConditionDescription Invalid condition id : UX DEVICE CLASS RTOS Condition cause : null
2024-12-29 05:27:52,980 [WARN] PackLoader:240 - Cannot read IP mode file for STMicroelectronics.X-CUBE-AZRTOS-WB.2.0.0
2024-12-29 05:27:52,981 [WARN] ConditionMgr:1044 - genDependencies : Invalid condition id : UX DEVICE CLASS RTOS Condition cause : null
2024-12-29 05:27:52,981 [WARN] ConditionMgr:1044 - genDependencies : Invalid condition id : UX DEVICE CLASS RTOS Condition cause : null
2024-12-29 05:27:52,981 [WARN] ConditionMgr:1044 - genDependencies : Invalid condition id : UX DEVICE CLASS RTOS Condition cause : null
2024-12-29 05:27:52,981 [WARN] ConditionMgr:1044 - genDependencies : Invalid condition id : UX DEVICE CLASS RTOS Condition cause : null
2024-12-29 05:27:52,981 [WARN] ConditionMgr:1044 - genDependencies : Invalid condition id : UX DEVICE CLASS RTOS Condition cause : null
2024-12-29 05:27:52,991 [WARN] PackLoader:240 - Cannot read IP mode file for STMicroelectronics.X-CUBE-GNSS1.7.0.0
2024-12-29 05:27:52,995 [WARN] PackLoader:240 - Cannot read IP mode file for STMicroelectronics.X-CUBE-GNSS1.7.0.1
2024-12-29 05:27:53,005 [WARN] PackLoader:240 - Cannot read IP mode file for STMicroelectronics.FP-SNS-STBOX1.2.0.0
2024-12-29 05:27:53,057 [WARN] PackLoader:240 - Cannot read IP mode file for STMicroelectronics.X-CUBE-SUBG2.5.0.0
2024-12-29 05:27:53,074 [WARN] PackLoader:240 - Cannot read IP mode file for Cesanta.I-CUBE-Mongoose.7.13.0
2024-12-29 05:27:53,087 [WARN] PackLoader:240 - Cannot read IP mode file for STMicroelectronics.X-CUBE-AZRTOS-G4.2.0.0
2024-12-29 05:27:53,157 [WARN] PackLoader:240 - Cannot read IP mode file for STMicroelectronics.X-CUBE-ALS.1.0.2
2024-12-29 05:27:53,165 [WARN] PackLoader:240 - Cannot read IP mode file for STMicroelectronics.X-CUBE-TOUCHGFX.4.24.1
2024-12-29 05:27:53,181 [WARN] PackLoader:240 - Cannot read IP mode file for wolfSSL.I-CUBE-wolfTPM.3.4.0
2024-12-29 05:27:53,194 [WARN] PackLoader:240 - Cannot read IP mode file for portGmbH.I-Cube-SoM-uGOAL.1.1.0
2024-12-29 05:27:53,208 [WARN] PackLoader:240 - Cannot read IP mode file for STMicroelectronics.X-CUBE-AZRTOS-H7RS.1.0.0
2024-12-29 05:27:53,496 [WARN] PackLoader:240 - Cannot read IP mode file for STMicroelectronics.X-CUBE-TOF1.3.4.2
2024-12-29 05:27:53,540 [WARN] PackLoader:240 - Cannot read IP mode file for wolfSSL.I-CUBE-wolfSSH.1.4.17
2024-12-29 05:27:53,541 [INFO] ThirdParty:978 - Integrity check success = true
2024-12-29 05:27:53,541 [INFO] IntegrityCheckThread:100 - exiting critical section [integrity check]
2024-12-29 05:27:53,541 [INFO] IntegrityCheckThread:103 - End integrity checks thread
2024-12-29 05:28:39,964 [ERROR] LogOutputStream:75 - [STDERR_REDIRECT] Warning: NLS unused message: MultiLaunchConfigurationDelegate_Cannot in: org.eclipse.cdt.launch.internal.ui.LaunchMessages
2024-12-29 05:28:39,968 [ERROR] LogOutputStream:75 - [STDERR_REDIRECT] Warning: NLS unused message: MultiLaunchConfigurationDelegate_Action_None in: org.eclipse.cdt.launch.internal.ui.LaunchMessages
2024-12-29 05:28:39,971 [ERROR] LogOutputStream:75 - [STDERR_REDIRECT] Warning: NLS unused message: MultiLaunchConfigurationDelegate_Action_WaitUntilTerminated in: org.eclipse.cdt.launch.internal.ui.LaunchMessages
2024-12-29 05:28:39,974 [ERROR] LogOutputStream:75 - [STDERR_REDIRECT] Warning: NLS unused message: MultiLaunchConfigurationDelegate_Action_Delay in: org.eclipse.cdt.launch.internal.ui.LaunchMessages
2024-12-29 05:28:39,976 [ERROR] LogOutputStream:75 - [STDERR_REDIRECT] Warning: NLS unused message: MultiLaunchConfigurationDelegate_Action_Delaying in: org.eclipse.cdt.launch.internal.ui.LaunchMessages
2024-12-29 05:28:39,979 [ERROR] LogOutputStream:75 - [STDERR_REDIRECT] Warning: NLS unused message: MultiLaunchConfigurationSelectionDialog_4 in: org.eclipse.cdt.launch.internal.ui.LaunchMessages
2024-12-29 05:28:39,981 [ERROR] LogOutputStream:75 - [STDERR_REDIRECT] Warning: NLS unused message: MultiLaunchConfigurationSelectionDialog_5 in: org.eclipse.cdt.launch.internal.ui.LaunchMessages
2024-12-29 05:28:39,984 [ERROR] LogOutputStream:75 - [STDERR_REDIRECT] Warning: NLS unused message: MultiLaunchConfigurationSelectionDialog_7 in: org.eclipse.cdt.launch.internal.ui.LaunchMessages
2024-12-29 05:28:39,987 [ERROR] LogOutputStream:75 - [STDERR_REDIRECT] Warning: NLS unused message: MultiLaunchConfigurationSelectionDialog_8 in: org.eclipse.cdt.launch.internal.ui.LaunchMessages
2024-12-29 05:28:39,990 [ERROR] LogOutputStream:75 - [STDERR_REDIRECT] Warning: NLS unused message: MultiLaunchConfigurationSelectionDialog_10 in: org.eclipse.cdt.launch.internal.ui.LaunchMessages
2024-12-29 05:28:39,993 [ERROR] LogOutputStream:75 - [STDERR_REDIRECT] Warning: NLS unused message: MultiLaunchConfigurationSelectionDialog_11 in: org.eclipse.cdt.launch.internal.ui.LaunchMessages
2024-12-29 05:28:39,995 [ERROR] LogOutputStream:75 - [STDERR_REDIRECT] Warning: NLS unused message: MultiLaunchConfigurationSelectionDialog_12 in: org.eclipse.cdt.launch.internal.ui.LaunchMessages
2024-12-29 05:28:39,997 [ERROR] LogOutputStream:75 - [STDERR_REDIRECT] Warning: NLS unused message: MultiLaunchConfigurationSelectionDialog_13 in: org.eclipse.cdt.launch.internal.ui.LaunchMessages
2024-12-29 05:28:40,000 [ERROR] LogOutputStream:75 - [STDERR_REDIRECT] Warning: NLS unused message: MultiLaunchConfigurationSelectionDialog_14 in: org.eclipse.cdt.launch.internal.ui.LaunchMessages
2024-12-29 05:28:40,002 [ERROR] LogOutputStream:75 - [STDERR_REDIRECT] Warning: NLS unused message: MultiLaunchConfigurationSelectionDialog_15 in: org.eclipse.cdt.launch.internal.ui.LaunchMessages
2024-12-29 05:28:40,005 [ERROR] LogOutputStream:75 - [STDERR_REDIRECT] Warning: NLS unused message: MultiLaunchConfigurationTabGroup_1 in: org.eclipse.cdt.launch.internal.ui.LaunchMessages
2024-12-29 05:28:40,007 [ERROR] LogOutputStream:75 - [STDERR_REDIRECT] Warning: NLS unused message: MultiLaunchConfigurationTabGroup_2 in: org.eclipse.cdt.launch.internal.ui.LaunchMessages
2024-12-29 05:28:40,009 [ERROR] LogOutputStream:75 - [STDERR_REDIRECT] Warning: NLS unused message: MultiLaunchConfigurationTabGroup_3 in: org.eclipse.cdt.launch.internal.ui.LaunchMessages
2024-12-29 05:28:40,012 [ERROR] LogOutputStream:75 - [STDERR_REDIRECT] Warning: NLS unused message: MultiLaunchConfigurationTabGroup_4 in: org.eclipse.cdt.launch.internal.ui.LaunchMessages
2024-12-29 05:28:40,014 [ERROR] LogOutputStream:75 - [STDERR_REDIRECT] Warning: NLS unused message: MultiLaunchConfigurationTabGroup_5 in: org.eclipse.cdt.launch.internal.ui.LaunchMessages
2024-12-29 05:28:40,016 [ERROR] LogOutputStream:75 - [STDERR_REDIRECT] Warning: NLS unused message: MultiLaunchConfigurationTabGroup_6 in: org.eclipse.cdt.launch.internal.ui.LaunchMessages
2024-12-29 05:28:40,019 [ERROR] LogOutputStream:75 - [STDERR_REDIRECT] Warning: NLS unused message: MultiLaunchConfigurationTabGroup_7 in: org.eclipse.cdt.launch.internal.ui.LaunchMessages
2024-12-29 05:28:40,021 [ERROR] LogOutputStream:75 - [STDERR_REDIRECT] Warning: NLS unused message: MultiLaunchConfigurationTabGroup_10 in: org.eclipse.cdt.launch.internal.ui.LaunchMessages
2024-12-29 05:28:40,023 [ERROR] LogOutputStream:75 - [STDERR_REDIRECT] Warning: NLS unused message: MultiLaunchConfigurationTabGroup_11 in: org.eclipse.cdt.launch.internal.ui.LaunchMessages
2024-12-29 05:28:40,026 [ERROR] LogOutputStream:75 - [STDERR_REDIRECT] Warning: NLS unused message: MultiLaunchConfigurationTabGroup_12 in: org.eclipse.cdt.launch.internal.ui.LaunchMessages
2024-12-29 05:28:40,029 [ERROR] LogOutputStream:75 - [STDERR_REDIRECT] Warning: NLS unused message: MultiLaunchConfigurationTabGroup_13 in: org.eclipse.cdt.launch.internal.ui.LaunchMessages
2024-12-29 05:28:40,031 [ERROR] LogOutputStream:75 - [STDERR_REDIRECT] Warning: NLS unused message: MultiLaunchConfigurationTabGroup_14 in: org.eclipse.cdt.launch.internal.ui.LaunchMessages
2024-12-29 05:28:40,033 [ERROR] LogOutputStream:75 - [STDERR_REDIRECT] Warning: NLS unused message: MultiLaunchConfigurationTabGroup_15 in: org.eclipse.cdt.launch.internal.ui.LaunchMessages
2024-12-29 05:28:40,036 [ERROR] LogOutputStream:75 - [STDERR_REDIRECT] Warning: NLS unused message: MultiLaunchConfigurationTabGroup_16 in: org.eclipse.cdt.launch.internal.ui.LaunchMessages
