2025-02-22 22:28:13,171 [INFO] Activator:176 - 


2025-02-22 22:28:13,178 [INFO] Activator:177 - !SESSION log4j initialized
2025-02-22 22:28:13,841 [ERROR] LogOutputStream:75 - [STDERR_REDIRECT] Warning: NLS unused message: CodeAssistConfigurationBlock_matchSubstring_label in: org.eclipse.jdt.internal.ui.preferences.PreferencesMessages
2025-02-22 22:28:13,878 [ERROR] LogOutputStream:75 - [STDERR_REDIRECT] Warning: NLS unused message: ProblemMarkerManager_problem_marker_update_job_description in: org.eclipse.jdt.internal.ui.JavaUIMessages
2025-02-22 22:28:13,882 [ERROR] LogOutputStream:75 - [STDERR_REDIRECT] Warning: NLS unused message: FilteredTypesSelectionDialog_default_package in: org.eclipse.jdt.internal.ui.JavaUIMessages
2025-02-22 22:28:13,886 [ERROR] LogOutputStream:75 - [STDERR_REDIRECT] Warning: NLS unused message: FilteredTypeSelectionDialog_showContainerForDuplicatesAction in: org.eclipse.jdt.internal.ui.JavaUIMessages
2025-02-22 22:28:13,888 [ERROR] LogOutputStream:75 - [STDERR_REDIRECT] Warning: NLS unused message: JavaElementLabels_anonym in: org.eclipse.jdt.internal.ui.JavaUIMessages
2025-02-22 22:28:13,891 [ERROR] LogOutputStream:75 - [STDERR_REDIRECT] Warning: NLS unused message: JavaElementLabels_concat_string in: org.eclipse.jdt.internal.ui.JavaUIMessages
2025-02-22 22:28:13,894 [ERROR] LogOutputStream:75 - [STDERR_REDIRECT] Warning: NLS unused message: JavaElementLabels_comma_string in: org.eclipse.jdt.internal.ui.JavaUIMessages
2025-02-22 22:28:13,897 [ERROR] LogOutputStream:75 - [STDERR_REDIRECT] Warning: NLS unused message: JavaElementLabels_declseparator_string in: org.eclipse.jdt.internal.ui.JavaUIMessages
2025-02-22 22:28:13,900 [ERROR] LogOutputStream:75 - [STDERR_REDIRECT] Warning: NLS unused message: JavaElementLabels_category_separator_string in: org.eclipse.jdt.internal.ui.JavaUIMessages
2025-02-22 22:28:13,903 [ERROR] LogOutputStream:75 - [STDERR_REDIRECT] Warning: NLS unused message: JavaElementLabels_import_container in: org.eclipse.jdt.internal.ui.JavaUIMessages
2025-02-22 22:28:14,426 [ERROR] LogOutputStream:75 - [STDERR_REDIRECT] Warning: NLS unused message: FileDocumentProvider_getPersistedEncoding in: org.eclipse.ui.editors.text.TextEditorMessages
2025-02-22 22:28:17,870 [ERROR] LogOutputStream:75 - [STDERR_REDIRECT] Warning: NLS unused message: TextSearchVisitor_progress_updating_job in: org.eclipse.search.internal.ui.SearchMessages
2025-02-22 22:28:17,872 [ERROR] LogOutputStream:75 - [STDERR_REDIRECT] Warning: NLS unused message: SearchPageSelectionDialog_rememberLastUsedPage_message in: org.eclipse.search.internal.ui.SearchMessages
2025-02-22 22:28:21,143 [ERROR] LogOutputStream:75 - [STDERR_REDIRECT] Warning: NLS unused message: ShowInNavigatorView_label in: org.eclipse.jdt.internal.ui.actions.ActionMessages
2025-02-22 22:28:21,145 [ERROR] LogOutputStream:75 - [STDERR_REDIRECT] Warning: NLS unused message: ShowInNavigatorView_dialog_title in: org.eclipse.jdt.internal.ui.actions.ActionMessages
2025-02-22 22:28:21,147 [ERROR] LogOutputStream:75 - [STDERR_REDIRECT] Warning: NLS unused message: ShowInNavigatorView_dialog_message in: org.eclipse.jdt.internal.ui.actions.ActionMessages
2025-02-22 22:28:21,150 [ERROR] LogOutputStream:75 - [STDERR_REDIRECT] Warning: NLS unused message: ShowInNavigatorView_error_activation_failed in: org.eclipse.jdt.internal.ui.actions.ActionMessages
2025-02-22 22:28:21,153 [ERROR] LogOutputStream:75 - [STDERR_REDIRECT] Warning: NLS unused message: OrganizeImportsAction_error_message in: org.eclipse.jdt.internal.ui.actions.ActionMessages
2025-02-22 22:28:21,929 [INFO] LogOutputStream:77 - [STDOUT_REDIRECT] 
2025-02-22 22:28:26,326 [INFO] ApplicationProperties:184 - Using Application install path: C:\ST\STM32CubeIDE_1.16.0\STM32CubeIDE\plugins\com.st.stm32cube.common.mx_6.13.0.202411220809
2025-02-22 22:28:26,349 [INFO] DbMcusXml:78 - Set database path to: C:\ST\STM32CubeIDE_1.16.0\STM32CubeIDE\plugins\com.st.stm32cube.common.mx_6.13.0.202411220809\\db\/mcu/
2025-02-22 22:28:26,350 [INFO] ApiDb:274 - Set plugin database path to: C:\ST\STM32CubeIDE_1.16.0\STM32CubeIDE\plugins\com.st.stm32cube.common.mx_6.13.0.202411220809\\db\/plugins/boardmanager/
2025-02-22 22:28:26,350 [WARN] ApiDb:259 - Overriding images path with different value:  => C:\ST\STM32CubeIDE_1.16.0\STM32CubeIDE\plugins\com.st.stm32cube.common.mx_6.13.0.202411220809\\db\/plugins/mcufinder/images/
2025-02-22 22:28:26,361 [INFO] ApiDb:250 - Set database path to: C:\Users\Administrator\.stmcufinder\plugins\mcufinder//mcu/
2025-02-22 22:28:26,363 [INFO] DbMcusAds:125 - Set database path to: C:\Users\Administrator\.stmcufinder\plugins\mcufinder//mcu/
2025-02-22 22:28:26,366 [INFO] CrossReferenceDbSqlite:203 - Set database path to: C:\Users\Administrator\.stmcufinder\plugins\mcufinder//mcu/cs/
2025-02-22 22:28:26,489 [INFO] RulesReader:64 - Compatibility file has been processed (297 Rules)
2025-02-22 22:28:26,996 [INFO] DbMcusXml:78 - Set database path to: C:\ST\STM32CubeIDE_1.16.0\STM32CubeIDE\plugins\com.st.stm32cube.common.mx_6.13.0.202411220809\\db\/mcu/
2025-02-22 22:28:26,996 [INFO] ApiDb:274 - Set plugin database path to: C:\ST\STM32CubeIDE_1.16.0\STM32CubeIDE\plugins\com.st.stm32cube.common.mx_6.13.0.202411220809\\db\/plugins/boardmanager/
2025-02-22 22:28:26,996 [INFO] ApiDb:261 - Set plugin images path to: C:\ST\STM32CubeIDE_1.16.0\STM32CubeIDE\plugins\com.st.stm32cube.common.mx_6.13.0.202411220809\\db\/plugins/mcufinder/images/
2025-02-22 22:28:26,996 [WARN] DbFile:41 - Overriding database path with different value: C:\Users\Administrator\.stmcufinder\plugins\mcufinder/ => C:\Users\Administrator\.stmcufinder\plugins\mcufinder
2025-02-22 22:28:26,996 [INFO] ApiDb:250 - Set database path to: C:\Users\Administrator\.stmcufinder\plugins\mcufinder//mcu/
2025-02-22 22:28:26,996 [WARN] DbFile:41 - Overriding database path with different value: C:\Users\Administrator\.stmcufinder\plugins\mcufinder/ => C:\Users\Administrator\.stmcufinder\plugins\mcufinder
2025-02-22 22:28:26,997 [INFO] DbMcusAds:125 - Set database path to: C:\Users\Administrator\.stmcufinder\plugins\mcufinder//mcu/
2025-02-22 22:28:26,997 [WARN] DbFile:41 - Overriding database path with different value: C:\Users\Administrator\.stmcufinder\plugins\mcufinder/ => C:\Users\Administrator\.stmcufinder\plugins\mcufinder
2025-02-22 22:28:26,997 [WARN] DbFile:41 - Overriding database path with different value: C:\Users\Administrator\.stmcufinder\plugins\mcufinder/ => C:\Users\Administrator\.stmcufinder\plugins\mcufinder
2025-02-22 22:28:26,997 [INFO] CrossReferenceDbSqlite:203 - Set database path to: C:\Users\Administrator\.stmcufinder\plugins\mcufinder//mcu/cs/
2025-02-22 22:28:27,086 [INFO] MainPanel:272 - HeapMemory: 271581184
2025-02-22 22:28:27,222 [INFO] DbMcusXml:78 - Set database path to: C:\ST\STM32CubeIDE_1.16.0\STM32CubeIDE\plugins\com.st.stm32cube.common.mx_6.13.0.202411220809\\db\/mcu/
2025-02-22 22:28:27,223 [INFO] ApiDb:274 - Set plugin database path to: C:\ST\STM32CubeIDE_1.16.0\STM32CubeIDE\plugins\com.st.stm32cube.common.mx_6.13.0.202411220809\\db\/plugins/boardmanager/
2025-02-22 22:28:27,223 [INFO] ApiDb:261 - Set plugin images path to: C:\ST\STM32CubeIDE_1.16.0\STM32CubeIDE\plugins\com.st.stm32cube.common.mx_6.13.0.202411220809\\db\/plugins/mcufinder/images/
2025-02-22 22:28:27,223 [WARN] DbFile:41 - Overriding database path with different value: C:\Users\Administrator\.stmcufinder\plugins\mcufinder/ => C:\Users\Administrator\.stmcufinder\plugins\mcufinder
2025-02-22 22:28:27,223 [INFO] ApiDb:250 - Set database path to: C:\Users\Administrator\.stmcufinder\plugins\mcufinder//mcu/
2025-02-22 22:28:27,223 [WARN] DbFile:41 - Overriding database path with different value: C:\Users\Administrator\.stmcufinder\plugins\mcufinder/ => C:\Users\Administrator\.stmcufinder\plugins\mcufinder
2025-02-22 22:28:27,223 [INFO] DbMcusAds:125 - Set database path to: C:\Users\Administrator\.stmcufinder\plugins\mcufinder//mcu/
2025-02-22 22:28:27,223 [WARN] DbFile:41 - Overriding database path with different value: C:\Users\Administrator\.stmcufinder\plugins\mcufinder/ => C:\Users\Administrator\.stmcufinder\plugins\mcufinder
2025-02-22 22:28:27,223 [WARN] DbFile:41 - Overriding database path with different value: C:\Users\Administrator\.stmcufinder\plugins\mcufinder/ => C:\Users\Administrator\.stmcufinder\plugins\mcufinder
2025-02-22 22:28:27,223 [INFO] CrossReferenceDbSqlite:203 - Set database path to: C:\Users\Administrator\.stmcufinder\plugins\mcufinder//mcu/cs/
2025-02-22 22:28:27,244 [INFO] ApplicationProperties:184 - Using Application install path: C:\ST\STM32CubeIDE_1.16.0\STM32CubeIDE\plugins\com.st.stm32cube.common.mx_6.13.0.202411220809
2025-02-22 22:28:27,245 [INFO] PluginManage:196 - Search for loadable plugins [exclusion list=, ]
2025-02-22 22:28:27,246 [INFO] PluginManage:310 - Check plugin analytics
2025-02-22 22:28:27,444 [INFO] AnalyticsPlugin:253 - Accepted Software Licenses: STM32CubeMX.6.4.0,STM32CubeMX.6.11.1,STM32CubeMX.6.13.0
2025-02-22 22:28:27,445 [INFO] AnalyticsPlugin:255 - Accepted CMSIS Pack Licenses: 
2025-02-22 22:28:27,445 [INFO] AnalyticsPlugin:257 - Accepted Firmware Licenses: 
2025-02-22 22:28:27,447 [INFO] PluginManage:359 - Loaded plugin analytics (category:tool,tabindex:-1)
2025-02-22 22:28:27,448 [INFO] PluginManage:310 - Check plugin cadmodel
2025-02-22 22:28:27,458 [INFO] CADModel:105 - Init CAD model plugin
2025-02-22 22:28:27,458 [INFO] PluginManage:359 - Loaded plugin cadmodel (category:power,tabindex:5)
2025-02-22 22:28:27,458 [INFO] PluginManage:310 - Check plugin clock
2025-02-22 22:28:27,471 [INFO] PluginManage:359 - Loaded plugin clock (category:base,tabindex:2)
2025-02-22 22:28:27,471 [INFO] PluginManage:310 - Check plugin ddr
2025-02-22 22:28:27,475 [INFO] PluginManage:359 - Loaded plugin ddr (category:tool,tabindex:6)
2025-02-22 22:28:27,475 [INFO] PluginManage:310 - Check plugin filemanager
2025-02-22 22:28:27,706 [INFO] PluginManage:359 - Loaded plugin filemanager (category:base,tabindex:10)
2025-02-22 22:28:27,706 [INFO] PluginManage:310 - Check plugin ipmanager
2025-02-22 22:28:27,715 [INFO] PluginManage:359 - Loaded plugin ipmanager (category:base,tabindex:5)
2025-02-22 22:28:27,715 [INFO] PluginManage:310 - Check plugin lpbam
2025-02-22 22:28:27,724 [INFO] PluginManage:359 - Loaded plugin lpbam (category:base,tabindex:0)
2025-02-22 22:28:27,724 [INFO] PluginManage:310 - Check plugin memorymap
2025-02-22 22:28:27,741 [INFO] PluginManage:359 - Loaded plugin memorymap (category:base,tabindex:4)
2025-02-22 22:28:27,741 [INFO] PluginManage:310 - Check plugin pinoutandconfiguration
2025-02-22 22:28:27,753 [INFO] PluginManage:359 - Loaded plugin pinoutandconfiguration (category:base,tabindex:1)
2025-02-22 22:28:27,753 [INFO] PluginManage:310 - Check plugin pinoutconfig
2025-02-22 22:28:27,853 [WARN] SupportedApi:132 - Cannot load RTOS API schema: s4s-elt-must-match.1: The content of 'definitions' must match (annotation?, (simpleType | complexType)?, (unique | key | keyref)*)). A problem was found starting at: attribute.
2025-02-22 22:28:28,009 [INFO] PluginManage:359 - Loaded plugin pinoutconfig (category:base,tabindex:0)
2025-02-22 22:28:28,009 [INFO] PluginManage:310 - Check plugin power
2025-02-22 22:28:28,024 [INFO] PluginManage:359 - Loaded plugin power (category:power,tabindex:4)
2025-02-22 22:28:28,025 [INFO] PluginManage:310 - Check plugin projectmanager
2025-02-22 22:28:28,043 [INFO] PluginManage:359 - Loaded plugin projectmanager (category:projectmanager,tabindex:4)
2025-02-22 22:28:28,043 [INFO] PluginManage:310 - Check plugin rif
2025-02-22 22:28:28,057 [INFO] PluginManage:359 - Loaded plugin rif (category:base,tabindex:3)
2025-02-22 22:28:28,057 [INFO] PluginManage:310 - Check plugin thirdparty
2025-02-22 22:28:28,234 [INFO] PluginManage:359 - Loaded plugin thirdparty (category:base,tabindex:-1)
2025-02-22 22:28:28,235 [INFO] PluginManage:310 - Check plugin tools
2025-02-22 22:28:28,237 [WARN] IntegrityCheckThread:84 - waiting for thirdparty lock release [integrity check]
2025-02-22 22:28:28,240 [INFO] PluginManage:359 - Loaded plugin tools (category:base,tabindex:7)
2025-02-22 22:28:28,240 [INFO] PluginManage:310 - Check plugin tutovideos
2025-02-22 22:28:28,240 [INFO] IntegrityCheckThread:86 - entering critical section [integrity check]
2025-02-22 22:28:28,241 [INFO] ThirdPartyUpdaterWithRetryManager:70 - Updater plugin not ready yet. [1/15]
2025-02-22 22:28:28,454 [INFO] PluginManage:359 - Loaded plugin tutovideos (category:base,tabindex:-1)
2025-02-22 22:28:28,454 [INFO] PluginManage:310 - Check plugin updater
2025-02-22 22:28:28,477 [INFO] PluginManage:359 - Loaded plugin updater (category:base,tabindex:12)
2025-02-22 22:28:28,478 [INFO] PluginManage:310 - Check plugin userauth
2025-02-22 22:28:28,483 [INFO] UserAuth:118 - Init User Auth plugin
2025-02-22 22:28:28,484 [INFO] PluginManage:359 - Loaded plugin userauth (category:base,tabindex:14)
2025-02-22 22:28:28,485 [INFO] PluginManage:283 - PluginManage : Loaded plugins [18]
2025-02-22 22:28:28,742 [INFO] PinOutPanel:1589 - setPackage(No Configuration,No Configuration)
2025-02-22 22:28:28,844 [INFO] CADModel:165 - CPN selected for project level
2025-02-22 22:28:28,845 [INFO] CADModel:114 - Register for checkConnection events
2025-02-22 22:28:28,870 [INFO] IPUIPlugin:80 - create IPUIPlugin
2025-02-22 22:28:28,871 [INFO] PluginManager:220 - loadIPPluginJar : add adc
2025-02-22 22:28:28,875 [INFO] IPUIPlugin:80 - create IPUIPlugin
2025-02-22 22:28:28,875 [INFO] PluginManager:220 - loadIPPluginJar : add aes
2025-02-22 22:28:28,878 [INFO] IPUIPlugin:80 - create IPUIPlugin
2025-02-22 22:28:28,879 [INFO] PluginManager:220 - loadIPPluginJar : add can
2025-02-22 22:28:28,881 [INFO] IPUIPlugin:80 - create IPUIPlugin
2025-02-22 22:28:28,881 [INFO] PluginManager:220 - loadIPPluginJar : add comp
2025-02-22 22:28:28,885 [INFO] IPUIPlugin:80 - create IPUIPlugin
2025-02-22 22:28:28,885 [INFO] PluginManager:220 - loadIPPluginJar : add cryp
2025-02-22 22:28:28,891 [INFO] IPUIPlugin:80 - create IPUIPlugin
2025-02-22 22:28:28,891 [INFO] PluginManager:220 - loadIPPluginJar : add ddr_ctrl_phy
2025-02-22 22:28:28,907 [INFO] IPUIPlugin:80 - create IPUIPlugin
2025-02-22 22:28:28,909 [INFO] PluginManager:220 - loadIPPluginJar : add dfsdm
2025-02-22 22:28:28,920 [INFO] IPUIPlugin:80 - create IPUIPlugin
2025-02-22 22:28:28,920 [INFO] PluginManager:220 - loadIPPluginJar : add dma
2025-02-22 22:28:28,925 [INFO] IPUIPlugin:80 - create IPUIPlugin
2025-02-22 22:28:28,925 [INFO] PluginManager:220 - loadIPPluginJar : add dma3
2025-02-22 22:28:28,929 [INFO] IPUIPlugin:80 - create IPUIPlugin
2025-02-22 22:28:28,929 [INFO] PluginManager:220 - loadIPPluginJar : add extmemmanager
2025-02-22 22:28:28,932 [INFO] IPUIPlugin:80 - create IPUIPlugin
2025-02-22 22:28:28,932 [INFO] PluginManager:220 - loadIPPluginJar : add fatfs
2025-02-22 22:28:28,939 [INFO] IPUIPlugin:80 - create IPUIPlugin
2025-02-22 22:28:28,939 [INFO] PluginManager:220 - loadIPPluginJar : add fmc
2025-02-22 22:28:28,948 [INFO] IPUIPlugin:80 - create IPUIPlugin
2025-02-22 22:28:28,949 [INFO] PluginManager:220 - loadIPPluginJar : add freertos
2025-02-22 22:28:28,950 [INFO] IPUIPlugin:80 - create IPUIPlugin
2025-02-22 22:28:28,951 [INFO] PluginManager:220 - loadIPPluginJar : add genericplugin
2025-02-22 22:28:28,958 [INFO] IPUIPlugin:80 - create IPUIPlugin
2025-02-22 22:28:28,958 [INFO] PluginManager:220 - loadIPPluginJar : add gfxmmu
2025-02-22 22:28:28,965 [INFO] IPUIPlugin:80 - create IPUIPlugin
2025-02-22 22:28:28,966 [INFO] PluginManager:220 - loadIPPluginJar : add gic
2025-02-22 22:28:28,972 [INFO] IPUIPlugin:80 - create IPUIPlugin
2025-02-22 22:28:28,972 [INFO] PluginManager:220 - loadIPPluginJar : add gpio
2025-02-22 22:28:28,976 [INFO] IPUIPlugin:80 - create IPUIPlugin
2025-02-22 22:28:28,976 [INFO] PluginManager:220 - loadIPPluginJar : add gtzc
2025-02-22 22:28:28,980 [INFO] IPUIPlugin:80 - create IPUIPlugin
2025-02-22 22:28:28,980 [INFO] PluginManager:220 - loadIPPluginJar : add hash
2025-02-22 22:28:28,984 [INFO] IPUIPlugin:80 - create IPUIPlugin
2025-02-22 22:28:28,984 [INFO] PluginManager:220 - loadIPPluginJar : add i2c
2025-02-22 22:28:28,989 [INFO] IPUIPlugin:80 - create IPUIPlugin
2025-02-22 22:28:28,989 [INFO] PluginManager:220 - loadIPPluginJar : add i2s
2025-02-22 22:28:28,994 [INFO] IPUIPlugin:80 - create IPUIPlugin
2025-02-22 22:28:28,994 [INFO] PluginManager:220 - loadIPPluginJar : add i3c
2025-02-22 22:28:28,998 [INFO] IPUIPlugin:80 - create IPUIPlugin
2025-02-22 22:28:28,999 [INFO] PluginManager:220 - loadIPPluginJar : add ipddr
2025-02-22 22:28:29,007 [INFO] IPUIPlugin:80 - create IPUIPlugin
2025-02-22 22:28:29,007 [INFO] PluginManager:220 - loadIPPluginJar : add linkedlist
2025-02-22 22:28:29,010 [INFO] IPUIPlugin:80 - create IPUIPlugin
2025-02-22 22:28:29,010 [INFO] PluginManager:220 - loadIPPluginJar : add lorawan
2025-02-22 22:28:29,013 [INFO] IPUIPlugin:80 - create IPUIPlugin
2025-02-22 22:28:29,013 [INFO] PluginManager:220 - loadIPPluginJar : add ltdc
2025-02-22 22:28:29,022 [INFO] IPUIPlugin:80 - create IPUIPlugin
2025-02-22 22:28:29,022 [INFO] PluginManager:220 - loadIPPluginJar : add mdma
2025-02-22 22:28:29,027 [INFO] IPUIPlugin:80 - create IPUIPlugin
2025-02-22 22:28:29,028 [INFO] PluginManager:220 - loadIPPluginJar : add nvic
2025-02-22 22:28:29,032 [INFO] IPUIPlugin:80 - create IPUIPlugin
2025-02-22 22:28:29,032 [INFO] PluginManager:220 - loadIPPluginJar : add opamp
2025-02-22 22:28:29,036 [INFO] IPUIPlugin:80 - create IPUIPlugin
2025-02-22 22:28:29,036 [INFO] PluginManager:220 - loadIPPluginJar : add openamp
2025-02-22 22:28:29,041 [INFO] IPUIPlugin:80 - create IPUIPlugin
2025-02-22 22:28:29,041 [INFO] PluginManager:220 - loadIPPluginJar : add pdm2pcm
2025-02-22 22:28:29,049 [INFO] IPUIPlugin:80 - create IPUIPlugin
2025-02-22 22:28:29,051 [INFO] PluginManager:220 - loadIPPluginJar : add plateformsettings
2025-02-22 22:28:29,054 [INFO] IPUIPlugin:80 - create IPUIPlugin
2025-02-22 22:28:29,054 [INFO] PluginManager:220 - loadIPPluginJar : add quadspi
2025-02-22 22:28:29,057 [INFO] IPUIPlugin:80 - create IPUIPlugin
2025-02-22 22:28:29,057 [INFO] PluginManager:220 - loadIPPluginJar : add radio
2025-02-22 22:28:29,065 [INFO] IPUIPlugin:80 - create IPUIPlugin
2025-02-22 22:28:29,065 [INFO] PluginManager:220 - loadIPPluginJar : add resmgrutility
2025-02-22 22:28:29,068 [INFO] IPUIPlugin:80 - create IPUIPlugin
2025-02-22 22:28:29,068 [INFO] PluginManager:220 - loadIPPluginJar : add sai
2025-02-22 22:28:29,072 [INFO] IPUIPlugin:80 - create IPUIPlugin
2025-02-22 22:28:29,072 [INFO] PluginManager:220 - loadIPPluginJar : add spi
2025-02-22 22:28:29,078 [INFO] IPUIPlugin:80 - create IPUIPlugin
2025-02-22 22:28:29,078 [INFO] PluginManager:220 - loadIPPluginJar : add stm32_wpan
2025-02-22 22:28:29,081 [INFO] IPUIPlugin:80 - create IPUIPlugin
2025-02-22 22:28:29,081 [INFO] PluginManager:220 - loadIPPluginJar : add tim
2025-02-22 22:28:29,085 [INFO] IPUIPlugin:80 - create IPUIPlugin
2025-02-22 22:28:29,085 [INFO] PluginManager:220 - loadIPPluginJar : add touchsensing
2025-02-22 22:28:29,088 [INFO] IPUIPlugin:80 - create IPUIPlugin
2025-02-22 22:28:29,088 [INFO] PluginManager:220 - loadIPPluginJar : add tracer_emb
2025-02-22 22:28:29,091 [INFO] IPUIPlugin:80 - create IPUIPlugin
2025-02-22 22:28:29,091 [INFO] PluginManager:220 - loadIPPluginJar : add ts
2025-02-22 22:28:29,093 [INFO] IPUIPlugin:80 - create IPUIPlugin
2025-02-22 22:28:29,094 [INFO] PluginManager:220 - loadIPPluginJar : add tsc
2025-02-22 22:28:29,096 [INFO] IPUIPlugin:80 - create IPUIPlugin
2025-02-22 22:28:29,096 [INFO] PluginManager:220 - loadIPPluginJar : add ucpd
2025-02-22 22:28:29,099 [INFO] IPUIPlugin:80 - create IPUIPlugin
2025-02-22 22:28:29,099 [INFO] PluginManager:220 - loadIPPluginJar : add usart
2025-02-22 22:28:29,103 [INFO] IPUIPlugin:80 - create IPUIPlugin
2025-02-22 22:28:29,103 [INFO] PluginManager:220 - loadIPPluginJar : add usbx
2025-02-22 22:28:29,239 [FATAL] Updater:351 - Updater called before beeing initialized
2025-02-22 22:28:29,265 [INFO] RulesReader:64 - Compatibility file has been processed (297 Rules)
2025-02-22 22:28:29,274 [INFO] RulesReader:64 - Compatibility file has been processed (297 Rules)
2025-02-22 22:28:29,282 [INFO] CADModel:165 - CPN selected for project level
2025-02-22 22:28:29,282 [INFO] CADModel:114 - Register for checkConnection events
2025-02-22 22:28:29,282 [FATAL] Updater:351 - Updater called before beeing initialized
2025-02-22 22:28:29,282 [ERROR] CADModel:125 - Updater not yet initialized, retry later 
2025-02-22 22:28:29,470 [FATAL] Updater:351 - Updater called before beeing initialized
2025-02-22 22:28:29,474 [INFO] CADModel:165 - CPN selected for project level
2025-02-22 22:28:29,474 [INFO] CADModel:114 - Register for checkConnection events
2025-02-22 22:28:29,474 [FATAL] Updater:351 - Updater called before beeing initialized
2025-02-22 22:28:29,474 [ERROR] CADModel:125 - Updater not yet initialized, retry later 
2025-02-22 22:28:29,477 [FATAL] Updater:351 - Updater called before beeing initialized
2025-02-22 22:28:29,607 [FATAL] Updater:351 - Updater called before beeing initialized
2025-02-22 22:28:29,613 [INFO] DbMcusAds:53 - JSON generation date=Wed Dec 18 00:01:15 CST 2024 (1734451275111)
2025-02-22 22:28:29,613 [FATAL] Updater:351 - Updater called before beeing initialized
2025-02-22 22:28:29,662 [WARN] DetailPanel:346 - Failed to get advertising image, set to default
2025-02-22 22:28:29,904 [FATAL] Updater:351 - Updater called before beeing initialized
2025-02-22 22:28:29,907 [FATAL] Updater:351 - Updater called before beeing initialized
2025-02-22 22:28:29,907 [FATAL] Updater:351 - Updater called before beeing initialized
2025-02-22 22:28:29,907 [WARN] DetailPanel:346 - Failed to get advertising image, set to default
2025-02-22 22:28:29,908 [FATAL] Updater:351 - Updater called before beeing initialized
2025-02-22 22:28:29,957 [ERROR] Updater:1198 - MainUpdater not yet initialized. External WinMGr cannot be set.
2025-02-22 22:28:29,960 [INFO] Updater:1134 - Updater Version found : 6.13.0
2025-02-22 22:28:29,984 [INFO] ApplicationProperties:184 - Using Application install path: C:\ST\STM32CubeIDE_1.16.0\STM32CubeIDE\plugins\com.st.stm32cube.common.mx_6.13.0.202411220809
2025-02-22 22:28:30,845 [INFO] MainUpdater:2872 - connection check result : 10
2025-02-22 22:28:30,845 [INFO] MainUpdater:289 - Updater Check For Update Now.
2025-02-22 22:28:30,846 [INFO] MicroXplorer:498 - Change Database Version : DB.6.0.130
2025-02-22 22:28:30,852 [INFO] McuFinderGlobals:63 - Set McuFinder mode to 2 (CubeIDE integrated)
2025-02-22 22:28:30,852 [INFO] UserAuth:171 - activating auth plugin
2025-02-22 22:28:31,011 [INFO] UserAuth:486 - Internet connection configuration mode: 1
2025-02-22 22:28:31,066 [INFO] JxBrowserEngine:152 - Initiate JxBrowser Engine with user profile folder
2025-02-22 22:28:31,279 [INFO] CheckServerUpdateThread:120 - End of CheckServer Thread
2025-02-22 22:28:32,829 [WARN] PackLoader:240 - Cannot read IP mode file for STMicroelectronics.FP-SNS-MOTENVWB1.1.4.0
2025-02-22 22:28:32,842 [WARN] PackLoader:240 - Cannot read IP mode file for STMicroelectronics.FP-ATR-ASTRA1.2.0.1
2025-02-22 22:28:32,857 [WARN] PackLoader:240 - Cannot read IP mode file for STMicroelectronics.X-CUBE-SMBUS.2.1.0
2025-02-22 22:28:32,873 [WARN] PackLoader:240 - Cannot read IP mode file for STMicroelectronics.X-CUBE-WB05N.1.1.0
2025-02-22 22:28:33,011 [WARN] PackLoader:240 - Cannot read IP mode file for STMicroelectronics.X-CUBE-AZRTOS-F7.1.1.0
2025-02-22 22:28:33,029 [WARN] PackLoader:240 - Cannot read IP mode file for STMicroelectronics.FP-SNS-FLIGHT1.5.0.2
2025-02-22 22:28:33,087 [WARN] PackLoader:240 - Cannot read IP mode file for Infineon.AIROC-Wi-Fi-Bluetooth-STM32.1.7.0
2025-02-22 22:28:33,126 [WARN] PackLoader:240 - Cannot read IP mode file for STMicroelectronics.X-CUBE-DISPLAY.3.0.0
2025-02-22 22:28:33,193 [WARN] PackLoader:240 - Cannot read IP mode file for STMicroelectronics.X-CUBE-BLE1.7.0.0
2025-02-22 22:28:33,207 [WARN] PackLoader:240 - Cannot read IP mode file for STMicroelectronics.X-CUBE-NFC10.1.0.0
2025-02-22 22:28:33,237 [WARN] PackLoader:240 - Cannot read IP mode file for STMicroelectronics.X-CUBE-BLEMGR.4.0.0
2025-02-22 22:28:33,284 [WARN] PackLoader:240 - Cannot read IP mode file for emotas.I-CUBE-CANOPEN.1.3.0
2025-02-22 22:28:33,295 [WARN] PackLoader:240 - Cannot read IP mode file for STMicroelectronics.X-CUBE-AI.10.0.0
2025-02-22 22:28:33,303 [WARN] PackLoader:240 - Cannot read IP mode file for STMicroelectronics.FP-SNS-SMARTAG2.1.2.0
2025-02-22 22:28:33,461 [WARN] PackLoader:240 - Cannot read IP mode file for STMicroelectronics.X-CUBE-MEMS1.11.1.0
2025-02-22 22:28:33,898 [INFO] LogOutputStream:77 - [STDOUT_REDIRECT] 1 : Invalid condition id : UX_CORESTACK_Condition cause : null
2025-02-22 22:28:33,899 [INFO] LogOutputStream:77 - [STDOUT_REDIRECT] 1 : Invalid condition id : UX_CORESTACK_Condition cause : null
2025-02-22 22:28:33,901 [INFO] LogOutputStream:77 - [STDOUT_REDIRECT] 1 : Invalid condition id : UX_CORESTACK_Condition cause : null
2025-02-22 22:28:33,902 [INFO] LogOutputStream:77 - [STDOUT_REDIRECT] 1 : Invalid condition id : UX_CORESTACK_Condition cause : null
2025-02-22 22:28:33,903 [INFO] LogOutputStream:77 - [STDOUT_REDIRECT] 1 : Invalid condition id : UX_CORESTACK_Condition cause : null
2025-02-22 22:28:33,906 [WARN] PackLoader:240 - Cannot read IP mode file for STMicroelectronics.X-CUBE-AZRTOS-WL.2.0.0
2025-02-22 22:28:33,921 [WARN] PackLoader:240 - Cannot read IP mode file for STMicroelectronics.FP-SNS-MOTENV1.5.0.0
2025-02-22 22:28:33,929 [WARN] PackLoader:240 - Cannot read IP mode file for wolfSSL.I-CUBE-wolfMQTT.1.19.0
2025-02-22 22:28:33,934 [WARN] PackLoader:240 - Cannot read IP mode file for STMicroelectronics.X-CUBE-BLE2.3.3.0
2025-02-22 22:28:33,950 [WARN] PackLoader:240 - Cannot read IP mode file for STMicroelectronics.X-CUBE-NFC9.1.0.0
2025-02-22 22:28:33,964 [WARN] PackLoader:240 - Cannot read IP mode file for STMicroelectronics.X-CUBE-AZRTOS-G0.1.1.0
2025-02-22 22:28:33,975 [WARN] PackLoader:240 - Cannot read IP mode file for STMicroelectronics.X-CUBE-SAFEA1.1.2.2
2025-02-22 22:28:33,984 [WARN] PackLoader:240 - Cannot read IP mode file for STMicroelectronics.X-CUBE-NFC4.3.0.0
2025-02-22 22:28:33,997 [WARN] PackLoader:240 - Cannot read IP mode file for EmbeddedOffice.I-CUBE-FS-RTOS.1.0.1
2025-02-22 22:28:34,007 [WARN] PackLoader:240 - Cannot read IP mode file for STMicroelectronics.X-CUBE-TCPP.4.2.0
2025-02-22 22:28:34,014 [WARN] PackLoader:240 - Cannot read IP mode file for RealThread.X-CUBE-RT-Thread_Nano.4.1.1
2025-02-22 22:28:34,018 [INFO] WebApp:168 - Instantiating new browser for Auth
2025-02-22 22:28:34,018 [WARN] PackLoader:240 - Cannot read IP mode file for STMicroelectronics.FP-ATR-SIGFOX1.3.2.0
2025-02-22 22:28:34,026 [WARN] ConditionMgr:438 - getConditionDescription Invalid condition id : Cortex-A Device cause : null
2025-02-22 22:28:34,094 [WARN] ConditionMgr:1044 - genDependencies : Invalid condition id : Cortex-A Device cause : null
2025-02-22 22:28:34,094 [WARN] ConditionMgr:1044 - genDependencies : Invalid condition id : Cortex-A Device cause : null
2025-02-22 22:28:34,095 [WARN] ConditionMgr:1044 - genDependencies : Invalid condition id : Cortex-A Device cause : null
2025-02-22 22:28:34,105 [WARN] PackLoader:240 - Cannot read IP mode file for STMicroelectronics.X-CUBE-EEPRMA1.5.1.0
2025-02-22 22:28:34,128 [WARN] PackLoader:240 - Cannot read IP mode file for wolfSSL.I-CUBE-wolfSSL.5.7.6
2025-02-22 22:28:34,143 [WARN] PackLoader:240 - Cannot read IP mode file for ITTIA_DB.I-CUBE-ITTIADB.8.9.0
2025-02-22 22:28:34,477 [WARN] PackLoader:240 - Cannot read IP mode file for SEGGER.I-CUBE-embOS.1.3.1
2025-02-22 22:28:34,770 [WARN] PackLoader:240 - Cannot read IP mode file for STMicroelectronics.X-CUBE-ALGOBUILD.1.4.0
2025-02-22 22:28:34,800 [WARN] PackLoader:240 - Cannot read IP mode file for STMicroelectronics.X-CUBE-AZRTOS-F4.1.1.0
2025-02-22 22:28:34,811 [WARN] PackLoader:240 - Cannot read IP mode file for STMicroelectronics.X-CUBE-ISPU.2.1.0
2025-02-22 22:28:34,842 [WARN] PackLoader:240 - Cannot read IP mode file for STMicroelectronics.X-CUBE-AZRTOS-L5.2.0.0
2025-02-22 22:28:34,855 [WARN] PackLoader:240 - Cannot read IP mode file for STMicroelectronics.X-CUBE-NFC6.3.1.0
2025-02-22 22:28:34,868 [WARN] PackLoader:240 - Cannot read IP mode file for STMicroelectronics.X-CUBE-DPower.1.2.0
2025-02-22 22:28:34,877 [WARN] PackLoader:240 - Cannot read IP mode file for STMicroelectronics.X-CUBE-FREERTOS.1.3.0
2025-02-22 22:28:34,887 [WARN] PackLoader:240 - Cannot read IP mode file for STMicroelectronics.X-CUBE-NFC7.1.0.1
2025-02-22 22:28:34,902 [WARN] ConditionMgr:438 - getConditionDescription Invalid condition id : LAN8742 Phy interface Condition cause : null
2025-02-22 22:28:34,903 [WARN] PackLoader:240 - Cannot read IP mode file for STMicroelectronics.X-CUBE-AZRTOS-L4.2.0.0
2025-02-22 22:28:34,904 [WARN] ConditionMgr:1044 - genDependencies : Invalid condition id : LAN8742 Phy interface Condition cause : null
2025-02-22 22:28:34,904 [WARN] ConditionMgr:1044 - genDependencies : Invalid condition id : LAN8742 Phy interface Condition cause : null
2025-02-22 22:28:34,904 [WARN] ConditionMgr:1044 - genDependencies : Invalid condition id : LAN8742 Phy interface Condition cause : null
2025-02-22 22:28:34,912 [WARN] PackLoader:240 - Cannot read IP mode file for STMicroelectronics.X-CUBE-SFXS2LP1.4.0.0
2025-02-22 22:28:34,945 [WARN] PackLoader:240 - Cannot read IP mode file for STMicroelectronics.X-CUBE-AZRTOS-H7.3.3.0
2025-02-22 22:28:34,959 [WARN] ConditionMgr:438 - getConditionDescription Invalid condition id : UX DEVICE CLASS RTOS Condition cause : null
2025-02-22 22:28:34,961 [WARN] ConditionMgr:438 - getConditionDescription Invalid condition id : UX DEVICE CLASS RTOS Condition cause : null
2025-02-22 22:28:34,962 [WARN] PackLoader:240 - Cannot read IP mode file for STMicroelectronics.X-CUBE-AZRTOS-WB.2.0.0
2025-02-22 22:28:34,963 [WARN] ConditionMgr:1044 - genDependencies : Invalid condition id : UX DEVICE CLASS RTOS Condition cause : null
2025-02-22 22:28:34,963 [WARN] ConditionMgr:1044 - genDependencies : Invalid condition id : UX DEVICE CLASS RTOS Condition cause : null
2025-02-22 22:28:34,963 [WARN] ConditionMgr:1044 - genDependencies : Invalid condition id : UX DEVICE CLASS RTOS Condition cause : null
2025-02-22 22:28:34,963 [WARN] ConditionMgr:1044 - genDependencies : Invalid condition id : UX DEVICE CLASS RTOS Condition cause : null
2025-02-22 22:28:34,963 [WARN] ConditionMgr:1044 - genDependencies : Invalid condition id : UX DEVICE CLASS RTOS Condition cause : null
2025-02-22 22:28:34,969 [WARN] PackLoader:240 - Cannot read IP mode file for STMicroelectronics.X-CUBE-GNSS1.7.0.1
2025-02-22 22:28:34,975 [WARN] PackLoader:240 - Cannot read IP mode file for STMicroelectronics.FP-SNS-STBOX1.2.0.0
2025-02-22 22:28:34,984 [WARN] PackLoader:240 - Cannot read IP mode file for STMicroelectronics.X-CUBE-SUBG2.5.0.0
2025-02-22 22:28:34,992 [WARN] PackLoader:240 - Cannot read IP mode file for Cesanta.I-CUBE-Mongoose.7.13.0
2025-02-22 22:28:35,003 [WARN] PackLoader:240 - Cannot read IP mode file for STMicroelectronics.X-CUBE-AZRTOS-G4.2.0.0
2025-02-22 22:28:35,013 [WARN] PackLoader:240 - Cannot read IP mode file for STMicroelectronics.X-CUBE-IPS.3.1.0
2025-02-22 22:28:35,023 [WARN] PackLoader:240 - Cannot read IP mode file for STMicroelectronics.X-CUBE-ALS.1.0.2
2025-02-22 22:28:35,030 [WARN] PackLoader:240 - Cannot read IP mode file for STMicroelectronics.X-CUBE-TOUCHGFX.4.24.2
2025-02-22 22:28:35,034 [WARN] PackLoader:240 - Cannot read IP mode file for wolfSSL.I-CUBE-wolfTPM.3.4.0
2025-02-22 22:28:35,041 [WARN] PackLoader:240 - Cannot read IP mode file for portGmbH.I-Cube-SoM-uGOAL.1.1.0
2025-02-22 22:28:35,056 [WARN] PackLoader:240 - Cannot read IP mode file for STMicroelectronics.X-CUBE-AZRTOS-H7RS.1.0.0
2025-02-22 22:28:35,068 [WARN] PackLoader:240 - Cannot read IP mode file for STMicroelectronics.X-CUBE-TOF1.3.4.2
2025-02-22 22:28:35,088 [INFO] ThirdParty:978 - Integrity check success = true
2025-02-22 22:28:35,088 [INFO] IntegrityCheckThread:100 - exiting critical section [integrity check]
2025-02-22 22:28:35,088 [INFO] IntegrityCheckThread:103 - End integrity checks thread
2025-02-22 22:28:35,848 [INFO] WebApp:449 - Apply proxy settings
2025-02-22 22:28:35,849 [INFO] WebApp:534 - Chromium requires no authentication
2025-02-22 22:28:35,865 [INFO] WebApp:477 - Direct internet connection detected
2025-02-22 22:28:35,898 [INFO] WebApp:880 - Register for checkConnection events
2025-02-22 22:28:35,898 [INFO] WebApp:449 - Apply proxy settings
2025-02-22 22:28:35,898 [INFO] WebApp:534 - Chromium requires no authentication
2025-02-22 22:28:35,899 [INFO] WebApp:477 - Direct internet connection detected
2025-02-22 22:28:36,106 [INFO] WebApp:221 - Starting web application
2025-02-22 22:28:36,106 [INFO] WebApp:579 - Web application path used C:\ST\STM32CubeIDE_1.16.0\STM32CubeIDE\plugins\com.st.stm32cube.common.mx_6.13.0.202411220809\db\plugins\mcufinder\reactClient1\index.html
