2025-01-03 10:53:14,774 [INFO] Activator:176 - 


2025-01-03 10:53:14,782 [INFO] Activator:177 - !SESSION log4j initialized
2025-01-03 10:53:15,543 [ERROR] LogOutputStream:75 - [STDERR_REDIRECT] Warning: NLS unused message: CodeAssistConfigurationBlock_matchSubstring_label in: org.eclipse.jdt.internal.ui.preferences.PreferencesMessages
2025-01-03 10:53:15,588 [ERROR] LogOutputStream:75 - [STDERR_REDIRECT] Warning: NLS unused message: ProblemMarkerManager_problem_marker_update_job_description in: org.eclipse.jdt.internal.ui.JavaUIMessages
2025-01-03 10:53:15,593 [ERROR] LogOutputStream:75 - [STDERR_REDIRECT] Warning: NLS unused message: FilteredTypesSelectionDialog_default_package in: org.eclipse.jdt.internal.ui.JavaUIMessages
2025-01-03 10:53:15,598 [ERROR] LogOutputStream:75 - [STDERR_REDIRECT] Warning: NLS unused message: FilteredTypeSelectionDialog_showContainerForDuplicatesAction in: org.eclipse.jdt.internal.ui.JavaUIMessages
2025-01-03 10:53:15,601 [ERROR] LogOutputStream:75 - [STDERR_REDIRECT] Warning: NLS unused message: JavaElementLabels_anonym in: org.eclipse.jdt.internal.ui.JavaUIMessages
2025-01-03 10:53:15,605 [ERROR] LogOutputStream:75 - [STDERR_REDIRECT] Warning: NLS unused message: JavaElementLabels_concat_string in: org.eclipse.jdt.internal.ui.JavaUIMessages
2025-01-03 10:53:15,609 [ERROR] LogOutputStream:75 - [STDERR_REDIRECT] Warning: NLS unused message: JavaElementLabels_comma_string in: org.eclipse.jdt.internal.ui.JavaUIMessages
2025-01-03 10:53:15,614 [ERROR] LogOutputStream:75 - [STDERR_REDIRECT] Warning: NLS unused message: JavaElementLabels_declseparator_string in: org.eclipse.jdt.internal.ui.JavaUIMessages
2025-01-03 10:53:15,620 [ERROR] LogOutputStream:75 - [STDERR_REDIRECT] Warning: NLS unused message: JavaElementLabels_category_separator_string in: org.eclipse.jdt.internal.ui.JavaUIMessages
2025-01-03 10:53:15,625 [ERROR] LogOutputStream:75 - [STDERR_REDIRECT] Warning: NLS unused message: JavaElementLabels_import_container in: org.eclipse.jdt.internal.ui.JavaUIMessages
2025-01-03 10:53:16,291 [ERROR] LogOutputStream:75 - [STDERR_REDIRECT] Warning: NLS unused message: FileDocumentProvider_getPersistedEncoding in: org.eclipse.ui.editors.text.TextEditorMessages
2025-01-03 10:53:19,576 [ERROR] LogOutputStream:75 - [STDERR_REDIRECT] Warning: NLS unused message: TextSearchVisitor_progress_updating_job in: org.eclipse.search.internal.ui.SearchMessages
2025-01-03 10:53:19,579 [ERROR] LogOutputStream:75 - [STDERR_REDIRECT] Warning: NLS unused message: SearchPageSelectionDialog_rememberLastUsedPage_message in: org.eclipse.search.internal.ui.SearchMessages
2025-01-03 10:53:22,405 [ERROR] LogOutputStream:75 - [STDERR_REDIRECT] Warning: NLS unused message: ShowInNavigatorView_label in: org.eclipse.jdt.internal.ui.actions.ActionMessages
2025-01-03 10:53:22,408 [ERROR] LogOutputStream:75 - [STDERR_REDIRECT] Warning: NLS unused message: ShowInNavigatorView_dialog_title in: org.eclipse.jdt.internal.ui.actions.ActionMessages
2025-01-03 10:53:22,410 [ERROR] LogOutputStream:75 - [STDERR_REDIRECT] Warning: NLS unused message: ShowInNavigatorView_dialog_message in: org.eclipse.jdt.internal.ui.actions.ActionMessages
2025-01-03 10:53:22,413 [ERROR] LogOutputStream:75 - [STDERR_REDIRECT] Warning: NLS unused message: ShowInNavigatorView_error_activation_failed in: org.eclipse.jdt.internal.ui.actions.ActionMessages
2025-01-03 10:53:22,418 [ERROR] LogOutputStream:75 - [STDERR_REDIRECT] Warning: NLS unused message: OrganizeImportsAction_error_message in: org.eclipse.jdt.internal.ui.actions.ActionMessages
2025-01-03 10:53:24,227 [INFO] LogOutputStream:77 - [STDOUT_REDIRECT] 
2025-01-03 10:53:29,001 [INFO] ApplicationProperties:184 - Using Application install path: C:\ST\STM32CubeIDE_1.16.0\STM32CubeIDE\plugins\com.st.stm32cube.common.mx_6.13.0.202411220809
2025-01-03 10:53:29,024 [INFO] DbMcusXml:78 - Set database path to: C:\ST\STM32CubeIDE_1.16.0\STM32CubeIDE\plugins\com.st.stm32cube.common.mx_6.13.0.202411220809\\db\/mcu/
2025-01-03 10:53:29,024 [INFO] ApiDb:274 - Set plugin database path to: C:\ST\STM32CubeIDE_1.16.0\STM32CubeIDE\plugins\com.st.stm32cube.common.mx_6.13.0.202411220809\\db\/plugins/boardmanager/
2025-01-03 10:53:29,024 [WARN] ApiDb:259 - Overriding images path with different value:  => C:\ST\STM32CubeIDE_1.16.0\STM32CubeIDE\plugins\com.st.stm32cube.common.mx_6.13.0.202411220809\\db\/plugins/mcufinder/images/
2025-01-03 10:53:29,040 [INFO] ApiDb:250 - Set database path to: C:\Users\Administrator\.stmcufinder\plugins\mcufinder//mcu/
2025-01-03 10:53:29,042 [INFO] DbMcusAds:125 - Set database path to: C:\Users\Administrator\.stmcufinder\plugins\mcufinder//mcu/
2025-01-03 10:53:29,045 [INFO] CrossReferenceDbSqlite:203 - Set database path to: C:\Users\Administrator\.stmcufinder\plugins\mcufinder//mcu/cs/
2025-01-03 10:53:29,175 [INFO] RulesReader:64 - Compatibility file has been processed (297 Rules)
2025-01-03 10:53:29,298 [INFO] DbMcusXml:78 - Set database path to: C:\ST\STM32CubeIDE_1.16.0\STM32CubeIDE\plugins\com.st.stm32cube.common.mx_6.13.0.202411220809\\db\/mcu/
2025-01-03 10:53:29,298 [INFO] ApiDb:274 - Set plugin database path to: C:\ST\STM32CubeIDE_1.16.0\STM32CubeIDE\plugins\com.st.stm32cube.common.mx_6.13.0.202411220809\\db\/plugins/boardmanager/
2025-01-03 10:53:29,298 [INFO] ApiDb:261 - Set plugin images path to: C:\ST\STM32CubeIDE_1.16.0\STM32CubeIDE\plugins\com.st.stm32cube.common.mx_6.13.0.202411220809\\db\/plugins/mcufinder/images/
2025-01-03 10:53:29,298 [WARN] DbFile:41 - Overriding database path with different value: C:\Users\Administrator\.stmcufinder\plugins\mcufinder/ => C:\Users\Administrator\.stmcufinder\plugins\mcufinder
2025-01-03 10:53:29,299 [INFO] ApiDb:250 - Set database path to: C:\Users\Administrator\.stmcufinder\plugins\mcufinder//mcu/
2025-01-03 10:53:29,299 [WARN] DbFile:41 - Overriding database path with different value: C:\Users\Administrator\.stmcufinder\plugins\mcufinder/ => C:\Users\Administrator\.stmcufinder\plugins\mcufinder
2025-01-03 10:53:29,299 [INFO] DbMcusAds:125 - Set database path to: C:\Users\Administrator\.stmcufinder\plugins\mcufinder//mcu/
2025-01-03 10:53:29,299 [WARN] DbFile:41 - Overriding database path with different value: C:\Users\Administrator\.stmcufinder\plugins\mcufinder/ => C:\Users\Administrator\.stmcufinder\plugins\mcufinder
2025-01-03 10:53:29,299 [WARN] DbFile:41 - Overriding database path with different value: C:\Users\Administrator\.stmcufinder\plugins\mcufinder/ => C:\Users\Administrator\.stmcufinder\plugins\mcufinder
2025-01-03 10:53:29,299 [INFO] CrossReferenceDbSqlite:203 - Set database path to: C:\Users\Administrator\.stmcufinder\plugins\mcufinder//mcu/cs/
2025-01-03 10:53:29,411 [INFO] MainPanel:272 - HeapMemory: 268435456
2025-01-03 10:53:29,566 [INFO] DbMcusXml:78 - Set database path to: C:\ST\STM32CubeIDE_1.16.0\STM32CubeIDE\plugins\com.st.stm32cube.common.mx_6.13.0.202411220809\\db\/mcu/
2025-01-03 10:53:29,566 [INFO] ApiDb:274 - Set plugin database path to: C:\ST\STM32CubeIDE_1.16.0\STM32CubeIDE\plugins\com.st.stm32cube.common.mx_6.13.0.202411220809\\db\/plugins/boardmanager/
2025-01-03 10:53:29,567 [INFO] ApiDb:261 - Set plugin images path to: C:\ST\STM32CubeIDE_1.16.0\STM32CubeIDE\plugins\com.st.stm32cube.common.mx_6.13.0.202411220809\\db\/plugins/mcufinder/images/
2025-01-03 10:53:29,567 [WARN] DbFile:41 - Overriding database path with different value: C:\Users\Administrator\.stmcufinder\plugins\mcufinder/ => C:\Users\Administrator\.stmcufinder\plugins\mcufinder
2025-01-03 10:53:29,568 [INFO] ApiDb:250 - Set database path to: C:\Users\Administrator\.stmcufinder\plugins\mcufinder//mcu/
2025-01-03 10:53:29,568 [WARN] DbFile:41 - Overriding database path with different value: C:\Users\Administrator\.stmcufinder\plugins\mcufinder/ => C:\Users\Administrator\.stmcufinder\plugins\mcufinder
2025-01-03 10:53:29,568 [INFO] DbMcusAds:125 - Set database path to: C:\Users\Administrator\.stmcufinder\plugins\mcufinder//mcu/
2025-01-03 10:53:29,568 [WARN] DbFile:41 - Overriding database path with different value: C:\Users\Administrator\.stmcufinder\plugins\mcufinder/ => C:\Users\Administrator\.stmcufinder\plugins\mcufinder
2025-01-03 10:53:29,568 [WARN] DbFile:41 - Overriding database path with different value: C:\Users\Administrator\.stmcufinder\plugins\mcufinder/ => C:\Users\Administrator\.stmcufinder\plugins\mcufinder
2025-01-03 10:53:29,569 [INFO] CrossReferenceDbSqlite:203 - Set database path to: C:\Users\Administrator\.stmcufinder\plugins\mcufinder//mcu/cs/
2025-01-03 10:53:29,593 [INFO] ApplicationProperties:184 - Using Application install path: C:\ST\STM32CubeIDE_1.16.0\STM32CubeIDE\plugins\com.st.stm32cube.common.mx_6.13.0.202411220809
2025-01-03 10:53:29,595 [INFO] PluginManage:196 - Search for loadable plugins [exclusion list=, ]
2025-01-03 10:53:29,598 [INFO] PluginManage:310 - Check plugin analytics
2025-01-03 10:53:29,846 [INFO] AnalyticsPlugin:253 - Accepted Software Licenses: STM32CubeMX.6.4.0,STM32CubeMX.6.11.1,STM32CubeMX.6.13.0
2025-01-03 10:53:29,846 [INFO] AnalyticsPlugin:255 - Accepted CMSIS Pack Licenses: 
2025-01-03 10:53:29,846 [INFO] AnalyticsPlugin:257 - Accepted Firmware Licenses: 
2025-01-03 10:53:29,851 [INFO] PluginManage:359 - Loaded plugin analytics (category:tool,tabindex:-1)
2025-01-03 10:53:29,852 [INFO] PluginManage:310 - Check plugin cadmodel
2025-01-03 10:53:29,865 [INFO] CADModel:105 - Init CAD model plugin
2025-01-03 10:53:29,865 [INFO] PluginManage:359 - Loaded plugin cadmodel (category:power,tabindex:5)
2025-01-03 10:53:29,866 [INFO] PluginManage:310 - Check plugin clock
2025-01-03 10:53:29,886 [INFO] PluginManage:359 - Loaded plugin clock (category:base,tabindex:2)
2025-01-03 10:53:29,887 [INFO] PluginManage:310 - Check plugin ddr
2025-01-03 10:53:29,892 [INFO] PluginManage:359 - Loaded plugin ddr (category:tool,tabindex:6)
2025-01-03 10:53:29,893 [INFO] PluginManage:310 - Check plugin filemanager
2025-01-03 10:53:30,092 [INFO] PluginManage:359 - Loaded plugin filemanager (category:base,tabindex:10)
2025-01-03 10:53:30,092 [INFO] PluginManage:310 - Check plugin ipmanager
2025-01-03 10:53:30,103 [INFO] PluginManage:359 - Loaded plugin ipmanager (category:base,tabindex:5)
2025-01-03 10:53:30,104 [INFO] PluginManage:310 - Check plugin lpbam
2025-01-03 10:53:30,114 [INFO] PluginManage:359 - Loaded plugin lpbam (category:base,tabindex:0)
2025-01-03 10:53:30,114 [INFO] PluginManage:310 - Check plugin memorymap
2025-01-03 10:53:30,139 [INFO] PluginManage:359 - Loaded plugin memorymap (category:base,tabindex:4)
2025-01-03 10:53:30,139 [INFO] PluginManage:310 - Check plugin pinoutandconfiguration
2025-01-03 10:53:30,154 [INFO] PluginManage:359 - Loaded plugin pinoutandconfiguration (category:base,tabindex:1)
2025-01-03 10:53:30,154 [INFO] PluginManage:310 - Check plugin pinoutconfig
2025-01-03 10:53:30,274 [WARN] SupportedApi:132 - Cannot load RTOS API schema: s4s-elt-must-match.1: The content of 'definitions' must match (annotation?, (simpleType | complexType)?, (unique | key | keyref)*)). A problem was found starting at: attribute.
2025-01-03 10:53:30,456 [INFO] PluginManage:359 - Loaded plugin pinoutconfig (category:base,tabindex:0)
2025-01-03 10:53:30,456 [INFO] PluginManage:310 - Check plugin power
2025-01-03 10:53:30,473 [INFO] PluginManage:359 - Loaded plugin power (category:power,tabindex:4)
2025-01-03 10:53:30,474 [INFO] PluginManage:310 - Check plugin projectmanager
2025-01-03 10:53:30,493 [INFO] PluginManage:359 - Loaded plugin projectmanager (category:projectmanager,tabindex:4)
2025-01-03 10:53:30,493 [INFO] PluginManage:310 - Check plugin rif
2025-01-03 10:53:30,505 [INFO] PluginManage:359 - Loaded plugin rif (category:base,tabindex:3)
2025-01-03 10:53:30,506 [INFO] PluginManage:310 - Check plugin thirdparty
2025-01-03 10:53:30,732 [INFO] PluginManage:359 - Loaded plugin thirdparty (category:base,tabindex:-1)
2025-01-03 10:53:30,734 [INFO] PluginManage:310 - Check plugin tools
2025-01-03 10:53:30,730 [WARN] IntegrityCheckThread:84 - waiting for thirdparty lock release [integrity check]
2025-01-03 10:53:30,734 [INFO] IntegrityCheckThread:86 - entering critical section [integrity check]
2025-01-03 10:53:30,734 [INFO] ThirdPartyUpdaterWithRetryManager:70 - Updater plugin not ready yet. [1/15]
2025-01-03 10:53:30,737 [INFO] PluginManage:359 - Loaded plugin tools (category:base,tabindex:7)
2025-01-03 10:53:30,737 [INFO] PluginManage:310 - Check plugin tutovideos
2025-01-03 10:53:30,967 [INFO] PluginManage:359 - Loaded plugin tutovideos (category:base,tabindex:-1)
2025-01-03 10:53:30,967 [INFO] PluginManage:310 - Check plugin updater
2025-01-03 10:53:30,996 [INFO] PluginManage:359 - Loaded plugin updater (category:base,tabindex:12)
2025-01-03 10:53:30,996 [INFO] PluginManage:310 - Check plugin userauth
2025-01-03 10:53:31,002 [INFO] UserAuth:118 - Init User Auth plugin
2025-01-03 10:53:31,004 [INFO] PluginManage:359 - Loaded plugin userauth (category:base,tabindex:14)
2025-01-03 10:53:31,004 [INFO] PluginManage:283 - PluginManage : Loaded plugins [18]
2025-01-03 10:53:31,298 [INFO] PinOutPanel:1589 - setPackage(No Configuration,No Configuration)
2025-01-03 10:53:31,411 [INFO] CADModel:165 - CPN selected for project level
2025-01-03 10:53:31,411 [INFO] CADModel:114 - Register for checkConnection events
2025-01-03 10:53:31,437 [INFO] IPUIPlugin:80 - create IPUIPlugin
2025-01-03 10:53:31,438 [INFO] PluginManager:220 - loadIPPluginJar : add adc
2025-01-03 10:53:31,441 [INFO] IPUIPlugin:80 - create IPUIPlugin
2025-01-03 10:53:31,441 [INFO] PluginManager:220 - loadIPPluginJar : add aes
2025-01-03 10:53:31,446 [INFO] IPUIPlugin:80 - create IPUIPlugin
2025-01-03 10:53:31,446 [INFO] PluginManager:220 - loadIPPluginJar : add can
2025-01-03 10:53:31,449 [INFO] IPUIPlugin:80 - create IPUIPlugin
2025-01-03 10:53:31,449 [INFO] PluginManager:220 - loadIPPluginJar : add comp
2025-01-03 10:53:31,453 [INFO] IPUIPlugin:80 - create IPUIPlugin
2025-01-03 10:53:31,453 [INFO] PluginManager:220 - loadIPPluginJar : add cryp
2025-01-03 10:53:31,458 [INFO] IPUIPlugin:80 - create IPUIPlugin
2025-01-03 10:53:31,458 [INFO] PluginManager:220 - loadIPPluginJar : add ddr_ctrl_phy
2025-01-03 10:53:31,461 [INFO] IPUIPlugin:80 - create IPUIPlugin
2025-01-03 10:53:31,462 [INFO] PluginManager:220 - loadIPPluginJar : add dfsdm
2025-01-03 10:53:31,470 [INFO] IPUIPlugin:80 - create IPUIPlugin
2025-01-03 10:53:31,470 [INFO] PluginManager:220 - loadIPPluginJar : add dma
2025-01-03 10:53:31,473 [INFO] IPUIPlugin:80 - create IPUIPlugin
2025-01-03 10:53:31,474 [INFO] PluginManager:220 - loadIPPluginJar : add dma3
2025-01-03 10:53:31,477 [INFO] IPUIPlugin:80 - create IPUIPlugin
2025-01-03 10:53:31,477 [INFO] PluginManager:220 - loadIPPluginJar : add extmemmanager
2025-01-03 10:53:31,480 [INFO] IPUIPlugin:80 - create IPUIPlugin
2025-01-03 10:53:31,481 [INFO] PluginManager:220 - loadIPPluginJar : add fatfs
2025-01-03 10:53:31,519 [INFO] IPUIPlugin:80 - create IPUIPlugin
2025-01-03 10:53:31,519 [INFO] PluginManager:220 - loadIPPluginJar : add fmc
2025-01-03 10:53:31,527 [INFO] IPUIPlugin:80 - create IPUIPlugin
2025-01-03 10:53:31,528 [INFO] PluginManager:220 - loadIPPluginJar : add freertos
2025-01-03 10:53:31,530 [INFO] IPUIPlugin:80 - create IPUIPlugin
2025-01-03 10:53:31,531 [INFO] PluginManager:220 - loadIPPluginJar : add genericplugin
2025-01-03 10:53:31,536 [INFO] IPUIPlugin:80 - create IPUIPlugin
2025-01-03 10:53:31,536 [INFO] PluginManager:220 - loadIPPluginJar : add gfxmmu
2025-01-03 10:53:31,543 [INFO] IPUIPlugin:80 - create IPUIPlugin
2025-01-03 10:53:31,543 [INFO] PluginManager:220 - loadIPPluginJar : add gic
2025-01-03 10:53:31,551 [INFO] IPUIPlugin:80 - create IPUIPlugin
2025-01-03 10:53:31,552 [INFO] PluginManager:220 - loadIPPluginJar : add gpio
2025-01-03 10:53:31,558 [INFO] IPUIPlugin:80 - create IPUIPlugin
2025-01-03 10:53:31,558 [INFO] PluginManager:220 - loadIPPluginJar : add gtzc
2025-01-03 10:53:31,563 [INFO] IPUIPlugin:80 - create IPUIPlugin
2025-01-03 10:53:31,563 [INFO] PluginManager:220 - loadIPPluginJar : add hash
2025-01-03 10:53:31,568 [INFO] IPUIPlugin:80 - create IPUIPlugin
2025-01-03 10:53:31,568 [INFO] PluginManager:220 - loadIPPluginJar : add i2c
2025-01-03 10:53:31,572 [INFO] IPUIPlugin:80 - create IPUIPlugin
2025-01-03 10:53:31,573 [INFO] PluginManager:220 - loadIPPluginJar : add i2s
2025-01-03 10:53:31,578 [INFO] IPUIPlugin:80 - create IPUIPlugin
2025-01-03 10:53:31,578 [INFO] PluginManager:220 - loadIPPluginJar : add i3c
2025-01-03 10:53:31,583 [INFO] IPUIPlugin:80 - create IPUIPlugin
2025-01-03 10:53:31,585 [INFO] PluginManager:220 - loadIPPluginJar : add ipddr
2025-01-03 10:53:31,596 [INFO] IPUIPlugin:80 - create IPUIPlugin
2025-01-03 10:53:31,596 [INFO] PluginManager:220 - loadIPPluginJar : add linkedlist
2025-01-03 10:53:31,601 [INFO] IPUIPlugin:80 - create IPUIPlugin
2025-01-03 10:53:31,601 [INFO] PluginManager:220 - loadIPPluginJar : add lorawan
2025-01-03 10:53:31,604 [INFO] IPUIPlugin:80 - create IPUIPlugin
2025-01-03 10:53:31,604 [INFO] PluginManager:220 - loadIPPluginJar : add ltdc
2025-01-03 10:53:31,612 [INFO] IPUIPlugin:80 - create IPUIPlugin
2025-01-03 10:53:31,613 [INFO] PluginManager:220 - loadIPPluginJar : add mdma
2025-01-03 10:53:31,619 [INFO] IPUIPlugin:80 - create IPUIPlugin
2025-01-03 10:53:31,636 [INFO] PluginManager:220 - loadIPPluginJar : add nvic
2025-01-03 10:53:31,644 [INFO] IPUIPlugin:80 - create IPUIPlugin
2025-01-03 10:53:31,644 [INFO] PluginManager:220 - loadIPPluginJar : add opamp
2025-01-03 10:53:31,653 [INFO] IPUIPlugin:80 - create IPUIPlugin
2025-01-03 10:53:31,653 [INFO] PluginManager:220 - loadIPPluginJar : add openamp
2025-01-03 10:53:31,660 [INFO] IPUIPlugin:80 - create IPUIPlugin
2025-01-03 10:53:31,660 [INFO] PluginManager:220 - loadIPPluginJar : add pdm2pcm
2025-01-03 10:53:31,667 [INFO] IPUIPlugin:80 - create IPUIPlugin
2025-01-03 10:53:31,670 [INFO] PluginManager:220 - loadIPPluginJar : add plateformsettings
2025-01-03 10:53:31,673 [INFO] IPUIPlugin:80 - create IPUIPlugin
2025-01-03 10:53:31,673 [INFO] PluginManager:220 - loadIPPluginJar : add quadspi
2025-01-03 10:53:31,676 [INFO] IPUIPlugin:80 - create IPUIPlugin
2025-01-03 10:53:31,678 [INFO] PluginManager:220 - loadIPPluginJar : add radio
2025-01-03 10:53:31,686 [INFO] IPUIPlugin:80 - create IPUIPlugin
2025-01-03 10:53:31,687 [INFO] PluginManager:220 - loadIPPluginJar : add resmgrutility
2025-01-03 10:53:31,692 [INFO] IPUIPlugin:80 - create IPUIPlugin
2025-01-03 10:53:31,692 [INFO] PluginManager:220 - loadIPPluginJar : add sai
2025-01-03 10:53:31,696 [INFO] IPUIPlugin:80 - create IPUIPlugin
2025-01-03 10:53:31,697 [INFO] PluginManager:220 - loadIPPluginJar : add spi
2025-01-03 10:53:31,704 [INFO] IPUIPlugin:80 - create IPUIPlugin
2025-01-03 10:53:31,704 [INFO] PluginManager:220 - loadIPPluginJar : add stm32_wpan
2025-01-03 10:53:31,707 [INFO] IPUIPlugin:80 - create IPUIPlugin
2025-01-03 10:53:31,707 [INFO] PluginManager:220 - loadIPPluginJar : add tim
2025-01-03 10:53:31,713 [INFO] IPUIPlugin:80 - create IPUIPlugin
2025-01-03 10:53:31,713 [INFO] PluginManager:220 - loadIPPluginJar : add touchsensing
2025-01-03 10:53:31,716 [INFO] IPUIPlugin:80 - create IPUIPlugin
2025-01-03 10:53:31,716 [INFO] PluginManager:220 - loadIPPluginJar : add tracer_emb
2025-01-03 10:53:31,720 [INFO] IPUIPlugin:80 - create IPUIPlugin
2025-01-03 10:53:31,720 [INFO] PluginManager:220 - loadIPPluginJar : add ts
2025-01-03 10:53:31,722 [INFO] IPUIPlugin:80 - create IPUIPlugin
2025-01-03 10:53:31,723 [INFO] PluginManager:220 - loadIPPluginJar : add tsc
2025-01-03 10:53:31,726 [INFO] IPUIPlugin:80 - create IPUIPlugin
2025-01-03 10:53:31,726 [INFO] PluginManager:220 - loadIPPluginJar : add ucpd
2025-01-03 10:53:31,729 [INFO] IPUIPlugin:80 - create IPUIPlugin
2025-01-03 10:53:31,729 [INFO] PluginManager:220 - loadIPPluginJar : add usart
2025-01-03 10:53:31,734 [INFO] IPUIPlugin:80 - create IPUIPlugin
2025-01-03 10:53:31,734 [INFO] PluginManager:220 - loadIPPluginJar : add usbx
2025-01-03 10:53:31,875 [FATAL] Updater:351 - Updater called before beeing initialized
2025-01-03 10:53:31,905 [INFO] RulesReader:64 - Compatibility file has been processed (297 Rules)
2025-01-03 10:53:31,917 [INFO] RulesReader:64 - Compatibility file has been processed (297 Rules)
2025-01-03 10:53:31,926 [INFO] CADModel:165 - CPN selected for project level
2025-01-03 10:53:31,927 [INFO] CADModel:114 - Register for checkConnection events
2025-01-03 10:53:31,927 [FATAL] Updater:351 - Updater called before beeing initialized
2025-01-03 10:53:31,927 [ERROR] CADModel:125 - Updater not yet initialized, retry later 
2025-01-03 10:53:32,102 [FATAL] Updater:351 - Updater called before beeing initialized
2025-01-03 10:53:32,106 [INFO] CADModel:165 - CPN selected for project level
2025-01-03 10:53:32,106 [INFO] CADModel:114 - Register for checkConnection events
2025-01-03 10:53:32,107 [FATAL] Updater:351 - Updater called before beeing initialized
2025-01-03 10:53:32,107 [ERROR] CADModel:125 - Updater not yet initialized, retry later 
2025-01-03 10:53:32,110 [FATAL] Updater:351 - Updater called before beeing initialized
2025-01-03 10:53:32,248 [FATAL] Updater:351 - Updater called before beeing initialized
2025-01-03 10:53:32,253 [INFO] DbMcusAds:53 - JSON generation date=Wed Dec 18 00:01:15 CST 2024 (1734451275222)
2025-01-03 10:53:32,253 [FATAL] Updater:351 - Updater called before beeing initialized
2025-01-03 10:53:32,304 [WARN] DetailPanel:346 - Failed to get advertising image, set to default
2025-01-03 10:53:32,578 [FATAL] Updater:351 - Updater called before beeing initialized
2025-01-03 10:53:32,581 [FATAL] Updater:351 - Updater called before beeing initialized
2025-01-03 10:53:32,582 [FATAL] Updater:351 - Updater called before beeing initialized
2025-01-03 10:53:32,582 [WARN] DetailPanel:346 - Failed to get advertising image, set to default
2025-01-03 10:53:32,583 [FATAL] Updater:351 - Updater called before beeing initialized
2025-01-03 10:53:32,647 [ERROR] Updater:1198 - MainUpdater not yet initialized. External WinMGr cannot be set.
2025-01-03 10:53:32,650 [INFO] Updater:1134 - Updater Version found : 6.13.0
2025-01-03 10:53:32,673 [INFO] ApplicationProperties:184 - Using Application install path: C:\ST\STM32CubeIDE_1.16.0\STM32CubeIDE\plugins\com.st.stm32cube.common.mx_6.13.0.202411220809
2025-01-03 10:53:33,308 [INFO] MainUpdater:2872 - connection check result : 10
2025-01-03 10:53:33,309 [INFO] MainUpdater:289 - Updater Check For Update Now.
2025-01-03 10:53:33,309 [INFO] MicroXplorer:498 - Change Database Version : DB.6.0.130
2025-01-03 10:53:33,316 [INFO] McuFinderGlobals:63 - Set McuFinder mode to 2 (CubeIDE integrated)
2025-01-03 10:53:33,316 [INFO] UserAuth:171 - activating auth plugin
2025-01-03 10:53:33,320 [INFO] UserAuth:486 - Internet connection configuration mode: 1
2025-01-03 10:53:33,358 [INFO] JxBrowserEngine:152 - Initiate JxBrowser Engine with user profile folder
2025-01-03 10:53:33,520 [INFO] CheckServerUpdateThread:120 - End of CheckServer Thread
2025-01-03 10:53:34,820 [WARN] PackLoader:240 - Cannot read IP mode file for STMicroelectronics.FP-SNS-MOTENVWB1.1.4.0
2025-01-03 10:53:34,829 [WARN] PackLoader:240 - Cannot read IP mode file for STMicroelectronics.FP-ATR-ASTRA1.2.0.1
2025-01-03 10:53:34,839 [WARN] PackLoader:240 - Cannot read IP mode file for STMicroelectronics.X-CUBE-SMBUS.2.1.0
2025-01-03 10:53:34,852 [WARN] PackLoader:240 - Cannot read IP mode file for STMicroelectronics.X-CUBE-WB05N.1.1.0
2025-01-03 10:53:34,885 [WARN] PackLoader:240 - Cannot read IP mode file for STMicroelectronics.X-CUBE-AZRTOS-F7.1.1.0
2025-01-03 10:53:34,933 [WARN] PackLoader:240 - Cannot read IP mode file for STMicroelectronics.X-CUBE-MEMS1.11.0.0
2025-01-03 10:53:35,104 [WARN] PackLoader:240 - Cannot read IP mode file for STMicroelectronics.FP-SNS-FLIGHT1.5.0.2
2025-01-03 10:53:35,127 [WARN] PackLoader:240 - Cannot read IP mode file for Infineon.AIROC-Wi-Fi-Bluetooth-STM32.1.7.0
2025-01-03 10:53:35,138 [WARN] PackLoader:240 - Cannot read IP mode file for STMicroelectronics.X-CUBE-DISPLAY.3.0.0
2025-01-03 10:53:35,147 [WARN] PackLoader:240 - Cannot read IP mode file for STMicroelectronics.X-CUBE-BLE1.7.0.0
2025-01-03 10:53:35,155 [WARN] PackLoader:240 - Cannot read IP mode file for STMicroelectronics.X-CUBE-NFC10.1.0.0
2025-01-03 10:53:35,166 [WARN] PackLoader:240 - Cannot read IP mode file for STMicroelectronics.X-CUBE-BLEMGR.4.0.0
2025-01-03 10:53:35,249 [WARN] PackLoader:240 - Cannot read IP mode file for emotas.I-CUBE-CANOPEN.1.3.0
2025-01-03 10:53:35,256 [WARN] PackLoader:240 - Cannot read IP mode file for STMicroelectronics.FP-SNS-SMARTAG2.1.2.0
2025-01-03 10:53:35,303 [WARN] PackLoader:240 - Cannot read IP mode file for STMicroelectronics.X-CUBE-MEMS1.11.1.0
2025-01-03 10:53:35,484 [INFO] LogOutputStream:77 - [STDOUT_REDIRECT] 1 : Invalid condition id : UX_CORESTACK_Condition cause : null
2025-01-03 10:53:35,486 [INFO] LogOutputStream:77 - [STDOUT_REDIRECT] 1 : Invalid condition id : UX_CORESTACK_Condition cause : null
2025-01-03 10:53:35,487 [INFO] LogOutputStream:77 - [STDOUT_REDIRECT] 1 : Invalid condition id : UX_CORESTACK_Condition cause : null
2025-01-03 10:53:35,488 [INFO] LogOutputStream:77 - [STDOUT_REDIRECT] 1 : Invalid condition id : UX_CORESTACK_Condition cause : null
2025-01-03 10:53:35,489 [INFO] LogOutputStream:77 - [STDOUT_REDIRECT] 1 : Invalid condition id : UX_CORESTACK_Condition cause : null
2025-01-03 10:53:35,491 [WARN] PackLoader:240 - Cannot read IP mode file for STMicroelectronics.X-CUBE-AZRTOS-WL.2.0.0
2025-01-03 10:53:35,497 [WARN] PackLoader:240 - Cannot read IP mode file for STMicroelectronics.FP-SNS-MOTENV1.5.0.0
2025-01-03 10:53:35,505 [WARN] PackLoader:240 - Cannot read IP mode file for wolfSSL.I-CUBE-wolfMQTT.1.19.0
2025-01-03 10:53:35,511 [WARN] PackLoader:240 - Cannot read IP mode file for STMicroelectronics.X-CUBE-BLE2.3.3.0
2025-01-03 10:53:35,517 [WARN] PackLoader:240 - Cannot read IP mode file for STMicroelectronics.X-CUBE-NFC9.1.0.0
2025-01-03 10:53:35,533 [WARN] PackLoader:240 - Cannot read IP mode file for STMicroelectronics.X-CUBE-AZRTOS-G0.1.1.0
2025-01-03 10:53:35,542 [WARN] PackLoader:240 - Cannot read IP mode file for STMicroelectronics.X-CUBE-SAFEA1.1.2.2
2025-01-03 10:53:35,550 [WARN] PackLoader:240 - Cannot read IP mode file for STMicroelectronics.X-CUBE-NFC4.3.0.0
2025-01-03 10:53:35,560 [WARN] PackLoader:240 - Cannot read IP mode file for EmbeddedOffice.I-CUBE-FS-RTOS.1.0.1
2025-01-03 10:53:35,568 [WARN] PackLoader:240 - Cannot read IP mode file for STMicroelectronics.X-CUBE-TCPP.4.2.0
2025-01-03 10:53:35,576 [WARN] PackLoader:240 - Cannot read IP mode file for RealThread.X-CUBE-RT-Thread_Nano.4.1.1
2025-01-03 10:53:35,583 [WARN] PackLoader:240 - Cannot read IP mode file for STMicroelectronics.FP-ATR-SIGFOX1.3.2.0
2025-01-03 10:53:35,589 [WARN] ConditionMgr:438 - getConditionDescription Invalid condition id : Cortex-A Device cause : null
2025-01-03 10:53:35,603 [WARN] ConditionMgr:1044 - genDependencies : Invalid condition id : Cortex-A Device cause : null
2025-01-03 10:53:35,603 [WARN] ConditionMgr:1044 - genDependencies : Invalid condition id : Cortex-A Device cause : null
2025-01-03 10:53:35,604 [WARN] ConditionMgr:1044 - genDependencies : Invalid condition id : Cortex-A Device cause : null
2025-01-03 10:53:35,611 [WARN] PackLoader:240 - Cannot read IP mode file for STMicroelectronics.X-CUBE-EEPRMA1.5.1.0
2025-01-03 10:53:35,617 [WARN] PackLoader:240 - Cannot read IP mode file for wolfSSL.I-CUBE-wolfSSL.5.7.4
2025-01-03 10:53:35,625 [WARN] PackLoader:240 - Cannot read IP mode file for ITTIA_DB.I-CUBE-ITTIADB.8.9.0
2025-01-03 10:53:35,657 [WARN] PackLoader:240 - Cannot read IP mode file for SEGGER.I-CUBE-embOS.1.3.1
2025-01-03 10:53:35,683 [WARN] PackLoader:240 - Cannot read IP mode file for STMicroelectronics.X-CUBE-ALGOBUILD.1.4.0
2025-01-03 10:53:35,687 [WARN] PackLoader:240 - Cannot read IP mode file for STMicroelectronics.X-CUBE-AI.9.1.0
2025-01-03 10:53:35,703 [WARN] PackLoader:240 - Cannot read IP mode file for STMicroelectronics.X-CUBE-AZRTOS-F4.1.1.0
2025-01-03 10:53:35,711 [WARN] PackLoader:240 - Cannot read IP mode file for STMicroelectronics.X-CUBE-ISPU.2.1.0
2025-01-03 10:53:35,724 [WARN] PackLoader:240 - Cannot read IP mode file for STMicroelectronics.X-CUBE-AZRTOS-L5.2.0.0
2025-01-03 10:53:35,742 [WARN] PackLoader:240 - Cannot read IP mode file for STMicroelectronics.X-CUBE-NFC6.3.1.0
2025-01-03 10:53:35,749 [WARN] PackLoader:240 - Cannot read IP mode file for STMicroelectronics.X-CUBE-DPower.1.2.0
2025-01-03 10:53:35,757 [WARN] PackLoader:240 - Cannot read IP mode file for STMicroelectronics.X-CUBE-FREERTOS.1.3.0
2025-01-03 10:53:35,764 [WARN] PackLoader:240 - Cannot read IP mode file for STMicroelectronics.X-CUBE-NFC7.1.0.1
2025-01-03 10:53:35,778 [WARN] ConditionMgr:438 - getConditionDescription Invalid condition id : LAN8742 Phy interface Condition cause : null
2025-01-03 10:53:35,778 [WARN] PackLoader:240 - Cannot read IP mode file for STMicroelectronics.X-CUBE-AZRTOS-L4.2.0.0
2025-01-03 10:53:35,779 [WARN] ConditionMgr:1044 - genDependencies : Invalid condition id : LAN8742 Phy interface Condition cause : null
2025-01-03 10:53:35,780 [WARN] ConditionMgr:1044 - genDependencies : Invalid condition id : LAN8742 Phy interface Condition cause : null
2025-01-03 10:53:35,780 [WARN] ConditionMgr:1044 - genDependencies : Invalid condition id : LAN8742 Phy interface Condition cause : null
2025-01-03 10:53:35,788 [WARN] PackLoader:240 - Cannot read IP mode file for STMicroelectronics.X-CUBE-SFXS2LP1.4.0.0
2025-01-03 10:53:35,805 [WARN] PackLoader:240 - Cannot read IP mode file for STMicroelectronics.X-CUBE-AZRTOS-H7.3.3.0
2025-01-03 10:53:35,817 [WARN] PackLoader:240 - Cannot read IP mode file for STMicroelectronics.X-CUBE-IPS.3.0.0
2025-01-03 10:53:35,831 [WARN] ConditionMgr:438 - getConditionDescription Invalid condition id : UX DEVICE CLASS RTOS Condition cause : null
2025-01-03 10:53:35,831 [WARN] ConditionMgr:438 - getConditionDescription Invalid condition id : UX DEVICE CLASS RTOS Condition cause : null
2025-01-03 10:53:35,833 [WARN] PackLoader:240 - Cannot read IP mode file for STMicroelectronics.X-CUBE-AZRTOS-WB.2.0.0
2025-01-03 10:53:35,834 [WARN] ConditionMgr:1044 - genDependencies : Invalid condition id : UX DEVICE CLASS RTOS Condition cause : null
2025-01-03 10:53:35,834 [WARN] ConditionMgr:1044 - genDependencies : Invalid condition id : UX DEVICE CLASS RTOS Condition cause : null
2025-01-03 10:53:35,835 [WARN] ConditionMgr:1044 - genDependencies : Invalid condition id : UX DEVICE CLASS RTOS Condition cause : null
2025-01-03 10:53:35,835 [WARN] ConditionMgr:1044 - genDependencies : Invalid condition id : UX DEVICE CLASS RTOS Condition cause : null
2025-01-03 10:53:35,835 [WARN] ConditionMgr:1044 - genDependencies : Invalid condition id : UX DEVICE CLASS RTOS Condition cause : null
2025-01-03 10:53:35,841 [WARN] PackLoader:240 - Cannot read IP mode file for STMicroelectronics.X-CUBE-GNSS1.7.0.0
2025-01-03 10:53:35,846 [WARN] PackLoader:240 - Cannot read IP mode file for STMicroelectronics.X-CUBE-GNSS1.7.0.1
2025-01-03 10:53:35,854 [WARN] PackLoader:240 - Cannot read IP mode file for STMicroelectronics.FP-SNS-STBOX1.2.0.0
2025-01-03 10:53:35,866 [WARN] PackLoader:240 - Cannot read IP mode file for STMicroelectronics.X-CUBE-SUBG2.5.0.0
2025-01-03 10:53:35,875 [WARN] PackLoader:240 - Cannot read IP mode file for Cesanta.I-CUBE-Mongoose.7.13.0
2025-01-03 10:53:35,887 [WARN] PackLoader:240 - Cannot read IP mode file for STMicroelectronics.X-CUBE-AZRTOS-G4.2.0.0
2025-01-03 10:53:35,895 [WARN] PackLoader:240 - Cannot read IP mode file for STMicroelectronics.X-CUBE-ALS.1.0.2
2025-01-03 10:53:35,902 [WARN] PackLoader:240 - Cannot read IP mode file for STMicroelectronics.X-CUBE-TOUCHGFX.4.24.1
2025-01-03 10:53:35,908 [WARN] PackLoader:240 - Cannot read IP mode file for wolfSSL.I-CUBE-wolfTPM.3.4.0
2025-01-03 10:53:35,915 [WARN] PackLoader:240 - Cannot read IP mode file for portGmbH.I-Cube-SoM-uGOAL.1.1.0
2025-01-03 10:53:35,929 [WARN] PackLoader:240 - Cannot read IP mode file for STMicroelectronics.X-CUBE-AZRTOS-H7RS.1.0.0
2025-01-03 10:53:35,940 [WARN] PackLoader:240 - Cannot read IP mode file for STMicroelectronics.X-CUBE-TOF1.3.4.2
2025-01-03 10:53:35,951 [WARN] PackLoader:240 - Cannot read IP mode file for wolfSSL.I-CUBE-wolfSSH.1.4.17
2025-01-03 10:53:35,951 [INFO] ThirdParty:978 - Integrity check success = true
2025-01-03 10:53:35,951 [INFO] IntegrityCheckThread:100 - exiting critical section [integrity check]
2025-01-03 10:53:35,951 [INFO] IntegrityCheckThread:103 - End integrity checks thread
2025-01-03 10:53:36,602 [INFO] WebApp:168 - Instantiating new browser for Auth
2025-01-03 10:53:37,721 [INFO] WebApp:449 - Apply proxy settings
2025-01-03 10:53:37,721 [INFO] WebApp:534 - Chromium requires no authentication
2025-01-03 10:53:37,925 [INFO] WebApp:477 - Direct internet connection detected
2025-01-03 10:53:37,963 [INFO] WebApp:880 - Register for checkConnection events
2025-01-03 10:53:37,963 [INFO] WebApp:449 - Apply proxy settings
2025-01-03 10:53:37,963 [INFO] WebApp:534 - Chromium requires no authentication
2025-01-03 10:53:37,964 [INFO] WebApp:477 - Direct internet connection detected
2025-01-03 10:53:38,222 [INFO] WebApp:221 - Starting web application
2025-01-03 10:53:38,222 [INFO] WebApp:579 - Web application path used C:\ST\STM32CubeIDE_1.16.0\STM32CubeIDE\plugins\com.st.stm32cube.common.mx_6.13.0.202411220809\db\plugins\mcufinder\reactClient1\index.html
2025-01-03 11:01:32,629 [INFO] Activator:176 - 


2025-01-03 11:01:32,632 [INFO] Activator:177 - !SESSION log4j initialized
2025-01-03 11:01:33,305 [ERROR] LogOutputStream:75 - [STDERR_REDIRECT] Warning: NLS unused message: CodeAssistConfigurationBlock_matchSubstring_label in: org.eclipse.jdt.internal.ui.preferences.PreferencesMessages
2025-01-03 11:01:33,347 [ERROR] LogOutputStream:75 - [STDERR_REDIRECT] Warning: NLS unused message: ProblemMarkerManager_problem_marker_update_job_description in: org.eclipse.jdt.internal.ui.JavaUIMessages
2025-01-03 11:01:33,354 [ERROR] LogOutputStream:75 - [STDERR_REDIRECT] Warning: NLS unused message: FilteredTypesSelectionDialog_default_package in: org.eclipse.jdt.internal.ui.JavaUIMessages
2025-01-03 11:01:33,359 [ERROR] LogOutputStream:75 - [STDERR_REDIRECT] Warning: NLS unused message: FilteredTypeSelectionDialog_showContainerForDuplicatesAction in: org.eclipse.jdt.internal.ui.JavaUIMessages
2025-01-03 11:01:33,362 [ERROR] LogOutputStream:75 - [STDERR_REDIRECT] Warning: NLS unused message: JavaElementLabels_anonym in: org.eclipse.jdt.internal.ui.JavaUIMessages
2025-01-03 11:01:33,366 [ERROR] LogOutputStream:75 - [STDERR_REDIRECT] Warning: NLS unused message: JavaElementLabels_concat_string in: org.eclipse.jdt.internal.ui.JavaUIMessages
2025-01-03 11:01:33,369 [ERROR] LogOutputStream:75 - [STDERR_REDIRECT] Warning: NLS unused message: JavaElementLabels_comma_string in: org.eclipse.jdt.internal.ui.JavaUIMessages
2025-01-03 11:01:33,372 [ERROR] LogOutputStream:75 - [STDERR_REDIRECT] Warning: NLS unused message: JavaElementLabels_declseparator_string in: org.eclipse.jdt.internal.ui.JavaUIMessages
2025-01-03 11:01:33,376 [ERROR] LogOutputStream:75 - [STDERR_REDIRECT] Warning: NLS unused message: JavaElementLabels_category_separator_string in: org.eclipse.jdt.internal.ui.JavaUIMessages
2025-01-03 11:01:33,379 [ERROR] LogOutputStream:75 - [STDERR_REDIRECT] Warning: NLS unused message: JavaElementLabels_import_container in: org.eclipse.jdt.internal.ui.JavaUIMessages
2025-01-03 11:01:33,884 [ERROR] LogOutputStream:75 - [STDERR_REDIRECT] Warning: NLS unused message: FileDocumentProvider_getPersistedEncoding in: org.eclipse.ui.editors.text.TextEditorMessages
2025-01-03 11:01:36,685 [ERROR] LogOutputStream:75 - [STDERR_REDIRECT] Warning: NLS unused message: TextSearchVisitor_progress_updating_job in: org.eclipse.search.internal.ui.SearchMessages
2025-01-03 11:01:36,688 [ERROR] LogOutputStream:75 - [STDERR_REDIRECT] Warning: NLS unused message: SearchPageSelectionDialog_rememberLastUsedPage_message in: org.eclipse.search.internal.ui.SearchMessages
2025-01-03 11:01:38,537 [ERROR] LogOutputStream:75 - [STDERR_REDIRECT] Warning: NLS unused message: ShowInNavigatorView_label in: org.eclipse.jdt.internal.ui.actions.ActionMessages
2025-01-03 11:01:38,539 [ERROR] LogOutputStream:75 - [STDERR_REDIRECT] Warning: NLS unused message: ShowInNavigatorView_dialog_title in: org.eclipse.jdt.internal.ui.actions.ActionMessages
2025-01-03 11:01:38,541 [ERROR] LogOutputStream:75 - [STDERR_REDIRECT] Warning: NLS unused message: ShowInNavigatorView_dialog_message in: org.eclipse.jdt.internal.ui.actions.ActionMessages
2025-01-03 11:01:38,544 [ERROR] LogOutputStream:75 - [STDERR_REDIRECT] Warning: NLS unused message: ShowInNavigatorView_error_activation_failed in: org.eclipse.jdt.internal.ui.actions.ActionMessages
2025-01-03 11:01:38,548 [ERROR] LogOutputStream:75 - [STDERR_REDIRECT] Warning: NLS unused message: OrganizeImportsAction_error_message in: org.eclipse.jdt.internal.ui.actions.ActionMessages
2025-01-03 11:01:39,738 [INFO] LogOutputStream:77 - [STDOUT_REDIRECT] 
2025-01-03 11:01:43,812 [INFO] ApplicationProperties:184 - Using Application install path: C:\ST\STM32CubeIDE_1.16.0\STM32CubeIDE\plugins\com.st.stm32cube.common.mx_6.13.0.202411220809
2025-01-03 11:01:43,836 [INFO] DbMcusXml:78 - Set database path to: C:\ST\STM32CubeIDE_1.16.0\STM32CubeIDE\plugins\com.st.stm32cube.common.mx_6.13.0.202411220809\\db\/mcu/
2025-01-03 11:01:43,836 [INFO] ApiDb:274 - Set plugin database path to: C:\ST\STM32CubeIDE_1.16.0\STM32CubeIDE\plugins\com.st.stm32cube.common.mx_6.13.0.202411220809\\db\/plugins/boardmanager/
2025-01-03 11:01:43,836 [WARN] ApiDb:259 - Overriding images path with different value:  => C:\ST\STM32CubeIDE_1.16.0\STM32CubeIDE\plugins\com.st.stm32cube.common.mx_6.13.0.202411220809\\db\/plugins/mcufinder/images/
2025-01-03 11:01:43,853 [INFO] ApiDb:250 - Set database path to: C:\Users\Administrator\.stmcufinder\plugins\mcufinder//mcu/
2025-01-03 11:01:43,855 [INFO] DbMcusAds:125 - Set database path to: C:\Users\Administrator\.stmcufinder\plugins\mcufinder//mcu/
2025-01-03 11:01:43,857 [INFO] CrossReferenceDbSqlite:203 - Set database path to: C:\Users\Administrator\.stmcufinder\plugins\mcufinder//mcu/cs/
2025-01-03 11:01:43,983 [INFO] RulesReader:64 - Compatibility file has been processed (297 Rules)
2025-01-03 11:01:44,352 [INFO] DbMcusXml:78 - Set database path to: C:\ST\STM32CubeIDE_1.16.0\STM32CubeIDE\plugins\com.st.stm32cube.common.mx_6.13.0.202411220809\\db\/mcu/
2025-01-03 11:01:44,352 [INFO] ApiDb:274 - Set plugin database path to: C:\ST\STM32CubeIDE_1.16.0\STM32CubeIDE\plugins\com.st.stm32cube.common.mx_6.13.0.202411220809\\db\/plugins/boardmanager/
2025-01-03 11:01:44,352 [INFO] ApiDb:261 - Set plugin images path to: C:\ST\STM32CubeIDE_1.16.0\STM32CubeIDE\plugins\com.st.stm32cube.common.mx_6.13.0.202411220809\\db\/plugins/mcufinder/images/
2025-01-03 11:01:44,352 [WARN] DbFile:41 - Overriding database path with different value: C:\Users\Administrator\.stmcufinder\plugins\mcufinder/ => C:\Users\Administrator\.stmcufinder\plugins\mcufinder
2025-01-03 11:01:44,352 [INFO] ApiDb:250 - Set database path to: C:\Users\Administrator\.stmcufinder\plugins\mcufinder//mcu/
2025-01-03 11:01:44,352 [WARN] DbFile:41 - Overriding database path with different value: C:\Users\Administrator\.stmcufinder\plugins\mcufinder/ => C:\Users\Administrator\.stmcufinder\plugins\mcufinder
2025-01-03 11:01:44,352 [INFO] DbMcusAds:125 - Set database path to: C:\Users\Administrator\.stmcufinder\plugins\mcufinder//mcu/
2025-01-03 11:01:44,352 [WARN] DbFile:41 - Overriding database path with different value: C:\Users\Administrator\.stmcufinder\plugins\mcufinder/ => C:\Users\Administrator\.stmcufinder\plugins\mcufinder
2025-01-03 11:01:44,353 [WARN] DbFile:41 - Overriding database path with different value: C:\Users\Administrator\.stmcufinder\plugins\mcufinder/ => C:\Users\Administrator\.stmcufinder\plugins\mcufinder
2025-01-03 11:01:44,353 [INFO] CrossReferenceDbSqlite:203 - Set database path to: C:\Users\Administrator\.stmcufinder\plugins\mcufinder//mcu/cs/
2025-01-03 11:01:45,726 [INFO] MainPanel:272 - HeapMemory: 268435456
2025-01-03 11:01:46,098 [INFO] DbMcusXml:78 - Set database path to: C:\ST\STM32CubeIDE_1.16.0\STM32CubeIDE\plugins\com.st.stm32cube.common.mx_6.13.0.202411220809\\db\/mcu/
2025-01-03 11:01:46,099 [INFO] ApiDb:274 - Set plugin database path to: C:\ST\STM32CubeIDE_1.16.0\STM32CubeIDE\plugins\com.st.stm32cube.common.mx_6.13.0.202411220809\\db\/plugins/boardmanager/
2025-01-03 11:01:46,099 [INFO] ApiDb:261 - Set plugin images path to: C:\ST\STM32CubeIDE_1.16.0\STM32CubeIDE\plugins\com.st.stm32cube.common.mx_6.13.0.202411220809\\db\/plugins/mcufinder/images/
2025-01-03 11:01:46,099 [WARN] DbFile:41 - Overriding database path with different value: C:\Users\Administrator\.stmcufinder\plugins\mcufinder/ => C:\Users\Administrator\.stmcufinder\plugins\mcufinder
2025-01-03 11:01:46,099 [INFO] ApiDb:250 - Set database path to: C:\Users\Administrator\.stmcufinder\plugins\mcufinder//mcu/
2025-01-03 11:01:46,100 [WARN] DbFile:41 - Overriding database path with different value: C:\Users\Administrator\.stmcufinder\plugins\mcufinder/ => C:\Users\Administrator\.stmcufinder\plugins\mcufinder
2025-01-03 11:01:46,100 [INFO] DbMcusAds:125 - Set database path to: C:\Users\Administrator\.stmcufinder\plugins\mcufinder//mcu/
2025-01-03 11:01:46,100 [WARN] DbFile:41 - Overriding database path with different value: C:\Users\Administrator\.stmcufinder\plugins\mcufinder/ => C:\Users\Administrator\.stmcufinder\plugins\mcufinder
2025-01-03 11:01:46,100 [WARN] DbFile:41 - Overriding database path with different value: C:\Users\Administrator\.stmcufinder\plugins\mcufinder/ => C:\Users\Administrator\.stmcufinder\plugins\mcufinder
2025-01-03 11:01:46,100 [INFO] CrossReferenceDbSqlite:203 - Set database path to: C:\Users\Administrator\.stmcufinder\plugins\mcufinder//mcu/cs/
2025-01-03 11:01:46,156 [INFO] ApplicationProperties:184 - Using Application install path: C:\ST\STM32CubeIDE_1.16.0\STM32CubeIDE\plugins\com.st.stm32cube.common.mx_6.13.0.202411220809
2025-01-03 11:01:46,158 [INFO] PluginManage:196 - Search for loadable plugins [exclusion list=, ]
2025-01-03 11:01:46,193 [INFO] PluginManage:310 - Check plugin analytics
2025-01-03 11:01:46,401 [INFO] AnalyticsPlugin:253 - Accepted Software Licenses: STM32CubeMX.6.4.0,STM32CubeMX.6.11.1,STM32CubeMX.6.13.0
2025-01-03 11:01:46,401 [INFO] AnalyticsPlugin:255 - Accepted CMSIS Pack Licenses: 
2025-01-03 11:01:46,401 [INFO] AnalyticsPlugin:257 - Accepted Firmware Licenses: 
2025-01-03 11:01:46,404 [INFO] PluginManage:359 - Loaded plugin analytics (category:tool,tabindex:-1)
2025-01-03 11:01:46,405 [INFO] PluginManage:310 - Check plugin cadmodel
2025-01-03 11:01:46,414 [INFO] CADModel:105 - Init CAD model plugin
2025-01-03 11:01:46,415 [INFO] PluginManage:359 - Loaded plugin cadmodel (category:power,tabindex:5)
2025-01-03 11:01:46,415 [INFO] PluginManage:310 - Check plugin clock
2025-01-03 11:01:46,430 [INFO] PluginManage:359 - Loaded plugin clock (category:base,tabindex:2)
2025-01-03 11:01:46,430 [INFO] PluginManage:310 - Check plugin ddr
2025-01-03 11:01:46,436 [INFO] PluginManage:359 - Loaded plugin ddr (category:tool,tabindex:6)
2025-01-03 11:01:46,436 [INFO] PluginManage:310 - Check plugin filemanager
2025-01-03 11:01:46,639 [INFO] PluginManage:359 - Loaded plugin filemanager (category:base,tabindex:10)
2025-01-03 11:01:46,639 [INFO] PluginManage:310 - Check plugin ipmanager
2025-01-03 11:01:46,650 [INFO] PluginManage:359 - Loaded plugin ipmanager (category:base,tabindex:5)
2025-01-03 11:01:46,650 [INFO] PluginManage:310 - Check plugin lpbam
2025-01-03 11:01:46,660 [INFO] PluginManage:359 - Loaded plugin lpbam (category:base,tabindex:0)
2025-01-03 11:01:46,660 [INFO] PluginManage:310 - Check plugin memorymap
2025-01-03 11:01:46,679 [INFO] PluginManage:359 - Loaded plugin memorymap (category:base,tabindex:4)
2025-01-03 11:01:46,680 [INFO] PluginManage:310 - Check plugin pinoutandconfiguration
2025-01-03 11:01:46,693 [INFO] PluginManage:359 - Loaded plugin pinoutandconfiguration (category:base,tabindex:1)
2025-01-03 11:01:46,693 [INFO] PluginManage:310 - Check plugin pinoutconfig
2025-01-03 11:01:47,264 [WARN] SupportedApi:132 - Cannot load RTOS API schema: s4s-elt-must-match.1: The content of 'definitions' must match (annotation?, (simpleType | complexType)?, (unique | key | keyref)*)). A problem was found starting at: attribute.
2025-01-03 11:01:50,355 [INFO] PluginManage:359 - Loaded plugin pinoutconfig (category:base,tabindex:0)
2025-01-03 11:01:50,356 [INFO] PluginManage:310 - Check plugin power
2025-01-03 11:01:50,435 [INFO] PluginManage:359 - Loaded plugin power (category:power,tabindex:4)
2025-01-03 11:01:50,435 [INFO] PluginManage:310 - Check plugin projectmanager
2025-01-03 11:01:50,454 [INFO] PluginManage:359 - Loaded plugin projectmanager (category:projectmanager,tabindex:4)
2025-01-03 11:01:50,454 [INFO] PluginManage:310 - Check plugin rif
2025-01-03 11:01:50,467 [INFO] PluginManage:359 - Loaded plugin rif (category:base,tabindex:3)
2025-01-03 11:01:50,467 [INFO] PluginManage:310 - Check plugin thirdparty
2025-01-03 11:01:50,710 [WARN] IntegrityCheckThread:84 - waiting for thirdparty lock release [integrity check]
2025-01-03 11:01:50,710 [INFO] PluginManage:359 - Loaded plugin thirdparty (category:base,tabindex:-1)
2025-01-03 11:01:50,710 [INFO] PluginManage:310 - Check plugin tools
2025-01-03 11:01:50,711 [INFO] IntegrityCheckThread:86 - entering critical section [integrity check]
2025-01-03 11:01:50,712 [INFO] ThirdPartyUpdaterWithRetryManager:70 - Updater plugin not ready yet. [1/15]
2025-01-03 11:01:50,714 [INFO] PluginManage:359 - Loaded plugin tools (category:base,tabindex:7)
2025-01-03 11:01:50,714 [INFO] PluginManage:310 - Check plugin tutovideos
2025-01-03 11:01:50,913 [INFO] PluginManage:359 - Loaded plugin tutovideos (category:base,tabindex:-1)
2025-01-03 11:01:50,913 [INFO] PluginManage:310 - Check plugin updater
2025-01-03 11:01:50,936 [INFO] PluginManage:359 - Loaded plugin updater (category:base,tabindex:12)
2025-01-03 11:01:50,937 [INFO] PluginManage:310 - Check plugin userauth
2025-01-03 11:01:50,941 [INFO] UserAuth:118 - Init User Auth plugin
2025-01-03 11:01:50,942 [INFO] PluginManage:359 - Loaded plugin userauth (category:base,tabindex:14)
2025-01-03 11:01:50,943 [INFO] PluginManage:283 - PluginManage : Loaded plugins [18]
2025-01-03 11:01:52,230 [INFO] PinOutPanel:1589 - setPackage(No Configuration,No Configuration)
2025-01-03 11:01:52,586 [INFO] CADModel:165 - CPN selected for project level
2025-01-03 11:01:52,587 [INFO] CADModel:114 - Register for checkConnection events
2025-01-03 11:01:52,612 [INFO] IPUIPlugin:80 - create IPUIPlugin
2025-01-03 11:01:52,612 [INFO] PluginManager:220 - loadIPPluginJar : add adc
2025-01-03 11:01:52,617 [INFO] IPUIPlugin:80 - create IPUIPlugin
2025-01-03 11:01:52,617 [INFO] PluginManager:220 - loadIPPluginJar : add aes
2025-01-03 11:01:52,620 [INFO] IPUIPlugin:80 - create IPUIPlugin
2025-01-03 11:01:52,621 [INFO] PluginManager:220 - loadIPPluginJar : add can
2025-01-03 11:01:52,624 [INFO] IPUIPlugin:80 - create IPUIPlugin
2025-01-03 11:01:52,624 [INFO] PluginManager:220 - loadIPPluginJar : add comp
2025-01-03 11:01:52,628 [INFO] IPUIPlugin:80 - create IPUIPlugin
2025-01-03 11:01:52,628 [INFO] PluginManager:220 - loadIPPluginJar : add cryp
2025-01-03 11:01:52,633 [INFO] IPUIPlugin:80 - create IPUIPlugin
2025-01-03 11:01:52,633 [INFO] PluginManager:220 - loadIPPluginJar : add ddr_ctrl_phy
2025-01-03 11:01:52,637 [INFO] IPUIPlugin:80 - create IPUIPlugin
2025-01-03 11:01:52,637 [INFO] PluginManager:220 - loadIPPluginJar : add dfsdm
2025-01-03 11:01:52,646 [INFO] IPUIPlugin:80 - create IPUIPlugin
2025-01-03 11:01:52,646 [INFO] PluginManager:220 - loadIPPluginJar : add dma
2025-01-03 11:01:52,650 [INFO] IPUIPlugin:80 - create IPUIPlugin
2025-01-03 11:01:52,650 [INFO] PluginManager:220 - loadIPPluginJar : add dma3
2025-01-03 11:01:52,654 [INFO] IPUIPlugin:80 - create IPUIPlugin
2025-01-03 11:01:52,654 [INFO] PluginManager:220 - loadIPPluginJar : add extmemmanager
2025-01-03 11:01:52,658 [INFO] IPUIPlugin:80 - create IPUIPlugin
2025-01-03 11:01:52,658 [INFO] PluginManager:220 - loadIPPluginJar : add fatfs
2025-01-03 11:01:52,664 [INFO] IPUIPlugin:80 - create IPUIPlugin
2025-01-03 11:01:52,665 [INFO] PluginManager:220 - loadIPPluginJar : add fmc
2025-01-03 11:01:52,819 [INFO] IPUIPlugin:80 - create IPUIPlugin
2025-01-03 11:01:52,819 [INFO] PluginManager:220 - loadIPPluginJar : add freertos
2025-01-03 11:01:52,821 [INFO] IPUIPlugin:80 - create IPUIPlugin
2025-01-03 11:01:52,822 [INFO] PluginManager:220 - loadIPPluginJar : add genericplugin
2025-01-03 11:01:52,825 [INFO] IPUIPlugin:80 - create IPUIPlugin
2025-01-03 11:01:52,825 [INFO] PluginManager:220 - loadIPPluginJar : add gfxmmu
2025-01-03 11:01:52,931 [INFO] IPUIPlugin:80 - create IPUIPlugin
2025-01-03 11:01:52,932 [INFO] PluginManager:220 - loadIPPluginJar : add gic
2025-01-03 11:01:53,199 [INFO] IPUIPlugin:80 - create IPUIPlugin
2025-01-03 11:01:53,199 [INFO] PluginManager:220 - loadIPPluginJar : add gpio
2025-01-03 11:01:53,426 [INFO] IPUIPlugin:80 - create IPUIPlugin
2025-01-03 11:01:53,426 [INFO] PluginManager:220 - loadIPPluginJar : add gtzc
2025-01-03 11:01:53,676 [INFO] IPUIPlugin:80 - create IPUIPlugin
2025-01-03 11:01:53,676 [INFO] PluginManager:220 - loadIPPluginJar : add hash
2025-01-03 11:01:53,714 [INFO] ThirdPartyUpdaterWithRetryManager:70 - Updater plugin not ready yet. [2/15]
2025-01-03 11:01:53,858 [INFO] IPUIPlugin:80 - create IPUIPlugin
2025-01-03 11:01:53,858 [INFO] PluginManager:220 - loadIPPluginJar : add i2c
2025-01-03 11:01:53,921 [INFO] IPUIPlugin:80 - create IPUIPlugin
2025-01-03 11:01:53,921 [INFO] PluginManager:220 - loadIPPluginJar : add i2s
2025-01-03 11:01:53,925 [INFO] IPUIPlugin:80 - create IPUIPlugin
2025-01-03 11:01:53,925 [INFO] PluginManager:220 - loadIPPluginJar : add i3c
2025-01-03 11:01:53,929 [INFO] IPUIPlugin:80 - create IPUIPlugin
2025-01-03 11:01:53,930 [INFO] PluginManager:220 - loadIPPluginJar : add ipddr
2025-01-03 11:01:53,994 [INFO] IPUIPlugin:80 - create IPUIPlugin
2025-01-03 11:01:53,995 [INFO] PluginManager:220 - loadIPPluginJar : add linkedlist
2025-01-03 11:01:53,998 [INFO] IPUIPlugin:80 - create IPUIPlugin
2025-01-03 11:01:53,998 [INFO] PluginManager:220 - loadIPPluginJar : add lorawan
2025-01-03 11:01:54,000 [INFO] IPUIPlugin:80 - create IPUIPlugin
2025-01-03 11:01:54,000 [INFO] PluginManager:220 - loadIPPluginJar : add ltdc
2025-01-03 11:01:54,009 [INFO] IPUIPlugin:80 - create IPUIPlugin
2025-01-03 11:01:54,009 [INFO] PluginManager:220 - loadIPPluginJar : add mdma
2025-01-03 11:01:54,014 [INFO] IPUIPlugin:80 - create IPUIPlugin
2025-01-03 11:01:54,015 [INFO] PluginManager:220 - loadIPPluginJar : add nvic
2025-01-03 11:01:54,018 [INFO] IPUIPlugin:80 - create IPUIPlugin
2025-01-03 11:01:54,019 [INFO] PluginManager:220 - loadIPPluginJar : add opamp
2025-01-03 11:01:54,024 [INFO] IPUIPlugin:80 - create IPUIPlugin
2025-01-03 11:01:54,024 [INFO] PluginManager:220 - loadIPPluginJar : add openamp
2025-01-03 11:01:54,029 [INFO] IPUIPlugin:80 - create IPUIPlugin
2025-01-03 11:01:54,029 [INFO] PluginManager:220 - loadIPPluginJar : add pdm2pcm
2025-01-03 11:01:54,036 [INFO] IPUIPlugin:80 - create IPUIPlugin
2025-01-03 11:01:54,039 [INFO] PluginManager:220 - loadIPPluginJar : add plateformsettings
2025-01-03 11:01:54,042 [INFO] IPUIPlugin:80 - create IPUIPlugin
2025-01-03 11:01:54,042 [INFO] PluginManager:220 - loadIPPluginJar : add quadspi
2025-01-03 11:01:54,046 [INFO] IPUIPlugin:80 - create IPUIPlugin
2025-01-03 11:01:54,047 [INFO] PluginManager:220 - loadIPPluginJar : add radio
2025-01-03 11:01:54,054 [INFO] IPUIPlugin:80 - create IPUIPlugin
2025-01-03 11:01:54,054 [INFO] PluginManager:220 - loadIPPluginJar : add resmgrutility
2025-01-03 11:01:54,060 [INFO] IPUIPlugin:80 - create IPUIPlugin
2025-01-03 11:01:54,060 [INFO] PluginManager:220 - loadIPPluginJar : add sai
2025-01-03 11:01:54,064 [INFO] IPUIPlugin:80 - create IPUIPlugin
2025-01-03 11:01:54,064 [INFO] PluginManager:220 - loadIPPluginJar : add spi
2025-01-03 11:01:54,071 [INFO] IPUIPlugin:80 - create IPUIPlugin
2025-01-03 11:01:54,071 [INFO] PluginManager:220 - loadIPPluginJar : add stm32_wpan
2025-01-03 11:01:54,074 [INFO] IPUIPlugin:80 - create IPUIPlugin
2025-01-03 11:01:54,074 [INFO] PluginManager:220 - loadIPPluginJar : add tim
2025-01-03 11:01:54,079 [INFO] IPUIPlugin:80 - create IPUIPlugin
2025-01-03 11:01:54,079 [INFO] PluginManager:220 - loadIPPluginJar : add touchsensing
2025-01-03 11:01:54,082 [INFO] IPUIPlugin:80 - create IPUIPlugin
2025-01-03 11:01:54,083 [INFO] PluginManager:220 - loadIPPluginJar : add tracer_emb
2025-01-03 11:01:54,086 [INFO] IPUIPlugin:80 - create IPUIPlugin
2025-01-03 11:01:54,086 [INFO] PluginManager:220 - loadIPPluginJar : add ts
2025-01-03 11:01:54,088 [INFO] IPUIPlugin:80 - create IPUIPlugin
2025-01-03 11:01:54,088 [INFO] PluginManager:220 - loadIPPluginJar : add tsc
2025-01-03 11:01:54,091 [INFO] IPUIPlugin:80 - create IPUIPlugin
2025-01-03 11:01:54,091 [INFO] PluginManager:220 - loadIPPluginJar : add ucpd
2025-01-03 11:01:54,095 [INFO] IPUIPlugin:80 - create IPUIPlugin
2025-01-03 11:01:54,095 [INFO] PluginManager:220 - loadIPPluginJar : add usart
2025-01-03 11:01:54,099 [INFO] IPUIPlugin:80 - create IPUIPlugin
2025-01-03 11:01:54,100 [INFO] PluginManager:220 - loadIPPluginJar : add usbx
2025-01-03 11:01:54,486 [FATAL] Updater:351 - Updater called before beeing initialized
2025-01-03 11:01:54,546 [INFO] RulesReader:64 - Compatibility file has been processed (297 Rules)
2025-01-03 11:01:54,565 [INFO] RulesReader:64 - Compatibility file has been processed (297 Rules)
2025-01-03 11:01:54,583 [INFO] CADModel:165 - CPN selected for project level
2025-01-03 11:01:54,583 [INFO] CADModel:114 - Register for checkConnection events
2025-01-03 11:01:54,584 [FATAL] Updater:351 - Updater called before beeing initialized
2025-01-03 11:01:54,584 [ERROR] CADModel:125 - Updater not yet initialized, retry later 
2025-01-03 11:01:54,866 [FATAL] Updater:351 - Updater called before beeing initialized
2025-01-03 11:01:54,869 [INFO] CADModel:165 - CPN selected for project level
2025-01-03 11:01:54,869 [INFO] CADModel:114 - Register for checkConnection events
2025-01-03 11:01:54,869 [FATAL] Updater:351 - Updater called before beeing initialized
2025-01-03 11:01:54,869 [ERROR] CADModel:125 - Updater not yet initialized, retry later 
2025-01-03 11:01:54,872 [FATAL] Updater:351 - Updater called before beeing initialized
2025-01-03 11:01:55,616 [FATAL] Updater:351 - Updater called before beeing initialized
2025-01-03 11:01:55,621 [INFO] DbMcusAds:53 - JSON generation date=Wed Dec 18 00:01:15 CST 2024 (1734451275222)
2025-01-03 11:01:55,621 [FATAL] Updater:351 - Updater called before beeing initialized
2025-01-03 11:01:55,714 [WARN] DetailPanel:346 - Failed to get advertising image, set to default
2025-01-03 11:01:56,177 [FATAL] Updater:351 - Updater called before beeing initialized
2025-01-03 11:01:56,179 [FATAL] Updater:351 - Updater called before beeing initialized
2025-01-03 11:01:56,179 [FATAL] Updater:351 - Updater called before beeing initialized
2025-01-03 11:01:56,179 [WARN] DetailPanel:346 - Failed to get advertising image, set to default
2025-01-03 11:01:56,180 [FATAL] Updater:351 - Updater called before beeing initialized
2025-01-03 11:01:56,567 [ERROR] Updater:1198 - MainUpdater not yet initialized. External WinMGr cannot be set.
2025-01-03 11:01:56,602 [INFO] Updater:1134 - Updater Version found : 6.13.0
2025-01-03 11:01:56,716 [INFO] ThirdPartyUpdaterWithRetryManager:70 - Updater plugin not ready yet. [3/15]
2025-01-03 11:01:57,037 [INFO] ApplicationProperties:184 - Using Application install path: C:\ST\STM32CubeIDE_1.16.0\STM32CubeIDE\plugins\com.st.stm32cube.common.mx_6.13.0.202411220809
2025-01-03 11:01:58,189 [INFO] MainUpdater:2872 - connection check result : 10
2025-01-03 11:01:58,190 [INFO] MainUpdater:289 - Updater Check For Update Now.
2025-01-03 11:01:58,190 [INFO] MicroXplorer:498 - Change Database Version : DB.6.0.130
2025-01-03 11:01:58,197 [INFO] McuFinderGlobals:63 - Set McuFinder mode to 2 (CubeIDE integrated)
2025-01-03 11:01:58,197 [INFO] UserAuth:171 - activating auth plugin
2025-01-03 11:01:58,223 [INFO] UserAuth:486 - Internet connection configuration mode: 1
2025-01-03 11:01:58,268 [INFO] JxBrowserEngine:152 - Initiate JxBrowser Engine with user profile folder
2025-01-03 11:01:58,802 [INFO] CheckServerUpdateThread:120 - End of CheckServer Thread
2025-01-03 11:02:18,473 [WARN] PackLoader:240 - Cannot read IP mode file for STMicroelectronics.FP-SNS-MOTENVWB1.1.4.0
2025-01-03 11:02:19,004 [WARN] PackLoader:240 - Cannot read IP mode file for STMicroelectronics.FP-ATR-ASTRA1.2.0.1
2025-01-03 11:02:19,512 [WARN] PackLoader:240 - Cannot read IP mode file for STMicroelectronics.X-CUBE-SMBUS.2.1.0
2025-01-03 11:02:19,621 [WARN] PackLoader:240 - Cannot read IP mode file for STMicroelectronics.X-CUBE-WB05N.1.1.0
2025-01-03 11:02:19,665 [WARN] PackLoader:240 - Cannot read IP mode file for STMicroelectronics.X-CUBE-AZRTOS-F7.1.1.0
2025-01-03 11:02:19,828 [WARN] PackLoader:240 - Cannot read IP mode file for STMicroelectronics.X-CUBE-MEMS1.11.0.0
2025-01-03 11:02:20,232 [WARN] PackLoader:240 - Cannot read IP mode file for STMicroelectronics.FP-SNS-FLIGHT1.5.0.2
2025-01-03 11:02:20,258 [WARN] PackLoader:240 - Cannot read IP mode file for Infineon.AIROC-Wi-Fi-Bluetooth-STM32.1.7.0
2025-01-03 11:02:20,271 [WARN] PackLoader:240 - Cannot read IP mode file for STMicroelectronics.X-CUBE-DISPLAY.3.0.0
2025-01-03 11:02:20,279 [WARN] PackLoader:240 - Cannot read IP mode file for STMicroelectronics.X-CUBE-BLE1.7.0.0
2025-01-03 11:02:20,286 [WARN] PackLoader:240 - Cannot read IP mode file for STMicroelectronics.X-CUBE-NFC10.1.0.0
2025-01-03 11:02:20,297 [WARN] PackLoader:240 - Cannot read IP mode file for STMicroelectronics.X-CUBE-BLEMGR.4.0.0
2025-01-03 11:02:20,304 [WARN] PackLoader:240 - Cannot read IP mode file for emotas.I-CUBE-CANOPEN.1.3.0
2025-01-03 11:02:20,311 [WARN] PackLoader:240 - Cannot read IP mode file for STMicroelectronics.FP-SNS-SMARTAG2.1.2.0
2025-01-03 11:02:20,383 [WARN] PackLoader:240 - Cannot read IP mode file for STMicroelectronics.X-CUBE-MEMS1.11.1.0
2025-01-03 11:02:20,542 [INFO] LogOutputStream:77 - [STDOUT_REDIRECT] 1 : Invalid condition id : UX_CORESTACK_Condition cause : null
2025-01-03 11:02:20,543 [INFO] LogOutputStream:77 - [STDOUT_REDIRECT] 1 : Invalid condition id : UX_CORESTACK_Condition cause : null
2025-01-03 11:02:20,544 [INFO] LogOutputStream:77 - [STDOUT_REDIRECT] 1 : Invalid condition id : UX_CORESTACK_Condition cause : null
2025-01-03 11:02:20,548 [INFO] LogOutputStream:77 - [STDOUT_REDIRECT] 1 : Invalid condition id : UX_CORESTACK_Condition cause : null
2025-01-03 11:02:20,550 [INFO] LogOutputStream:77 - [STDOUT_REDIRECT] 1 : Invalid condition id : UX_CORESTACK_Condition cause : null
2025-01-03 11:02:20,552 [WARN] PackLoader:240 - Cannot read IP mode file for STMicroelectronics.X-CUBE-AZRTOS-WL.2.0.0
2025-01-03 11:02:20,587 [WARN] PackLoader:240 - Cannot read IP mode file for STMicroelectronics.FP-SNS-MOTENV1.5.0.0
2025-01-03 11:02:20,655 [WARN] PackLoader:240 - Cannot read IP mode file for wolfSSL.I-CUBE-wolfMQTT.1.19.0
2025-01-03 11:02:20,665 [WARN] PackLoader:240 - Cannot read IP mode file for STMicroelectronics.X-CUBE-BLE2.3.3.0
2025-01-03 11:02:20,687 [WARN] PackLoader:240 - Cannot read IP mode file for STMicroelectronics.X-CUBE-NFC9.1.0.0
2025-01-03 11:02:20,702 [WARN] PackLoader:240 - Cannot read IP mode file for STMicroelectronics.X-CUBE-AZRTOS-G0.1.1.0
2025-01-03 11:02:20,712 [WARN] PackLoader:240 - Cannot read IP mode file for STMicroelectronics.X-CUBE-SAFEA1.1.2.2
2025-01-03 11:02:20,729 [WARN] PackLoader:240 - Cannot read IP mode file for STMicroelectronics.X-CUBE-NFC4.3.0.0
2025-01-03 11:02:20,834 [WARN] PackLoader:240 - Cannot read IP mode file for EmbeddedOffice.I-CUBE-FS-RTOS.1.0.1
2025-01-03 11:02:20,849 [WARN] PackLoader:240 - Cannot read IP mode file for STMicroelectronics.X-CUBE-TCPP.4.2.0
2025-01-03 11:02:20,867 [WARN] PackLoader:240 - Cannot read IP mode file for RealThread.X-CUBE-RT-Thread_Nano.4.1.1
2025-01-03 11:02:20,883 [WARN] PackLoader:240 - Cannot read IP mode file for STMicroelectronics.FP-ATR-SIGFOX1.3.2.0
2025-01-03 11:02:20,889 [WARN] ConditionMgr:438 - getConditionDescription Invalid condition id : Cortex-A Device cause : null
2025-01-03 11:02:20,914 [WARN] ConditionMgr:1044 - genDependencies : Invalid condition id : Cortex-A Device cause : null
2025-01-03 11:02:20,914 [WARN] ConditionMgr:1044 - genDependencies : Invalid condition id : Cortex-A Device cause : null
2025-01-03 11:02:20,914 [WARN] ConditionMgr:1044 - genDependencies : Invalid condition id : Cortex-A Device cause : null
2025-01-03 11:02:20,919 [INFO] WebApp:168 - Instantiating new browser for Auth
2025-01-03 11:02:21,106 [WARN] PackLoader:240 - Cannot read IP mode file for STMicroelectronics.X-CUBE-EEPRMA1.5.1.0
2025-01-03 11:02:21,213 [WARN] PackLoader:240 - Cannot read IP mode file for wolfSSL.I-CUBE-wolfSSL.5.7.4
2025-01-03 11:02:21,352 [WARN] PackLoader:240 - Cannot read IP mode file for ITTIA_DB.I-CUBE-ITTIADB.8.9.0
2025-01-03 11:02:21,736 [WARN] PackLoader:240 - Cannot read IP mode file for SEGGER.I-CUBE-embOS.1.3.1
2025-01-03 11:02:21,844 [WARN] PackLoader:240 - Cannot read IP mode file for STMicroelectronics.X-CUBE-ALGOBUILD.1.4.0
2025-01-03 11:02:21,857 [WARN] PackLoader:240 - Cannot read IP mode file for STMicroelectronics.X-CUBE-AI.9.1.0
2025-01-03 11:02:21,876 [WARN] PackLoader:240 - Cannot read IP mode file for STMicroelectronics.X-CUBE-AZRTOS-F4.1.1.0
2025-01-03 11:02:21,883 [WARN] PackLoader:240 - Cannot read IP mode file for STMicroelectronics.X-CUBE-ISPU.2.1.0
2025-01-03 11:02:21,895 [WARN] PackLoader:240 - Cannot read IP mode file for STMicroelectronics.X-CUBE-AZRTOS-L5.2.0.0
2025-01-03 11:02:21,906 [WARN] PackLoader:240 - Cannot read IP mode file for STMicroelectronics.X-CUBE-NFC6.3.1.0
2025-01-03 11:02:21,918 [WARN] PackLoader:240 - Cannot read IP mode file for STMicroelectronics.X-CUBE-DPower.1.2.0
2025-01-03 11:02:21,924 [WARN] PackLoader:240 - Cannot read IP mode file for STMicroelectronics.X-CUBE-FREERTOS.1.3.0
2025-01-03 11:02:21,929 [WARN] PackLoader:240 - Cannot read IP mode file for STMicroelectronics.X-CUBE-NFC7.1.0.1
2025-01-03 11:02:21,993 [WARN] ConditionMgr:438 - getConditionDescription Invalid condition id : LAN8742 Phy interface Condition cause : null
2025-01-03 11:02:22,035 [WARN] PackLoader:240 - Cannot read IP mode file for STMicroelectronics.X-CUBE-AZRTOS-L4.2.0.0
2025-01-03 11:02:22,039 [WARN] ConditionMgr:1044 - genDependencies : Invalid condition id : LAN8742 Phy interface Condition cause : null
2025-01-03 11:02:22,067 [WARN] ConditionMgr:1044 - genDependencies : Invalid condition id : LAN8742 Phy interface Condition cause : null
2025-01-03 11:02:22,071 [WARN] ConditionMgr:1044 - genDependencies : Invalid condition id : LAN8742 Phy interface Condition cause : null
2025-01-03 11:02:22,080 [WARN] PackLoader:240 - Cannot read IP mode file for STMicroelectronics.X-CUBE-SFXS2LP1.4.0.0
2025-01-03 11:02:22,094 [WARN] PackLoader:240 - Cannot read IP mode file for STMicroelectronics.X-CUBE-AZRTOS-H7.3.3.0
2025-01-03 11:02:22,108 [WARN] PackLoader:240 - Cannot read IP mode file for STMicroelectronics.X-CUBE-IPS.3.0.0
2025-01-03 11:02:22,119 [WARN] ConditionMgr:438 - getConditionDescription Invalid condition id : UX DEVICE CLASS RTOS Condition cause : null
2025-01-03 11:02:22,119 [WARN] ConditionMgr:438 - getConditionDescription Invalid condition id : UX DEVICE CLASS RTOS Condition cause : null
2025-01-03 11:02:22,399 [WARN] PackLoader:240 - Cannot read IP mode file for STMicroelectronics.X-CUBE-AZRTOS-WB.2.0.0
2025-01-03 11:02:22,399 [WARN] ConditionMgr:1044 - genDependencies : Invalid condition id : UX DEVICE CLASS RTOS Condition cause : null
2025-01-03 11:02:22,399 [WARN] ConditionMgr:1044 - genDependencies : Invalid condition id : UX DEVICE CLASS RTOS Condition cause : null
2025-01-03 11:02:22,401 [WARN] ConditionMgr:1044 - genDependencies : Invalid condition id : UX DEVICE CLASS RTOS Condition cause : null
2025-01-03 11:02:22,401 [WARN] ConditionMgr:1044 - genDependencies : Invalid condition id : UX DEVICE CLASS RTOS Condition cause : null
2025-01-03 11:02:22,401 [WARN] ConditionMgr:1044 - genDependencies : Invalid condition id : UX DEVICE CLASS RTOS Condition cause : null
2025-01-03 11:02:22,514 [WARN] PackLoader:240 - Cannot read IP mode file for STMicroelectronics.X-CUBE-GNSS1.7.0.0
2025-01-03 11:02:22,526 [WARN] PackLoader:240 - Cannot read IP mode file for STMicroelectronics.X-CUBE-GNSS1.7.0.1
2025-01-03 11:02:22,546 [WARN] PackLoader:240 - Cannot read IP mode file for STMicroelectronics.FP-SNS-STBOX1.2.0.0
2025-01-03 11:02:23,193 [WARN] PackLoader:240 - Cannot read IP mode file for STMicroelectronics.X-CUBE-SUBG2.5.0.0
2025-01-03 11:02:23,434 [WARN] PackLoader:240 - Cannot read IP mode file for Cesanta.I-CUBE-Mongoose.7.13.0
2025-01-03 11:02:23,926 [WARN] PackLoader:240 - Cannot read IP mode file for STMicroelectronics.X-CUBE-AZRTOS-G4.2.0.0
2025-01-03 11:02:24,234 [WARN] PackLoader:240 - Cannot read IP mode file for STMicroelectronics.X-CUBE-ALS.1.0.2
2025-01-03 11:02:25,069 [WARN] PackLoader:240 - Cannot read IP mode file for STMicroelectronics.X-CUBE-TOUCHGFX.4.24.1
2025-01-03 11:02:25,190 [WARN] PackLoader:240 - Cannot read IP mode file for wolfSSL.I-CUBE-wolfTPM.3.4.0
2025-01-03 11:02:25,715 [WARN] PackLoader:240 - Cannot read IP mode file for portGmbH.I-Cube-SoM-uGOAL.1.1.0
2025-01-03 11:02:26,038 [WARN] PackLoader:240 - Cannot read IP mode file for STMicroelectronics.X-CUBE-AZRTOS-H7RS.1.0.0
2025-01-03 11:02:26,280 [WARN] PackLoader:240 - Cannot read IP mode file for STMicroelectronics.X-CUBE-TOF1.3.4.2
2025-01-03 11:02:26,371 [WARN] PackLoader:240 - Cannot read IP mode file for wolfSSL.I-CUBE-wolfSSH.1.4.17
2025-01-03 11:02:26,371 [INFO] ThirdParty:978 - Integrity check success = true
2025-01-03 11:02:26,371 [INFO] IntegrityCheckThread:100 - exiting critical section [integrity check]
2025-01-03 11:02:26,371 [INFO] IntegrityCheckThread:103 - End integrity checks thread
2025-01-03 11:02:33,555 [INFO] WebApp:449 - Apply proxy settings
2025-01-03 11:02:33,555 [INFO] WebApp:534 - Chromium requires no authentication
2025-01-03 11:02:35,667 [INFO] WebApp:477 - Direct internet connection detected
2025-01-03 11:02:42,211 [INFO] WebApp:880 - Register for checkConnection events
2025-01-03 11:02:42,211 [INFO] WebApp:449 - Apply proxy settings
2025-01-03 11:02:42,211 [INFO] WebApp:534 - Chromium requires no authentication
2025-01-03 11:02:42,212 [INFO] WebApp:477 - Direct internet connection detected
2025-01-03 11:03:08,455 [INFO] WebApp:221 - Starting web application
2025-01-03 11:03:08,455 [INFO] WebApp:579 - Web application path used C:\ST\STM32CubeIDE_1.16.0\STM32CubeIDE\plugins\com.st.stm32cube.common.mx_6.13.0.202411220809\db\plugins\mcufinder\reactClient1\index.html
2025-01-03 11:05:41,073 [ERROR] LogOutputStream:75 - [STDERR_REDIRECT] 11:05:41.069 ERROR Chromium process exit code: -2,147,483,645
2025-01-03 11:05:41,074 [ERROR] LogOutputStream:75 - [STDERR_REDIRECT] 
2025-01-03 11:05:41,075 [ERROR] LogOutputStream:75 - [STDERR_REDIRECT] 11:05:41.074 ERROR Crash dump dir: C:\Users\Administrator\AppData\Local\JxBrowser\7.39.2\CrashReports
2025-01-03 11:05:41,075 [ERROR] LogOutputStream:75 - [STDERR_REDIRECT] 
2025-01-03 11:05:41,076 [ERROR] WebApp:398 - JxBrowser engine crashed! Exit code: -2147483645
2025-01-03 12:33:12,762 [ERROR] LogOutputStream:75 - [STDERR_REDIRECT] 
